<?xml version="1.0" encoding="UTF-8"?>
<testsuite xmlns:xsi="http://www.w3.org/2001/XMLSchema-instance" xsi:noNamespaceSchemaLocation="https://maven.apache.org/surefire/maven-surefire-plugin/xsd/surefire-test-report-3.0.xsd" version="3.0" name="TestSuite" time="117.847" tests="6" errors="0" skipped="0" failures="0">
  <properties>
    <property name="gopherProxySet" value="false"/>
    <property name="awt.toolkit" value="sun.lwawt.macosx.LWCToolkit"/>
    <property name="java.specification.version" value="11"/>
    <property name="sun.cpu.isalist" value=""/>
    <property name="sun.jnu.encoding" value="UTF-8"/>
    <property name="java.class.path" value="/Users/ifedun/wpp_be_automation/NortalTask/target/test-classes:/Users/ifedun/wpp_be_automation/NortalTask/target/classes:/Users/ifedun/.m2/repository/io/cucumber/cucumber-java/7.15.0/cucumber-java-7.15.0.jar:/Users/ifedun/.m2/repository/io/cucumber/cucumber-core/7.15.0/cucumber-core-7.15.0.jar:/Users/ifedun/.m2/repository/io/cucumber/cucumber-gherkin/7.15.0/cucumber-gherkin-7.15.0.jar:/Users/ifedun/.m2/repository/io/cucumber/cucumber-gherkin-messages/7.15.0/cucumber-gherkin-messages-7.15.0.jar:/Users/ifedun/.m2/repository/io/cucumber/tag-expressions/6.0.0/tag-expressions-6.0.0.jar:/Users/ifedun/.m2/repository/io/cucumber/cucumber-expressions/17.0.1/cucumber-expressions-17.0.1.jar:/Users/ifedun/.m2/repository/io/cucumber/datatable/7.15.0/datatable-7.15.0.jar:/Users/ifedun/.m2/repository/io/cucumber/cucumber-plugin/7.15.0/cucumber-plugin-7.15.0.jar:/Users/ifedun/.m2/repository/io/cucumber/docstring/7.15.0/docstring-7.15.0.jar:/Users/ifedun/.m2/repository/io/cucumber/html-formatter/20.4.0/html-formatter-20.4.0.jar:/Users/ifedun/.m2/repository/io/cucumber/junit-xml-formatter/0.2.0/junit-xml-formatter-0.2.0.jar:/Users/ifedun/.m2/repository/io/cucumber/ci-environment/10.0.0/ci-environment-10.0.0.jar:/Users/ifedun/.m2/repository/org/apiguardian/apiguardian-api/1.1.2/apiguardian-api-1.1.2.jar:/Users/ifedun/.m2/repository/io/cucumber/gherkin/27.0.0/gherkin-27.0.0.jar:/Users/ifedun/.m2/repository/io/cucumber/messages/22.0.0/messages-22.0.0.jar:/Users/ifedun/.m2/repository/io/cucumber/cucumber-testng/7.15.0/cucumber-testng-7.15.0.jar:/Users/ifedun/.m2/repository/io/appium/java-client/8.6.0/java-client-8.6.0.jar:/Users/ifedun/.m2/repository/org/seleniumhq/selenium/selenium-api/4.13.0/selenium-api-4.13.0.jar:/Users/ifedun/.m2/repository/org/seleniumhq/selenium/selenium-remote-driver/4.13.0/selenium-remote-driver-4.13.0.jar:/Users/ifedun/.m2/repository/com/google/auto/service/auto-service-annotations/1.1.1/auto-service-annotations-1.1.1.jar:/Users/ifedun/.m2/repository/com/google/guava/guava/32.1.2-jre/guava-32.1.2-jre.jar:/Users/ifedun/.m2/repository/com/google/guava/failureaccess/1.0.1/failureaccess-1.0.1.jar:/Users/ifedun/.m2/repository/com/google/guava/listenablefuture/9999.0-empty-to-avoid-conflict-with-guava/listenablefuture-9999.0-empty-to-avoid-conflict-with-guava.jar:/Users/ifedun/.m2/repository/org/checkerframework/checker-qual/3.33.0/checker-qual-3.33.0.jar:/Users/ifedun/.m2/repository/com/google/errorprone/error_prone_annotations/2.18.0/error_prone_annotations-2.18.0.jar:/Users/ifedun/.m2/repository/com/google/j2objc/j2objc-annotations/2.8/j2objc-annotations-2.8.jar:/Users/ifedun/.m2/repository/io/netty/netty-buffer/4.1.96.Final/netty-buffer-4.1.96.Final.jar:/Users/ifedun/.m2/repository/io/netty/netty-codec-http/4.1.96.Final/netty-codec-http-4.1.96.Final.jar:/Users/ifedun/.m2/repository/io/netty/netty-codec/4.1.96.Final/netty-codec-4.1.96.Final.jar:/Users/ifedun/.m2/repository/io/netty/netty-handler/4.1.96.Final/netty-handler-4.1.96.Final.jar:/Users/ifedun/.m2/repository/io/netty/netty-common/4.1.96.Final/netty-common-4.1.96.Final.jar:/Users/ifedun/.m2/repository/io/netty/netty-transport-classes-epoll/4.1.96.Final/netty-transport-classes-epoll-4.1.96.Final.jar:/Users/ifedun/.m2/repository/io/netty/netty-transport-classes-kqueue/4.1.96.Final/netty-transport-classes-kqueue-4.1.96.Final.jar:/Users/ifedun/.m2/repository/io/netty/netty-transport-native-epoll/4.1.96.Final/netty-transport-native-epoll-4.1.96.Final.jar:/Users/ifedun/.m2/repository/io/netty/netty-transport-native-kqueue/4.1.96.Final/netty-transport-native-kqueue-4.1.96.Final.jar:/Users/ifedun/.m2/repository/io/netty/netty-transport-native-unix-common/4.1.96.Final/netty-transport-native-unix-common-4.1.96.Final.jar:/Users/ifedun/.m2/repository/io/netty/netty-transport/4.1.96.Final/netty-transport-4.1.96.Final.jar:/Users/ifedun/.m2/repository/io/netty/netty-resolver/4.1.96.Final/netty-resolver-4.1.96.Final.jar:/Users/ifedun/.m2/repository/io/opentelemetry/opentelemetry-api/1.28.0/opentelemetry-api-1.28.0.jar:/Users/ifedun/.m2/repository/io/opentelemetry/opentelemetry-context/1.28.0/opentelemetry-context-1.28.0.jar:/Users/ifedun/.m2/repository/io/opentelemetry/opentelemetry-exporter-logging/1.28.0/opentelemetry-exporter-logging-1.28.0.jar:/Users/ifedun/.m2/repository/io/opentelemetry/opentelemetry-sdk-metrics/1.28.0/opentelemetry-sdk-metrics-1.28.0.jar:/Users/ifedun/.m2/repository/io/opentelemetry/opentelemetry-extension-incubator/1.28.0-alpha/opentelemetry-extension-incubator-1.28.0-alpha.jar:/Users/ifedun/.m2/repository/io/opentelemetry/opentelemetry-sdk-logs/1.28.0/opentelemetry-sdk-logs-1.28.0.jar:/Users/ifedun/.m2/repository/io/opentelemetry/opentelemetry-sdk-common/1.28.0/opentelemetry-sdk-common-1.28.0.jar:/Users/ifedun/.m2/repository/io/opentelemetry/opentelemetry-sdk-extension-autoconfigure-spi/1.28.0/opentelemetry-sdk-extension-autoconfigure-spi-1.28.0.jar:/Users/ifedun/.m2/repository/io/opentelemetry/opentelemetry-sdk-extension-autoconfigure/1.28.0/opentelemetry-sdk-extension-autoconfigure-1.28.0.jar:/Users/ifedun/.m2/repository/io/opentelemetry/opentelemetry-api-events/1.28.0-alpha/opentelemetry-api-events-1.28.0-alpha.jar:/Users/ifedun/.m2/repository/io/opentelemetry/opentelemetry-sdk-trace/1.28.0/opentelemetry-sdk-trace-1.28.0.jar:/Users/ifedun/.m2/repository/io/opentelemetry/opentelemetry-sdk/1.28.0/opentelemetry-sdk-1.28.0.jar:/Users/ifedun/.m2/repository/io/opentelemetry/opentelemetry-semconv/1.28.0-alpha/opentelemetry-semconv-1.28.0-alpha.jar:/Users/ifedun/.m2/repository/net/bytebuddy/byte-buddy/1.14.5/byte-buddy-1.14.5.jar:/Users/ifedun/.m2/repository/org/asynchttpclient/async-http-client/2.12.3/async-http-client-2.12.3.jar:/Users/ifedun/.m2/repository/org/asynchttpclient/async-http-client-netty-utils/2.12.3/async-http-client-netty-utils-2.12.3.jar:/Users/ifedun/.m2/repository/io/netty/netty-codec-socks/4.1.60.Final/netty-codec-socks-4.1.60.Final.jar:/Users/ifedun/.m2/repository/io/netty/netty-handler-proxy/4.1.60.Final/netty-handler-proxy-4.1.60.Final.jar:/Users/ifedun/.m2/repository/io/netty/netty-transport-native-epoll/4.1.60.Final/netty-transport-native-epoll-4.1.60.Final-linux-x86_64.jar:/Users/ifedun/.m2/repository/io/netty/netty-transport-native-kqueue/4.1.60.Final/netty-transport-native-kqueue-4.1.60.Final-osx-x86_64.jar:/Users/ifedun/.m2/repository/org/reactivestreams/reactive-streams/1.0.3/reactive-streams-1.0.3.jar:/Users/ifedun/.m2/repository/com/typesafe/netty/netty-reactive-streams/2.0.4/netty-reactive-streams-2.0.4.jar:/Users/ifedun/.m2/repository/com/sun/activation/jakarta.activation/1.2.2/jakarta.activation-1.2.2.jar:/Users/ifedun/.m2/repository/org/seleniumhq/selenium/selenium-http/4.13.0/selenium-http-4.13.0.jar:/Users/ifedun/.m2/repository/dev/failsafe/failsafe/3.3.2/failsafe-3.3.2.jar:/Users/ifedun/.m2/repository/org/seleniumhq/selenium/selenium-json/4.13.0/selenium-json-4.13.0.jar:/Users/ifedun/.m2/repository/org/seleniumhq/selenium/selenium-manager/4.13.0/selenium-manager-4.13.0.jar:/Users/ifedun/.m2/repository/org/seleniumhq/selenium/selenium-os/4.13.0/selenium-os-4.13.0.jar:/Users/ifedun/.m2/repository/org/apache/commons/commons-exec/1.3/commons-exec-1.3.jar:/Users/ifedun/.m2/repository/org/seleniumhq/selenium/selenium-support/4.13.0/selenium-support-4.13.0.jar:/Users/ifedun/.m2/repository/com/google/code/gson/gson/2.10.1/gson-2.10.1.jar:/Users/ifedun/.m2/repository/org/apache/commons/commons-lang3/3.13.0/commons-lang3-3.13.0.jar:/Users/ifedun/.m2/repository/commons-io/commons-io/2.14.0/commons-io-2.14.0.jar:/Users/ifedun/.m2/repository/org/slf4j/slf4j-api/2.0.9/slf4j-api-2.0.9.jar:/Users/ifedun/.m2/repository/org/testng/testng/7.5/testng-7.5.jar:/Users/ifedun/.m2/repository/com/google/code/findbugs/jsr305/3.0.1/jsr305-3.0.1.jar:/Users/ifedun/.m2/repository/com/beust/jcommander/1.78/jcommander-1.78.jar:/Users/ifedun/.m2/repository/org/webjars/jquery/3.5.1/jquery-3.5.1.jar:"/>
    <property name="java.vm.vendor" value="Amazon.com Inc."/>
    <property name="sun.arch.data.model" value="64"/>
    <property name="java.vendor.url" value="https://aws.amazon.com/corretto/"/>
    <property name="user.timezone" value="Europe/Kiev"/>
    <property name="java.vm.specification.version" value="11"/>
    <property name="os.name" value="Mac OS X"/>
    <property name="sun.java.launcher" value="SUN_STANDARD"/>
    <property name="user.country" value="UA"/>
    <property name="sun.boot.library.path" value="/Users/ifedun/Library/Java/JavaVirtualMachines/corretto-11.0.12/Contents/Home/lib"/>
    <property name="sun.java.command" value="/Users/ifedun/wpp_be_automation/NortalTask/target/surefire/surefirebooter-20240124183724897_3.jar /Users/ifedun/wpp_be_automation/NortalTask/target/surefire 2024-01-24T18-37-24_747-jvmRun1 surefire-20240124183724897_1tmp surefire_0-20240124183724897_2tmp"/>
    <property name="http.nonProxyHosts" value="local|*.local|169.254/16|*.169.254/16"/>
    <property name="jdk.debug" value="release"/>
    <property name="surefire.test.class.path" value="/Users/ifedun/wpp_be_automation/NortalTask/target/test-classes:/Users/ifedun/wpp_be_automation/NortalTask/target/classes:/Users/ifedun/.m2/repository/io/cucumber/cucumber-java/7.15.0/cucumber-java-7.15.0.jar:/Users/ifedun/.m2/repository/io/cucumber/cucumber-core/7.15.0/cucumber-core-7.15.0.jar:/Users/ifedun/.m2/repository/io/cucumber/cucumber-gherkin/7.15.0/cucumber-gherkin-7.15.0.jar:/Users/ifedun/.m2/repository/io/cucumber/cucumber-gherkin-messages/7.15.0/cucumber-gherkin-messages-7.15.0.jar:/Users/ifedun/.m2/repository/io/cucumber/tag-expressions/6.0.0/tag-expressions-6.0.0.jar:/Users/ifedun/.m2/repository/io/cucumber/cucumber-expressions/17.0.1/cucumber-expressions-17.0.1.jar:/Users/ifedun/.m2/repository/io/cucumber/datatable/7.15.0/datatable-7.15.0.jar:/Users/ifedun/.m2/repository/io/cucumber/cucumber-plugin/7.15.0/cucumber-plugin-7.15.0.jar:/Users/ifedun/.m2/repository/io/cucumber/docstring/7.15.0/docstring-7.15.0.jar:/Users/ifedun/.m2/repository/io/cucumber/html-formatter/20.4.0/html-formatter-20.4.0.jar:/Users/ifedun/.m2/repository/io/cucumber/junit-xml-formatter/0.2.0/junit-xml-formatter-0.2.0.jar:/Users/ifedun/.m2/repository/io/cucumber/ci-environment/10.0.0/ci-environment-10.0.0.jar:/Users/ifedun/.m2/repository/org/apiguardian/apiguardian-api/1.1.2/apiguardian-api-1.1.2.jar:/Users/ifedun/.m2/repository/io/cucumber/gherkin/27.0.0/gherkin-27.0.0.jar:/Users/ifedun/.m2/repository/io/cucumber/messages/22.0.0/messages-22.0.0.jar:/Users/ifedun/.m2/repository/io/cucumber/cucumber-testng/7.15.0/cucumber-testng-7.15.0.jar:/Users/ifedun/.m2/repository/io/appium/java-client/8.6.0/java-client-8.6.0.jar:/Users/ifedun/.m2/repository/org/seleniumhq/selenium/selenium-api/4.13.0/selenium-api-4.13.0.jar:/Users/ifedun/.m2/repository/org/seleniumhq/selenium/selenium-remote-driver/4.13.0/selenium-remote-driver-4.13.0.jar:/Users/ifedun/.m2/repository/com/google/auto/service/auto-service-annotations/1.1.1/auto-service-annotations-1.1.1.jar:/Users/ifedun/.m2/repository/com/google/guava/guava/32.1.2-jre/guava-32.1.2-jre.jar:/Users/ifedun/.m2/repository/com/google/guava/failureaccess/1.0.1/failureaccess-1.0.1.jar:/Users/ifedun/.m2/repository/com/google/guava/listenablefuture/9999.0-empty-to-avoid-conflict-with-guava/listenablefuture-9999.0-empty-to-avoid-conflict-with-guava.jar:/Users/ifedun/.m2/repository/org/checkerframework/checker-qual/3.33.0/checker-qual-3.33.0.jar:/Users/ifedun/.m2/repository/com/google/errorprone/error_prone_annotations/2.18.0/error_prone_annotations-2.18.0.jar:/Users/ifedun/.m2/repository/com/google/j2objc/j2objc-annotations/2.8/j2objc-annotations-2.8.jar:/Users/ifedun/.m2/repository/io/netty/netty-buffer/4.1.96.Final/netty-buffer-4.1.96.Final.jar:/Users/ifedun/.m2/repository/io/netty/netty-codec-http/4.1.96.Final/netty-codec-http-4.1.96.Final.jar:/Users/ifedun/.m2/repository/io/netty/netty-codec/4.1.96.Final/netty-codec-4.1.96.Final.jar:/Users/ifedun/.m2/repository/io/netty/netty-handler/4.1.96.Final/netty-handler-4.1.96.Final.jar:/Users/ifedun/.m2/repository/io/netty/netty-common/4.1.96.Final/netty-common-4.1.96.Final.jar:/Users/ifedun/.m2/repository/io/netty/netty-transport-classes-epoll/4.1.96.Final/netty-transport-classes-epoll-4.1.96.Final.jar:/Users/ifedun/.m2/repository/io/netty/netty-transport-classes-kqueue/4.1.96.Final/netty-transport-classes-kqueue-4.1.96.Final.jar:/Users/ifedun/.m2/repository/io/netty/netty-transport-native-epoll/4.1.96.Final/netty-transport-native-epoll-4.1.96.Final.jar:/Users/ifedun/.m2/repository/io/netty/netty-transport-native-kqueue/4.1.96.Final/netty-transport-native-kqueue-4.1.96.Final.jar:/Users/ifedun/.m2/repository/io/netty/netty-transport-native-unix-common/4.1.96.Final/netty-transport-native-unix-common-4.1.96.Final.jar:/Users/ifedun/.m2/repository/io/netty/netty-transport/4.1.96.Final/netty-transport-4.1.96.Final.jar:/Users/ifedun/.m2/repository/io/netty/netty-resolver/4.1.96.Final/netty-resolver-4.1.96.Final.jar:/Users/ifedun/.m2/repository/io/opentelemetry/opentelemetry-api/1.28.0/opentelemetry-api-1.28.0.jar:/Users/ifedun/.m2/repository/io/opentelemetry/opentelemetry-context/1.28.0/opentelemetry-context-1.28.0.jar:/Users/ifedun/.m2/repository/io/opentelemetry/opentelemetry-exporter-logging/1.28.0/opentelemetry-exporter-logging-1.28.0.jar:/Users/ifedun/.m2/repository/io/opentelemetry/opentelemetry-sdk-metrics/1.28.0/opentelemetry-sdk-metrics-1.28.0.jar:/Users/ifedun/.m2/repository/io/opentelemetry/opentelemetry-extension-incubator/1.28.0-alpha/opentelemetry-extension-incubator-1.28.0-alpha.jar:/Users/ifedun/.m2/repository/io/opentelemetry/opentelemetry-sdk-logs/1.28.0/opentelemetry-sdk-logs-1.28.0.jar:/Users/ifedun/.m2/repository/io/opentelemetry/opentelemetry-sdk-common/1.28.0/opentelemetry-sdk-common-1.28.0.jar:/Users/ifedun/.m2/repository/io/opentelemetry/opentelemetry-sdk-extension-autoconfigure-spi/1.28.0/opentelemetry-sdk-extension-autoconfigure-spi-1.28.0.jar:/Users/ifedun/.m2/repository/io/opentelemetry/opentelemetry-sdk-extension-autoconfigure/1.28.0/opentelemetry-sdk-extension-autoconfigure-1.28.0.jar:/Users/ifedun/.m2/repository/io/opentelemetry/opentelemetry-api-events/1.28.0-alpha/opentelemetry-api-events-1.28.0-alpha.jar:/Users/ifedun/.m2/repository/io/opentelemetry/opentelemetry-sdk-trace/1.28.0/opentelemetry-sdk-trace-1.28.0.jar:/Users/ifedun/.m2/repository/io/opentelemetry/opentelemetry-sdk/1.28.0/opentelemetry-sdk-1.28.0.jar:/Users/ifedun/.m2/repository/io/opentelemetry/opentelemetry-semconv/1.28.0-alpha/opentelemetry-semconv-1.28.0-alpha.jar:/Users/ifedun/.m2/repository/net/bytebuddy/byte-buddy/1.14.5/byte-buddy-1.14.5.jar:/Users/ifedun/.m2/repository/org/asynchttpclient/async-http-client/2.12.3/async-http-client-2.12.3.jar:/Users/ifedun/.m2/repository/org/asynchttpclient/async-http-client-netty-utils/2.12.3/async-http-client-netty-utils-2.12.3.jar:/Users/ifedun/.m2/repository/io/netty/netty-codec-socks/4.1.60.Final/netty-codec-socks-4.1.60.Final.jar:/Users/ifedun/.m2/repository/io/netty/netty-handler-proxy/4.1.60.Final/netty-handler-proxy-4.1.60.Final.jar:/Users/ifedun/.m2/repository/io/netty/netty-transport-native-epoll/4.1.60.Final/netty-transport-native-epoll-4.1.60.Final-linux-x86_64.jar:/Users/ifedun/.m2/repository/io/netty/netty-transport-native-kqueue/4.1.60.Final/netty-transport-native-kqueue-4.1.60.Final-osx-x86_64.jar:/Users/ifedun/.m2/repository/org/reactivestreams/reactive-streams/1.0.3/reactive-streams-1.0.3.jar:/Users/ifedun/.m2/repository/com/typesafe/netty/netty-reactive-streams/2.0.4/netty-reactive-streams-2.0.4.jar:/Users/ifedun/.m2/repository/com/sun/activation/jakarta.activation/1.2.2/jakarta.activation-1.2.2.jar:/Users/ifedun/.m2/repository/org/seleniumhq/selenium/selenium-http/4.13.0/selenium-http-4.13.0.jar:/Users/ifedun/.m2/repository/dev/failsafe/failsafe/3.3.2/failsafe-3.3.2.jar:/Users/ifedun/.m2/repository/org/seleniumhq/selenium/selenium-json/4.13.0/selenium-json-4.13.0.jar:/Users/ifedun/.m2/repository/org/seleniumhq/selenium/selenium-manager/4.13.0/selenium-manager-4.13.0.jar:/Users/ifedun/.m2/repository/org/seleniumhq/selenium/selenium-os/4.13.0/selenium-os-4.13.0.jar:/Users/ifedun/.m2/repository/org/apache/commons/commons-exec/1.3/commons-exec-1.3.jar:/Users/ifedun/.m2/repository/org/seleniumhq/selenium/selenium-support/4.13.0/selenium-support-4.13.0.jar:/Users/ifedun/.m2/repository/com/google/code/gson/gson/2.10.1/gson-2.10.1.jar:/Users/ifedun/.m2/repository/org/apache/commons/commons-lang3/3.13.0/commons-lang3-3.13.0.jar:/Users/ifedun/.m2/repository/commons-io/commons-io/2.14.0/commons-io-2.14.0.jar:/Users/ifedun/.m2/repository/org/slf4j/slf4j-api/2.0.9/slf4j-api-2.0.9.jar:/Users/ifedun/.m2/repository/org/testng/testng/7.5/testng-7.5.jar:/Users/ifedun/.m2/repository/com/google/code/findbugs/jsr305/3.0.1/jsr305-3.0.1.jar:/Users/ifedun/.m2/repository/com/beust/jcommander/1.78/jcommander-1.78.jar:/Users/ifedun/.m2/repository/org/webjars/jquery/3.5.1/jquery-3.5.1.jar:"/>
    <property name="sun.cpu.endian" value="little"/>
    <property name="user.home" value="/Users/ifedun"/>
    <property name="user.language" value="en"/>
    <property name="java.specification.vendor" value="Oracle Corporation"/>
    <property name="java.version.date" value="2021-07-20"/>
    <property name="java.home" value="/Users/ifedun/Library/Java/JavaVirtualMachines/corretto-11.0.12/Contents/Home"/>
    <property name="file.separator" value="/"/>
    <property name="basedir" value="/Users/ifedun/wpp_be_automation/NortalTask"/>
    <property name="java.vm.compressedOopsMode" value="Zero based"/>
    <property name="line.separator" value="&#10;"/>
    <property name="java.specification.name" value="Java Platform API Specification"/>
    <property name="java.vm.specification.vendor" value="Oracle Corporation"/>
    <property name="java.awt.graphicsenv" value="sun.awt.CGraphicsEnvironment"/>
    <property name="surefire.real.class.path" value="/Users/ifedun/wpp_be_automation/NortalTask/target/surefire/surefirebooter-20240124183724897_3.jar"/>
    <property name="sun.management.compiler" value="HotSpot 64-Bit Tiered Compilers"/>
    <property name="ftp.nonProxyHosts" value="local|*.local|169.254/16|*.169.254/16"/>
    <property name="java.runtime.version" value="11.0.12+7-LTS"/>
    <property name="user.name" value="ifedun"/>
    <property name="path.separator" value=":"/>
    <property name="os.version" value="13.2.1"/>
    <property name="java.runtime.name" value="OpenJDK Runtime Environment"/>
    <property name="file.encoding" value="UTF-8"/>
    <property name="java.vm.name" value="OpenJDK 64-Bit Server VM"/>
    <property name="java.vendor.version" value="Corretto-11.0.12.7.2"/>
    <property name="localRepository" value="/Users/ifedun/.m2/repository"/>
    <property name="java.vendor.url.bug" value="https://github.com/corretto/corretto-11/issues/"/>
    <property name="java.io.tmpdir" value="/var/folders/2y/xc5fn5fx1p3cjfldxhkjyx940000gn/T/"/>
    <property name="java.version" value="11.0.12"/>
    <property name="user.dir" value="/Users/ifedun/wpp_be_automation/NortalTask"/>
    <property name="os.arch" value="x86_64"/>
    <property name="java.vm.specification.name" value="Java Virtual Machine Specification"/>
    <property name="java.awt.printerjob" value="sun.lwawt.macosx.CPrinterJob"/>
    <property name="sun.os.patch.level" value="unknown"/>
    <property name="java.library.path" value="/Users/ifedun/Library/Java/Extensions:/Library/Java/Extensions:/Network/Library/Java/Extensions:/System/Library/Java/Extensions:/usr/lib/java:."/>
    <property name="java.vm.info" value="mixed mode"/>
    <property name="java.vendor" value="Amazon.com Inc."/>
    <property name="java.vm.version" value="11.0.12+7-LTS"/>
    <property name="sun.io.unicode.encoding" value="UnicodeBig"/>
    <property name="java.class.version" value="55.0"/>
    <property name="socksNonProxyHosts" value="local|*.local|169.254/16|*.169.254/16"/>
  </properties>
  <testcase name="runScenario[&quot;Login with valid credentials&quot;, &quot;Login&quot;](1)" classname="testsRunner.CucumberRunnerTests" time="24.905">
    <system-out><![CDATA[&amp#27;[35m[Appium]&amp#27;[39m Welcome to Appium v2.4.1
&amp#27;[35m[Appium]&amp#27;[39m The autodetected Appium home path: /Users/ifedun/.appium
&amp#27;[35m[Appium]&amp#27;[39m Attempting to load driver chromium...
&amp#27;[35m[Appium]&amp#27;[39m Attempting to load driver uiautomator2...
&amp#27;[35m[Appium]&amp#27;[39m Requiring driver at /Users/ifedun/.appium/node_modules/appium-chromium-driver/index.js
&amp#27;[35m[Appium]&amp#27;[39m Requiring driver at /Users/ifedun/.appium/node_modules/appium-uiautomator2-driver/build/index.js
&amp#27;[35m[Appium]&amp#27;[39m ChromiumDriver has been successfully loaded in 1.945s
&amp#27;[35m[Appium]&amp#27;[39m AndroidUiautomator2Driver has been successfully loaded in 1.944s
&amp#27;[35m[Appium]&amp#27;[39m Appium REST http interface listener started on http://0.0.0.0:4723
&amp#27;[35m[Appium]&amp#27;[39m You can provide the following URLs in your client code to connect to this server:
&amp#27;[35m[Appium]&amp#27;[39m 	http://127.0.0.1:4723/ (only accessible from the same host)
&amp#27;[35m[Appium]&amp#27;[39m 	http://192.168.0.161:4723/
&amp#27;[35m[Appium]&amp#27;[39m Available drivers:
&amp#27;[35m[Appium]&amp#27;[39m   - chromium@1.3.4 (automationName 'Chromium')
&amp#27;[35m[Appium]&amp#27;[39m   - uiautomator2@2.42.1 (automationName 'UiAutomator2')
&amp#27;[35m[Appium]&amp#27;[39m No plugins have been installed. Use the "appium plugin" command to install the one(s) you want to use.
&amp#27;[38;5;0m[HTTP]&amp#27;[0m &amp#27;[37m-->&amp#27;[39m &amp#27;[37mGET&amp#27;[39m &amp#27;[37m/status&amp#27;[39m
&amp#27;[38;5;0m[HTTP]&amp#27;[0m &amp#27;[90m{}&amp#27;[39m
&amp#27;[38;5;16m[AppiumDriver@b499]&amp#27;[0m Calling AppiumDriver.getStatus() with args: []
&amp#27;[38;5;16m[AppiumDriver@b499]&amp#27;[0m Responding to client with driver.getStatus() result: {"ready":true,"message":"The server is ready to accept new connections","build":{"version":"2.4.1"}}
&amp#27;[38;5;0m[HTTP]&amp#27;[0m &amp#27;[37m<-- GET /status &amp#27;[39m&amp#27;[32m200&amp#27;[39m &amp#27;[90m7 ms - 110&amp#27;[39m
&amp#27;[38;5;0m[HTTP]&amp#27;[0m &amp#27;[90m&amp#27;[39m
&amp#27;[38;5;0m[HTTP]&amp#27;[0m Request idempotency key: bf6b56c4-cd5b-461d-a79a-da05846f3c09
&amp#27;[38;5;0m[HTTP]&amp#27;[0m &amp#27;[37m-->&amp#27;[39m &amp#27;[37mPOST&amp#27;[39m &amp#27;[37m/session&amp#27;[39m
&amp#27;[38;5;0m[HTTP]&amp#27;[0m &amp#27;[90m{"capabilities":{"firstMatch":[{}],"alwaysMatch":{"appium:app":"src/test/apks/appiumChallenge.apk","appium:autoGrantPermissions":true,"appium:automationName":"UIAutomator2","appium:udid":"emulator-5554","platformName":"ANDROID"}}}&amp#27;[39m
&amp#27;[38;5;16m[AppiumDriver@b499]&amp#27;[0m Calling AppiumDriver.createSession() with args: [null,null,{"firstMatch":[{}],"alwaysMatch":{"appium:app":"src/test/apks/appiumChallenge.apk","appium:autoGrantPermissions":true,"appium:automationName":"UIAutomator2","appium:udid":"emulator-5554","platformName":"ANDROID"}}]
&amp#27;[38;5;16m[AppiumDriver@b499]&amp#27;[0m Event 'newSessionRequested' logged at 1706114251467 (18:37:31 GMT+0200 (Eastern European Standard Time))
&amp#27;[35m[Appium]&amp#27;[39m Attempting to find matching driver for automationName 'UIAutomator2' and platformName 'ANDROID'
&amp#27;[35m[Appium]&amp#27;[39m The 'uiautomator2' driver was installed and matched caps.
&amp#27;[35m[Appium]&amp#27;[39m Will require it at /Users/ifedun/.appium/node_modules/appium-uiautomator2-driver
&amp#27;[35m[Appium]&amp#27;[39m Requiring driver at /Users/ifedun/.appium/node_modules/appium-uiautomator2-driver/build/index.js
&amp#27;[38;5;16m[AppiumDriver@b499]&amp#27;[0m Appium v2.4.1 creating new AndroidUiautomator2Driver (v2.42.1) session
&amp#27;[38;5;16m[AppiumDriver@b499]&amp#27;[0m Checking BaseDriver versions for Appium and AndroidUiautomator2Driver
&amp#27;[38;5;16m[AppiumDriver@b499]&amp#27;[0m Appium's BaseDriver version is 9.5.0
&amp#27;[38;5;16m[AppiumDriver@b499]&amp#27;[0m AndroidUiautomator2Driver's BaseDriver version is 9.5.0
&amp#27;[38;5;32m[AndroidUiautomator2Driver@9fe4]&amp#27;[0m Creating session with W3C capabilities: {
&amp#27;[38;5;32m[AndroidUiautomator2Driver@9fe4]&amp#27;[0m   "alwaysMatch": {
&amp#27;[38;5;32m[AndroidUiautomator2Driver@9fe4]&amp#27;[0m     "platformName": "ANDROID",
&amp#27;[38;5;32m[AndroidUiautomator2Driver@9fe4]&amp#27;[0m     "appium:app": "src/test/apks/appiumChallenge.apk",
&amp#27;[38;5;32m[AndroidUiautomator2Driver@9fe4]&amp#27;[0m     "appium:autoGrantPermissions": true,
&amp#27;[38;5;32m[AndroidUiautomator2Driver@9fe4]&amp#27;[0m     "appium:automationName": "UIAutomator2",
&amp#27;[38;5;32m[AndroidUiautomator2Driver@9fe4]&amp#27;[0m     "appium:udid": "emulator-5554"
&amp#27;[38;5;32m[AndroidUiautomator2Driver@9fe4]&amp#27;[0m   },
&amp#27;[38;5;32m[AndroidUiautomator2Driver@9fe4]&amp#27;[0m   "firstMatch": [
&amp#27;[38;5;32m[AndroidUiautomator2Driver@9fe4]&amp#27;[0m     {}
&amp#27;[38;5;32m[AndroidUiautomator2Driver@9fe4]&amp#27;[0m   ]
&amp#27;[38;5;32m[AndroidUiautomator2Driver@9fe4]&amp#27;[0m }
&amp#27;[38;5;32m[AndroidUiautomator2Driver@9fe4 (d34be08e)]&amp#27;[0m Session created with session id: d34be08e-0cab-4b23-8230-e7ef7c6fe287
&amp#27;[38;5;48m[BaseDriver]&amp#27;[0m Using local app 'src/test/apks/appiumChallenge.apk'
&amp#27;[38;5;48m[BaseDriver]&amp#27;[0m The current application path 'src/test/apks/appiumChallenge.apk' is not absolute and has been rewritten to '/Users/ifedun/wpp_be_automation/NortalTask/src/test/apks/appiumChallenge.apk'. Consider using absolute paths rather than relative
&amp#27;[38;5;32m[AndroidUiautomator2Driver@9fe4 (d34be08e)]&amp#27;[0m Checking whether app is actually present
&amp#27;[38;5;64m[ADB]&amp#27;[0m Found 1 'build-tools' folders under '/Users/ifedun/Library/Android/sdk' (newest first):
&amp#27;[38;5;64m[ADB]&amp#27;[0m     /Users/ifedun/Library/Android/sdk/build-tools/34.0.0
&amp#27;[38;5;64m[ADB]&amp#27;[0m Using 'adb' from '/Users/ifedun/Library/Android/sdk/platform-tools/adb'
&amp#27;[38;5;64m[ADB]&amp#27;[0m Running '/Users/ifedun/Library/Android/sdk/platform-tools/adb -P 5037 start-server'
&amp#27;[38;5;80m[AndroidDriver]&amp#27;[0m Retrieving device list
&amp#27;[38;5;64m[ADB]&amp#27;[0m Trying to find connected Android devices
&amp#27;[38;5;64m[ADB]&amp#27;[0m Getting connected devices
&amp#27;[38;5;64m[ADB]&amp#27;[0m Connected devices: [{"udid":"emulator-5554","state":"device"}]
&amp#27;[38;5;80m[AndroidDriver]&amp#27;[0m Using device: emulator-5554
&amp#27;[38;5;64m[ADB]&amp#27;[0m Using 'adb' from '/Users/ifedun/Library/Android/sdk/platform-tools/adb'
&amp#27;[38;5;64m[ADB]&amp#27;[0m Running '/Users/ifedun/Library/Android/sdk/platform-tools/adb -P 5037 start-server'
&amp#27;[38;5;64m[ADB]&amp#27;[0m Setting device id to emulator-5554
&amp#27;[38;5;64m[ADB]&amp#27;[0m Running '/Users/ifedun/Library/Android/sdk/platform-tools/adb -P 5037 -s emulator-5554 shell getprop ro.build.version.sdk'
&amp#27;[38;5;64m[ADB]&amp#27;[0m Current device property 'ro.build.version.sdk': 28
&amp#27;[38;5;64m[ADB]&amp#27;[0m Getting device platform version
&amp#27;[38;5;64m[ADB]&amp#27;[0m Running '/Users/ifedun/Library/Android/sdk/platform-tools/adb -P 5037 -s emulator-5554 shell getprop ro.build.version.release'
&amp#27;[38;5;64m[ADB]&amp#27;[0m Current device property 'ro.build.version.release': 9
&amp#27;[38;5;64m[ADB]&amp#27;[0m Device API level: 28
&amp#27;[38;5;32m[AndroidUiautomator2Driver@9fe4 (d34be08e)]&amp#27;[0m Relaxing hidden api policy
&amp#27;[38;5;64m[ADB]&amp#27;[0m Running '/Users/ifedun/Library/Android/sdk/platform-tools/adb -P 5037 -s emulator-5554 shell 'settings put global hidden_api_policy_pre_p_apps 1;settings put global hidden_api_policy_p_apps 1;settings put global hidden_api_policy 1''
&amp#27;[38;5;80m[AndroidDriver]&amp#27;[0m Parsing package and activity from app manifest
&amp#27;[38;5;64m[ADB]&amp#27;[0m Package name: 'com.vodqareactnative'
&amp#27;[38;5;64m[ADB]&amp#27;[0m Main activity name: 'com.vodqareactnative.MainActivity'
&amp#27;[38;5;80m[AndroidDriver]&amp#27;[0m Parsed package and activity are: com.vodqareactnative/com.vodqareactnative.MainActivity
&amp#27;[38;5;64m[ADB]&amp#27;[0m Running '/Users/ifedun/Library/Android/sdk/platform-tools/adb -P 5037 -s emulator-5554 wait-for-device'
&amp#27;[38;5;64m[ADB]&amp#27;[0m Running '/Users/ifedun/Library/Android/sdk/platform-tools/adb -P 5037 -s emulator-5554 shell echo ping'
&amp#27;[38;5;80m[AndroidDriver]&amp#27;[0m Pushing settings apk to device...
&amp#27;[38;5;64m[ADB]&amp#27;[0m Getting package info for 'io.appium.settings'
&amp#27;[38;5;64m[ADB]&amp#27;[0m Running '/Users/ifedun/Library/Android/sdk/platform-tools/adb -P 5037 -s emulator-5554 shell dumpsys package io.appium.settings'
&amp#27;[38;5;64m[ADB]&amp#27;[0m The version name of the installed 'io.appium.settings' is greater or equal to the application version name ('5.7.2' >= '5.7.2')
&amp#27;[38;5;64m[ADB]&amp#27;[0m There is no need to install/upgrade '/Users/ifedun/.appium/node_modules/appium-uiautomator2-driver/node_modules/io.appium.settings/apks/settings_apk-debug.apk'
&amp#27;[38;5;64m[ADB]&amp#27;[0m Running '/Users/ifedun/Library/Android/sdk/platform-tools/adb -P 5037 -s emulator-5554 shell dumpsys activity services io.appium.settings'
&amp#27;[38;5;80m[AndroidDriver]&amp#27;[0m io.appium.settings is already running. There is no need to reset its permissions.
&amp#27;[38;5;96m[Logcat]&amp#27;[0m Starting logs capture with command: /Users/ifedun/Library/Android/sdk/platform-tools/adb -P 5037 -s emulator-5554 logcat -v threadtime
&amp#27;[38;5;32m[AndroidUiautomator2Driver@9fe4 (d34be08e)]&amp#27;[0m Forwarding UiAutomator2 Server port 6790 to local port 8200
&amp#27;[38;5;64m[ADB]&amp#27;[0m Forwarding system: 8200 to device: 6790
&amp#27;[38;5;64m[ADB]&amp#27;[0m Running '/Users/ifedun/Library/Android/sdk/platform-tools/adb -P 5037 -s emulator-5554 forward tcp:8200 tcp:6790'
&amp#27;[38;5;64m[ADB]&amp#27;[0m Checking app cert for /Users/ifedun/.appium/node_modules/appium-uiautomator2-driver/node_modules/appium-uiautomator2-server/apks/appium-uiautomator2-server-v6.0.3.apk
&amp#27;[38;5;64m[ADB]&amp#27;[0m Checking app cert for /Users/ifedun/.appium/node_modules/appium-uiautomator2-driver/node_modules/appium-uiautomator2-server/apks/appium-uiautomator2-server-debug-androidTest.apk
&amp#27;[38;5;64m[ADB]&amp#27;[0m Using 'apksigner.jar' from '/Users/ifedun/Library/Android/sdk/build-tools/34.0.0/lib/apksigner.jar'
&amp#27;[38;5;64m[ADB]&amp#27;[0m Starting apksigner: /Users/ifedun/Library/Java/JavaVirtualMachines/corretto-11.0.12/Contents/Home/bin/java -Xmx1024M -Xss1m -jar /Users/ifedun/Library/Android/sdk/build-tools/34.0.0/lib/apksigner.jar verify --print-certs /Users/ifedun/.appium/node_modules/appium-uiautomator2-driver/node_modules/appium-uiautomator2-server/apks/appium-uiautomator2-server-debug-androidTest.apk
&amp#27;[38;5;64m[ADB]&amp#27;[0m Starting apksigner: /Users/ifedun/Library/Java/JavaVirtualMachines/corretto-11.0.12/Contents/Home/bin/java -Xmx1024M -Xss1m -jar /Users/ifedun/Library/Android/sdk/build-tools/34.0.0/lib/apksigner.jar verify --print-certs /Users/ifedun/.appium/node_modules/appium-uiautomator2-driver/node_modules/appium-uiautomator2-server/apks/appium-uiautomator2-server-v6.0.3.apk
&amp#27;[38;5;64m[ADB]&amp#27;[0m apksigner stdout: Signer #1 certificate DN: EMAILADDRESS=android@android.com, CN=Android, OU=Android, O=Android, L=Mountain View, ST=California, C=US
&amp#27;[38;5;64m[ADB]&amp#27;[0m Signer #1 certificate SHA-256 digest: a40da80a59d170caa950cf15c18c454d47a39b26989d8b640ecd745ba71bf5dc
&amp#27;[38;5;64m[ADB]&amp#27;[0m Signer #1 certificate SHA-1 digest: 61ed377e85d386a8dfee6b864bd85b0bfaa5af81
&amp#27;[38;5;64m[ADB]&amp#27;[0m Signer #1 certificate MD5 digest: e89b158e4bcf988ebd09eb83f5378e87
&amp#27;[38;5;64m[ADB]&amp#27;[0m 
&amp#27;[38;5;64m[ADB]&amp#27;[0m sha256 hash did match for 'appium-uiautomator2-server-debug-androidTest.apk'
&amp#27;[38;5;64m[ADB]&amp#27;[0m '/Users/ifedun/.appium/node_modules/appium-uiautomator2-driver/node_modules/appium-uiautomator2-server/apks/appium-uiautomator2-server-debug-androidTest.apk' is signed with the default certificate
&amp#27;[38;5;64m[ADB]&amp#27;[0m Getting install status for io.appium.uiautomator2.server.test
&amp#27;[38;5;64m[ADB]&amp#27;[0m Running '/Users/ifedun/Library/Android/sdk/platform-tools/adb -P 5037 -s emulator-5554 shell pm path io.appium.uiautomator2.server.test'
&amp#27;[38;5;64m[ADB]&amp#27;[0m 'io.appium.uiautomator2.server.test' is installed
&amp#27;[38;5;64m[ADB]&amp#27;[0m apksigner stdout: Signer #1 certificate DN: EMAILADDRESS=android@android.com, CN=Android, OU=Android, O=Android, L=Mountain View, ST=California, C=US
&amp#27;[38;5;64m[ADB]&amp#27;[0m Signer #1 certificate SHA-256 digest: a40da80a59d170caa950cf15c18c454d47a39b26989d8b640ecd745ba71bf5dc
&amp#27;[38;5;64m[ADB]&amp#27;[0m Signer #1 certificate SHA-1 digest: 61ed377e85d386a8dfee6b864bd85b0bfaa5af81
&amp#27;[38;5;64m[ADB]&amp#27;[0m Signer #1 certificate MD5 digest: e89b158e4bcf988ebd09eb83f5378e87
&amp#27;[38;5;64m[ADB]&amp#27;[0m 
&amp#27;[38;5;64m[ADB]&amp#27;[0m sha256 hash did match for 'appium-uiautomator2-server-v6.0.3.apk'
&amp#27;[38;5;64m[ADB]&amp#27;[0m '/Users/ifedun/.appium/node_modules/appium-uiautomator2-driver/node_modules/appium-uiautomator2-server/apks/appium-uiautomator2-server-v6.0.3.apk' is signed with the default certificate
&amp#27;[38;5;64m[ADB]&amp#27;[0m Getting package info for 'io.appium.uiautomator2.server'
&amp#27;[38;5;64m[ADB]&amp#27;[0m Running '/Users/ifedun/Library/Android/sdk/platform-tools/adb -P 5037 -s emulator-5554 shell dumpsys package io.appium.uiautomator2.server'
&amp#27;[38;5;64m[ADB]&amp#27;[0m The version name of the installed 'io.appium.uiautomator2.server' is greater or equal to the application version name ('6.0.3' >= '6.0.3')
&amp#27;[38;5;32m[AndroidUiautomator2Driver@9fe4 (d34be08e)]&amp#27;[0m Server packages status: [{"wasSigned":true,"installState":"sameVersionInstalled","appPath":"/Users/ifedun/.appium/node_modules/appium-uiautomator2-driver/node_modules/appium-uiautomator2-server/apks/appium-uiautomator2-server-v6.0.3.apk","appId":"io.appium.uiautomator2.server"},{"wasSigned":true,"installState":"sameVersionInstalled","appPath":"/Users/ifedun/.appium/node_modules/appium-uiautomator2-driver/node_modules/appium-uiautomator2-server/apks/appium-uiautomator2-server-debug-androidTest.apk","appId":"io.appium.uiautomator2.server.test"}]
&amp#27;[38;5;32m[AndroidUiautomator2Driver@9fe4 (d34be08e)]&amp#27;[0m Server packages are not going to be (re)installed
&amp#27;[38;5;32m[AndroidUiautomator2Driver@9fe4 (d34be08e)]&amp#27;[0m Waiting up to 30000ms for services to be available
&amp#27;[38;5;64m[ADB]&amp#27;[0m Running '/Users/ifedun/Library/Android/sdk/platform-tools/adb -P 5037 -s emulator-5554 shell pm list instrumentation'
&amp#27;[38;5;32m[AndroidUiautomator2Driver@9fe4 (d34be08e)]&amp#27;[0m Instrumentation target 'io.appium.uiautomator2.server.test/androidx.test.runner.AndroidJUnitRunner' is available
&amp#27;[38;5;64m[ADB]&amp#27;[0m Adding packages ["io.appium.settings","io.appium.uiautomator2.server","io.appium.uiautomator2.server.test"] to Doze whitelist
&amp#27;[38;5;64m[ADB]&amp#27;[0m Got the following command chunks to execute: [["dumpsys","deviceidle","whitelist","+io.appium.settings",";","dumpsys","deviceidle","whitelist","+io.appium.uiautomator2.server",";","dumpsys","deviceidle","whitelist","+io.appium.uiautomator2.server.test",";"]]
&amp#27;[38;5;64m[ADB]&amp#27;[0m Running '/Users/ifedun/Library/Android/sdk/platform-tools/adb -P 5037 -s emulator-5554 shell dumpsys deviceidle whitelist +io.appium.settings ; dumpsys deviceidle whitelist +io.appium.uiautomator2.server ; dumpsys deviceidle whitelist +io.appium.uiautomator2.server.test ;'
&amp#27;[38;5;64m[ADB]&amp#27;[0m Checking app cert for /Users/ifedun/wpp_be_automation/NortalTask/src/test/apks/appiumChallenge.apk
&amp#27;[38;5;64m[ADB]&amp#27;[0m Starting apksigner: /Users/ifedun/Library/Java/JavaVirtualMachines/corretto-11.0.12/Contents/Home/bin/java -Xmx1024M -Xss1m -jar /Users/ifedun/Library/Android/sdk/build-tools/34.0.0/lib/apksigner.jar verify --print-certs /Users/ifedun/wpp_be_automation/NortalTask/src/test/apks/appiumChallenge.apk
&amp#27;[38;5;64m[ADB]&amp#27;[0m apksigner stdout: Signer #1 certificate DN: EMAILADDRESS=android@android.com, CN=Android, OU=Android, O=Android, L=Mountain View, ST=California, C=US
&amp#27;[38;5;64m[ADB]&amp#27;[0m Signer #1 certificate SHA-256 digest: a40da80a59d170caa950cf15c18c454d47a39b26989d8b640ecd745ba71bf5dc
&amp#27;[38;5;64m[ADB]&amp#27;[0m Signer #1 certificate SHA-1 digest: 61ed377e85d386a8dfee6b864bd85b0bfaa5af81
&amp#27;[38;5;64m[ADB]&amp#27;[0m Signer #1 certificate MD5 digest: e89b158e4bcf988ebd09eb83f5378e87
&amp#27;[38;5;64m[ADB]&amp#27;[0m 
&amp#27;[38;5;64m[ADB]&amp#27;[0m sha256 hash did match for 'appiumChallenge.apk'
&amp#27;[38;5;64m[ADB]&amp#27;[0m '/Users/ifedun/wpp_be_automation/NortalTask/src/test/apks/appiumChallenge.apk' is signed with the default certificate
&amp#27;[38;5;64m[ADB]&amp#27;[0m Getting package info for 'com.vodqareactnative'
&amp#27;[38;5;64m[ADB]&amp#27;[0m Running '/Users/ifedun/Library/Android/sdk/platform-tools/adb -P 5037 -s emulator-5554 shell dumpsys package com.vodqareactnative'
&amp#27;[38;5;64m[ADB]&amp#27;[0m The version name of the installed 'com.vodqareactnative' is greater or equal to the application version name ('1.0.0' >= '1.0.0')
&amp#27;[38;5;64m[ADB]&amp#27;[0m There is no need to install/upgrade '/Users/ifedun/wpp_be_automation/NortalTask/src/test/apks/appiumChallenge.apk'
&amp#27;[38;5;80m[AndroidDriver]&amp#27;[0m Performing fast reset on 'com.vodqareactnative'
&amp#27;[38;5;64m[ADB]&amp#27;[0m Getting install status for com.vodqareactnative
&amp#27;[38;5;64m[ADB]&amp#27;[0m Running '/Users/ifedun/Library/Android/sdk/platform-tools/adb -P 5037 -s emulator-5554 shell pm path com.vodqareactnative'
&amp#27;[38;5;64m[ADB]&amp#27;[0m 'com.vodqareactnative' is installed
&amp#27;[38;5;64m[ADB]&amp#27;[0m Running '/Users/ifedun/Library/Android/sdk/platform-tools/adb -P 5037 -s emulator-5554 shell am force-stop com.vodqareactnative'
&amp#27;[38;5;64m[ADB]&amp#27;[0m Running '/Users/ifedun/Library/Android/sdk/platform-tools/adb -P 5037 -s emulator-5554 shell pm clear com.vodqareactnative'
&amp#27;[38;5;64m[ADB]&amp#27;[0m Running '/Users/ifedun/Library/Android/sdk/platform-tools/adb -P 5037 -s emulator-5554 shell dumpsys package com.vodqareactnative'
&amp#27;[38;5;64m[ADB]&amp#27;[0m It is only possible to grant permissions in runtime for apps whose targetSdkVersion in the manifest is set to 23 or above. The current com.vodqareactnative targetSdkVersion is 22.
&amp#27;[38;5;80m[AndroidDriver]&amp#27;[0m Performed fast reset on the installed 'com.vodqareactnative' application (stop and clear)
&amp#27;[38;5;32m[AndroidUiautomator2Driver@9fe4 (d34be08e)]&amp#27;[0m Performing shallow cleanup of automation leftovers
&amp#27;[38;5;32m[AndroidUiautomator2Driver@9fe4 (d34be08e)]&amp#27;[0m No obsolete sessions have been detected (socket hang up)
&amp#27;[38;5;64m[ADB]&amp#27;[0m Running '/Users/ifedun/Library/Android/sdk/platform-tools/adb -P 5037 -s emulator-5554 shell am force-stop io.appium.uiautomator2.server.test'
&amp#27;[38;5;32m[AndroidUiautomator2Driver@9fe4 (d34be08e)]&amp#27;[0m Starting UIAutomator2 server 6.0.3
&amp#27;[38;5;32m[AndroidUiautomator2Driver@9fe4 (d34be08e)]&amp#27;[0m Using UIAutomator2 server from '/Users/ifedun/.appium/node_modules/appium-uiautomator2-driver/node_modules/appium-uiautomator2-server/apks/appium-uiautomator2-server-v6.0.3.apk' and test from '/Users/ifedun/.appium/node_modules/appium-uiautomator2-driver/node_modules/appium-uiautomator2-server/apks/appium-uiautomator2-server-debug-androidTest.apk'
&amp#27;[38;5;32m[AndroidUiautomator2Driver@9fe4 (d34be08e)]&amp#27;[0m Waiting up to 30000ms for UiAutomator2 to be online...
&amp#27;[38;5;64m[ADB]&amp#27;[0m Creating ADB subprocess with args: ["-P","5037","-s","emulator-5554","shell","am","instrument","-w","-e","disableAnalytics","true","io.appium.uiautomator2.server.test/androidx.test.runner.AndroidJUnitRunner"]
&amp#27;[38;5;32m[AndroidUiautomator2Driver@9fe4 (d34be08e)]&amp#27;[0m Matched '/status' to command name 'getStatus'
&amp#27;[38;5;32m[AndroidUiautomator2Driver@9fe4 (d34be08e)]&amp#27;[0m Proxying [GET /status] to [GET http://127.0.0.1:8200/status] with no body
&amp#27;[38;5;32m[AndroidUiautomator2Driver@9fe4 (d34be08e)]&amp#27;[0m socket hang up
&amp#27;[38;5;112m[Instrumentation]&amp#27;[0m io.appium.uiautomator2.server.test.AppiumUiAutomator2Server:
&amp#27;[38;5;32m[AndroidUiautomator2Driver@9fe4 (d34be08e)]&amp#27;[0m Matched '/status' to command name 'getStatus'
&amp#27;[38;5;32m[AndroidUiautomator2Driver@9fe4 (d34be08e)]&amp#27;[0m Proxying [GET /status] to [GET http://127.0.0.1:8200/status] with no body
&amp#27;[38;5;32m[AndroidUiautomator2Driver@9fe4 (d34be08e)]&amp#27;[0m socket hang up
&amp#27;[38;5;32m[AndroidUiautomator2Driver@9fe4 (d34be08e)]&amp#27;[0m Matched '/status' to command name 'getStatus'
&amp#27;[38;5;32m[AndroidUiautomator2Driver@9fe4 (d34be08e)]&amp#27;[0m Proxying [GET /status] to [GET http://127.0.0.1:8200/status] with no body
&amp#27;[38;5;32m[AndroidUiautomator2Driver@9fe4 (d34be08e)]&amp#27;[0m Got response with status 200: {"sessionId":"None","value":{"message":"UiAutomator2 Server is ready to accept commands","ready":true}}
&amp#27;[38;5;32m[AndroidUiautomator2Driver@9fe4 (d34be08e)]&amp#27;[0m The initialization of the instrumentation process took 2077ms
&amp#27;[38;5;32m[AndroidUiautomator2Driver@9fe4 (d34be08e)]&amp#27;[0m Matched '/session' to command name 'createSession'
&amp#27;[38;5;32m[AndroidUiautomator2Driver@9fe4 (d34be08e)]&amp#27;[0m Proxying [POST /session] to [POST http://127.0.0.1:8200/session] with body: {"capabilities":{"firstMatch":[{"platformName":"ANDROID","app":"src/test/apks/appiumChallenge.apk","autoGrantPermissions":true,"automationName":"UIAutomator2","udid":"emulator-5554","platform":"LINUX","webStorageEnabled":false,"takesScreenshot":true,"javascriptEnabled":true,"databaseEnabled":false,"networkConnectionEnabled":true,"locationContextEnabled":false,"warnings":{},"desired":{"platformName":"ANDROID","app":"src/test/apks/appiumChallenge.apk","autoGrantPermissions":true,"automationName":"UIAutomator2","udid":"emulator-5554"},"deviceName":"emulator-5554","deviceUDID":"emulator-5554","appPackage":"com.vodqareactnative"}],"alwaysMatch":{}}}
&amp#27;[38;5;32m[AndroidUiautomator2Driver@9fe4 (d34be08e)]&amp#27;[0m Got response with status 200: {"sessionId":"25313c4f-52a3-403c-813f-c4a24991f35d","value":{"capabilities":{"firstMatch":[{"platformName":"ANDROID","app":"src/test/apks/appiumChallenge.apk","autoGrantPermissions":true,"automationName":"UIAutomator2","udid":"emulator-5554","platform":"LINUX","webStorageEnabled":false,"takesScreenshot":true,"javascriptEnabled":true,"databaseEnabled":false,"networkConnectionEnabled":true,"locationContextEnabled":false,"warnings":{},"desired":{"platformName":"ANDROID","app":"src/test/apks/appiumChallenge.apk","autoGrantPermissions":true,"automationName":"UIAutomator2","udid":"emulator-5554"},"deviceName":"emulator-5554","deviceUDID":"emulator-5554","appPackage":"com.vodqareactnative"}],"alwaysMatch":{}},"sessionId":"25313c4f-52a3-403c-813f-c4a24991f35d"}}
&amp#27;[38;5;32m[AndroidUiautomator2Driver@9fe4 (d34be08e)]&amp#27;[0m Determined the downstream protocol as 'W3C'
&amp#27;[38;5;32m[AndroidUiautomator2Driver@9fe4 (d34be08e)]&amp#27;[0m Proxying [GET /appium/device/pixel_ratio] to [GET http://127.0.0.1:8200/session/25313c4f-52a3-403c-813f-c4a24991f35d/appium/device/pixel_ratio] with no body
&amp#27;[38;5;32m[AndroidUiautomator2Driver@9fe4 (d34be08e)]&amp#27;[0m Matched '/appium/device/system_bars' to command name 'getSystemBars'
&amp#27;[38;5;32m[AndroidUiautomator2Driver@9fe4 (d34be08e)]&amp#27;[0m Proxying [GET /appium/device/system_bars] to [GET http://127.0.0.1:8200/session/25313c4f-52a3-403c-813f-c4a24991f35d/appium/device/system_bars] with no body
&amp#27;[38;5;32m[AndroidUiautomator2Driver@9fe4 (d34be08e)]&amp#27;[0m Matched '/window/current/size' to command name 'getWindowSize'
&amp#27;[38;5;32m[AndroidUiautomator2Driver@9fe4 (d34be08e)]&amp#27;[0m Proxying [GET /window/current/size] to [GET http://127.0.0.1:8200/session/25313c4f-52a3-403c-813f-c4a24991f35d/window/current/size] with no body
&amp#27;[38;5;32m[AndroidUiautomator2Driver@9fe4 (d34be08e)]&amp#27;[0m Proxying [GET /appium/device/info] to [GET http://127.0.0.1:8200/session/25313c4f-52a3-403c-813f-c4a24991f35d/appium/device/info] with no body
&amp#27;[38;5;64m[ADB]&amp#27;[0m Running '/Users/ifedun/Library/Android/sdk/platform-tools/adb -P 5037 -s emulator-5554 shell dumpsys window'
&amp#27;[38;5;32m[AndroidUiautomator2Driver@9fe4 (d34be08e)]&amp#27;[0m Got response with status 200: {"sessionId":"25313c4f-52a3-403c-813f-c4a24991f35d","value":2.75}
&amp#27;[38;5;32m[AndroidUiautomator2Driver@9fe4 (d34be08e)]&amp#27;[0m Got response with status 200: {"sessionId":"25313c4f-52a3-403c-813f-c4a24991f35d","value":{"statusBar":66}}
&amp#27;[38;5;32m[AndroidUiautomator2Driver@9fe4 (d34be08e)]&amp#27;[0m Got response with status 200: {"sessionId":"25313c4f-52a3-403c-813f-c4a24991f35d","value":{"height":2220,"width":1080}}
&amp#27;[38;5;32m[AndroidUiautomator2Driver@9fe4 (d34be08e)]&amp#27;[0m Got response with status 200: {"sessionId":"25313c4f-52a3-403c-813f-c4a24991f35d","value":{"androidId":"91b20a27cffd1bd7","apiVersion":"28","bluetooth":null,"brand":"google","carrierName":"Android","displayDensity":440,"locale":"en_US","manufacturer":"Google","model":"AOSP on IA Emulator","networks":[{"capabilities":{"SSID":null,"linkDownBandwidthKbps":102400,"linkUpstreamBandwidthKbps":51200,"networkCapabilities":"NET_CAPABILITY_MMS,NET_CAPABILITY_SUPL,NET_CAPABILITY_DUN,NET_CAPABILITY_FOTA,NET_CAPABILITY_IMS,NET_CAPABILITY_CBS,NET_CAPABILITY_IA,NET_CAPABILITY_INTERNET,NET_CAPABILITY_NOT_RESTRICTED,NET_CAPABILITY_TRUSTED,NET_CAPABILITY_NOT_VPN,NET_CAPABILITY_VALIDATED,NET_CAPABILITY_NOT_ROAMING,NET_CAPABILITY_NOT_CONGESTED,NET_CAPABILITY_NOT_SUSPENDED","signalStrength":-2147483648,"transportTypes":"TRANSPORT_CELLULAR"},"detailedState":"CONNECTED","extraInfo":"epc.tmobile.com","isAvailable":true,"isConnected":true,"isFailover":false,"isRoaming":false,"state":"CONNECTED","subtype":13,"subtypeName":"LTE","type":0,"typeName":"MOBILE"},{"c...
&amp#27;[38;5;80m[AndroidDriver]&amp#27;[0m Screen already unlocked, doing nothing
&amp#27;[38;5;32m[AndroidUiautomator2Driver@9fe4 (d34be08e)]&amp#27;[0m Starting 'com.vodqareactnative/com.vodqareactnative.MainActivity and waiting for 'com.vodqareactnative/com.vodqareactnative.MainActivity'
&amp#27;[38;5;64m[ADB]&amp#27;[0m Running '/Users/ifedun/Library/Android/sdk/platform-tools/adb -P 5037 -s emulator-5554 shell am start -W -n com.vodqareactnative/com.vodqareactnative.MainActivity -S -a android.intent.action.MAIN -c android.intent.category.LAUNCHER -f 0x10200000'
&amp#27;[38;5;64m[ADB]&amp#27;[0m Waiting up to 20000ms for activity matching pkg: 'com.vodqareactnative' and activity: 'com.vodqareactnative.MainActivity' to be focused
&amp#27;[38;5;64m[ADB]&amp#27;[0m Possible activities, to be checked: 'com.vodqareactnative.MainActivity', 'com.vodqareactnative.com.vodqareactnative.MainActivity'
&amp#27;[38;5;64m[ADB]&amp#27;[0m Getting focused package and activity
&amp#27;[38;5;64m[ADB]&amp#27;[0m Running '/Users/ifedun/Library/Android/sdk/platform-tools/adb -P 5037 -s emulator-5554 shell dumpsys window windows'
&amp#27;[38;5;64m[ADB]&amp#27;[0m Found package: 'com.vodqareactnative' and fully qualified activity name : 'com.vodqareactnative.MainActivity'
&amp#27;[38;5;16m[AppiumDriver@b499]&amp#27;[0m New AndroidUiautomator2Driver session created successfully, session d34be08e-0cab-4b23-8230-e7ef7c6fe287 added to master session list
&amp#27;[38;5;16m[AppiumDriver@b499]&amp#27;[0m Event 'newSessionStarted' logged at 1706114257477 (18:37:37 GMT+0200 (Eastern European Standard Time))
&amp#27;[38;5;32m[AndroidUiautomator2Driver@9fe4 (d34be08e)]&amp#27;[0m Cached the protocol value 'W3C' for the new session d34be08e-0cab-4b23-8230-e7ef7c6fe287
&amp#27;[38;5;32m[AndroidUiautomator2Driver@9fe4 (d34be08e)]&amp#27;[0m Responding to client with driver.createSession() result: {"capabilities":{"platformName":"ANDROID","app":"src/test/apks/appiumChallenge.apk","autoGrantPermissions":true,"automationName":"UIAutomator2","udid":"emulator-5554","platform":"LINUX","webStorageEnabled":false,"takesScreenshot":true,"javascriptEnabled":true,"databaseEnabled":false,"networkConnectionEnabled":true,"locationContextEnabled":false,"warnings":{},"desired":{"platformName":"ANDROID","app":"src/test/apks/appiumChallenge.apk","autoGrantPermissions":true,"automationName":"UIAutomator2","udid":"emulator-5554"},"deviceName":"emulator-5554","deviceUDID":"emulator-5554","appPackage":"com.vodqareactnative","pixelRatio":"2.75","statBarHeight":66,"viewportRect":{"left":0,"top":66,"width":1080,"height":2154},"deviceApiLevel":28,"platformVersion":"9","deviceManufacturer":"Google","deviceModel":"AOSP on IA Emulator","deviceScreenSize":"1080x2220","deviceScreenDensity":440}}
&amp#27;[38;5;0m[HTTP]&amp#27;[0m &amp#27;[37m<-- POST /session &amp#27;[39m&amp#27;[32m200&amp#27;[39m &amp#27;[90m6012 ms - 945&amp#27;[39m
&amp#27;[38;5;0m[HTTP]&amp#27;[0m &amp#27;[90m&amp#27;[39m
&amp#27;[38;5;0m[HTTP]&amp#27;[0m &amp#27;[37m-->&amp#27;[39m &amp#27;[37mPOST&amp#27;[39m &amp#27;[37m/session/d34be08e-0cab-4b23-8230-e7ef7c6fe287/element&amp#27;[39m
&amp#27;[38;5;0m[HTTP]&amp#27;[0m &amp#27;[90m{"using":"xpath","value":"//android.widget.Button"}&amp#27;[39m
&amp#27;[38;5;32m[AndroidUiautomator2Driver@9fe4 (d34be08e)]&amp#27;[0m Calling AppiumDriver.findElement() with args: ["xpath","//android.widget.Button","d34be08e-0cab-4b23-8230-e7ef7c6fe287"]
&amp#27;[38;5;32m[AndroidUiautomator2Driver@9fe4 (d34be08e)]&amp#27;[0m Valid locator strategies for this request: xpath, id, class name, accessibility id, css selector, -android uiautomator
&amp#27;[38;5;32m[AndroidUiautomator2Driver@9fe4 (d34be08e)]&amp#27;[0m Waiting up to 0 ms for condition
&amp#27;[38;5;32m[AndroidUiautomator2Driver@9fe4 (d34be08e)]&amp#27;[0m Matched '/element' to command name 'findElement'
&amp#27;[38;5;32m[AndroidUiautomator2Driver@9fe4 (d34be08e)]&amp#27;[0m Proxying [POST /element] to [POST http://127.0.0.1:8200/session/25313c4f-52a3-403c-813f-c4a24991f35d/element] with body: {"strategy":"xpath","selector":"//android.widget.Button","context":"","multiple":false}
&amp#27;[38;5;32m[AndroidUiautomator2Driver@9fe4 (d34be08e)]&amp#27;[0m Got response with status 200: {"sessionId":"25313c4f-52a3-403c-813f-c4a24991f35d","value":{"ELEMENT":"00000000-0000-0052-ffff-ffff00000028","element-6066-11e4-a52e-4f735466cecf":"00000000-0000-0052-ffff-ffff00000028"}}
&amp#27;[38;5;32m[AndroidUiautomator2Driver@9fe4 (d34be08e)]&amp#27;[0m Responding to client with driver.findElement() result: {"element-6066-11e4-a52e-4f735466cecf":"00000000-0000-0052-ffff-ffff00000028","ELEMENT":"00000000-0000-0052-ffff-ffff00000028"}
&amp#27;[38;5;0m[HTTP]&amp#27;[0m &amp#27;[37m<-- POST /session/d34be08e-0cab-4b23-8230-e7ef7c6fe287/element &amp#27;[39m&amp#27;[32m200&amp#27;[39m &amp#27;[90m1949 ms - 137&amp#27;[39m
&amp#27;[38;5;0m[HTTP]&amp#27;[0m &amp#27;[90m&amp#27;[39m
&amp#27;[38;5;0m[HTTP]&amp#27;[0m &amp#27;[37m-->&amp#27;[39m &amp#27;[37mGET&amp#27;[39m &amp#27;[37m/session/d34be08e-0cab-4b23-8230-e7ef7c6fe287/element/00000000-0000-0052-ffff-ffff00000028/displayed&amp#27;[39m
&amp#27;[38;5;0m[HTTP]&amp#27;[0m &amp#27;[90m{}&amp#27;[39m
&amp#27;[38;5;32m[AndroidUiautomator2Driver@9fe4 (d34be08e)]&amp#27;[0m Calling AppiumDriver.elementDisplayed() with args: ["00000000-0000-0052-ffff-ffff00000028","d34be08e-0cab-4b23-8230-e7ef7c6fe287"]
&amp#27;[38;5;32m[AndroidUiautomator2Driver@9fe4 (d34be08e)]&amp#27;[0m Matched '/element/00000000-0000-0052-ffff-ffff00000028/attribute/displayed' to command name 'getAttribute'
&amp#27;[38;5;32m[AndroidUiautomator2Driver@9fe4 (d34be08e)]&amp#27;[0m Proxying [GET /element/00000000-0000-0052-ffff-ffff00000028/attribute/displayed] to [GET http://127.0.0.1:8200/session/25313c4f-52a3-403c-813f-c4a24991f35d/element/00000000-0000-0052-ffff-ffff00000028/attribute/displayed] with no body
&amp#27;[38;5;32m[AndroidUiautomator2Driver@9fe4 (d34be08e)]&amp#27;[0m Got response with status 200: {"sessionId":"25313c4f-52a3-403c-813f-c4a24991f35d","value":"true"}
&amp#27;[38;5;32m[AndroidUiautomator2Driver@9fe4 (d34be08e)]&amp#27;[0m Responding to client with driver.elementDisplayed() result: true
&amp#27;[38;5;0m[HTTP]&amp#27;[0m &amp#27;[37m<-- GET /session/d34be08e-0cab-4b23-8230-e7ef7c6fe287/element/00000000-0000-0052-ffff-ffff00000028/displayed &amp#27;[39m&amp#27;[32m200&amp#27;[39m &amp#27;[90m249 ms - 14&amp#27;[39m
&amp#27;[38;5;0m[HTTP]&amp#27;[0m &amp#27;[90m&amp#27;[39m
&amp#27;[38;5;0m[HTTP]&amp#27;[0m &amp#27;[37m-->&amp#27;[39m &amp#27;[37mPOST&amp#27;[39m &amp#27;[37m/session/d34be08e-0cab-4b23-8230-e7ef7c6fe287/element&amp#27;[39m
&amp#27;[38;5;0m[HTTP]&amp#27;[0m &amp#27;[90m{"using":"xpath","value":"//android.widget.EditText[@content-desc='username']"}&amp#27;[39m
&amp#27;[38;5;32m[AndroidUiautomator2Driver@9fe4 (d34be08e)]&amp#27;[0m Calling AppiumDriver.findElement() with args: ["xpath","//android.widget.EditText[@content-desc='username']","d34be08e-0cab-4b23-8230-e7ef7c6fe287"]
&amp#27;[38;5;32m[AndroidUiautomator2Driver@9fe4 (d34be08e)]&amp#27;[0m Valid locator strategies for this request: xpath, id, class name, accessibility id, css selector, -android uiautomator
&amp#27;[38;5;32m[AndroidUiautomator2Driver@9fe4 (d34be08e)]&amp#27;[0m Waiting up to 0 ms for condition
&amp#27;[38;5;32m[AndroidUiautomator2Driver@9fe4 (d34be08e)]&amp#27;[0m Matched '/element' to command name 'findElement'
&amp#27;[38;5;32m[AndroidUiautomator2Driver@9fe4 (d34be08e)]&amp#27;[0m Proxying [POST /element] to [POST http://127.0.0.1:8200/session/25313c4f-52a3-403c-813f-c4a24991f35d/element] with body: {"strategy":"xpath","selector":"//android.widget.EditText[@content-desc='username']","context":"","multiple":false}
&amp#27;[38;5;32m[AndroidUiautomator2Driver@9fe4 (d34be08e)]&amp#27;[0m Got response with status 200: {"sessionId":"25313c4f-52a3-403c-813f-c4a24991f35d","value":{"ELEMENT":"00000000-0000-0052-ffff-ffff00000000","element-6066-11e4-a52e-4f735466cecf":"00000000-0000-0052-ffff-ffff00000000"}}
&amp#27;[38;5;32m[AndroidUiautomator2Driver@9fe4 (d34be08e)]&amp#27;[0m Responding to client with driver.findElement() result: {"element-6066-11e4-a52e-4f735466cecf":"00000000-0000-0052-ffff-ffff00000000","ELEMENT":"00000000-0000-0052-ffff-ffff00000000"}
&amp#27;[38;5;0m[HTTP]&amp#27;[0m &amp#27;[37m<-- POST /session/d34be08e-0cab-4b23-8230-e7ef7c6fe287/element &amp#27;[39m&amp#27;[32m200&amp#27;[39m &amp#27;[90m87 ms - 137&amp#27;[39m
&amp#27;[38;5;0m[HTTP]&amp#27;[0m &amp#27;[90m&amp#27;[39m
&amp#27;[38;5;0m[HTTP]&amp#27;[0m &amp#27;[37m-->&amp#27;[39m &amp#27;[37mPOST&amp#27;[39m &amp#27;[37m/session/d34be08e-0cab-4b23-8230-e7ef7c6fe287/element/00000000-0000-0052-ffff-ffff00000000/value&amp#27;[39m
&amp#27;[38;5;0m[HTTP]&amp#27;[0m &amp#27;[90m{"id":"00000000-0000-0052-ffff-ffff00000000","text":"admin","value":["a","d","m","i","n"]}&amp#27;[39m
&amp#27;[38;5;32m[AndroidUiautomator2Driver@9fe4 (d34be08e)]&amp#27;[0m Calling AppiumDriver.setValue() with args: [["a","d","m","i","n"],"00000000-0000-0052-ffff-ffff00000000","d34be08e-0cab-4b23-8230-e7ef7c6fe287"]
&amp#27;[38;5;32m[AndroidUiautomator2Driver@9fe4 (d34be08e)]&amp#27;[0m Matched '/element/00000000-0000-0052-ffff-ffff00000000/value' to command name 'setValue'
&amp#27;[38;5;32m[AndroidUiautomator2Driver@9fe4 (d34be08e)]&amp#27;[0m Added 'value' property ["a","d","m","i","n"] to 'setValue' request body
&amp#27;[38;5;32m[AndroidUiautomator2Driver@9fe4 (d34be08e)]&amp#27;[0m Proxying [POST /element/00000000-0000-0052-ffff-ffff00000000/value] to [POST http://127.0.0.1:8200/session/25313c4f-52a3-403c-813f-c4a24991f35d/element/00000000-0000-0052-ffff-ffff00000000/value] with body: {"elementId":"00000000-0000-0052-ffff-ffff00000000","text":"admin","replace":false,"value":["a","d","m","i","n"]}
&amp#27;[38;5;32m[AndroidUiautomator2Driver@9fe4 (d34be08e)]&amp#27;[0m Got response with status 200: {"sessionId":"25313c4f-52a3-403c-813f-c4a24991f35d","value":null}
&amp#27;[38;5;32m[AndroidUiautomator2Driver@9fe4 (d34be08e)]&amp#27;[0m Responding to client with driver.setValue() result: null
&amp#27;[38;5;0m[HTTP]&amp#27;[0m &amp#27;[37m<-- POST /session/d34be08e-0cab-4b23-8230-e7ef7c6fe287/element/00000000-0000-0052-ffff-ffff00000000/value &amp#27;[39m&amp#27;[32m200&amp#27;[39m &amp#27;[90m525 ms - 14&amp#27;[39m
&amp#27;[38;5;0m[HTTP]&amp#27;[0m &amp#27;[90m&amp#27;[39m
&amp#27;[38;5;0m[HTTP]&amp#27;[0m &amp#27;[37m-->&amp#27;[39m &amp#27;[37mPOST&amp#27;[39m &amp#27;[37m/session/d34be08e-0cab-4b23-8230-e7ef7c6fe287/element&amp#27;[39m
&amp#27;[38;5;0m[HTTP]&amp#27;[0m &amp#27;[90m{"using":"xpath","value":"//android.widget.EditText[@content-desc='password']"}&amp#27;[39m
&amp#27;[38;5;32m[AndroidUiautomator2Driver@9fe4 (d34be08e)]&amp#27;[0m Calling AppiumDriver.findElement() with args: ["xpath","//android.widget.EditText[@content-desc='password']","d34be08e-0cab-4b23-8230-e7ef7c6fe287"]
&amp#27;[38;5;32m[AndroidUiautomator2Driver@9fe4 (d34be08e)]&amp#27;[0m Valid locator strategies for this request: xpath, id, class name, accessibility id, css selector, -android uiautomator
&amp#27;[38;5;32m[AndroidUiautomator2Driver@9fe4 (d34be08e)]&amp#27;[0m Waiting up to 0 ms for condition
&amp#27;[38;5;32m[AndroidUiautomator2Driver@9fe4 (d34be08e)]&amp#27;[0m Matched '/element' to command name 'findElement'
&amp#27;[38;5;32m[AndroidUiautomator2Driver@9fe4 (d34be08e)]&amp#27;[0m Proxying [POST /element] to [POST http://127.0.0.1:8200/session/25313c4f-52a3-403c-813f-c4a24991f35d/element] with body: {"strategy":"xpath","selector":"//android.widget.EditText[@content-desc='password']","context":"","multiple":false}
&amp#27;[38;5;32m[AndroidUiautomator2Driver@9fe4 (d34be08e)]&amp#27;[0m Got response with status 200: {"sessionId":"25313c4f-52a3-403c-813f-c4a24991f35d","value":{"ELEMENT":"00000000-0000-0052-ffff-ffff00000001","element-6066-11e4-a52e-4f735466cecf":"00000000-0000-0052-ffff-ffff00000001"}}
&amp#27;[38;5;32m[AndroidUiautomator2Driver@9fe4 (d34be08e)]&amp#27;[0m Responding to client with driver.findElement() result: {"element-6066-11e4-a52e-4f735466cecf":"00000000-0000-0052-ffff-ffff00000001","ELEMENT":"00000000-0000-0052-ffff-ffff00000001"}
&amp#27;[38;5;0m[HTTP]&amp#27;[0m &amp#27;[37m<-- POST /session/d34be08e-0cab-4b23-8230-e7ef7c6fe287/element &amp#27;[39m&amp#27;[32m200&amp#27;[39m &amp#27;[90m555 ms - 137&amp#27;[39m
&amp#27;[38;5;0m[HTTP]&amp#27;[0m &amp#27;[90m&amp#27;[39m
&amp#27;[38;5;0m[HTTP]&amp#27;[0m &amp#27;[37m-->&amp#27;[39m &amp#27;[37mPOST&amp#27;[39m &amp#27;[37m/session/d34be08e-0cab-4b23-8230-e7ef7c6fe287/element/00000000-0000-0052-ffff-ffff00000001/value&amp#27;[39m
&amp#27;[38;5;0m[HTTP]&amp#27;[0m &amp#27;[90m{"id":"00000000-0000-0052-ffff-ffff00000001","text":"admin","value":["a","d","m","i","n"]}&amp#27;[39m
&amp#27;[38;5;32m[AndroidUiautomator2Driver@9fe4 (d34be08e)]&amp#27;[0m Calling AppiumDriver.setValue() with args: [["a","d","m","i","n"],"00000000-0000-0052-ffff-ffff00000001","d34be08e-0cab-4b23-8230-e7ef7c6fe287"]
&amp#27;[38;5;32m[AndroidUiautomator2Driver@9fe4 (d34be08e)]&amp#27;[0m Matched '/element/00000000-0000-0052-ffff-ffff00000001/value' to command name 'setValue'
&amp#27;[38;5;32m[AndroidUiautomator2Driver@9fe4 (d34be08e)]&amp#27;[0m Added 'value' property ["a","d","m","i","n"] to 'setValue' request body
&amp#27;[38;5;32m[AndroidUiautomator2Driver@9fe4 (d34be08e)]&amp#27;[0m Proxying [POST /element/00000000-0000-0052-ffff-ffff00000001/value] to [POST http://127.0.0.1:8200/session/25313c4f-52a3-403c-813f-c4a24991f35d/element/00000000-0000-0052-ffff-ffff00000001/value] with body: {"elementId":"00000000-0000-0052-ffff-ffff00000001","text":"admin","replace":false,"value":["a","d","m","i","n"]}
&amp#27;[38;5;32m[AndroidUiautomator2Driver@9fe4 (d34be08e)]&amp#27;[0m Got response with status 200: {"sessionId":"25313c4f-52a3-403c-813f-c4a24991f35d","value":null}
&amp#27;[38;5;32m[AndroidUiautomator2Driver@9fe4 (d34be08e)]&amp#27;[0m Responding to client with driver.setValue() result: null
&amp#27;[38;5;0m[HTTP]&amp#27;[0m &amp#27;[37m<-- POST /session/d34be08e-0cab-4b23-8230-e7ef7c6fe287/element/00000000-0000-0052-ffff-ffff00000001/value &amp#27;[39m&amp#27;[32m200&amp#27;[39m &amp#27;[90m522 ms - 14&amp#27;[39m
&amp#27;[38;5;0m[HTTP]&amp#27;[0m &amp#27;[90m&amp#27;[39m
&amp#27;[38;5;0m[HTTP]&amp#27;[0m &amp#27;[37m-->&amp#27;[39m &amp#27;[37mPOST&amp#27;[39m &amp#27;[37m/session/d34be08e-0cab-4b23-8230-e7ef7c6fe287/element&amp#27;[39m
&amp#27;[38;5;0m[HTTP]&amp#27;[0m &amp#27;[90m{"using":"xpath","value":"//android.widget.Button"}&amp#27;[39m
&amp#27;[38;5;32m[AndroidUiautomator2Driver@9fe4 (d34be08e)]&amp#27;[0m Calling AppiumDriver.findElement() with args: ["xpath","//android.widget.Button","d34be08e-0cab-4b23-8230-e7ef7c6fe287"]
&amp#27;[38;5;32m[AndroidUiautomator2Driver@9fe4 (d34be08e)]&amp#27;[0m Valid locator strategies for this request: xpath, id, class name, accessibility id, css selector, -android uiautomator
&amp#27;[38;5;32m[AndroidUiautomator2Driver@9fe4 (d34be08e)]&amp#27;[0m Waiting up to 0 ms for condition
&amp#27;[38;5;32m[AndroidUiautomator2Driver@9fe4 (d34be08e)]&amp#27;[0m Matched '/element' to command name 'findElement'
&amp#27;[38;5;32m[AndroidUiautomator2Driver@9fe4 (d34be08e)]&amp#27;[0m Proxying [POST /element] to [POST http://127.0.0.1:8200/session/25313c4f-52a3-403c-813f-c4a24991f35d/element] with body: {"strategy":"xpath","selector":"//android.widget.Button","context":"","multiple":false}
&amp#27;[38;5;32m[AndroidUiautomator2Driver@9fe4 (d34be08e)]&amp#27;[0m Got response with status 200: {"sessionId":"25313c4f-52a3-403c-813f-c4a24991f35d","value":{"ELEMENT":"00000000-0000-0052-ffff-ffff00000028","element-6066-11e4-a52e-4f735466cecf":"00000000-0000-0052-ffff-ffff00000028"}}
&amp#27;[38;5;32m[AndroidUiautomator2Driver@9fe4 (d34be08e)]&amp#27;[0m Responding to client with driver.findElement() result: {"element-6066-11e4-a52e-4f735466cecf":"00000000-0000-0052-ffff-ffff00000028","ELEMENT":"00000000-0000-0052-ffff-ffff00000028"}
&amp#27;[38;5;0m[HTTP]&amp#27;[0m &amp#27;[37m<-- POST /session/d34be08e-0cab-4b23-8230-e7ef7c6fe287/element &amp#27;[39m&amp#27;[32m200&amp#27;[39m &amp#27;[90m773 ms - 137&amp#27;[39m
&amp#27;[38;5;0m[HTTP]&amp#27;[0m &amp#27;[90m&amp#27;[39m
&amp#27;[38;5;0m[HTTP]&amp#27;[0m &amp#27;[37m-->&amp#27;[39m &amp#27;[37mPOST&amp#27;[39m &amp#27;[37m/session/d34be08e-0cab-4b23-8230-e7ef7c6fe287/element/00000000-0000-0052-ffff-ffff00000028/click&amp#27;[39m
&amp#27;[38;5;0m[HTTP]&amp#27;[0m &amp#27;[90m{"id":"00000000-0000-0052-ffff-ffff00000028"}&amp#27;[39m
&amp#27;[38;5;32m[AndroidUiautomator2Driver@9fe4 (d34be08e)]&amp#27;[0m Calling AppiumDriver.click() with args: ["00000000-0000-0052-ffff-ffff00000028","d34be08e-0cab-4b23-8230-e7ef7c6fe287"]
&amp#27;[38;5;32m[AndroidUiautomator2Driver@9fe4 (d34be08e)]&amp#27;[0m Matched '/element/00000000-0000-0052-ffff-ffff00000028/click' to command name 'click'
&amp#27;[38;5;32m[AndroidUiautomator2Driver@9fe4 (d34be08e)]&amp#27;[0m Proxying [POST /element/00000000-0000-0052-ffff-ffff00000028/click] to [POST http://127.0.0.1:8200/session/25313c4f-52a3-403c-813f-c4a24991f35d/element/00000000-0000-0052-ffff-ffff00000028/click] with body: {"element":"00000000-0000-0052-ffff-ffff00000028"}
&amp#27;[38;5;32m[AndroidUiautomator2Driver@9fe4 (d34be08e)]&amp#27;[0m Got response with status 200: {"sessionId":"25313c4f-52a3-403c-813f-c4a24991f35d","value":null}
&amp#27;[38;5;32m[AndroidUiautomator2Driver@9fe4 (d34be08e)]&amp#27;[0m Responding to client with driver.click() result: null
&amp#27;[38;5;0m[HTTP]&amp#27;[0m &amp#27;[37m<-- POST /session/d34be08e-0cab-4b23-8230-e7ef7c6fe287/element/00000000-0000-0052-ffff-ffff00000028/click &amp#27;[39m&amp#27;[32m200&amp#27;[39m &amp#27;[90m43 ms - 14&amp#27;[39m
&amp#27;[38;5;0m[HTTP]&amp#27;[0m &amp#27;[90m&amp#27;[39m
&amp#27;[38;5;0m[HTTP]&amp#27;[0m &amp#27;[37m-->&amp#27;[39m &amp#27;[37mPOST&amp#27;[39m &amp#27;[37m/session/d34be08e-0cab-4b23-8230-e7ef7c6fe287/element&amp#27;[39m
&amp#27;[38;5;0m[HTTP]&amp#27;[0m &amp#27;[90m{"using":"xpath","value":"//android.widget.TextView[@text='Samples List']"}&amp#27;[39m
&amp#27;[38;5;32m[AndroidUiautomator2Driver@9fe4 (d34be08e)]&amp#27;[0m Calling AppiumDriver.findElement() with args: ["xpath","//android.widget.TextView[@text='Samples List']","d34be08e-0cab-4b23-8230-e7ef7c6fe287"]
&amp#27;[38;5;32m[AndroidUiautomator2Driver@9fe4 (d34be08e)]&amp#27;[0m Valid locator strategies for this request: xpath, id, class name, accessibility id, css selector, -android uiautomator
&amp#27;[38;5;32m[AndroidUiautomator2Driver@9fe4 (d34be08e)]&amp#27;[0m Waiting up to 0 ms for condition
&amp#27;[38;5;32m[AndroidUiautomator2Driver@9fe4 (d34be08e)]&amp#27;[0m Matched '/element' to command name 'findElement'
&amp#27;[38;5;32m[AndroidUiautomator2Driver@9fe4 (d34be08e)]&amp#27;[0m Proxying [POST /element] to [POST http://127.0.0.1:8200/session/25313c4f-52a3-403c-813f-c4a24991f35d/element] with body: {"strategy":"xpath","selector":"//android.widget.TextView[@text='Samples List']","context":"","multiple":false}
&amp#27;[38;5;32m[AndroidUiautomator2Driver@9fe4 (d34be08e)]&amp#27;[0m Got response with status 200: {"sessionId":"25313c4f-52a3-403c-813f-c4a24991f35d","value":{"ELEMENT":"00000000-0000-0052-ffff-ffff0000007e","element-6066-11e4-a52e-4f735466cecf":"00000000-0000-0052-ffff-ffff0000007e"}}
&amp#27;[38;5;32m[AndroidUiautomator2Driver@9fe4 (d34be08e)]&amp#27;[0m Responding to client with driver.findElement() result: {"element-6066-11e4-a52e-4f735466cecf":"00000000-0000-0052-ffff-ffff0000007e","ELEMENT":"00000000-0000-0052-ffff-ffff0000007e"}
&amp#27;[38;5;0m[HTTP]&amp#27;[0m &amp#27;[37m<-- POST /session/d34be08e-0cab-4b23-8230-e7ef7c6fe287/element &amp#27;[39m&amp#27;[32m200&amp#27;[39m &amp#27;[90m105 ms - 137&amp#27;[39m
&amp#27;[38;5;0m[HTTP]&amp#27;[0m &amp#27;[90m&amp#27;[39m
&amp#27;[38;5;0m[HTTP]&amp#27;[0m &amp#27;[37m-->&amp#27;[39m &amp#27;[37mGET&amp#27;[39m &amp#27;[37m/session/d34be08e-0cab-4b23-8230-e7ef7c6fe287/element/00000000-0000-0052-ffff-ffff0000007e/displayed&amp#27;[39m
&amp#27;[38;5;0m[HTTP]&amp#27;[0m &amp#27;[90m{}&amp#27;[39m
&amp#27;[38;5;32m[AndroidUiautomator2Driver@9fe4 (d34be08e)]&amp#27;[0m Calling AppiumDriver.elementDisplayed() with args: ["00000000-0000-0052-ffff-ffff0000007e","d34be08e-0cab-4b23-8230-e7ef7c6fe287"]
&amp#27;[38;5;32m[AndroidUiautomator2Driver@9fe4 (d34be08e)]&amp#27;[0m Matched '/element/00000000-0000-0052-ffff-ffff0000007e/attribute/displayed' to command name 'getAttribute'
&amp#27;[38;5;32m[AndroidUiautomator2Driver@9fe4 (d34be08e)]&amp#27;[0m Proxying [GET /element/00000000-0000-0052-ffff-ffff0000007e/attribute/displayed] to [GET http://127.0.0.1:8200/session/25313c4f-52a3-403c-813f-c4a24991f35d/element/00000000-0000-0052-ffff-ffff0000007e/attribute/displayed] with no body
&amp#27;[38;5;32m[AndroidUiautomator2Driver@9fe4 (d34be08e)]&amp#27;[0m Got response with status 200: {"sessionId":"25313c4f-52a3-403c-813f-c4a24991f35d","value":"true"}
&amp#27;[38;5;32m[AndroidUiautomator2Driver@9fe4 (d34be08e)]&amp#27;[0m Responding to client with driver.elementDisplayed() result: true
&amp#27;[38;5;0m[HTTP]&amp#27;[0m &amp#27;[37m<-- GET /session/d34be08e-0cab-4b23-8230-e7ef7c6fe287/element/00000000-0000-0052-ffff-ffff0000007e/displayed &amp#27;[39m&amp#27;[32m200&amp#27;[39m &amp#27;[90m25 ms - 14&amp#27;[39m
&amp#27;[38;5;0m[HTTP]&amp#27;[0m &amp#27;[90m&amp#27;[39m
&amp#27;[38;5;0m[HTTP]&amp#27;[0m &amp#27;[37m-->&amp#27;[39m &amp#27;[37mDELETE&amp#27;[39m &amp#27;[37m/session/d34be08e-0cab-4b23-8230-e7ef7c6fe287&amp#27;[39m
&amp#27;[38;5;0m[HTTP]&amp#27;[0m &amp#27;[90m{}&amp#27;[39m
&amp#27;[38;5;32m[AndroidUiautomator2Driver@9fe4 (d34be08e)]&amp#27;[0m Calling AppiumDriver.deleteSession() with args: ["d34be08e-0cab-4b23-8230-e7ef7c6fe287"]
&amp#27;[38;5;16m[AppiumDriver@b499]&amp#27;[0m Event 'quitSessionRequested' logged at 1706114267463 (18:37:47 GMT+0200 (Eastern European Standard Time))
&amp#27;[38;5;16m[AppiumDriver@b499]&amp#27;[0m Removing session d34be08e-0cab-4b23-8230-e7ef7c6fe287 from our master session list
&amp#27;[38;5;32m[AndroidUiautomator2Driver@9fe4 (d34be08e)]&amp#27;[0m Deleting UiAutomator2 session
&amp#27;[38;5;32m[AndroidUiautomator2Driver@9fe4 (d34be08e)]&amp#27;[0m Deleting UiAutomator2 server session
&amp#27;[38;5;32m[AndroidUiautomator2Driver@9fe4 (d34be08e)]&amp#27;[0m Matched '/' to command name 'deleteSession'
&amp#27;[38;5;32m[AndroidUiautomator2Driver@9fe4 (d34be08e)]&amp#27;[0m Proxying [DELETE /] to [DELETE http://127.0.0.1:8200/session/25313c4f-52a3-403c-813f-c4a24991f35d] with no body
&amp#27;[38;5;32m[AndroidUiautomator2Driver@9fe4 (d34be08e)]&amp#27;[0m Got response with status 200: {"sessionId":"25313c4f-52a3-403c-813f-c4a24991f35d","value":null}
&amp#27;[38;5;64m[ADB]&amp#27;[0m Running '/Users/ifedun/Library/Android/sdk/platform-tools/adb -P 5037 -s emulator-5554 shell am force-stop com.vodqareactnative'
&amp#27;[38;5;96m[Logcat]&amp#27;[0m Stopping logcat capture
&amp#27;[38;5;64m[ADB]&amp#27;[0m Removing forwarded port socket connection: 8200 
&amp#27;[38;5;64m[ADB]&amp#27;[0m Running '/Users/ifedun/Library/Android/sdk/platform-tools/adb -P 5037 -s emulator-5554 forward --remove tcp:8200'
&amp#27;[38;5;32m[AndroidUiautomator2Driver@9fe4 (d34be08e)]&amp#27;[0m Restoring hidden api policy to the device default configuration
&amp#27;[38;5;64m[ADB]&amp#27;[0m Running '/Users/ifedun/Library/Android/sdk/platform-tools/adb -P 5037 -s emulator-5554 shell 'settings delete global hidden_api_policy_pre_p_apps;settings delete global hidden_api_policy_p_apps;settings delete global hidden_api_policy''
&amp#27;[38;5;16m[AppiumDriver@b499]&amp#27;[0m Event 'quitSessionFinished' logged at 1706114267755 (18:37:47 GMT+0200 (Eastern European Standard Time))
&amp#27;[38;5;16m[AppiumDriver@b499]&amp#27;[0m Received response: null
&amp#27;[38;5;16m[AppiumDriver@b499]&amp#27;[0m But deleting session, so not returning
&amp#27;[38;5;16m[AppiumDriver@b499]&amp#27;[0m Responding to client with driver.deleteSession() result: null
&amp#27;[38;5;0m[HTTP]&amp#27;[0m &amp#27;[37m<-- DELETE /session/d34be08e-0cab-4b23-8230-e7ef7c6fe287 &amp#27;[39m&amp#27;[32m200&amp#27;[39m &amp#27;[90m293 ms - 14&amp#27;[39m
&amp#27;[38;5;0m[HTTP]&amp#27;[0m &amp#27;[90m&amp#27;[39m
]]></system-out>
    <system-err><![CDATA[SLF4J: No SLF4J providers were found.
SLF4J: Defaulting to no-operation (NOP) logger implementation
SLF4J: See https://www.slf4j.org/codes.html#noProviders for further details.
]]></system-err>
  </testcase>
  <testcase name="runScenario[&quot;Login with invalid credentials&quot;, &quot;Login&quot;](2)" classname="testsRunner.CucumberRunnerTests" time="19.861">
    <system-out><![CDATA[&amp#27;[35m[Appium]&amp#27;[39m Welcome to Appium v2.4.1
&amp#27;[35m[Appium]&amp#27;[39m The autodetected Appium home path: /Users/ifedun/.appium
&amp#27;[35m[Appium]&amp#27;[39m Attempting to load driver chromium...
&amp#27;[35m[Appium]&amp#27;[39m Attempting to load driver uiautomator2...
&amp#27;[35m[Appium]&amp#27;[39m Requiring driver at /Users/ifedun/.appium/node_modules/appium-chromium-driver/index.js
&amp#27;[35m[Appium]&amp#27;[39m Requiring driver at /Users/ifedun/.appium/node_modules/appium-uiautomator2-driver/build/index.js
&amp#27;[35m[Appium]&amp#27;[39m ChromiumDriver has been successfully loaded in 1.736s
&amp#27;[35m[Appium]&amp#27;[39m AndroidUiautomator2Driver has been successfully loaded in 1.735s
&amp#27;[35m[Appium]&amp#27;[39m Appium REST http interface listener started on http://0.0.0.0:4723
&amp#27;[35m[Appium]&amp#27;[39m You can provide the following URLs in your client code to connect to this server:
&amp#27;[35m[Appium]&amp#27;[39m 	http://127.0.0.1:4723/ (only accessible from the same host)
&amp#27;[35m[Appium]&amp#27;[39m 	http://192.168.0.161:4723/
&amp#27;[35m[Appium]&amp#27;[39m Available drivers:
&amp#27;[35m[Appium]&amp#27;[39m   - chromium@1.3.4 (automationName 'Chromium')
&amp#27;[35m[Appium]&amp#27;[39m   - uiautomator2@2.42.1 (automationName 'UiAutomator2')
&amp#27;[35m[Appium]&amp#27;[39m No plugins have been installed. Use the "appium plugin" command to install the one(s) you want to use.
&amp#27;[38;5;0m[HTTP]&amp#27;[0m &amp#27;[37m-->&amp#27;[39m &amp#27;[37mGET&amp#27;[39m &amp#27;[37m/status&amp#27;[39m
&amp#27;[38;5;0m[HTTP]&amp#27;[0m &amp#27;[90m{}&amp#27;[39m
&amp#27;[38;5;16m[AppiumDriver@7bea]&amp#27;[0m Calling AppiumDriver.getStatus() with args: []
&amp#27;[38;5;16m[AppiumDriver@7bea]&amp#27;[0m Responding to client with driver.getStatus() result: {"ready":true,"message":"The server is ready to accept new connections","build":{"version":"2.4.1"}}
&amp#27;[38;5;0m[HTTP]&amp#27;[0m &amp#27;[37m<-- GET /status &amp#27;[39m&amp#27;[32m200&amp#27;[39m &amp#27;[90m5 ms - 110&amp#27;[39m
&amp#27;[38;5;0m[HTTP]&amp#27;[0m &amp#27;[90m&amp#27;[39m
&amp#27;[38;5;0m[HTTP]&amp#27;[0m Request idempotency key: 8a6d322f-acea-424f-863c-fa98b113c321
&amp#27;[38;5;0m[HTTP]&amp#27;[0m &amp#27;[37m-->&amp#27;[39m &amp#27;[37mPOST&amp#27;[39m &amp#27;[37m/session&amp#27;[39m
&amp#27;[38;5;0m[HTTP]&amp#27;[0m &amp#27;[90m{"capabilities":{"firstMatch":[{}],"alwaysMatch":{"appium:app":"src/test/apks/appiumChallenge.apk","appium:autoGrantPermissions":true,"appium:automationName":"UIAutomator2","appium:udid":"emulator-5554","platformName":"ANDROID"}}}&amp#27;[39m
&amp#27;[38;5;16m[AppiumDriver@7bea]&amp#27;[0m Calling AppiumDriver.createSession() with args: [null,null,{"firstMatch":[{}],"alwaysMatch":{"appium:app":"src/test/apks/appiumChallenge.apk","appium:autoGrantPermissions":true,"appium:automationName":"UIAutomator2","appium:udid":"emulator-5554","platformName":"ANDROID"}}]
&amp#27;[38;5;16m[AppiumDriver@7bea]&amp#27;[0m Event 'newSessionRequested' logged at 1706114274936 (18:37:54 GMT+0200 (Eastern European Standard Time))
&amp#27;[35m[Appium]&amp#27;[39m Attempting to find matching driver for automationName 'UIAutomator2' and platformName 'ANDROID'
&amp#27;[35m[Appium]&amp#27;[39m The 'uiautomator2' driver was installed and matched caps.
&amp#27;[35m[Appium]&amp#27;[39m Will require it at /Users/ifedun/.appium/node_modules/appium-uiautomator2-driver
&amp#27;[35m[Appium]&amp#27;[39m Requiring driver at /Users/ifedun/.appium/node_modules/appium-uiautomator2-driver/build/index.js
&amp#27;[38;5;16m[AppiumDriver@7bea]&amp#27;[0m Appium v2.4.1 creating new AndroidUiautomator2Driver (v2.42.1) session
&amp#27;[38;5;16m[AppiumDriver@7bea]&amp#27;[0m Checking BaseDriver versions for Appium and AndroidUiautomator2Driver
&amp#27;[38;5;16m[AppiumDriver@7bea]&amp#27;[0m Appium's BaseDriver version is 9.5.0
&amp#27;[38;5;16m[AppiumDriver@7bea]&amp#27;[0m AndroidUiautomator2Driver's BaseDriver version is 9.5.0
&amp#27;[38;5;32m[AndroidUiautomator2Driver@9dc5]&amp#27;[0m Creating session with W3C capabilities: {
&amp#27;[38;5;32m[AndroidUiautomator2Driver@9dc5]&amp#27;[0m   "alwaysMatch": {
&amp#27;[38;5;32m[AndroidUiautomator2Driver@9dc5]&amp#27;[0m     "platformName": "ANDROID",
&amp#27;[38;5;32m[AndroidUiautomator2Driver@9dc5]&amp#27;[0m     "appium:app": "src/test/apks/appiumChallenge.apk",
&amp#27;[38;5;32m[AndroidUiautomator2Driver@9dc5]&amp#27;[0m     "appium:autoGrantPermissions": true,
&amp#27;[38;5;32m[AndroidUiautomator2Driver@9dc5]&amp#27;[0m     "appium:automationName": "UIAutomator2",
&amp#27;[38;5;32m[AndroidUiautomator2Driver@9dc5]&amp#27;[0m     "appium:udid": "emulator-5554"
&amp#27;[38;5;32m[AndroidUiautomator2Driver@9dc5]&amp#27;[0m   },
&amp#27;[38;5;32m[AndroidUiautomator2Driver@9dc5]&amp#27;[0m   "firstMatch": [
&amp#27;[38;5;32m[AndroidUiautomator2Driver@9dc5]&amp#27;[0m     {}
&amp#27;[38;5;32m[AndroidUiautomator2Driver@9dc5]&amp#27;[0m   ]
&amp#27;[38;5;32m[AndroidUiautomator2Driver@9dc5]&amp#27;[0m }
&amp#27;[38;5;32m[AndroidUiautomator2Driver@9dc5 (d054bb5d)]&amp#27;[0m Session created with session id: d054bb5d-cc6b-4a75-ae81-839e8072157f
&amp#27;[38;5;48m[BaseDriver]&amp#27;[0m Using local app 'src/test/apks/appiumChallenge.apk'
&amp#27;[38;5;48m[BaseDriver]&amp#27;[0m The current application path 'src/test/apks/appiumChallenge.apk' is not absolute and has been rewritten to '/Users/ifedun/wpp_be_automation/NortalTask/src/test/apks/appiumChallenge.apk'. Consider using absolute paths rather than relative
&amp#27;[38;5;32m[AndroidUiautomator2Driver@9dc5 (d054bb5d)]&amp#27;[0m Checking whether app is actually present
&amp#27;[38;5;64m[ADB]&amp#27;[0m Found 1 'build-tools' folders under '/Users/ifedun/Library/Android/sdk' (newest first):
&amp#27;[38;5;64m[ADB]&amp#27;[0m     /Users/ifedun/Library/Android/sdk/build-tools/34.0.0
&amp#27;[38;5;64m[ADB]&amp#27;[0m Using 'adb' from '/Users/ifedun/Library/Android/sdk/platform-tools/adb'
&amp#27;[38;5;64m[ADB]&amp#27;[0m Running '/Users/ifedun/Library/Android/sdk/platform-tools/adb -P 5037 start-server'
&amp#27;[38;5;80m[AndroidDriver]&amp#27;[0m Retrieving device list
&amp#27;[38;5;64m[ADB]&amp#27;[0m Trying to find connected Android devices
&amp#27;[38;5;64m[ADB]&amp#27;[0m Getting connected devices
&amp#27;[38;5;64m[ADB]&amp#27;[0m Connected devices: [{"udid":"emulator-5554","state":"device"}]
&amp#27;[38;5;80m[AndroidDriver]&amp#27;[0m Using device: emulator-5554
&amp#27;[38;5;64m[ADB]&amp#27;[0m Using 'adb' from '/Users/ifedun/Library/Android/sdk/platform-tools/adb'
&amp#27;[38;5;64m[ADB]&amp#27;[0m Running '/Users/ifedun/Library/Android/sdk/platform-tools/adb -P 5037 start-server'
&amp#27;[38;5;64m[ADB]&amp#27;[0m Setting device id to emulator-5554
&amp#27;[38;5;64m[ADB]&amp#27;[0m Running '/Users/ifedun/Library/Android/sdk/platform-tools/adb -P 5037 -s emulator-5554 shell getprop ro.build.version.sdk'
&amp#27;[38;5;64m[ADB]&amp#27;[0m Current device property 'ro.build.version.sdk': 28
&amp#27;[38;5;64m[ADB]&amp#27;[0m Getting device platform version
&amp#27;[38;5;64m[ADB]&amp#27;[0m Running '/Users/ifedun/Library/Android/sdk/platform-tools/adb -P 5037 -s emulator-5554 shell getprop ro.build.version.release'
&amp#27;[38;5;64m[ADB]&amp#27;[0m Current device property 'ro.build.version.release': 9
&amp#27;[38;5;64m[ADB]&amp#27;[0m Device API level: 28
&amp#27;[38;5;32m[AndroidUiautomator2Driver@9dc5 (d054bb5d)]&amp#27;[0m Relaxing hidden api policy
&amp#27;[38;5;64m[ADB]&amp#27;[0m Running '/Users/ifedun/Library/Android/sdk/platform-tools/adb -P 5037 -s emulator-5554 shell 'settings put global hidden_api_policy_pre_p_apps 1;settings put global hidden_api_policy_p_apps 1;settings put global hidden_api_policy 1''
&amp#27;[38;5;80m[AndroidDriver]&amp#27;[0m Parsing package and activity from app manifest
&amp#27;[38;5;64m[ADB]&amp#27;[0m Package name: 'com.vodqareactnative'
&amp#27;[38;5;64m[ADB]&amp#27;[0m Main activity name: 'com.vodqareactnative.MainActivity'
&amp#27;[38;5;80m[AndroidDriver]&amp#27;[0m Parsed package and activity are: com.vodqareactnative/com.vodqareactnative.MainActivity
&amp#27;[38;5;64m[ADB]&amp#27;[0m Running '/Users/ifedun/Library/Android/sdk/platform-tools/adb -P 5037 -s emulator-5554 wait-for-device'
&amp#27;[38;5;64m[ADB]&amp#27;[0m Running '/Users/ifedun/Library/Android/sdk/platform-tools/adb -P 5037 -s emulator-5554 shell echo ping'
&amp#27;[38;5;80m[AndroidDriver]&amp#27;[0m Pushing settings apk to device...
&amp#27;[38;5;64m[ADB]&amp#27;[0m Getting package info for 'io.appium.settings'
&amp#27;[38;5;64m[ADB]&amp#27;[0m Running '/Users/ifedun/Library/Android/sdk/platform-tools/adb -P 5037 -s emulator-5554 shell dumpsys package io.appium.settings'
&amp#27;[38;5;64m[ADB]&amp#27;[0m The version name of the installed 'io.appium.settings' is greater or equal to the application version name ('5.7.2' >= '5.7.2')
&amp#27;[38;5;64m[ADB]&amp#27;[0m There is no need to install/upgrade '/Users/ifedun/.appium/node_modules/appium-uiautomator2-driver/node_modules/io.appium.settings/apks/settings_apk-debug.apk'
&amp#27;[38;5;64m[ADB]&amp#27;[0m Running '/Users/ifedun/Library/Android/sdk/platform-tools/adb -P 5037 -s emulator-5554 shell dumpsys activity services io.appium.settings'
&amp#27;[38;5;80m[AndroidDriver]&amp#27;[0m io.appium.settings is already running. There is no need to reset its permissions.
&amp#27;[38;5;96m[Logcat]&amp#27;[0m Starting logs capture with command: /Users/ifedun/Library/Android/sdk/platform-tools/adb -P 5037 -s emulator-5554 logcat -v threadtime
&amp#27;[38;5;32m[AndroidUiautomator2Driver@9dc5 (d054bb5d)]&amp#27;[0m Forwarding UiAutomator2 Server port 6790 to local port 8200
&amp#27;[38;5;64m[ADB]&amp#27;[0m Forwarding system: 8200 to device: 6790
&amp#27;[38;5;64m[ADB]&amp#27;[0m Running '/Users/ifedun/Library/Android/sdk/platform-tools/adb -P 5037 -s emulator-5554 forward tcp:8200 tcp:6790'
&amp#27;[38;5;64m[ADB]&amp#27;[0m Checking app cert for /Users/ifedun/.appium/node_modules/appium-uiautomator2-driver/node_modules/appium-uiautomator2-server/apks/appium-uiautomator2-server-v6.0.3.apk
&amp#27;[38;5;64m[ADB]&amp#27;[0m Checking app cert for /Users/ifedun/.appium/node_modules/appium-uiautomator2-driver/node_modules/appium-uiautomator2-server/apks/appium-uiautomator2-server-debug-androidTest.apk
&amp#27;[38;5;64m[ADB]&amp#27;[0m Using 'apksigner.jar' from '/Users/ifedun/Library/Android/sdk/build-tools/34.0.0/lib/apksigner.jar'
&amp#27;[38;5;64m[ADB]&amp#27;[0m Starting apksigner: /Users/ifedun/Library/Java/JavaVirtualMachines/corretto-11.0.12/Contents/Home/bin/java -Xmx1024M -Xss1m -jar /Users/ifedun/Library/Android/sdk/build-tools/34.0.0/lib/apksigner.jar verify --print-certs /Users/ifedun/.appium/node_modules/appium-uiautomator2-driver/node_modules/appium-uiautomator2-server/apks/appium-uiautomator2-server-debug-androidTest.apk
&amp#27;[38;5;64m[ADB]&amp#27;[0m Starting apksigner: /Users/ifedun/Library/Java/JavaVirtualMachines/corretto-11.0.12/Contents/Home/bin/java -Xmx1024M -Xss1m -jar /Users/ifedun/Library/Android/sdk/build-tools/34.0.0/lib/apksigner.jar verify --print-certs /Users/ifedun/.appium/node_modules/appium-uiautomator2-driver/node_modules/appium-uiautomator2-server/apks/appium-uiautomator2-server-v6.0.3.apk
&amp#27;[38;5;64m[ADB]&amp#27;[0m apksigner stdout: Signer #1 certificate DN: EMAILADDRESS=android@android.com, CN=Android, OU=Android, O=Android, L=Mountain View, ST=California, C=US
&amp#27;[38;5;64m[ADB]&amp#27;[0m Signer #1 certificate SHA-256 digest: a40da80a59d170caa950cf15c18c454d47a39b26989d8b640ecd745ba71bf5dc
&amp#27;[38;5;64m[ADB]&amp#27;[0m Signer #1 certificate SHA-1 digest: 61ed377e85d386a8dfee6b864bd85b0bfaa5af81
&amp#27;[38;5;64m[ADB]&amp#27;[0m Signer #1 certificate MD5 digest: e89b158e4bcf988ebd09eb83f5378e87
&amp#27;[38;5;64m[ADB]&amp#27;[0m 
&amp#27;[38;5;64m[ADB]&amp#27;[0m sha256 hash did match for 'appium-uiautomator2-server-debug-androidTest.apk'
&amp#27;[38;5;64m[ADB]&amp#27;[0m '/Users/ifedun/.appium/node_modules/appium-uiautomator2-driver/node_modules/appium-uiautomator2-server/apks/appium-uiautomator2-server-debug-androidTest.apk' is signed with the default certificate
&amp#27;[38;5;64m[ADB]&amp#27;[0m Getting install status for io.appium.uiautomator2.server.test
&amp#27;[38;5;64m[ADB]&amp#27;[0m Running '/Users/ifedun/Library/Android/sdk/platform-tools/adb -P 5037 -s emulator-5554 shell pm path io.appium.uiautomator2.server.test'
&amp#27;[38;5;64m[ADB]&amp#27;[0m 'io.appium.uiautomator2.server.test' is installed
&amp#27;[38;5;64m[ADB]&amp#27;[0m apksigner stdout: Signer #1 certificate DN: EMAILADDRESS=android@android.com, CN=Android, OU=Android, O=Android, L=Mountain View, ST=California, C=US
&amp#27;[38;5;64m[ADB]&amp#27;[0m Signer #1 certificate SHA-256 digest: a40da80a59d170caa950cf15c18c454d47a39b26989d8b640ecd745ba71bf5dc
&amp#27;[38;5;64m[ADB]&amp#27;[0m Signer #1 certificate SHA-1 digest: 61ed377e85d386a8dfee6b864bd85b0bfaa5af81
&amp#27;[38;5;64m[ADB]&amp#27;[0m Signer #1 certificate MD5 digest: e89b158e4bcf988ebd09eb83f5378e87
&amp#27;[38;5;64m[ADB]&amp#27;[0m 
&amp#27;[38;5;64m[ADB]&amp#27;[0m sha256 hash did match for 'appium-uiautomator2-server-v6.0.3.apk'
&amp#27;[38;5;64m[ADB]&amp#27;[0m '/Users/ifedun/.appium/node_modules/appium-uiautomator2-driver/node_modules/appium-uiautomator2-server/apks/appium-uiautomator2-server-v6.0.3.apk' is signed with the default certificate
&amp#27;[38;5;64m[ADB]&amp#27;[0m Getting package info for 'io.appium.uiautomator2.server'
&amp#27;[38;5;64m[ADB]&amp#27;[0m Running '/Users/ifedun/Library/Android/sdk/platform-tools/adb -P 5037 -s emulator-5554 shell dumpsys package io.appium.uiautomator2.server'
&amp#27;[38;5;64m[ADB]&amp#27;[0m The version name of the installed 'io.appium.uiautomator2.server' is greater or equal to the application version name ('6.0.3' >= '6.0.3')
&amp#27;[38;5;32m[AndroidUiautomator2Driver@9dc5 (d054bb5d)]&amp#27;[0m Server packages status: [{"wasSigned":true,"installState":"sameVersionInstalled","appPath":"/Users/ifedun/.appium/node_modules/appium-uiautomator2-driver/node_modules/appium-uiautomator2-server/apks/appium-uiautomator2-server-v6.0.3.apk","appId":"io.appium.uiautomator2.server"},{"wasSigned":true,"installState":"sameVersionInstalled","appPath":"/Users/ifedun/.appium/node_modules/appium-uiautomator2-driver/node_modules/appium-uiautomator2-server/apks/appium-uiautomator2-server-debug-androidTest.apk","appId":"io.appium.uiautomator2.server.test"}]
&amp#27;[38;5;32m[AndroidUiautomator2Driver@9dc5 (d054bb5d)]&amp#27;[0m Server packages are not going to be (re)installed
&amp#27;[38;5;32m[AndroidUiautomator2Driver@9dc5 (d054bb5d)]&amp#27;[0m Waiting up to 30000ms for services to be available
&amp#27;[38;5;64m[ADB]&amp#27;[0m Running '/Users/ifedun/Library/Android/sdk/platform-tools/adb -P 5037 -s emulator-5554 shell pm list instrumentation'
&amp#27;[38;5;32m[AndroidUiautomator2Driver@9dc5 (d054bb5d)]&amp#27;[0m Instrumentation target 'io.appium.uiautomator2.server.test/androidx.test.runner.AndroidJUnitRunner' is available
&amp#27;[38;5;64m[ADB]&amp#27;[0m Adding packages ["io.appium.settings","io.appium.uiautomator2.server","io.appium.uiautomator2.server.test"] to Doze whitelist
&amp#27;[38;5;64m[ADB]&amp#27;[0m Got the following command chunks to execute: [["dumpsys","deviceidle","whitelist","+io.appium.settings",";","dumpsys","deviceidle","whitelist","+io.appium.uiautomator2.server",";","dumpsys","deviceidle","whitelist","+io.appium.uiautomator2.server.test",";"]]
&amp#27;[38;5;64m[ADB]&amp#27;[0m Running '/Users/ifedun/Library/Android/sdk/platform-tools/adb -P 5037 -s emulator-5554 shell dumpsys deviceidle whitelist +io.appium.settings ; dumpsys deviceidle whitelist +io.appium.uiautomator2.server ; dumpsys deviceidle whitelist +io.appium.uiautomator2.server.test ;'
&amp#27;[38;5;64m[ADB]&amp#27;[0m Checking app cert for /Users/ifedun/wpp_be_automation/NortalTask/src/test/apks/appiumChallenge.apk
&amp#27;[38;5;64m[ADB]&amp#27;[0m Starting apksigner: /Users/ifedun/Library/Java/JavaVirtualMachines/corretto-11.0.12/Contents/Home/bin/java -Xmx1024M -Xss1m -jar /Users/ifedun/Library/Android/sdk/build-tools/34.0.0/lib/apksigner.jar verify --print-certs /Users/ifedun/wpp_be_automation/NortalTask/src/test/apks/appiumChallenge.apk
&amp#27;[38;5;64m[ADB]&amp#27;[0m apksigner stdout: Signer #1 certificate DN: EMAILADDRESS=android@android.com, CN=Android, OU=Android, O=Android, L=Mountain View, ST=California, C=US
&amp#27;[38;5;64m[ADB]&amp#27;[0m Signer #1 certificate SHA-256 digest: a40da80a59d170caa950cf15c18c454d47a39b26989d8b640ecd745ba71bf5dc
&amp#27;[38;5;64m[ADB]&amp#27;[0m Signer #1 certificate SHA-1 digest: 61ed377e85d386a8dfee6b864bd85b0bfaa5af81
&amp#27;[38;5;64m[ADB]&amp#27;[0m Signer #1 certificate MD5 digest: e89b158e4bcf988ebd09eb83f5378e87
&amp#27;[38;5;64m[ADB]&amp#27;[0m 
&amp#27;[38;5;64m[ADB]&amp#27;[0m sha256 hash did match for 'appiumChallenge.apk'
&amp#27;[38;5;64m[ADB]&amp#27;[0m '/Users/ifedun/wpp_be_automation/NortalTask/src/test/apks/appiumChallenge.apk' is signed with the default certificate
&amp#27;[38;5;64m[ADB]&amp#27;[0m Getting package info for 'com.vodqareactnative'
&amp#27;[38;5;64m[ADB]&amp#27;[0m Running '/Users/ifedun/Library/Android/sdk/platform-tools/adb -P 5037 -s emulator-5554 shell dumpsys package com.vodqareactnative'
&amp#27;[38;5;64m[ADB]&amp#27;[0m The version name of the installed 'com.vodqareactnative' is greater or equal to the application version name ('1.0.0' >= '1.0.0')
&amp#27;[38;5;64m[ADB]&amp#27;[0m There is no need to install/upgrade '/Users/ifedun/wpp_be_automation/NortalTask/src/test/apks/appiumChallenge.apk'
&amp#27;[38;5;80m[AndroidDriver]&amp#27;[0m Performing fast reset on 'com.vodqareactnative'
&amp#27;[38;5;64m[ADB]&amp#27;[0m Getting install status for com.vodqareactnative
&amp#27;[38;5;64m[ADB]&amp#27;[0m Running '/Users/ifedun/Library/Android/sdk/platform-tools/adb -P 5037 -s emulator-5554 shell pm path com.vodqareactnative'
&amp#27;[38;5;64m[ADB]&amp#27;[0m 'com.vodqareactnative' is installed
&amp#27;[38;5;64m[ADB]&amp#27;[0m Running '/Users/ifedun/Library/Android/sdk/platform-tools/adb -P 5037 -s emulator-5554 shell am force-stop com.vodqareactnative'
&amp#27;[38;5;64m[ADB]&amp#27;[0m Running '/Users/ifedun/Library/Android/sdk/platform-tools/adb -P 5037 -s emulator-5554 shell pm clear com.vodqareactnative'
&amp#27;[38;5;64m[ADB]&amp#27;[0m Running '/Users/ifedun/Library/Android/sdk/platform-tools/adb -P 5037 -s emulator-5554 shell dumpsys package com.vodqareactnative'
&amp#27;[38;5;64m[ADB]&amp#27;[0m It is only possible to grant permissions in runtime for apps whose targetSdkVersion in the manifest is set to 23 or above. The current com.vodqareactnative targetSdkVersion is 22.
&amp#27;[38;5;80m[AndroidDriver]&amp#27;[0m Performed fast reset on the installed 'com.vodqareactnative' application (stop and clear)
&amp#27;[38;5;32m[AndroidUiautomator2Driver@9dc5 (d054bb5d)]&amp#27;[0m Performing shallow cleanup of automation leftovers
&amp#27;[38;5;32m[AndroidUiautomator2Driver@9dc5 (d054bb5d)]&amp#27;[0m No obsolete sessions have been detected (socket hang up)
&amp#27;[38;5;64m[ADB]&amp#27;[0m Running '/Users/ifedun/Library/Android/sdk/platform-tools/adb -P 5037 -s emulator-5554 shell am force-stop io.appium.uiautomator2.server.test'
&amp#27;[38;5;32m[AndroidUiautomator2Driver@9dc5 (d054bb5d)]&amp#27;[0m Starting UIAutomator2 server 6.0.3
&amp#27;[38;5;32m[AndroidUiautomator2Driver@9dc5 (d054bb5d)]&amp#27;[0m Using UIAutomator2 server from '/Users/ifedun/.appium/node_modules/appium-uiautomator2-driver/node_modules/appium-uiautomator2-server/apks/appium-uiautomator2-server-v6.0.3.apk' and test from '/Users/ifedun/.appium/node_modules/appium-uiautomator2-driver/node_modules/appium-uiautomator2-server/apks/appium-uiautomator2-server-debug-androidTest.apk'
&amp#27;[38;5;32m[AndroidUiautomator2Driver@9dc5 (d054bb5d)]&amp#27;[0m Waiting up to 30000ms for UiAutomator2 to be online...
&amp#27;[38;5;64m[ADB]&amp#27;[0m Creating ADB subprocess with args: ["-P","5037","-s","emulator-5554","shell","am","instrument","-w","-e","disableAnalytics","true","io.appium.uiautomator2.server.test/androidx.test.runner.AndroidJUnitRunner"]
&amp#27;[38;5;32m[AndroidUiautomator2Driver@9dc5 (d054bb5d)]&amp#27;[0m Matched '/status' to command name 'getStatus'
&amp#27;[38;5;32m[AndroidUiautomator2Driver@9dc5 (d054bb5d)]&amp#27;[0m Proxying [GET /status] to [GET http://127.0.0.1:8200/status] with no body
&amp#27;[38;5;32m[AndroidUiautomator2Driver@9dc5 (d054bb5d)]&amp#27;[0m socket hang up
&amp#27;[38;5;112m[Instrumentation]&amp#27;[0m io.appium.uiautomator2.server.test.AppiumUiAutomator2Server:
&amp#27;[38;5;32m[AndroidUiautomator2Driver@9dc5 (d054bb5d)]&amp#27;[0m Matched '/status' to command name 'getStatus'
&amp#27;[38;5;32m[AndroidUiautomator2Driver@9dc5 (d054bb5d)]&amp#27;[0m Proxying [GET /status] to [GET http://127.0.0.1:8200/status] with no body
&amp#27;[38;5;32m[AndroidUiautomator2Driver@9dc5 (d054bb5d)]&amp#27;[0m socket hang up
&amp#27;[38;5;32m[AndroidUiautomator2Driver@9dc5 (d054bb5d)]&amp#27;[0m Matched '/status' to command name 'getStatus'
&amp#27;[38;5;32m[AndroidUiautomator2Driver@9dc5 (d054bb5d)]&amp#27;[0m Proxying [GET /status] to [GET http://127.0.0.1:8200/status] with no body
&amp#27;[38;5;32m[AndroidUiautomator2Driver@9dc5 (d054bb5d)]&amp#27;[0m Got response with status 200: {"sessionId":"None","value":{"message":"UiAutomator2 Server is ready to accept commands","ready":true}}
&amp#27;[38;5;32m[AndroidUiautomator2Driver@9dc5 (d054bb5d)]&amp#27;[0m The initialization of the instrumentation process took 2078ms
&amp#27;[38;5;32m[AndroidUiautomator2Driver@9dc5 (d054bb5d)]&amp#27;[0m Matched '/session' to command name 'createSession'
&amp#27;[38;5;32m[AndroidUiautomator2Driver@9dc5 (d054bb5d)]&amp#27;[0m Proxying [POST /session] to [POST http://127.0.0.1:8200/session] with body: {"capabilities":{"firstMatch":[{"platformName":"ANDROID","app":"src/test/apks/appiumChallenge.apk","autoGrantPermissions":true,"automationName":"UIAutomator2","udid":"emulator-5554","platform":"LINUX","webStorageEnabled":false,"takesScreenshot":true,"javascriptEnabled":true,"databaseEnabled":false,"networkConnectionEnabled":true,"locationContextEnabled":false,"warnings":{},"desired":{"platformName":"ANDROID","app":"src/test/apks/appiumChallenge.apk","autoGrantPermissions":true,"automationName":"UIAutomator2","udid":"emulator-5554"},"deviceName":"emulator-5554","deviceUDID":"emulator-5554","appPackage":"com.vodqareactnative"}],"alwaysMatch":{}}}
&amp#27;[38;5;32m[AndroidUiautomator2Driver@9dc5 (d054bb5d)]&amp#27;[0m Got response with status 200: {"sessionId":"7aa4419b-eedd-4f63-adab-01b44c4c47b9","value":{"capabilities":{"firstMatch":[{"platformName":"ANDROID","app":"src/test/apks/appiumChallenge.apk","autoGrantPermissions":true,"automationName":"UIAutomator2","udid":"emulator-5554","platform":"LINUX","webStorageEnabled":false,"takesScreenshot":true,"javascriptEnabled":true,"databaseEnabled":false,"networkConnectionEnabled":true,"locationContextEnabled":false,"warnings":{},"desired":{"platformName":"ANDROID","app":"src/test/apks/appiumChallenge.apk","autoGrantPermissions":true,"automationName":"UIAutomator2","udid":"emulator-5554"},"deviceName":"emulator-5554","deviceUDID":"emulator-5554","appPackage":"com.vodqareactnative"}],"alwaysMatch":{}},"sessionId":"7aa4419b-eedd-4f63-adab-01b44c4c47b9"}}
&amp#27;[38;5;32m[AndroidUiautomator2Driver@9dc5 (d054bb5d)]&amp#27;[0m Determined the downstream protocol as 'W3C'
&amp#27;[38;5;32m[AndroidUiautomator2Driver@9dc5 (d054bb5d)]&amp#27;[0m Proxying [GET /appium/device/pixel_ratio] to [GET http://127.0.0.1:8200/session/7aa4419b-eedd-4f63-adab-01b44c4c47b9/appium/device/pixel_ratio] with no body
&amp#27;[38;5;32m[AndroidUiautomator2Driver@9dc5 (d054bb5d)]&amp#27;[0m Matched '/appium/device/system_bars' to command name 'getSystemBars'
&amp#27;[38;5;32m[AndroidUiautomator2Driver@9dc5 (d054bb5d)]&amp#27;[0m Proxying [GET /appium/device/system_bars] to [GET http://127.0.0.1:8200/session/7aa4419b-eedd-4f63-adab-01b44c4c47b9/appium/device/system_bars] with no body
&amp#27;[38;5;32m[AndroidUiautomator2Driver@9dc5 (d054bb5d)]&amp#27;[0m Matched '/window/current/size' to command name 'getWindowSize'
&amp#27;[38;5;32m[AndroidUiautomator2Driver@9dc5 (d054bb5d)]&amp#27;[0m Proxying [GET /window/current/size] to [GET http://127.0.0.1:8200/session/7aa4419b-eedd-4f63-adab-01b44c4c47b9/window/current/size] with no body
&amp#27;[38;5;32m[AndroidUiautomator2Driver@9dc5 (d054bb5d)]&amp#27;[0m Proxying [GET /appium/device/info] to [GET http://127.0.0.1:8200/session/7aa4419b-eedd-4f63-adab-01b44c4c47b9/appium/device/info] with no body
&amp#27;[38;5;64m[ADB]&amp#27;[0m Running '/Users/ifedun/Library/Android/sdk/platform-tools/adb -P 5037 -s emulator-5554 shell dumpsys window'
&amp#27;[38;5;32m[AndroidUiautomator2Driver@9dc5 (d054bb5d)]&amp#27;[0m Got response with status 200: {"sessionId":"7aa4419b-eedd-4f63-adab-01b44c4c47b9","value":2.75}
&amp#27;[38;5;32m[AndroidUiautomator2Driver@9dc5 (d054bb5d)]&amp#27;[0m Got response with status 200: {"sessionId":"7aa4419b-eedd-4f63-adab-01b44c4c47b9","value":{"statusBar":66}}
&amp#27;[38;5;32m[AndroidUiautomator2Driver@9dc5 (d054bb5d)]&amp#27;[0m Got response with status 200: {"sessionId":"7aa4419b-eedd-4f63-adab-01b44c4c47b9","value":{"height":2220,"width":1080}}
&amp#27;[38;5;32m[AndroidUiautomator2Driver@9dc5 (d054bb5d)]&amp#27;[0m Got response with status 200: {"sessionId":"7aa4419b-eedd-4f63-adab-01b44c4c47b9","value":{"androidId":"91b20a27cffd1bd7","apiVersion":"28","bluetooth":null,"brand":"google","carrierName":"Android","displayDensity":440,"locale":"en_US","manufacturer":"Google","model":"AOSP on IA Emulator","networks":[{"capabilities":{"SSID":null,"linkDownBandwidthKbps":102400,"linkUpstreamBandwidthKbps":51200,"networkCapabilities":"NET_CAPABILITY_MMS,NET_CAPABILITY_SUPL,NET_CAPABILITY_DUN,NET_CAPABILITY_FOTA,NET_CAPABILITY_IMS,NET_CAPABILITY_CBS,NET_CAPABILITY_IA,NET_CAPABILITY_INTERNET,NET_CAPABILITY_NOT_RESTRICTED,NET_CAPABILITY_TRUSTED,NET_CAPABILITY_NOT_VPN,NET_CAPABILITY_VALIDATED,NET_CAPABILITY_NOT_ROAMING,NET_CAPABILITY_NOT_CONGESTED,NET_CAPABILITY_NOT_SUSPENDED","signalStrength":-2147483648,"transportTypes":"TRANSPORT_CELLULAR"},"detailedState":"CONNECTED","extraInfo":"epc.tmobile.com","isAvailable":true,"isConnected":true,"isFailover":false,"isRoaming":false,"state":"CONNECTED","subtype":13,"subtypeName":"LTE","type":0,"typeName":"MOBILE"},{"c...
&amp#27;[38;5;80m[AndroidDriver]&amp#27;[0m Screen already unlocked, doing nothing
&amp#27;[38;5;32m[AndroidUiautomator2Driver@9dc5 (d054bb5d)]&amp#27;[0m Starting 'com.vodqareactnative/com.vodqareactnative.MainActivity and waiting for 'com.vodqareactnative/com.vodqareactnative.MainActivity'
&amp#27;[38;5;64m[ADB]&amp#27;[0m Running '/Users/ifedun/Library/Android/sdk/platform-tools/adb -P 5037 -s emulator-5554 shell am start -W -n com.vodqareactnative/com.vodqareactnative.MainActivity -S -a android.intent.action.MAIN -c android.intent.category.LAUNCHER -f 0x10200000'
&amp#27;[38;5;64m[ADB]&amp#27;[0m Waiting up to 20000ms for activity matching pkg: 'com.vodqareactnative' and activity: 'com.vodqareactnative.MainActivity' to be focused
&amp#27;[38;5;64m[ADB]&amp#27;[0m Possible activities, to be checked: 'com.vodqareactnative.MainActivity', 'com.vodqareactnative.com.vodqareactnative.MainActivity'
&amp#27;[38;5;64m[ADB]&amp#27;[0m Getting focused package and activity
&amp#27;[38;5;64m[ADB]&amp#27;[0m Running '/Users/ifedun/Library/Android/sdk/platform-tools/adb -P 5037 -s emulator-5554 shell dumpsys window windows'
&amp#27;[38;5;64m[ADB]&amp#27;[0m Found package: 'com.vodqareactnative' and fully qualified activity name : 'com.vodqareactnative.MainActivity'
&amp#27;[38;5;16m[AppiumDriver@7bea]&amp#27;[0m New AndroidUiautomator2Driver session created successfully, session d054bb5d-cc6b-4a75-ae81-839e8072157f added to master session list
&amp#27;[38;5;16m[AppiumDriver@7bea]&amp#27;[0m Event 'newSessionStarted' logged at 1706114281384 (18:38:01 GMT+0200 (Eastern European Standard Time))
&amp#27;[38;5;32m[AndroidUiautomator2Driver@9dc5 (d054bb5d)]&amp#27;[0m Cached the protocol value 'W3C' for the new session d054bb5d-cc6b-4a75-ae81-839e8072157f
&amp#27;[38;5;32m[AndroidUiautomator2Driver@9dc5 (d054bb5d)]&amp#27;[0m Responding to client with driver.createSession() result: {"capabilities":{"platformName":"ANDROID","app":"src/test/apks/appiumChallenge.apk","autoGrantPermissions":true,"automationName":"UIAutomator2","udid":"emulator-5554","platform":"LINUX","webStorageEnabled":false,"takesScreenshot":true,"javascriptEnabled":true,"databaseEnabled":false,"networkConnectionEnabled":true,"locationContextEnabled":false,"warnings":{},"desired":{"platformName":"ANDROID","app":"src/test/apks/appiumChallenge.apk","autoGrantPermissions":true,"automationName":"UIAutomator2","udid":"emulator-5554"},"deviceName":"emulator-5554","deviceUDID":"emulator-5554","appPackage":"com.vodqareactnative","pixelRatio":"2.75","statBarHeight":66,"viewportRect":{"left":0,"top":66,"width":1080,"height":2154},"deviceApiLevel":28,"platformVersion":"9","deviceManufacturer":"Google","deviceModel":"AOSP on IA Emulator","deviceScreenSize":"1080x2220","deviceScreenDensity":440}}
&amp#27;[38;5;0m[HTTP]&amp#27;[0m &amp#27;[37m<-- POST /session &amp#27;[39m&amp#27;[32m200&amp#27;[39m &amp#27;[90m6450 ms - 945&amp#27;[39m
&amp#27;[38;5;0m[HTTP]&amp#27;[0m &amp#27;[90m&amp#27;[39m
&amp#27;[38;5;0m[HTTP]&amp#27;[0m &amp#27;[37m-->&amp#27;[39m &amp#27;[37mPOST&amp#27;[39m &amp#27;[37m/session/d054bb5d-cc6b-4a75-ae81-839e8072157f/element&amp#27;[39m
&amp#27;[38;5;0m[HTTP]&amp#27;[0m &amp#27;[90m{"using":"xpath","value":"//android.widget.Button"}&amp#27;[39m
&amp#27;[38;5;32m[AndroidUiautomator2Driver@9dc5 (d054bb5d)]&amp#27;[0m Calling AppiumDriver.findElement() with args: ["xpath","//android.widget.Button","d054bb5d-cc6b-4a75-ae81-839e8072157f"]
&amp#27;[38;5;32m[AndroidUiautomator2Driver@9dc5 (d054bb5d)]&amp#27;[0m Valid locator strategies for this request: xpath, id, class name, accessibility id, css selector, -android uiautomator
&amp#27;[38;5;32m[AndroidUiautomator2Driver@9dc5 (d054bb5d)]&amp#27;[0m Waiting up to 0 ms for condition
&amp#27;[38;5;32m[AndroidUiautomator2Driver@9dc5 (d054bb5d)]&amp#27;[0m Matched '/element' to command name 'findElement'
&amp#27;[38;5;32m[AndroidUiautomator2Driver@9dc5 (d054bb5d)]&amp#27;[0m Proxying [POST /element] to [POST http://127.0.0.1:8200/session/7aa4419b-eedd-4f63-adab-01b44c4c47b9/element] with body: {"strategy":"xpath","selector":"//android.widget.Button","context":"","multiple":false}
&amp#27;[38;5;32m[AndroidUiautomator2Driver@9dc5 (d054bb5d)]&amp#27;[0m Got response with status 200: {"sessionId":"7aa4419b-eedd-4f63-adab-01b44c4c47b9","value":{"ELEMENT":"00000000-0000-005b-ffff-ffff00000040","element-6066-11e4-a52e-4f735466cecf":"00000000-0000-005b-ffff-ffff00000040"}}
&amp#27;[38;5;32m[AndroidUiautomator2Driver@9dc5 (d054bb5d)]&amp#27;[0m Responding to client with driver.findElement() result: {"element-6066-11e4-a52e-4f735466cecf":"00000000-0000-005b-ffff-ffff00000040","ELEMENT":"00000000-0000-005b-ffff-ffff00000040"}
&amp#27;[38;5;0m[HTTP]&amp#27;[0m &amp#27;[37m<-- POST /session/d054bb5d-cc6b-4a75-ae81-839e8072157f/element &amp#27;[39m&amp#27;[32m200&amp#27;[39m &amp#27;[90m1882 ms - 137&amp#27;[39m
&amp#27;[38;5;0m[HTTP]&amp#27;[0m &amp#27;[90m&amp#27;[39m
&amp#27;[38;5;0m[HTTP]&amp#27;[0m &amp#27;[37m-->&amp#27;[39m &amp#27;[37mGET&amp#27;[39m &amp#27;[37m/session/d054bb5d-cc6b-4a75-ae81-839e8072157f/element/00000000-0000-005b-ffff-ffff00000040/displayed&amp#27;[39m
&amp#27;[38;5;0m[HTTP]&amp#27;[0m &amp#27;[90m{}&amp#27;[39m
&amp#27;[38;5;32m[AndroidUiautomator2Driver@9dc5 (d054bb5d)]&amp#27;[0m Calling AppiumDriver.elementDisplayed() with args: ["00000000-0000-005b-ffff-ffff00000040","d054bb5d-cc6b-4a75-ae81-839e8072157f"]
&amp#27;[38;5;32m[AndroidUiautomator2Driver@9dc5 (d054bb5d)]&amp#27;[0m Matched '/element/00000000-0000-005b-ffff-ffff00000040/attribute/displayed' to command name 'getAttribute'
&amp#27;[38;5;32m[AndroidUiautomator2Driver@9dc5 (d054bb5d)]&amp#27;[0m Proxying [GET /element/00000000-0000-005b-ffff-ffff00000040/attribute/displayed] to [GET http://127.0.0.1:8200/session/7aa4419b-eedd-4f63-adab-01b44c4c47b9/element/00000000-0000-005b-ffff-ffff00000040/attribute/displayed] with no body
&amp#27;[38;5;32m[AndroidUiautomator2Driver@9dc5 (d054bb5d)]&amp#27;[0m Got response with status 200: {"sessionId":"7aa4419b-eedd-4f63-adab-01b44c4c47b9","value":"true"}
&amp#27;[38;5;32m[AndroidUiautomator2Driver@9dc5 (d054bb5d)]&amp#27;[0m Responding to client with driver.elementDisplayed() result: true
&amp#27;[38;5;0m[HTTP]&amp#27;[0m &amp#27;[37m<-- GET /session/d054bb5d-cc6b-4a75-ae81-839e8072157f/element/00000000-0000-005b-ffff-ffff00000040/displayed &amp#27;[39m&amp#27;[32m200&amp#27;[39m &amp#27;[90m31 ms - 14&amp#27;[39m
&amp#27;[38;5;0m[HTTP]&amp#27;[0m &amp#27;[90m&amp#27;[39m
&amp#27;[38;5;0m[HTTP]&amp#27;[0m &amp#27;[37m-->&amp#27;[39m &amp#27;[37mPOST&amp#27;[39m &amp#27;[37m/session/d054bb5d-cc6b-4a75-ae81-839e8072157f/element&amp#27;[39m
&amp#27;[38;5;0m[HTTP]&amp#27;[0m &amp#27;[90m{"using":"xpath","value":"//android.widget.EditText[@content-desc='username']"}&amp#27;[39m
&amp#27;[38;5;32m[AndroidUiautomator2Driver@9dc5 (d054bb5d)]&amp#27;[0m Calling AppiumDriver.findElement() with args: ["xpath","//android.widget.EditText[@content-desc='username']","d054bb5d-cc6b-4a75-ae81-839e8072157f"]
&amp#27;[38;5;32m[AndroidUiautomator2Driver@9dc5 (d054bb5d)]&amp#27;[0m Valid locator strategies for this request: xpath, id, class name, accessibility id, css selector, -android uiautomator
&amp#27;[38;5;32m[AndroidUiautomator2Driver@9dc5 (d054bb5d)]&amp#27;[0m Waiting up to 0 ms for condition
&amp#27;[38;5;32m[AndroidUiautomator2Driver@9dc5 (d054bb5d)]&amp#27;[0m Matched '/element' to command name 'findElement'
&amp#27;[38;5;32m[AndroidUiautomator2Driver@9dc5 (d054bb5d)]&amp#27;[0m Proxying [POST /element] to [POST http://127.0.0.1:8200/session/7aa4419b-eedd-4f63-adab-01b44c4c47b9/element] with body: {"strategy":"xpath","selector":"//android.widget.EditText[@content-desc='username']","context":"","multiple":false}
&amp#27;[38;5;32m[AndroidUiautomator2Driver@9dc5 (d054bb5d)]&amp#27;[0m Got response with status 200: {"sessionId":"7aa4419b-eedd-4f63-adab-01b44c4c47b9","value":{"ELEMENT":"00000000-0000-005b-ffff-ffff00000000","element-6066-11e4-a52e-4f735466cecf":"00000000-0000-005b-ffff-ffff00000000"}}
&amp#27;[38;5;32m[AndroidUiautomator2Driver@9dc5 (d054bb5d)]&amp#27;[0m Responding to client with driver.findElement() result: {"element-6066-11e4-a52e-4f735466cecf":"00000000-0000-005b-ffff-ffff00000000","ELEMENT":"00000000-0000-005b-ffff-ffff00000000"}
&amp#27;[38;5;0m[HTTP]&amp#27;[0m &amp#27;[37m<-- POST /session/d054bb5d-cc6b-4a75-ae81-839e8072157f/element &amp#27;[39m&amp#27;[32m200&amp#27;[39m &amp#27;[90m105 ms - 137&amp#27;[39m
&amp#27;[38;5;0m[HTTP]&amp#27;[0m &amp#27;[90m&amp#27;[39m
&amp#27;[38;5;0m[HTTP]&amp#27;[0m &amp#27;[37m-->&amp#27;[39m &amp#27;[37mPOST&amp#27;[39m &amp#27;[37m/session/d054bb5d-cc6b-4a75-ae81-839e8072157f/element/00000000-0000-005b-ffff-ffff00000000/value&amp#27;[39m
&amp#27;[38;5;0m[HTTP]&amp#27;[0m &amp#27;[90m{"id":"00000000-0000-005b-ffff-ffff00000000","text":"Admin","value":["A","d","m","i","n"]}&amp#27;[39m
&amp#27;[38;5;32m[AndroidUiautomator2Driver@9dc5 (d054bb5d)]&amp#27;[0m Calling AppiumDriver.setValue() with args: [["A","d","m","i","n"],"00000000-0000-005b-ffff-ffff00000000","d054bb5d-cc6b-4a75-ae81-839e8072157f"]
&amp#27;[38;5;32m[AndroidUiautomator2Driver@9dc5 (d054bb5d)]&amp#27;[0m Matched '/element/00000000-0000-005b-ffff-ffff00000000/value' to command name 'setValue'
&amp#27;[38;5;32m[AndroidUiautomator2Driver@9dc5 (d054bb5d)]&amp#27;[0m Added 'value' property ["A","d","m","i","n"] to 'setValue' request body
&amp#27;[38;5;32m[AndroidUiautomator2Driver@9dc5 (d054bb5d)]&amp#27;[0m Proxying [POST /element/00000000-0000-005b-ffff-ffff00000000/value] to [POST http://127.0.0.1:8200/session/7aa4419b-eedd-4f63-adab-01b44c4c47b9/element/00000000-0000-005b-ffff-ffff00000000/value] with body: {"elementId":"00000000-0000-005b-ffff-ffff00000000","text":"Admin","replace":false,"value":["A","d","m","i","n"]}
&amp#27;[38;5;32m[AndroidUiautomator2Driver@9dc5 (d054bb5d)]&amp#27;[0m Got response with status 200: {"sessionId":"7aa4419b-eedd-4f63-adab-01b44c4c47b9","value":null}
&amp#27;[38;5;32m[AndroidUiautomator2Driver@9dc5 (d054bb5d)]&amp#27;[0m Responding to client with driver.setValue() result: null
&amp#27;[38;5;0m[HTTP]&amp#27;[0m &amp#27;[37m<-- POST /session/d054bb5d-cc6b-4a75-ae81-839e8072157f/element/00000000-0000-005b-ffff-ffff00000000/value &amp#27;[39m&amp#27;[32m200&amp#27;[39m &amp#27;[90m529 ms - 14&amp#27;[39m
&amp#27;[38;5;0m[HTTP]&amp#27;[0m &amp#27;[90m&amp#27;[39m
&amp#27;[38;5;0m[HTTP]&amp#27;[0m &amp#27;[37m-->&amp#27;[39m &amp#27;[37mPOST&amp#27;[39m &amp#27;[37m/session/d054bb5d-cc6b-4a75-ae81-839e8072157f/element&amp#27;[39m
&amp#27;[38;5;0m[HTTP]&amp#27;[0m &amp#27;[90m{"using":"xpath","value":"//android.widget.EditText[@content-desc='password']"}&amp#27;[39m
&amp#27;[38;5;32m[AndroidUiautomator2Driver@9dc5 (d054bb5d)]&amp#27;[0m Calling AppiumDriver.findElement() with args: ["xpath","//android.widget.EditText[@content-desc='password']","d054bb5d-cc6b-4a75-ae81-839e8072157f"]
&amp#27;[38;5;32m[AndroidUiautomator2Driver@9dc5 (d054bb5d)]&amp#27;[0m Valid locator strategies for this request: xpath, id, class name, accessibility id, css selector, -android uiautomator
&amp#27;[38;5;32m[AndroidUiautomator2Driver@9dc5 (d054bb5d)]&amp#27;[0m Waiting up to 0 ms for condition
&amp#27;[38;5;32m[AndroidUiautomator2Driver@9dc5 (d054bb5d)]&amp#27;[0m Matched '/element' to command name 'findElement'
&amp#27;[38;5;32m[AndroidUiautomator2Driver@9dc5 (d054bb5d)]&amp#27;[0m Proxying [POST /element] to [POST http://127.0.0.1:8200/session/7aa4419b-eedd-4f63-adab-01b44c4c47b9/element] with body: {"strategy":"xpath","selector":"//android.widget.EditText[@content-desc='password']","context":"","multiple":false}
&amp#27;[38;5;32m[AndroidUiautomator2Driver@9dc5 (d054bb5d)]&amp#27;[0m Got response with status 200: {"sessionId":"7aa4419b-eedd-4f63-adab-01b44c4c47b9","value":{"ELEMENT":"00000000-0000-005b-ffff-ffff00000001","element-6066-11e4-a52e-4f735466cecf":"00000000-0000-005b-ffff-ffff00000001"}}
&amp#27;[38;5;32m[AndroidUiautomator2Driver@9dc5 (d054bb5d)]&amp#27;[0m Responding to client with driver.findElement() result: {"element-6066-11e4-a52e-4f735466cecf":"00000000-0000-005b-ffff-ffff00000001","ELEMENT":"00000000-0000-005b-ffff-ffff00000001"}
&amp#27;[38;5;0m[HTTP]&amp#27;[0m &amp#27;[37m<-- POST /session/d054bb5d-cc6b-4a75-ae81-839e8072157f/element &amp#27;[39m&amp#27;[32m200&amp#27;[39m &amp#27;[90m542 ms - 137&amp#27;[39m
&amp#27;[38;5;0m[HTTP]&amp#27;[0m &amp#27;[90m&amp#27;[39m
&amp#27;[38;5;0m[HTTP]&amp#27;[0m &amp#27;[37m-->&amp#27;[39m &amp#27;[37mPOST&amp#27;[39m &amp#27;[37m/session/d054bb5d-cc6b-4a75-ae81-839e8072157f/element/00000000-0000-005b-ffff-ffff00000001/value&amp#27;[39m
&amp#27;[38;5;0m[HTTP]&amp#27;[0m &amp#27;[90m{"id":"00000000-0000-005b-ffff-ffff00000001","text":"admin12$$","value":["a","d","m","i","n","1","2","$","$"]}&amp#27;[39m
&amp#27;[38;5;32m[AndroidUiautomator2Driver@9dc5 (d054bb5d)]&amp#27;[0m Calling AppiumDriver.setValue() with args: [["a","d","m","i","n","1","2","$","$"],"00000000-0000-005b-ffff-ffff00000001","d054bb5d-cc6b-4a75-ae81-839e8072157f"]
&amp#27;[38;5;32m[AndroidUiautomator2Driver@9dc5 (d054bb5d)]&amp#27;[0m Matched '/element/00000000-0000-005b-ffff-ffff00000001/value' to command name 'setValue'
&amp#27;[38;5;32m[AndroidUiautomator2Driver@9dc5 (d054bb5d)]&amp#27;[0m Added 'value' property ["a","d","m","i","n","1","2","$","$"] to 'setValue' request body
&amp#27;[38;5;32m[AndroidUiautomator2Driver@9dc5 (d054bb5d)]&amp#27;[0m Proxying [POST /element/00000000-0000-005b-ffff-ffff00000001/value] to [POST http://127.0.0.1:8200/session/7aa4419b-eedd-4f63-adab-01b44c4c47b9/element/00000000-0000-005b-ffff-ffff00000001/value] with body: {"elementId":"00000000-0000-005b-ffff-ffff00000001","text":"admin12$$","replace":false,"value":["a","d","m","i","n","1","2","$","$"]}
&amp#27;[38;5;32m[AndroidUiautomator2Driver@9dc5 (d054bb5d)]&amp#27;[0m Got response with status 200: {"sessionId":"7aa4419b-eedd-4f63-adab-01b44c4c47b9","value":null}
&amp#27;[38;5;32m[AndroidUiautomator2Driver@9dc5 (d054bb5d)]&amp#27;[0m Responding to client with driver.setValue() result: null
&amp#27;[38;5;0m[HTTP]&amp#27;[0m &amp#27;[37m<-- POST /session/d054bb5d-cc6b-4a75-ae81-839e8072157f/element/00000000-0000-005b-ffff-ffff00000001/value &amp#27;[39m&amp#27;[32m200&amp#27;[39m &amp#27;[90m525 ms - 14&amp#27;[39m
&amp#27;[38;5;0m[HTTP]&amp#27;[0m &amp#27;[90m&amp#27;[39m
&amp#27;[38;5;0m[HTTP]&amp#27;[0m &amp#27;[37m-->&amp#27;[39m &amp#27;[37mPOST&amp#27;[39m &amp#27;[37m/session/d054bb5d-cc6b-4a75-ae81-839e8072157f/element&amp#27;[39m
&amp#27;[38;5;0m[HTTP]&amp#27;[0m &amp#27;[90m{"using":"xpath","value":"//android.widget.Button"}&amp#27;[39m
&amp#27;[38;5;32m[AndroidUiautomator2Driver@9dc5 (d054bb5d)]&amp#27;[0m Calling AppiumDriver.findElement() with args: ["xpath","//android.widget.Button","d054bb5d-cc6b-4a75-ae81-839e8072157f"]
&amp#27;[38;5;32m[AndroidUiautomator2Driver@9dc5 (d054bb5d)]&amp#27;[0m Valid locator strategies for this request: xpath, id, class name, accessibility id, css selector, -android uiautomator
&amp#27;[38;5;32m[AndroidUiautomator2Driver@9dc5 (d054bb5d)]&amp#27;[0m Waiting up to 0 ms for condition
&amp#27;[38;5;32m[AndroidUiautomator2Driver@9dc5 (d054bb5d)]&amp#27;[0m Matched '/element' to command name 'findElement'
&amp#27;[38;5;32m[AndroidUiautomator2Driver@9dc5 (d054bb5d)]&amp#27;[0m Proxying [POST /element] to [POST http://127.0.0.1:8200/session/7aa4419b-eedd-4f63-adab-01b44c4c47b9/element] with body: {"strategy":"xpath","selector":"//android.widget.Button","context":"","multiple":false}
&amp#27;[38;5;32m[AndroidUiautomator2Driver@9dc5 (d054bb5d)]&amp#27;[0m Got response with status 200: {"sessionId":"7aa4419b-eedd-4f63-adab-01b44c4c47b9","value":{"ELEMENT":"00000000-0000-005b-ffff-ffff00000040","element-6066-11e4-a52e-4f735466cecf":"00000000-0000-005b-ffff-ffff00000040"}}
&amp#27;[38;5;32m[AndroidUiautomator2Driver@9dc5 (d054bb5d)]&amp#27;[0m Responding to client with driver.findElement() result: {"element-6066-11e4-a52e-4f735466cecf":"00000000-0000-005b-ffff-ffff00000040","ELEMENT":"00000000-0000-005b-ffff-ffff00000040"}
&amp#27;[38;5;0m[HTTP]&amp#27;[0m &amp#27;[37m<-- POST /session/d054bb5d-cc6b-4a75-ae81-839e8072157f/element &amp#27;[39m&amp#27;[32m200&amp#27;[39m &amp#27;[90m1086 ms - 137&amp#27;[39m
&amp#27;[38;5;0m[HTTP]&amp#27;[0m &amp#27;[90m&amp#27;[39m
&amp#27;[38;5;0m[HTTP]&amp#27;[0m &amp#27;[37m-->&amp#27;[39m &amp#27;[37mPOST&amp#27;[39m &amp#27;[37m/session/d054bb5d-cc6b-4a75-ae81-839e8072157f/element/00000000-0000-005b-ffff-ffff00000040/click&amp#27;[39m
&amp#27;[38;5;0m[HTTP]&amp#27;[0m &amp#27;[90m{"id":"00000000-0000-005b-ffff-ffff00000040"}&amp#27;[39m
&amp#27;[38;5;32m[AndroidUiautomator2Driver@9dc5 (d054bb5d)]&amp#27;[0m Calling AppiumDriver.click() with args: ["00000000-0000-005b-ffff-ffff00000040","d054bb5d-cc6b-4a75-ae81-839e8072157f"]
&amp#27;[38;5;32m[AndroidUiautomator2Driver@9dc5 (d054bb5d)]&amp#27;[0m Matched '/element/00000000-0000-005b-ffff-ffff00000040/click' to command name 'click'
&amp#27;[38;5;32m[AndroidUiautomator2Driver@9dc5 (d054bb5d)]&amp#27;[0m Proxying [POST /element/00000000-0000-005b-ffff-ffff00000040/click] to [POST http://127.0.0.1:8200/session/7aa4419b-eedd-4f63-adab-01b44c4c47b9/element/00000000-0000-005b-ffff-ffff00000040/click] with body: {"element":"00000000-0000-005b-ffff-ffff00000040"}
&amp#27;[38;5;32m[AndroidUiautomator2Driver@9dc5 (d054bb5d)]&amp#27;[0m Got response with status 200: {"sessionId":"7aa4419b-eedd-4f63-adab-01b44c4c47b9","value":null}
&amp#27;[38;5;32m[AndroidUiautomator2Driver@9dc5 (d054bb5d)]&amp#27;[0m Responding to client with driver.click() result: null
&amp#27;[38;5;0m[HTTP]&amp#27;[0m &amp#27;[37m<-- POST /session/d054bb5d-cc6b-4a75-ae81-839e8072157f/element/00000000-0000-005b-ffff-ffff00000040/click &amp#27;[39m&amp#27;[32m200&amp#27;[39m &amp#27;[90m35 ms - 14&amp#27;[39m
&amp#27;[38;5;0m[HTTP]&amp#27;[0m &amp#27;[90m&amp#27;[39m
&amp#27;[38;5;0m[HTTP]&amp#27;[0m &amp#27;[37m-->&amp#27;[39m &amp#27;[37mPOST&amp#27;[39m &amp#27;[37m/session/d054bb5d-cc6b-4a75-ae81-839e8072157f/element&amp#27;[39m
&amp#27;[38;5;0m[HTTP]&amp#27;[0m &amp#27;[90m{"using":"id","value":"android:id/message"}&amp#27;[39m
&amp#27;[38;5;32m[AndroidUiautomator2Driver@9dc5 (d054bb5d)]&amp#27;[0m Calling AppiumDriver.findElement() with args: ["id","android:id/message","d054bb5d-cc6b-4a75-ae81-839e8072157f"]
&amp#27;[38;5;32m[AndroidUiautomator2Driver@9dc5 (d054bb5d)]&amp#27;[0m Valid locator strategies for this request: xpath, id, class name, accessibility id, css selector, -android uiautomator
&amp#27;[38;5;32m[AndroidUiautomator2Driver@9dc5 (d054bb5d)]&amp#27;[0m Waiting up to 0 ms for condition
&amp#27;[38;5;32m[AndroidUiautomator2Driver@9dc5 (d054bb5d)]&amp#27;[0m Matched '/element' to command name 'findElement'
&amp#27;[38;5;32m[AndroidUiautomator2Driver@9dc5 (d054bb5d)]&amp#27;[0m Proxying [POST /element] to [POST http://127.0.0.1:8200/session/7aa4419b-eedd-4f63-adab-01b44c4c47b9/element] with body: {"strategy":"id","selector":"android:id/message","context":"","multiple":false}
&amp#27;[38;5;32m[AndroidUiautomator2Driver@9dc5 (d054bb5d)]&amp#27;[0m Got response with status 200: {"sessionId":"7aa4419b-eedd-4f63-adab-01b44c4c47b9","value":{"ELEMENT":"00000000-0000-005c-ffff-ffff0000004d","element-6066-11e4-a52e-4f735466cecf":"00000000-0000-005c-ffff-ffff0000004d"}}
&amp#27;[38;5;32m[AndroidUiautomator2Driver@9dc5 (d054bb5d)]&amp#27;[0m Responding to client with driver.findElement() result: {"element-6066-11e4-a52e-4f735466cecf":"00000000-0000-005c-ffff-ffff0000004d","ELEMENT":"00000000-0000-005c-ffff-ffff0000004d"}
&amp#27;[38;5;0m[HTTP]&amp#27;[0m &amp#27;[37m<-- POST /session/d054bb5d-cc6b-4a75-ae81-839e8072157f/element &amp#27;[39m&amp#27;[32m200&amp#27;[39m &amp#27;[90m550 ms - 137&amp#27;[39m
&amp#27;[38;5;0m[HTTP]&amp#27;[0m &amp#27;[90m&amp#27;[39m
&amp#27;[38;5;0m[HTTP]&amp#27;[0m &amp#27;[37m-->&amp#27;[39m &amp#27;[37mGET&amp#27;[39m &amp#27;[37m/session/d054bb5d-cc6b-4a75-ae81-839e8072157f/element/00000000-0000-005c-ffff-ffff0000004d/displayed&amp#27;[39m
&amp#27;[38;5;0m[HTTP]&amp#27;[0m &amp#27;[90m{}&amp#27;[39m
&amp#27;[38;5;32m[AndroidUiautomator2Driver@9dc5 (d054bb5d)]&amp#27;[0m Calling AppiumDriver.elementDisplayed() with args: ["00000000-0000-005c-ffff-ffff0000004d","d054bb5d-cc6b-4a75-ae81-839e8072157f"]
&amp#27;[38;5;32m[AndroidUiautomator2Driver@9dc5 (d054bb5d)]&amp#27;[0m Matched '/element/00000000-0000-005c-ffff-ffff0000004d/attribute/displayed' to command name 'getAttribute'
&amp#27;[38;5;32m[AndroidUiautomator2Driver@9dc5 (d054bb5d)]&amp#27;[0m Proxying [GET /element/00000000-0000-005c-ffff-ffff0000004d/attribute/displayed] to [GET http://127.0.0.1:8200/session/7aa4419b-eedd-4f63-adab-01b44c4c47b9/element/00000000-0000-005c-ffff-ffff0000004d/attribute/displayed] with no body
&amp#27;[38;5;32m[AndroidUiautomator2Driver@9dc5 (d054bb5d)]&amp#27;[0m Got response with status 200: {"sessionId":"7aa4419b-eedd-4f63-adab-01b44c4c47b9","value":"true"}
&amp#27;[38;5;32m[AndroidUiautomator2Driver@9dc5 (d054bb5d)]&amp#27;[0m Responding to client with driver.elementDisplayed() result: true
&amp#27;[38;5;0m[HTTP]&amp#27;[0m &amp#27;[37m<-- GET /session/d054bb5d-cc6b-4a75-ae81-839e8072157f/element/00000000-0000-005c-ffff-ffff0000004d/displayed &amp#27;[39m&amp#27;[32m200&amp#27;[39m &amp#27;[90m11 ms - 14&amp#27;[39m
&amp#27;[38;5;0m[HTTP]&amp#27;[0m &amp#27;[90m&amp#27;[39m
&amp#27;[38;5;0m[HTTP]&amp#27;[0m &amp#27;[37m-->&amp#27;[39m &amp#27;[37mGET&amp#27;[39m &amp#27;[37m/session/d054bb5d-cc6b-4a75-ae81-839e8072157f/element/00000000-0000-005c-ffff-ffff0000004d/text&amp#27;[39m
&amp#27;[38;5;0m[HTTP]&amp#27;[0m &amp#27;[90m{}&amp#27;[39m
&amp#27;[38;5;32m[AndroidUiautomator2Driver@9dc5 (d054bb5d)]&amp#27;[0m Driver proxy active, passing request on via HTTP proxy
&amp#27;[38;5;32m[AndroidUiautomator2Driver@9dc5 (d054bb5d)]&amp#27;[0m Matched '/session/d054bb5d-cc6b-4a75-ae81-839e8072157f/element/00000000-0000-005c-ffff-ffff0000004d/text' to command name 'getText'
&amp#27;[38;5;32m[AndroidUiautomator2Driver@9dc5 (d054bb5d)]&amp#27;[0m Proxying [GET /session/d054bb5d-cc6b-4a75-ae81-839e8072157f/element/00000000-0000-005c-ffff-ffff0000004d/text] to [GET http://127.0.0.1:8200/session/7aa4419b-eedd-4f63-adab-01b44c4c47b9/element/00000000-0000-005c-ffff-ffff0000004d/text] with no body
&amp#27;[38;5;32m[AndroidUiautomator2Driver@9dc5 (d054bb5d)]&amp#27;[0m Got response with status 200: {"sessionId":"7aa4419b-eedd-4f63-adab-01b44c4c47b9","value":"Invalid  Credentials"}
&amp#27;[38;5;32m[AndroidUiautomator2Driver@9dc5 (d054bb5d)]&amp#27;[0m Replacing sessionId 7aa4419b-eedd-4f63-adab-01b44c4c47b9 with d054bb5d-cc6b-4a75-ae81-839e8072157f
&amp#27;[38;5;0m[HTTP]&amp#27;[0m &amp#27;[37m<-- GET /session/d054bb5d-cc6b-4a75-ae81-839e8072157f/element/00000000-0000-005c-ffff-ffff0000004d/text &amp#27;[39m&amp#27;[32m200&amp#27;[39m &amp#27;[90m10 ms - 83&amp#27;[39m
&amp#27;[38;5;0m[HTTP]&amp#27;[0m &amp#27;[90m&amp#27;[39m
&amp#27;[38;5;0m[HTTP]&amp#27;[0m &amp#27;[37m-->&amp#27;[39m &amp#27;[37mDELETE&amp#27;[39m &amp#27;[37m/session/d054bb5d-cc6b-4a75-ae81-839e8072157f&amp#27;[39m
&amp#27;[38;5;0m[HTTP]&amp#27;[0m &amp#27;[90m{}&amp#27;[39m
&amp#27;[38;5;32m[AndroidUiautomator2Driver@9dc5 (d054bb5d)]&amp#27;[0m Calling AppiumDriver.deleteSession() with args: ["d054bb5d-cc6b-4a75-ae81-839e8072157f"]
&amp#27;[38;5;16m[AppiumDriver@7bea]&amp#27;[0m Event 'quitSessionRequested' logged at 1706114286770 (18:38:06 GMT+0200 (Eastern European Standard Time))
&amp#27;[38;5;16m[AppiumDriver@7bea]&amp#27;[0m Removing session d054bb5d-cc6b-4a75-ae81-839e8072157f from our master session list
&amp#27;[38;5;32m[AndroidUiautomator2Driver@9dc5 (d054bb5d)]&amp#27;[0m Deleting UiAutomator2 session
&amp#27;[38;5;32m[AndroidUiautomator2Driver@9dc5 (d054bb5d)]&amp#27;[0m Deleting UiAutomator2 server session
&amp#27;[38;5;32m[AndroidUiautomator2Driver@9dc5 (d054bb5d)]&amp#27;[0m Matched '/' to command name 'deleteSession'
&amp#27;[38;5;32m[AndroidUiautomator2Driver@9dc5 (d054bb5d)]&amp#27;[0m Proxying [DELETE /] to [DELETE http://127.0.0.1:8200/session/7aa4419b-eedd-4f63-adab-01b44c4c47b9] with no body
&amp#27;[38;5;32m[AndroidUiautomator2Driver@9dc5 (d054bb5d)]&amp#27;[0m Got response with status 200: {"sessionId":"7aa4419b-eedd-4f63-adab-01b44c4c47b9","value":null}
&amp#27;[38;5;64m[ADB]&amp#27;[0m Running '/Users/ifedun/Library/Android/sdk/platform-tools/adb -P 5037 -s emulator-5554 shell am force-stop com.vodqareactnative'
&amp#27;[38;5;96m[Logcat]&amp#27;[0m Stopping logcat capture
&amp#27;[38;5;64m[ADB]&amp#27;[0m Removing forwarded port socket connection: 8200 
&amp#27;[38;5;64m[ADB]&amp#27;[0m Running '/Users/ifedun/Library/Android/sdk/platform-tools/adb -P 5037 -s emulator-5554 forward --remove tcp:8200'
&amp#27;[38;5;32m[AndroidUiautomator2Driver@9dc5 (d054bb5d)]&amp#27;[0m Restoring hidden api policy to the device default configuration
&amp#27;[38;5;64m[ADB]&amp#27;[0m Running '/Users/ifedun/Library/Android/sdk/platform-tools/adb -P 5037 -s emulator-5554 shell 'settings delete global hidden_api_policy_pre_p_apps;settings delete global hidden_api_policy_p_apps;settings delete global hidden_api_policy''
&amp#27;[38;5;16m[AppiumDriver@7bea]&amp#27;[0m Event 'quitSessionFinished' logged at 1706114287062 (18:38:07 GMT+0200 (Eastern European Standard Time))
&amp#27;[38;5;16m[AppiumDriver@7bea]&amp#27;[0m Received response: null
&amp#27;[38;5;16m[AppiumDriver@7bea]&amp#27;[0m But deleting session, so not returning
&amp#27;[38;5;16m[AppiumDriver@7bea]&amp#27;[0m Responding to client with driver.deleteSession() result: null
&amp#27;[38;5;0m[HTTP]&amp#27;[0m &amp#27;[37m<-- DELETE /session/d054bb5d-cc6b-4a75-ae81-839e8072157f &amp#27;[39m&amp#27;[32m200&amp#27;[39m &amp#27;[90m294 ms - 14&amp#27;[39m
&amp#27;[38;5;0m[HTTP]&amp#27;[0m &amp#27;[90m&amp#27;[39m
]]></system-out>
  </testcase>
  <testcase name="runScenario[&quot;Login with invalid credentials&quot;, &quot;Login&quot;](3)" classname="testsRunner.CucumberRunnerTests" time="18.159">
    <system-out><![CDATA[&amp#27;[35m[Appium]&amp#27;[39m Welcome to Appium v2.4.1
&amp#27;[35m[Appium]&amp#27;[39m The autodetected Appium home path: /Users/ifedun/.appium
&amp#27;[35m[Appium]&amp#27;[39m Attempting to load driver chromium...
&amp#27;[35m[Appium]&amp#27;[39m Attempting to load driver uiautomator2...
&amp#27;[35m[Appium]&amp#27;[39m Requiring driver at /Users/ifedun/.appium/node_modules/appium-chromium-driver/index.js
&amp#27;[35m[Appium]&amp#27;[39m Requiring driver at /Users/ifedun/.appium/node_modules/appium-uiautomator2-driver/build/index.js
&amp#27;[35m[Appium]&amp#27;[39m ChromiumDriver has been successfully loaded in 0.834s
&amp#27;[35m[Appium]&amp#27;[39m AndroidUiautomator2Driver has been successfully loaded in 0.834s
&amp#27;[35m[Appium]&amp#27;[39m Appium REST http interface listener started on http://0.0.0.0:4723
&amp#27;[35m[Appium]&amp#27;[39m You can provide the following URLs in your client code to connect to this server:
&amp#27;[35m[Appium]&amp#27;[39m 	http://127.0.0.1:4723/ (only accessible from the same host)
&amp#27;[35m[Appium]&amp#27;[39m 	http://192.168.0.161:4723/
&amp#27;[35m[Appium]&amp#27;[39m Available drivers:
&amp#27;[35m[Appium]&amp#27;[39m   - chromium@1.3.4 (automationName 'Chromium')
&amp#27;[35m[Appium]&amp#27;[39m   - uiautomator2@2.42.1 (automationName 'UiAutomator2')
&amp#27;[35m[Appium]&amp#27;[39m No plugins have been installed. Use the "appium plugin" command to install the one(s) you want to use.
&amp#27;[38;5;0m[HTTP]&amp#27;[0m &amp#27;[37m-->&amp#27;[39m &amp#27;[37mGET&amp#27;[39m &amp#27;[37m/status&amp#27;[39m
&amp#27;[38;5;0m[HTTP]&amp#27;[0m &amp#27;[90m{}&amp#27;[39m
&amp#27;[38;5;16m[AppiumDriver@225d]&amp#27;[0m Calling AppiumDriver.getStatus() with args: []
&amp#27;[38;5;16m[AppiumDriver@225d]&amp#27;[0m Responding to client with driver.getStatus() result: {"ready":true,"message":"The server is ready to accept new connections","build":{"version":"2.4.1"}}
&amp#27;[38;5;0m[HTTP]&amp#27;[0m &amp#27;[37m<-- GET /status &amp#27;[39m&amp#27;[32m200&amp#27;[39m &amp#27;[90m5 ms - 110&amp#27;[39m
&amp#27;[38;5;0m[HTTP]&amp#27;[0m &amp#27;[90m&amp#27;[39m
&amp#27;[38;5;0m[HTTP]&amp#27;[0m Request idempotency key: 6f358de3-43c7-4ddd-bd5c-06fda3aa2148
&amp#27;[38;5;0m[HTTP]&amp#27;[0m &amp#27;[37m-->&amp#27;[39m &amp#27;[37mPOST&amp#27;[39m &amp#27;[37m/session&amp#27;[39m
&amp#27;[38;5;0m[HTTP]&amp#27;[0m &amp#27;[90m{"capabilities":{"firstMatch":[{}],"alwaysMatch":{"appium:app":"src/test/apks/appiumChallenge.apk","appium:autoGrantPermissions":true,"appium:automationName":"UIAutomator2","appium:udid":"emulator-5554","platformName":"ANDROID"}}}&amp#27;[39m
&amp#27;[38;5;16m[AppiumDriver@225d]&amp#27;[0m Calling AppiumDriver.createSession() with args: [null,null,{"firstMatch":[{}],"alwaysMatch":{"appium:app":"src/test/apks/appiumChallenge.apk","appium:autoGrantPermissions":true,"appium:automationName":"UIAutomator2","appium:udid":"emulator-5554","platformName":"ANDROID"}}]
&amp#27;[38;5;16m[AppiumDriver@225d]&amp#27;[0m Event 'newSessionRequested' logged at 1706114293555 (18:38:13 GMT+0200 (Eastern European Standard Time))
&amp#27;[35m[Appium]&amp#27;[39m Attempting to find matching driver for automationName 'UIAutomator2' and platformName 'ANDROID'
&amp#27;[35m[Appium]&amp#27;[39m The 'uiautomator2' driver was installed and matched caps.
&amp#27;[35m[Appium]&amp#27;[39m Will require it at /Users/ifedun/.appium/node_modules/appium-uiautomator2-driver
&amp#27;[35m[Appium]&amp#27;[39m Requiring driver at /Users/ifedun/.appium/node_modules/appium-uiautomator2-driver/build/index.js
&amp#27;[38;5;16m[AppiumDriver@225d]&amp#27;[0m Appium v2.4.1 creating new AndroidUiautomator2Driver (v2.42.1) session
&amp#27;[38;5;16m[AppiumDriver@225d]&amp#27;[0m Checking BaseDriver versions for Appium and AndroidUiautomator2Driver
&amp#27;[38;5;16m[AppiumDriver@225d]&amp#27;[0m Appium's BaseDriver version is 9.5.0
&amp#27;[38;5;16m[AppiumDriver@225d]&amp#27;[0m AndroidUiautomator2Driver's BaseDriver version is 9.5.0
&amp#27;[38;5;32m[AndroidUiautomator2Driver@ac63]&amp#27;[0m Creating session with W3C capabilities: {
&amp#27;[38;5;32m[AndroidUiautomator2Driver@ac63]&amp#27;[0m   "alwaysMatch": {
&amp#27;[38;5;32m[AndroidUiautomator2Driver@ac63]&amp#27;[0m     "platformName": "ANDROID",
&amp#27;[38;5;32m[AndroidUiautomator2Driver@ac63]&amp#27;[0m     "appium:app": "src/test/apks/appiumChallenge.apk",
&amp#27;[38;5;32m[AndroidUiautomator2Driver@ac63]&amp#27;[0m     "appium:autoGrantPermissions": true,
&amp#27;[38;5;32m[AndroidUiautomator2Driver@ac63]&amp#27;[0m     "appium:automationName": "UIAutomator2",
&amp#27;[38;5;32m[AndroidUiautomator2Driver@ac63]&amp#27;[0m     "appium:udid": "emulator-5554"
&amp#27;[38;5;32m[AndroidUiautomator2Driver@ac63]&amp#27;[0m   },
&amp#27;[38;5;32m[AndroidUiautomator2Driver@ac63]&amp#27;[0m   "firstMatch": [
&amp#27;[38;5;32m[AndroidUiautomator2Driver@ac63]&amp#27;[0m     {}
&amp#27;[38;5;32m[AndroidUiautomator2Driver@ac63]&amp#27;[0m   ]
&amp#27;[38;5;32m[AndroidUiautomator2Driver@ac63]&amp#27;[0m }
&amp#27;[38;5;32m[AndroidUiautomator2Driver@ac63 (949204df)]&amp#27;[0m Session created with session id: 949204df-a5f7-46f3-9f37-a32af57df12b
&amp#27;[38;5;48m[BaseDriver]&amp#27;[0m Using local app 'src/test/apks/appiumChallenge.apk'
&amp#27;[38;5;48m[BaseDriver]&amp#27;[0m The current application path 'src/test/apks/appiumChallenge.apk' is not absolute and has been rewritten to '/Users/ifedun/wpp_be_automation/NortalTask/src/test/apks/appiumChallenge.apk'. Consider using absolute paths rather than relative
&amp#27;[38;5;32m[AndroidUiautomator2Driver@ac63 (949204df)]&amp#27;[0m Checking whether app is actually present
&amp#27;[38;5;64m[ADB]&amp#27;[0m Found 1 'build-tools' folders under '/Users/ifedun/Library/Android/sdk' (newest first):
&amp#27;[38;5;64m[ADB]&amp#27;[0m     /Users/ifedun/Library/Android/sdk/build-tools/34.0.0
&amp#27;[38;5;64m[ADB]&amp#27;[0m Using 'adb' from '/Users/ifedun/Library/Android/sdk/platform-tools/adb'
&amp#27;[38;5;64m[ADB]&amp#27;[0m Running '/Users/ifedun/Library/Android/sdk/platform-tools/adb -P 5037 start-server'
&amp#27;[38;5;80m[AndroidDriver]&amp#27;[0m Retrieving device list
&amp#27;[38;5;64m[ADB]&amp#27;[0m Trying to find connected Android devices
&amp#27;[38;5;64m[ADB]&amp#27;[0m Getting connected devices
&amp#27;[38;5;64m[ADB]&amp#27;[0m Connected devices: [{"udid":"emulator-5554","state":"device"}]
&amp#27;[38;5;80m[AndroidDriver]&amp#27;[0m Using device: emulator-5554
&amp#27;[38;5;64m[ADB]&amp#27;[0m Using 'adb' from '/Users/ifedun/Library/Android/sdk/platform-tools/adb'
&amp#27;[38;5;64m[ADB]&amp#27;[0m Running '/Users/ifedun/Library/Android/sdk/platform-tools/adb -P 5037 start-server'
&amp#27;[38;5;64m[ADB]&amp#27;[0m Setting device id to emulator-5554
&amp#27;[38;5;64m[ADB]&amp#27;[0m Running '/Users/ifedun/Library/Android/sdk/platform-tools/adb -P 5037 -s emulator-5554 shell getprop ro.build.version.sdk'
&amp#27;[38;5;64m[ADB]&amp#27;[0m Current device property 'ro.build.version.sdk': 28
&amp#27;[38;5;64m[ADB]&amp#27;[0m Getting device platform version
&amp#27;[38;5;64m[ADB]&amp#27;[0m Running '/Users/ifedun/Library/Android/sdk/platform-tools/adb -P 5037 -s emulator-5554 shell getprop ro.build.version.release'
&amp#27;[38;5;64m[ADB]&amp#27;[0m Current device property 'ro.build.version.release': 9
&amp#27;[38;5;64m[ADB]&amp#27;[0m Device API level: 28
&amp#27;[38;5;32m[AndroidUiautomator2Driver@ac63 (949204df)]&amp#27;[0m Relaxing hidden api policy
&amp#27;[38;5;64m[ADB]&amp#27;[0m Running '/Users/ifedun/Library/Android/sdk/platform-tools/adb -P 5037 -s emulator-5554 shell 'settings put global hidden_api_policy_pre_p_apps 1;settings put global hidden_api_policy_p_apps 1;settings put global hidden_api_policy 1''
&amp#27;[38;5;80m[AndroidDriver]&amp#27;[0m Parsing package and activity from app manifest
&amp#27;[38;5;64m[ADB]&amp#27;[0m Package name: 'com.vodqareactnative'
&amp#27;[38;5;64m[ADB]&amp#27;[0m Main activity name: 'com.vodqareactnative.MainActivity'
&amp#27;[38;5;80m[AndroidDriver]&amp#27;[0m Parsed package and activity are: com.vodqareactnative/com.vodqareactnative.MainActivity
&amp#27;[38;5;64m[ADB]&amp#27;[0m Running '/Users/ifedun/Library/Android/sdk/platform-tools/adb -P 5037 -s emulator-5554 wait-for-device'
&amp#27;[38;5;64m[ADB]&amp#27;[0m Running '/Users/ifedun/Library/Android/sdk/platform-tools/adb -P 5037 -s emulator-5554 shell echo ping'
&amp#27;[38;5;80m[AndroidDriver]&amp#27;[0m Pushing settings apk to device...
&amp#27;[38;5;64m[ADB]&amp#27;[0m Getting package info for 'io.appium.settings'
&amp#27;[38;5;64m[ADB]&amp#27;[0m Running '/Users/ifedun/Library/Android/sdk/platform-tools/adb -P 5037 -s emulator-5554 shell dumpsys package io.appium.settings'
&amp#27;[38;5;64m[ADB]&amp#27;[0m The version name of the installed 'io.appium.settings' is greater or equal to the application version name ('5.7.2' >= '5.7.2')
&amp#27;[38;5;64m[ADB]&amp#27;[0m There is no need to install/upgrade '/Users/ifedun/.appium/node_modules/appium-uiautomator2-driver/node_modules/io.appium.settings/apks/settings_apk-debug.apk'
&amp#27;[38;5;64m[ADB]&amp#27;[0m Running '/Users/ifedun/Library/Android/sdk/platform-tools/adb -P 5037 -s emulator-5554 shell dumpsys activity services io.appium.settings'
&amp#27;[38;5;80m[AndroidDriver]&amp#27;[0m io.appium.settings is already running. There is no need to reset its permissions.
&amp#27;[38;5;96m[Logcat]&amp#27;[0m Starting logs capture with command: /Users/ifedun/Library/Android/sdk/platform-tools/adb -P 5037 -s emulator-5554 logcat -v threadtime
&amp#27;[38;5;32m[AndroidUiautomator2Driver@ac63 (949204df)]&amp#27;[0m Forwarding UiAutomator2 Server port 6790 to local port 8200
&amp#27;[38;5;64m[ADB]&amp#27;[0m Forwarding system: 8200 to device: 6790
&amp#27;[38;5;64m[ADB]&amp#27;[0m Running '/Users/ifedun/Library/Android/sdk/platform-tools/adb -P 5037 -s emulator-5554 forward tcp:8200 tcp:6790'
&amp#27;[38;5;64m[ADB]&amp#27;[0m Checking app cert for /Users/ifedun/.appium/node_modules/appium-uiautomator2-driver/node_modules/appium-uiautomator2-server/apks/appium-uiautomator2-server-v6.0.3.apk
&amp#27;[38;5;64m[ADB]&amp#27;[0m Checking app cert for /Users/ifedun/.appium/node_modules/appium-uiautomator2-driver/node_modules/appium-uiautomator2-server/apks/appium-uiautomator2-server-debug-androidTest.apk
&amp#27;[38;5;64m[ADB]&amp#27;[0m Using 'apksigner.jar' from '/Users/ifedun/Library/Android/sdk/build-tools/34.0.0/lib/apksigner.jar'
&amp#27;[38;5;64m[ADB]&amp#27;[0m Starting apksigner: /Users/ifedun/Library/Java/JavaVirtualMachines/corretto-11.0.12/Contents/Home/bin/java -Xmx1024M -Xss1m -jar /Users/ifedun/Library/Android/sdk/build-tools/34.0.0/lib/apksigner.jar verify --print-certs /Users/ifedun/.appium/node_modules/appium-uiautomator2-driver/node_modules/appium-uiautomator2-server/apks/appium-uiautomator2-server-debug-androidTest.apk
&amp#27;[38;5;64m[ADB]&amp#27;[0m Starting apksigner: /Users/ifedun/Library/Java/JavaVirtualMachines/corretto-11.0.12/Contents/Home/bin/java -Xmx1024M -Xss1m -jar /Users/ifedun/Library/Android/sdk/build-tools/34.0.0/lib/apksigner.jar verify --print-certs /Users/ifedun/.appium/node_modules/appium-uiautomator2-driver/node_modules/appium-uiautomator2-server/apks/appium-uiautomator2-server-v6.0.3.apk
&amp#27;[38;5;64m[ADB]&amp#27;[0m apksigner stdout: Signer #1 certificate DN: EMAILADDRESS=android@android.com, CN=Android, OU=Android, O=Android, L=Mountain View, ST=California, C=US
&amp#27;[38;5;64m[ADB]&amp#27;[0m Signer #1 certificate SHA-256 digest: a40da80a59d170caa950cf15c18c454d47a39b26989d8b640ecd745ba71bf5dc
&amp#27;[38;5;64m[ADB]&amp#27;[0m Signer #1 certificate SHA-1 digest: 61ed377e85d386a8dfee6b864bd85b0bfaa5af81
&amp#27;[38;5;64m[ADB]&amp#27;[0m Signer #1 certificate MD5 digest: e89b158e4bcf988ebd09eb83f5378e87
&amp#27;[38;5;64m[ADB]&amp#27;[0m 
&amp#27;[38;5;64m[ADB]&amp#27;[0m sha256 hash did match for 'appium-uiautomator2-server-debug-androidTest.apk'
&amp#27;[38;5;64m[ADB]&amp#27;[0m '/Users/ifedun/.appium/node_modules/appium-uiautomator2-driver/node_modules/appium-uiautomator2-server/apks/appium-uiautomator2-server-debug-androidTest.apk' is signed with the default certificate
&amp#27;[38;5;64m[ADB]&amp#27;[0m Getting install status for io.appium.uiautomator2.server.test
&amp#27;[38;5;64m[ADB]&amp#27;[0m Running '/Users/ifedun/Library/Android/sdk/platform-tools/adb -P 5037 -s emulator-5554 shell pm path io.appium.uiautomator2.server.test'
&amp#27;[38;5;64m[ADB]&amp#27;[0m 'io.appium.uiautomator2.server.test' is installed
&amp#27;[38;5;64m[ADB]&amp#27;[0m apksigner stdout: Signer #1 certificate DN: EMAILADDRESS=android@android.com, CN=Android, OU=Android, O=Android, L=Mountain View, ST=California, C=US
&amp#27;[38;5;64m[ADB]&amp#27;[0m Signer #1 certificate SHA-256 digest: a40da80a59d170caa950cf15c18c454d47a39b26989d8b640ecd745ba71bf5dc
&amp#27;[38;5;64m[ADB]&amp#27;[0m Signer #1 certificate SHA-1 digest: 61ed377e85d386a8dfee6b864bd85b0bfaa5af81
&amp#27;[38;5;64m[ADB]&amp#27;[0m Signer #1 certificate MD5 digest: e89b158e4bcf988ebd09eb83f5378e87
&amp#27;[38;5;64m[ADB]&amp#27;[0m 
&amp#27;[38;5;64m[ADB]&amp#27;[0m sha256 hash did match for 'appium-uiautomator2-server-v6.0.3.apk'
&amp#27;[38;5;64m[ADB]&amp#27;[0m '/Users/ifedun/.appium/node_modules/appium-uiautomator2-driver/node_modules/appium-uiautomator2-server/apks/appium-uiautomator2-server-v6.0.3.apk' is signed with the default certificate
&amp#27;[38;5;64m[ADB]&amp#27;[0m Getting package info for 'io.appium.uiautomator2.server'
&amp#27;[38;5;64m[ADB]&amp#27;[0m Running '/Users/ifedun/Library/Android/sdk/platform-tools/adb -P 5037 -s emulator-5554 shell dumpsys package io.appium.uiautomator2.server'
&amp#27;[38;5;64m[ADB]&amp#27;[0m The version name of the installed 'io.appium.uiautomator2.server' is greater or equal to the application version name ('6.0.3' >= '6.0.3')
&amp#27;[38;5;32m[AndroidUiautomator2Driver@ac63 (949204df)]&amp#27;[0m Server packages status: [{"wasSigned":true,"installState":"sameVersionInstalled","appPath":"/Users/ifedun/.appium/node_modules/appium-uiautomator2-driver/node_modules/appium-uiautomator2-server/apks/appium-uiautomator2-server-v6.0.3.apk","appId":"io.appium.uiautomator2.server"},{"wasSigned":true,"installState":"sameVersionInstalled","appPath":"/Users/ifedun/.appium/node_modules/appium-uiautomator2-driver/node_modules/appium-uiautomator2-server/apks/appium-uiautomator2-server-debug-androidTest.apk","appId":"io.appium.uiautomator2.server.test"}]
&amp#27;[38;5;32m[AndroidUiautomator2Driver@ac63 (949204df)]&amp#27;[0m Server packages are not going to be (re)installed
&amp#27;[38;5;32m[AndroidUiautomator2Driver@ac63 (949204df)]&amp#27;[0m Waiting up to 30000ms for services to be available
&amp#27;[38;5;64m[ADB]&amp#27;[0m Running '/Users/ifedun/Library/Android/sdk/platform-tools/adb -P 5037 -s emulator-5554 shell pm list instrumentation'
&amp#27;[38;5;32m[AndroidUiautomator2Driver@ac63 (949204df)]&amp#27;[0m Instrumentation target 'io.appium.uiautomator2.server.test/androidx.test.runner.AndroidJUnitRunner' is available
&amp#27;[38;5;64m[ADB]&amp#27;[0m Adding packages ["io.appium.settings","io.appium.uiautomator2.server","io.appium.uiautomator2.server.test"] to Doze whitelist
&amp#27;[38;5;64m[ADB]&amp#27;[0m Got the following command chunks to execute: [["dumpsys","deviceidle","whitelist","+io.appium.settings",";","dumpsys","deviceidle","whitelist","+io.appium.uiautomator2.server",";","dumpsys","deviceidle","whitelist","+io.appium.uiautomator2.server.test",";"]]
&amp#27;[38;5;64m[ADB]&amp#27;[0m Running '/Users/ifedun/Library/Android/sdk/platform-tools/adb -P 5037 -s emulator-5554 shell dumpsys deviceidle whitelist +io.appium.settings ; dumpsys deviceidle whitelist +io.appium.uiautomator2.server ; dumpsys deviceidle whitelist +io.appium.uiautomator2.server.test ;'
&amp#27;[38;5;64m[ADB]&amp#27;[0m Checking app cert for /Users/ifedun/wpp_be_automation/NortalTask/src/test/apks/appiumChallenge.apk
&amp#27;[38;5;64m[ADB]&amp#27;[0m Starting apksigner: /Users/ifedun/Library/Java/JavaVirtualMachines/corretto-11.0.12/Contents/Home/bin/java -Xmx1024M -Xss1m -jar /Users/ifedun/Library/Android/sdk/build-tools/34.0.0/lib/apksigner.jar verify --print-certs /Users/ifedun/wpp_be_automation/NortalTask/src/test/apks/appiumChallenge.apk
&amp#27;[38;5;64m[ADB]&amp#27;[0m apksigner stdout: Signer #1 certificate DN: EMAILADDRESS=android@android.com, CN=Android, OU=Android, O=Android, L=Mountain View, ST=California, C=US
&amp#27;[38;5;64m[ADB]&amp#27;[0m Signer #1 certificate SHA-256 digest: a40da80a59d170caa950cf15c18c454d47a39b26989d8b640ecd745ba71bf5dc
&amp#27;[38;5;64m[ADB]&amp#27;[0m Signer #1 certificate SHA-1 digest: 61ed377e85d386a8dfee6b864bd85b0bfaa5af81
&amp#27;[38;5;64m[ADB]&amp#27;[0m Signer #1 certificate MD5 digest: e89b158e4bcf988ebd09eb83f5378e87
&amp#27;[38;5;64m[ADB]&amp#27;[0m 
&amp#27;[38;5;64m[ADB]&amp#27;[0m sha256 hash did match for 'appiumChallenge.apk'
&amp#27;[38;5;64m[ADB]&amp#27;[0m '/Users/ifedun/wpp_be_automation/NortalTask/src/test/apks/appiumChallenge.apk' is signed with the default certificate
&amp#27;[38;5;64m[ADB]&amp#27;[0m Getting package info for 'com.vodqareactnative'
&amp#27;[38;5;64m[ADB]&amp#27;[0m Running '/Users/ifedun/Library/Android/sdk/platform-tools/adb -P 5037 -s emulator-5554 shell dumpsys package com.vodqareactnative'
&amp#27;[38;5;64m[ADB]&amp#27;[0m The version name of the installed 'com.vodqareactnative' is greater or equal to the application version name ('1.0.0' >= '1.0.0')
&amp#27;[38;5;64m[ADB]&amp#27;[0m There is no need to install/upgrade '/Users/ifedun/wpp_be_automation/NortalTask/src/test/apks/appiumChallenge.apk'
&amp#27;[38;5;80m[AndroidDriver]&amp#27;[0m Performing fast reset on 'com.vodqareactnative'
&amp#27;[38;5;64m[ADB]&amp#27;[0m Getting install status for com.vodqareactnative
&amp#27;[38;5;64m[ADB]&amp#27;[0m Running '/Users/ifedun/Library/Android/sdk/platform-tools/adb -P 5037 -s emulator-5554 shell pm path com.vodqareactnative'
&amp#27;[38;5;64m[ADB]&amp#27;[0m 'com.vodqareactnative' is installed
&amp#27;[38;5;64m[ADB]&amp#27;[0m Running '/Users/ifedun/Library/Android/sdk/platform-tools/adb -P 5037 -s emulator-5554 shell am force-stop com.vodqareactnative'
&amp#27;[38;5;64m[ADB]&amp#27;[0m Running '/Users/ifedun/Library/Android/sdk/platform-tools/adb -P 5037 -s emulator-5554 shell pm clear com.vodqareactnative'
&amp#27;[38;5;64m[ADB]&amp#27;[0m Running '/Users/ifedun/Library/Android/sdk/platform-tools/adb -P 5037 -s emulator-5554 shell dumpsys package com.vodqareactnative'
&amp#27;[38;5;64m[ADB]&amp#27;[0m It is only possible to grant permissions in runtime for apps whose targetSdkVersion in the manifest is set to 23 or above. The current com.vodqareactnative targetSdkVersion is 22.
&amp#27;[38;5;80m[AndroidDriver]&amp#27;[0m Performed fast reset on the installed 'com.vodqareactnative' application (stop and clear)
&amp#27;[38;5;32m[AndroidUiautomator2Driver@ac63 (949204df)]&amp#27;[0m Performing shallow cleanup of automation leftovers
&amp#27;[38;5;32m[AndroidUiautomator2Driver@ac63 (949204df)]&amp#27;[0m No obsolete sessions have been detected (socket hang up)
&amp#27;[38;5;64m[ADB]&amp#27;[0m Running '/Users/ifedun/Library/Android/sdk/platform-tools/adb -P 5037 -s emulator-5554 shell am force-stop io.appium.uiautomator2.server.test'
&amp#27;[38;5;32m[AndroidUiautomator2Driver@ac63 (949204df)]&amp#27;[0m Starting UIAutomator2 server 6.0.3
&amp#27;[38;5;32m[AndroidUiautomator2Driver@ac63 (949204df)]&amp#27;[0m Using UIAutomator2 server from '/Users/ifedun/.appium/node_modules/appium-uiautomator2-driver/node_modules/appium-uiautomator2-server/apks/appium-uiautomator2-server-v6.0.3.apk' and test from '/Users/ifedun/.appium/node_modules/appium-uiautomator2-driver/node_modules/appium-uiautomator2-server/apks/appium-uiautomator2-server-debug-androidTest.apk'
&amp#27;[38;5;32m[AndroidUiautomator2Driver@ac63 (949204df)]&amp#27;[0m Waiting up to 30000ms for UiAutomator2 to be online...
&amp#27;[38;5;64m[ADB]&amp#27;[0m Creating ADB subprocess with args: ["-P","5037","-s","emulator-5554","shell","am","instrument","-w","-e","disableAnalytics","true","io.appium.uiautomator2.server.test/androidx.test.runner.AndroidJUnitRunner"]
&amp#27;[38;5;32m[AndroidUiautomator2Driver@ac63 (949204df)]&amp#27;[0m Matched '/status' to command name 'getStatus'
&amp#27;[38;5;32m[AndroidUiautomator2Driver@ac63 (949204df)]&amp#27;[0m Proxying [GET /status] to [GET http://127.0.0.1:8200/status] with no body
&amp#27;[38;5;32m[AndroidUiautomator2Driver@ac63 (949204df)]&amp#27;[0m socket hang up
&amp#27;[38;5;112m[Instrumentation]&amp#27;[0m io.appium.uiautomator2.server.test.AppiumUiAutomator2Server:
&amp#27;[38;5;32m[AndroidUiautomator2Driver@ac63 (949204df)]&amp#27;[0m Matched '/status' to command name 'getStatus'
&amp#27;[38;5;32m[AndroidUiautomator2Driver@ac63 (949204df)]&amp#27;[0m Proxying [GET /status] to [GET http://127.0.0.1:8200/status] with no body
&amp#27;[38;5;32m[AndroidUiautomator2Driver@ac63 (949204df)]&amp#27;[0m socket hang up
&amp#27;[38;5;32m[AndroidUiautomator2Driver@ac63 (949204df)]&amp#27;[0m Matched '/status' to command name 'getStatus'
&amp#27;[38;5;32m[AndroidUiautomator2Driver@ac63 (949204df)]&amp#27;[0m Proxying [GET /status] to [GET http://127.0.0.1:8200/status] with no body
&amp#27;[38;5;32m[AndroidUiautomator2Driver@ac63 (949204df)]&amp#27;[0m Got response with status 200: {"sessionId":"None","value":{"message":"UiAutomator2 Server is ready to accept commands","ready":true}}
&amp#27;[38;5;32m[AndroidUiautomator2Driver@ac63 (949204df)]&amp#27;[0m The initialization of the instrumentation process took 2076ms
&amp#27;[38;5;32m[AndroidUiautomator2Driver@ac63 (949204df)]&amp#27;[0m Matched '/session' to command name 'createSession'
&amp#27;[38;5;32m[AndroidUiautomator2Driver@ac63 (949204df)]&amp#27;[0m Proxying [POST /session] to [POST http://127.0.0.1:8200/session] with body: {"capabilities":{"firstMatch":[{"platformName":"ANDROID","app":"src/test/apks/appiumChallenge.apk","autoGrantPermissions":true,"automationName":"UIAutomator2","udid":"emulator-5554","platform":"LINUX","webStorageEnabled":false,"takesScreenshot":true,"javascriptEnabled":true,"databaseEnabled":false,"networkConnectionEnabled":true,"locationContextEnabled":false,"warnings":{},"desired":{"platformName":"ANDROID","app":"src/test/apks/appiumChallenge.apk","autoGrantPermissions":true,"automationName":"UIAutomator2","udid":"emulator-5554"},"deviceName":"emulator-5554","deviceUDID":"emulator-5554","appPackage":"com.vodqareactnative"}],"alwaysMatch":{}}}
&amp#27;[38;5;32m[AndroidUiautomator2Driver@ac63 (949204df)]&amp#27;[0m Got response with status 200: {"sessionId":"a8b62ff1-d626-4101-b6d7-79cb4f140cb2","value":{"capabilities":{"firstMatch":[{"platformName":"ANDROID","app":"src/test/apks/appiumChallenge.apk","autoGrantPermissions":true,"automationName":"UIAutomator2","udid":"emulator-5554","platform":"LINUX","webStorageEnabled":false,"takesScreenshot":true,"javascriptEnabled":true,"databaseEnabled":false,"networkConnectionEnabled":true,"locationContextEnabled":false,"warnings":{},"desired":{"platformName":"ANDROID","app":"src/test/apks/appiumChallenge.apk","autoGrantPermissions":true,"automationName":"UIAutomator2","udid":"emulator-5554"},"deviceName":"emulator-5554","deviceUDID":"emulator-5554","appPackage":"com.vodqareactnative"}],"alwaysMatch":{}},"sessionId":"a8b62ff1-d626-4101-b6d7-79cb4f140cb2"}}
&amp#27;[38;5;32m[AndroidUiautomator2Driver@ac63 (949204df)]&amp#27;[0m Determined the downstream protocol as 'W3C'
&amp#27;[38;5;32m[AndroidUiautomator2Driver@ac63 (949204df)]&amp#27;[0m Proxying [GET /appium/device/pixel_ratio] to [GET http://127.0.0.1:8200/session/a8b62ff1-d626-4101-b6d7-79cb4f140cb2/appium/device/pixel_ratio] with no body
&amp#27;[38;5;32m[AndroidUiautomator2Driver@ac63 (949204df)]&amp#27;[0m Matched '/appium/device/system_bars' to command name 'getSystemBars'
&amp#27;[38;5;32m[AndroidUiautomator2Driver@ac63 (949204df)]&amp#27;[0m Proxying [GET /appium/device/system_bars] to [GET http://127.0.0.1:8200/session/a8b62ff1-d626-4101-b6d7-79cb4f140cb2/appium/device/system_bars] with no body
&amp#27;[38;5;32m[AndroidUiautomator2Driver@ac63 (949204df)]&amp#27;[0m Matched '/window/current/size' to command name 'getWindowSize'
&amp#27;[38;5;32m[AndroidUiautomator2Driver@ac63 (949204df)]&amp#27;[0m Proxying [GET /window/current/size] to [GET http://127.0.0.1:8200/session/a8b62ff1-d626-4101-b6d7-79cb4f140cb2/window/current/size] with no body
&amp#27;[38;5;32m[AndroidUiautomator2Driver@ac63 (949204df)]&amp#27;[0m Proxying [GET /appium/device/info] to [GET http://127.0.0.1:8200/session/a8b62ff1-d626-4101-b6d7-79cb4f140cb2/appium/device/info] with no body
&amp#27;[38;5;64m[ADB]&amp#27;[0m Running '/Users/ifedun/Library/Android/sdk/platform-tools/adb -P 5037 -s emulator-5554 shell dumpsys window'
&amp#27;[38;5;32m[AndroidUiautomator2Driver@ac63 (949204df)]&amp#27;[0m Got response with status 200: {"sessionId":"a8b62ff1-d626-4101-b6d7-79cb4f140cb2","value":2.75}
&amp#27;[38;5;32m[AndroidUiautomator2Driver@ac63 (949204df)]&amp#27;[0m Got response with status 200: {"sessionId":"a8b62ff1-d626-4101-b6d7-79cb4f140cb2","value":{"height":2220,"width":1080}}
&amp#27;[38;5;32m[AndroidUiautomator2Driver@ac63 (949204df)]&amp#27;[0m Got response with status 200: {"sessionId":"a8b62ff1-d626-4101-b6d7-79cb4f140cb2","value":{"statusBar":66}}
&amp#27;[38;5;32m[AndroidUiautomator2Driver@ac63 (949204df)]&amp#27;[0m Got response with status 200: {"sessionId":"a8b62ff1-d626-4101-b6d7-79cb4f140cb2","value":{"androidId":"91b20a27cffd1bd7","apiVersion":"28","bluetooth":null,"brand":"google","carrierName":"Android","displayDensity":440,"locale":"en_US","manufacturer":"Google","model":"AOSP on IA Emulator","networks":[{"capabilities":{"SSID":null,"linkDownBandwidthKbps":102400,"linkUpstreamBandwidthKbps":51200,"networkCapabilities":"NET_CAPABILITY_MMS,NET_CAPABILITY_SUPL,NET_CAPABILITY_DUN,NET_CAPABILITY_FOTA,NET_CAPABILITY_IMS,NET_CAPABILITY_CBS,NET_CAPABILITY_IA,NET_CAPABILITY_INTERNET,NET_CAPABILITY_NOT_RESTRICTED,NET_CAPABILITY_TRUSTED,NET_CAPABILITY_NOT_VPN,NET_CAPABILITY_VALIDATED,NET_CAPABILITY_NOT_ROAMING,NET_CAPABILITY_NOT_CONGESTED,NET_CAPABILITY_NOT_SUSPENDED","signalStrength":-2147483648,"transportTypes":"TRANSPORT_CELLULAR"},"detailedState":"CONNECTED","extraInfo":"epc.tmobile.com","isAvailable":true,"isConnected":true,"isFailover":false,"isRoaming":false,"state":"CONNECTED","subtype":13,"subtypeName":"LTE","type":0,"typeName":"MOBILE"},{"c...
&amp#27;[38;5;80m[AndroidDriver]&amp#27;[0m Screen already unlocked, doing nothing
&amp#27;[38;5;32m[AndroidUiautomator2Driver@ac63 (949204df)]&amp#27;[0m Starting 'com.vodqareactnative/com.vodqareactnative.MainActivity and waiting for 'com.vodqareactnative/com.vodqareactnative.MainActivity'
&amp#27;[38;5;64m[ADB]&amp#27;[0m Running '/Users/ifedun/Library/Android/sdk/platform-tools/adb -P 5037 -s emulator-5554 shell am start -W -n com.vodqareactnative/com.vodqareactnative.MainActivity -S -a android.intent.action.MAIN -c android.intent.category.LAUNCHER -f 0x10200000'
&amp#27;[38;5;64m[ADB]&amp#27;[0m Waiting up to 20000ms for activity matching pkg: 'com.vodqareactnative' and activity: 'com.vodqareactnative.MainActivity' to be focused
&amp#27;[38;5;64m[ADB]&amp#27;[0m Possible activities, to be checked: 'com.vodqareactnative.MainActivity', 'com.vodqareactnative.com.vodqareactnative.MainActivity'
&amp#27;[38;5;64m[ADB]&amp#27;[0m Getting focused package and activity
&amp#27;[38;5;64m[ADB]&amp#27;[0m Running '/Users/ifedun/Library/Android/sdk/platform-tools/adb -P 5037 -s emulator-5554 shell dumpsys window windows'
&amp#27;[38;5;64m[ADB]&amp#27;[0m Found package: 'com.vodqareactnative' and fully qualified activity name : 'com.vodqareactnative.MainActivity'
&amp#27;[38;5;16m[AppiumDriver@225d]&amp#27;[0m New AndroidUiautomator2Driver session created successfully, session 949204df-a5f7-46f3-9f37-a32af57df12b added to master session list
&amp#27;[38;5;16m[AppiumDriver@225d]&amp#27;[0m Event 'newSessionStarted' logged at 1706114299273 (18:38:19 GMT+0200 (Eastern European Standard Time))
&amp#27;[38;5;32m[AndroidUiautomator2Driver@ac63 (949204df)]&amp#27;[0m Cached the protocol value 'W3C' for the new session 949204df-a5f7-46f3-9f37-a32af57df12b
&amp#27;[38;5;32m[AndroidUiautomator2Driver@ac63 (949204df)]&amp#27;[0m Responding to client with driver.createSession() result: {"capabilities":{"platformName":"ANDROID","app":"src/test/apks/appiumChallenge.apk","autoGrantPermissions":true,"automationName":"UIAutomator2","udid":"emulator-5554","platform":"LINUX","webStorageEnabled":false,"takesScreenshot":true,"javascriptEnabled":true,"databaseEnabled":false,"networkConnectionEnabled":true,"locationContextEnabled":false,"warnings":{},"desired":{"platformName":"ANDROID","app":"src/test/apks/appiumChallenge.apk","autoGrantPermissions":true,"automationName":"UIAutomator2","udid":"emulator-5554"},"deviceName":"emulator-5554","deviceUDID":"emulator-5554","appPackage":"com.vodqareactnative","pixelRatio":"2.75","statBarHeight":66,"viewportRect":{"left":0,"top":66,"width":1080,"height":2154},"deviceApiLevel":28,"platformVersion":"9","deviceManufacturer":"Google","deviceModel":"AOSP on IA Emulator","deviceScreenSize":"1080x2220","deviceScreenDensity":440}}
&amp#27;[38;5;0m[HTTP]&amp#27;[0m &amp#27;[37m<-- POST /session &amp#27;[39m&amp#27;[32m200&amp#27;[39m &amp#27;[90m5719 ms - 945&amp#27;[39m
&amp#27;[38;5;0m[HTTP]&amp#27;[0m &amp#27;[90m&amp#27;[39m
&amp#27;[38;5;0m[HTTP]&amp#27;[0m &amp#27;[37m-->&amp#27;[39m &amp#27;[37mPOST&amp#27;[39m &amp#27;[37m/session/949204df-a5f7-46f3-9f37-a32af57df12b/element&amp#27;[39m
&amp#27;[38;5;0m[HTTP]&amp#27;[0m &amp#27;[90m{"using":"xpath","value":"//android.widget.Button"}&amp#27;[39m
&amp#27;[38;5;32m[AndroidUiautomator2Driver@ac63 (949204df)]&amp#27;[0m Calling AppiumDriver.findElement() with args: ["xpath","//android.widget.Button","949204df-a5f7-46f3-9f37-a32af57df12b"]
&amp#27;[38;5;32m[AndroidUiautomator2Driver@ac63 (949204df)]&amp#27;[0m Valid locator strategies for this request: xpath, id, class name, accessibility id, css selector, -android uiautomator
&amp#27;[38;5;32m[AndroidUiautomator2Driver@ac63 (949204df)]&amp#27;[0m Waiting up to 0 ms for condition
&amp#27;[38;5;32m[AndroidUiautomator2Driver@ac63 (949204df)]&amp#27;[0m Matched '/element' to command name 'findElement'
&amp#27;[38;5;32m[AndroidUiautomator2Driver@ac63 (949204df)]&amp#27;[0m Proxying [POST /element] to [POST http://127.0.0.1:8200/session/a8b62ff1-d626-4101-b6d7-79cb4f140cb2/element] with body: {"strategy":"xpath","selector":"//android.widget.Button","context":"","multiple":false}
&amp#27;[38;5;32m[AndroidUiautomator2Driver@ac63 (949204df)]&amp#27;[0m Got response with status 200: {"sessionId":"a8b62ff1-d626-4101-b6d7-79cb4f140cb2","value":{"ELEMENT":"00000000-0000-0065-ffff-ffff00000040","element-6066-11e4-a52e-4f735466cecf":"00000000-0000-0065-ffff-ffff00000040"}}
&amp#27;[38;5;32m[AndroidUiautomator2Driver@ac63 (949204df)]&amp#27;[0m Responding to client with driver.findElement() result: {"element-6066-11e4-a52e-4f735466cecf":"00000000-0000-0065-ffff-ffff00000040","ELEMENT":"00000000-0000-0065-ffff-ffff00000040"}
&amp#27;[38;5;0m[HTTP]&amp#27;[0m &amp#27;[37m<-- POST /session/949204df-a5f7-46f3-9f37-a32af57df12b/element &amp#27;[39m&amp#27;[32m200&amp#27;[39m &amp#27;[90m1513 ms - 137&amp#27;[39m
&amp#27;[38;5;0m[HTTP]&amp#27;[0m &amp#27;[90m&amp#27;[39m
&amp#27;[38;5;0m[HTTP]&amp#27;[0m &amp#27;[37m-->&amp#27;[39m &amp#27;[37mGET&amp#27;[39m &amp#27;[37m/session/949204df-a5f7-46f3-9f37-a32af57df12b/element/00000000-0000-0065-ffff-ffff00000040/displayed&amp#27;[39m
&amp#27;[38;5;0m[HTTP]&amp#27;[0m &amp#27;[90m{}&amp#27;[39m
&amp#27;[38;5;32m[AndroidUiautomator2Driver@ac63 (949204df)]&amp#27;[0m Calling AppiumDriver.elementDisplayed() with args: ["00000000-0000-0065-ffff-ffff00000040","949204df-a5f7-46f3-9f37-a32af57df12b"]
&amp#27;[38;5;32m[AndroidUiautomator2Driver@ac63 (949204df)]&amp#27;[0m Matched '/element/00000000-0000-0065-ffff-ffff00000040/attribute/displayed' to command name 'getAttribute'
&amp#27;[38;5;32m[AndroidUiautomator2Driver@ac63 (949204df)]&amp#27;[0m Proxying [GET /element/00000000-0000-0065-ffff-ffff00000040/attribute/displayed] to [GET http://127.0.0.1:8200/session/a8b62ff1-d626-4101-b6d7-79cb4f140cb2/element/00000000-0000-0065-ffff-ffff00000040/attribute/displayed] with no body
&amp#27;[38;5;32m[AndroidUiautomator2Driver@ac63 (949204df)]&amp#27;[0m Got response with status 200: {"sessionId":"a8b62ff1-d626-4101-b6d7-79cb4f140cb2","value":"true"}
&amp#27;[38;5;32m[AndroidUiautomator2Driver@ac63 (949204df)]&amp#27;[0m Responding to client with driver.elementDisplayed() result: true
&amp#27;[38;5;0m[HTTP]&amp#27;[0m &amp#27;[37m<-- GET /session/949204df-a5f7-46f3-9f37-a32af57df12b/element/00000000-0000-0065-ffff-ffff00000040/displayed &amp#27;[39m&amp#27;[32m200&amp#27;[39m &amp#27;[90m15 ms - 14&amp#27;[39m
&amp#27;[38;5;0m[HTTP]&amp#27;[0m &amp#27;[90m&amp#27;[39m
&amp#27;[38;5;0m[HTTP]&amp#27;[0m &amp#27;[37m-->&amp#27;[39m &amp#27;[37mPOST&amp#27;[39m &amp#27;[37m/session/949204df-a5f7-46f3-9f37-a32af57df12b/element&amp#27;[39m
&amp#27;[38;5;0m[HTTP]&amp#27;[0m &amp#27;[90m{"using":"xpath","value":"//android.widget.EditText[@content-desc='username']"}&amp#27;[39m
&amp#27;[38;5;32m[AndroidUiautomator2Driver@ac63 (949204df)]&amp#27;[0m Calling AppiumDriver.findElement() with args: ["xpath","//android.widget.EditText[@content-desc='username']","949204df-a5f7-46f3-9f37-a32af57df12b"]
&amp#27;[38;5;32m[AndroidUiautomator2Driver@ac63 (949204df)]&amp#27;[0m Valid locator strategies for this request: xpath, id, class name, accessibility id, css selector, -android uiautomator
&amp#27;[38;5;32m[AndroidUiautomator2Driver@ac63 (949204df)]&amp#27;[0m Waiting up to 0 ms for condition
&amp#27;[38;5;32m[AndroidUiautomator2Driver@ac63 (949204df)]&amp#27;[0m Matched '/element' to command name 'findElement'
&amp#27;[38;5;32m[AndroidUiautomator2Driver@ac63 (949204df)]&amp#27;[0m Proxying [POST /element] to [POST http://127.0.0.1:8200/session/a8b62ff1-d626-4101-b6d7-79cb4f140cb2/element] with body: {"strategy":"xpath","selector":"//android.widget.EditText[@content-desc='username']","context":"","multiple":false}
&amp#27;[38;5;32m[AndroidUiautomator2Driver@ac63 (949204df)]&amp#27;[0m Got response with status 200: {"sessionId":"a8b62ff1-d626-4101-b6d7-79cb4f140cb2","value":{"ELEMENT":"00000000-0000-0065-ffff-ffff00000000","element-6066-11e4-a52e-4f735466cecf":"00000000-0000-0065-ffff-ffff00000000"}}
&amp#27;[38;5;32m[AndroidUiautomator2Driver@ac63 (949204df)]&amp#27;[0m Responding to client with driver.findElement() result: {"element-6066-11e4-a52e-4f735466cecf":"00000000-0000-0065-ffff-ffff00000000","ELEMENT":"00000000-0000-0065-ffff-ffff00000000"}
&amp#27;[38;5;0m[HTTP]&amp#27;[0m &amp#27;[37m<-- POST /session/949204df-a5f7-46f3-9f37-a32af57df12b/element &amp#27;[39m&amp#27;[32m200&amp#27;[39m &amp#27;[90m106 ms - 137&amp#27;[39m
&amp#27;[38;5;0m[HTTP]&amp#27;[0m &amp#27;[90m&amp#27;[39m
&amp#27;[38;5;0m[HTTP]&amp#27;[0m &amp#27;[37m-->&amp#27;[39m &amp#27;[37mPOST&amp#27;[39m &amp#27;[37m/session/949204df-a5f7-46f3-9f37-a32af57df12b/element/00000000-0000-0065-ffff-ffff00000000/value&amp#27;[39m
&amp#27;[38;5;0m[HTTP]&amp#27;[0m &amp#27;[90m{"id":"00000000-0000-0065-ffff-ffff00000000","text":"admin$$","value":["a","d","m","i","n","$","$"]}&amp#27;[39m
&amp#27;[38;5;32m[AndroidUiautomator2Driver@ac63 (949204df)]&amp#27;[0m Calling AppiumDriver.setValue() with args: [["a","d","m","i","n","$","$"],"00000000-0000-0065-ffff-ffff00000000","949204df-a5f7-46f3-9f37-a32af57df12b"]
&amp#27;[38;5;32m[AndroidUiautomator2Driver@ac63 (949204df)]&amp#27;[0m Matched '/element/00000000-0000-0065-ffff-ffff00000000/value' to command name 'setValue'
&amp#27;[38;5;32m[AndroidUiautomator2Driver@ac63 (949204df)]&amp#27;[0m Added 'value' property ["a","d","m","i","n","$","$"] to 'setValue' request body
&amp#27;[38;5;32m[AndroidUiautomator2Driver@ac63 (949204df)]&amp#27;[0m Proxying [POST /element/00000000-0000-0065-ffff-ffff00000000/value] to [POST http://127.0.0.1:8200/session/a8b62ff1-d626-4101-b6d7-79cb4f140cb2/element/00000000-0000-0065-ffff-ffff00000000/value] with body: {"elementId":"00000000-0000-0065-ffff-ffff00000000","text":"admin$$","replace":false,"value":["a","d","m","i","n","$","$"]}
&amp#27;[38;5;32m[AndroidUiautomator2Driver@ac63 (949204df)]&amp#27;[0m Got response with status 200: {"sessionId":"a8b62ff1-d626-4101-b6d7-79cb4f140cb2","value":null}
&amp#27;[38;5;32m[AndroidUiautomator2Driver@ac63 (949204df)]&amp#27;[0m Responding to client with driver.setValue() result: null
&amp#27;[38;5;0m[HTTP]&amp#27;[0m &amp#27;[37m<-- POST /session/949204df-a5f7-46f3-9f37-a32af57df12b/element/00000000-0000-0065-ffff-ffff00000000/value &amp#27;[39m&amp#27;[32m200&amp#27;[39m &amp#27;[90m525 ms - 14&amp#27;[39m
&amp#27;[38;5;0m[HTTP]&amp#27;[0m &amp#27;[90m&amp#27;[39m
&amp#27;[38;5;0m[HTTP]&amp#27;[0m &amp#27;[37m-->&amp#27;[39m &amp#27;[37mPOST&amp#27;[39m &amp#27;[37m/session/949204df-a5f7-46f3-9f37-a32af57df12b/element&amp#27;[39m
&amp#27;[38;5;0m[HTTP]&amp#27;[0m &amp#27;[90m{"using":"xpath","value":"//android.widget.EditText[@content-desc='password']"}&amp#27;[39m
&amp#27;[38;5;32m[AndroidUiautomator2Driver@ac63 (949204df)]&amp#27;[0m Calling AppiumDriver.findElement() with args: ["xpath","//android.widget.EditText[@content-desc='password']","949204df-a5f7-46f3-9f37-a32af57df12b"]
&amp#27;[38;5;32m[AndroidUiautomator2Driver@ac63 (949204df)]&amp#27;[0m Valid locator strategies for this request: xpath, id, class name, accessibility id, css selector, -android uiautomator
&amp#27;[38;5;32m[AndroidUiautomator2Driver@ac63 (949204df)]&amp#27;[0m Waiting up to 0 ms for condition
&amp#27;[38;5;32m[AndroidUiautomator2Driver@ac63 (949204df)]&amp#27;[0m Matched '/element' to command name 'findElement'
&amp#27;[38;5;32m[AndroidUiautomator2Driver@ac63 (949204df)]&amp#27;[0m Proxying [POST /element] to [POST http://127.0.0.1:8200/session/a8b62ff1-d626-4101-b6d7-79cb4f140cb2/element] with body: {"strategy":"xpath","selector":"//android.widget.EditText[@content-desc='password']","context":"","multiple":false}
&amp#27;[38;5;32m[AndroidUiautomator2Driver@ac63 (949204df)]&amp#27;[0m Got response with status 200: {"sessionId":"a8b62ff1-d626-4101-b6d7-79cb4f140cb2","value":{"ELEMENT":"00000000-0000-0065-ffff-ffff00000001","element-6066-11e4-a52e-4f735466cecf":"00000000-0000-0065-ffff-ffff00000001"}}
&amp#27;[38;5;32m[AndroidUiautomator2Driver@ac63 (949204df)]&amp#27;[0m Responding to client with driver.findElement() result: {"element-6066-11e4-a52e-4f735466cecf":"00000000-0000-0065-ffff-ffff00000001","ELEMENT":"00000000-0000-0065-ffff-ffff00000001"}
&amp#27;[38;5;0m[HTTP]&amp#27;[0m &amp#27;[37m<-- POST /session/949204df-a5f7-46f3-9f37-a32af57df12b/element &amp#27;[39m&amp#27;[32m200&amp#27;[39m &amp#27;[90m544 ms - 137&amp#27;[39m
&amp#27;[38;5;0m[HTTP]&amp#27;[0m &amp#27;[90m&amp#27;[39m
&amp#27;[38;5;0m[HTTP]&amp#27;[0m &amp#27;[37m-->&amp#27;[39m &amp#27;[37mPOST&amp#27;[39m &amp#27;[37m/session/949204df-a5f7-46f3-9f37-a32af57df12b/element/00000000-0000-0065-ffff-ffff00000001/value&amp#27;[39m
&amp#27;[38;5;0m[HTTP]&amp#27;[0m &amp#27;[90m{"id":"00000000-0000-0065-ffff-ffff00000001","text":"admin123","value":["a","d","m","i","n","1","2","3"]}&amp#27;[39m
&amp#27;[38;5;32m[AndroidUiautomator2Driver@ac63 (949204df)]&amp#27;[0m Calling AppiumDriver.setValue() with args: [["a","d","m","i","n","1","2","3"],"00000000-0000-0065-ffff-ffff00000001","949204df-a5f7-46f3-9f37-a32af57df12b"]
&amp#27;[38;5;32m[AndroidUiautomator2Driver@ac63 (949204df)]&amp#27;[0m Matched '/element/00000000-0000-0065-ffff-ffff00000001/value' to command name 'setValue'
&amp#27;[38;5;32m[AndroidUiautomator2Driver@ac63 (949204df)]&amp#27;[0m Added 'value' property ["a","d","m","i","n","1","2","3"] to 'setValue' request body
&amp#27;[38;5;32m[AndroidUiautomator2Driver@ac63 (949204df)]&amp#27;[0m Proxying [POST /element/00000000-0000-0065-ffff-ffff00000001/value] to [POST http://127.0.0.1:8200/session/a8b62ff1-d626-4101-b6d7-79cb4f140cb2/element/00000000-0000-0065-ffff-ffff00000001/value] with body: {"elementId":"00000000-0000-0065-ffff-ffff00000001","text":"admin123","replace":false,"value":["a","d","m","i","n","1","2","3"]}
&amp#27;[38;5;32m[AndroidUiautomator2Driver@ac63 (949204df)]&amp#27;[0m Got response with status 200: {"sessionId":"a8b62ff1-d626-4101-b6d7-79cb4f140cb2","value":null}
&amp#27;[38;5;32m[AndroidUiautomator2Driver@ac63 (949204df)]&amp#27;[0m Responding to client with driver.setValue() result: null
&amp#27;[38;5;0m[HTTP]&amp#27;[0m &amp#27;[37m<-- POST /session/949204df-a5f7-46f3-9f37-a32af57df12b/element/00000000-0000-0065-ffff-ffff00000001/value &amp#27;[39m&amp#27;[32m200&amp#27;[39m &amp#27;[90m522 ms - 14&amp#27;[39m
&amp#27;[38;5;0m[HTTP]&amp#27;[0m &amp#27;[90m&amp#27;[39m
&amp#27;[38;5;0m[HTTP]&amp#27;[0m &amp#27;[37m-->&amp#27;[39m &amp#27;[37mPOST&amp#27;[39m &amp#27;[37m/session/949204df-a5f7-46f3-9f37-a32af57df12b/element&amp#27;[39m
&amp#27;[38;5;0m[HTTP]&amp#27;[0m &amp#27;[90m{"using":"xpath","value":"//android.widget.Button"}&amp#27;[39m
&amp#27;[38;5;32m[AndroidUiautomator2Driver@ac63 (949204df)]&amp#27;[0m Calling AppiumDriver.findElement() with args: ["xpath","//android.widget.Button","949204df-a5f7-46f3-9f37-a32af57df12b"]
&amp#27;[38;5;32m[AndroidUiautomator2Driver@ac63 (949204df)]&amp#27;[0m Valid locator strategies for this request: xpath, id, class name, accessibility id, css selector, -android uiautomator
&amp#27;[38;5;32m[AndroidUiautomator2Driver@ac63 (949204df)]&amp#27;[0m Waiting up to 0 ms for condition
&amp#27;[38;5;32m[AndroidUiautomator2Driver@ac63 (949204df)]&amp#27;[0m Matched '/element' to command name 'findElement'
&amp#27;[38;5;32m[AndroidUiautomator2Driver@ac63 (949204df)]&amp#27;[0m Proxying [POST /element] to [POST http://127.0.0.1:8200/session/a8b62ff1-d626-4101-b6d7-79cb4f140cb2/element] with body: {"strategy":"xpath","selector":"//android.widget.Button","context":"","multiple":false}
&amp#27;[38;5;32m[AndroidUiautomator2Driver@ac63 (949204df)]&amp#27;[0m Got response with status 200: {"sessionId":"a8b62ff1-d626-4101-b6d7-79cb4f140cb2","value":{"ELEMENT":"00000000-0000-0065-ffff-ffff00000040","element-6066-11e4-a52e-4f735466cecf":"00000000-0000-0065-ffff-ffff00000040"}}
&amp#27;[38;5;32m[AndroidUiautomator2Driver@ac63 (949204df)]&amp#27;[0m Responding to client with driver.findElement() result: {"element-6066-11e4-a52e-4f735466cecf":"00000000-0000-0065-ffff-ffff00000040","ELEMENT":"00000000-0000-0065-ffff-ffff00000040"}
&amp#27;[38;5;0m[HTTP]&amp#27;[0m &amp#27;[37m<-- POST /session/949204df-a5f7-46f3-9f37-a32af57df12b/element &amp#27;[39m&amp#27;[32m200&amp#27;[39m &amp#27;[90m538 ms - 137&amp#27;[39m
&amp#27;[38;5;0m[HTTP]&amp#27;[0m &amp#27;[90m&amp#27;[39m
&amp#27;[38;5;0m[HTTP]&amp#27;[0m &amp#27;[37m-->&amp#27;[39m &amp#27;[37mPOST&amp#27;[39m &amp#27;[37m/session/949204df-a5f7-46f3-9f37-a32af57df12b/element/00000000-0000-0065-ffff-ffff00000040/click&amp#27;[39m
&amp#27;[38;5;0m[HTTP]&amp#27;[0m &amp#27;[90m{"id":"00000000-0000-0065-ffff-ffff00000040"}&amp#27;[39m
&amp#27;[38;5;32m[AndroidUiautomator2Driver@ac63 (949204df)]&amp#27;[0m Calling AppiumDriver.click() with args: ["00000000-0000-0065-ffff-ffff00000040","949204df-a5f7-46f3-9f37-a32af57df12b"]
&amp#27;[38;5;32m[AndroidUiautomator2Driver@ac63 (949204df)]&amp#27;[0m Matched '/element/00000000-0000-0065-ffff-ffff00000040/click' to command name 'click'
&amp#27;[38;5;32m[AndroidUiautomator2Driver@ac63 (949204df)]&amp#27;[0m Proxying [POST /element/00000000-0000-0065-ffff-ffff00000040/click] to [POST http://127.0.0.1:8200/session/a8b62ff1-d626-4101-b6d7-79cb4f140cb2/element/00000000-0000-0065-ffff-ffff00000040/click] with body: {"element":"00000000-0000-0065-ffff-ffff00000040"}
&amp#27;[38;5;32m[AndroidUiautomator2Driver@ac63 (949204df)]&amp#27;[0m Got response with status 200: {"sessionId":"a8b62ff1-d626-4101-b6d7-79cb4f140cb2","value":null}
&amp#27;[38;5;32m[AndroidUiautomator2Driver@ac63 (949204df)]&amp#27;[0m Responding to client with driver.click() result: null
&amp#27;[38;5;0m[HTTP]&amp#27;[0m &amp#27;[37m<-- POST /session/949204df-a5f7-46f3-9f37-a32af57df12b/element/00000000-0000-0065-ffff-ffff00000040/click &amp#27;[39m&amp#27;[32m200&amp#27;[39m &amp#27;[90m39 ms - 14&amp#27;[39m
&amp#27;[38;5;0m[HTTP]&amp#27;[0m &amp#27;[90m&amp#27;[39m
&amp#27;[38;5;0m[HTTP]&amp#27;[0m &amp#27;[37m-->&amp#27;[39m &amp#27;[37mPOST&amp#27;[39m &amp#27;[37m/session/949204df-a5f7-46f3-9f37-a32af57df12b/element&amp#27;[39m
&amp#27;[38;5;0m[HTTP]&amp#27;[0m &amp#27;[90m{"using":"id","value":"android:id/message"}&amp#27;[39m
&amp#27;[38;5;32m[AndroidUiautomator2Driver@ac63 (949204df)]&amp#27;[0m Calling AppiumDriver.findElement() with args: ["id","android:id/message","949204df-a5f7-46f3-9f37-a32af57df12b"]
&amp#27;[38;5;32m[AndroidUiautomator2Driver@ac63 (949204df)]&amp#27;[0m Valid locator strategies for this request: xpath, id, class name, accessibility id, css selector, -android uiautomator
&amp#27;[38;5;32m[AndroidUiautomator2Driver@ac63 (949204df)]&amp#27;[0m Waiting up to 0 ms for condition
&amp#27;[38;5;32m[AndroidUiautomator2Driver@ac63 (949204df)]&amp#27;[0m Matched '/element' to command name 'findElement'
&amp#27;[38;5;32m[AndroidUiautomator2Driver@ac63 (949204df)]&amp#27;[0m Proxying [POST /element] to [POST http://127.0.0.1:8200/session/a8b62ff1-d626-4101-b6d7-79cb4f140cb2/element] with body: {"strategy":"id","selector":"android:id/message","context":"","multiple":false}
&amp#27;[38;5;32m[AndroidUiautomator2Driver@ac63 (949204df)]&amp#27;[0m Got response with status 200: {"sessionId":"a8b62ff1-d626-4101-b6d7-79cb4f140cb2","value":{"ELEMENT":"00000000-0000-0066-ffff-ffff0000004f","element-6066-11e4-a52e-4f735466cecf":"00000000-0000-0066-ffff-ffff0000004f"}}
&amp#27;[38;5;32m[AndroidUiautomator2Driver@ac63 (949204df)]&amp#27;[0m Responding to client with driver.findElement() result: {"element-6066-11e4-a52e-4f735466cecf":"00000000-0000-0066-ffff-ffff0000004f","ELEMENT":"00000000-0000-0066-ffff-ffff0000004f"}
&amp#27;[38;5;0m[HTTP]&amp#27;[0m &amp#27;[37m<-- POST /session/949204df-a5f7-46f3-9f37-a32af57df12b/element &amp#27;[39m&amp#27;[32m200&amp#27;[39m &amp#27;[90m684 ms - 137&amp#27;[39m
&amp#27;[38;5;0m[HTTP]&amp#27;[0m &amp#27;[90m&amp#27;[39m
&amp#27;[38;5;0m[HTTP]&amp#27;[0m &amp#27;[37m-->&amp#27;[39m &amp#27;[37mGET&amp#27;[39m &amp#27;[37m/session/949204df-a5f7-46f3-9f37-a32af57df12b/element/00000000-0000-0066-ffff-ffff0000004f/displayed&amp#27;[39m
&amp#27;[38;5;0m[HTTP]&amp#27;[0m &amp#27;[90m{}&amp#27;[39m
&amp#27;[38;5;32m[AndroidUiautomator2Driver@ac63 (949204df)]&amp#27;[0m Calling AppiumDriver.elementDisplayed() with args: ["00000000-0000-0066-ffff-ffff0000004f","949204df-a5f7-46f3-9f37-a32af57df12b"]
&amp#27;[38;5;32m[AndroidUiautomator2Driver@ac63 (949204df)]&amp#27;[0m Matched '/element/00000000-0000-0066-ffff-ffff0000004f/attribute/displayed' to command name 'getAttribute'
&amp#27;[38;5;32m[AndroidUiautomator2Driver@ac63 (949204df)]&amp#27;[0m Proxying [GET /element/00000000-0000-0066-ffff-ffff0000004f/attribute/displayed] to [GET http://127.0.0.1:8200/session/a8b62ff1-d626-4101-b6d7-79cb4f140cb2/element/00000000-0000-0066-ffff-ffff0000004f/attribute/displayed] with no body
&amp#27;[38;5;32m[AndroidUiautomator2Driver@ac63 (949204df)]&amp#27;[0m Got response with status 200: {"sessionId":"a8b62ff1-d626-4101-b6d7-79cb4f140cb2","value":"true"}
&amp#27;[38;5;32m[AndroidUiautomator2Driver@ac63 (949204df)]&amp#27;[0m Responding to client with driver.elementDisplayed() result: true
&amp#27;[38;5;0m[HTTP]&amp#27;[0m &amp#27;[37m<-- GET /session/949204df-a5f7-46f3-9f37-a32af57df12b/element/00000000-0000-0066-ffff-ffff0000004f/displayed &amp#27;[39m&amp#27;[32m200&amp#27;[39m &amp#27;[90m11 ms - 14&amp#27;[39m
&amp#27;[38;5;0m[HTTP]&amp#27;[0m &amp#27;[90m&amp#27;[39m
&amp#27;[38;5;0m[HTTP]&amp#27;[0m &amp#27;[37m-->&amp#27;[39m &amp#27;[37mGET&amp#27;[39m &amp#27;[37m/session/949204df-a5f7-46f3-9f37-a32af57df12b/element/00000000-0000-0066-ffff-ffff0000004f/text&amp#27;[39m
&amp#27;[38;5;0m[HTTP]&amp#27;[0m &amp#27;[90m{}&amp#27;[39m
&amp#27;[38;5;32m[AndroidUiautomator2Driver@ac63 (949204df)]&amp#27;[0m Driver proxy active, passing request on via HTTP proxy
&amp#27;[38;5;32m[AndroidUiautomator2Driver@ac63 (949204df)]&amp#27;[0m Matched '/session/949204df-a5f7-46f3-9f37-a32af57df12b/element/00000000-0000-0066-ffff-ffff0000004f/text' to command name 'getText'
&amp#27;[38;5;32m[AndroidUiautomator2Driver@ac63 (949204df)]&amp#27;[0m Proxying [GET /session/949204df-a5f7-46f3-9f37-a32af57df12b/element/00000000-0000-0066-ffff-ffff0000004f/text] to [GET http://127.0.0.1:8200/session/a8b62ff1-d626-4101-b6d7-79cb4f140cb2/element/00000000-0000-0066-ffff-ffff0000004f/text] with no body
&amp#27;[38;5;32m[AndroidUiautomator2Driver@ac63 (949204df)]&amp#27;[0m Got response with status 200: {"sessionId":"a8b62ff1-d626-4101-b6d7-79cb4f140cb2","value":"Invalid  Credentials"}
&amp#27;[38;5;32m[AndroidUiautomator2Driver@ac63 (949204df)]&amp#27;[0m Replacing sessionId a8b62ff1-d626-4101-b6d7-79cb4f140cb2 with 949204df-a5f7-46f3-9f37-a32af57df12b
&amp#27;[38;5;0m[HTTP]&amp#27;[0m &amp#27;[37m<-- GET /session/949204df-a5f7-46f3-9f37-a32af57df12b/element/00000000-0000-0066-ffff-ffff0000004f/text &amp#27;[39m&amp#27;[32m200&amp#27;[39m &amp#27;[90m10 ms - 83&amp#27;[39m
&amp#27;[38;5;0m[HTTP]&amp#27;[0m &amp#27;[90m&amp#27;[39m
&amp#27;[38;5;0m[HTTP]&amp#27;[0m &amp#27;[37m-->&amp#27;[39m &amp#27;[37mDELETE&amp#27;[39m &amp#27;[37m/session/949204df-a5f7-46f3-9f37-a32af57df12b&amp#27;[39m
&amp#27;[38;5;0m[HTTP]&amp#27;[0m &amp#27;[90m{}&amp#27;[39m
&amp#27;[38;5;32m[AndroidUiautomator2Driver@ac63 (949204df)]&amp#27;[0m Calling AppiumDriver.deleteSession() with args: ["949204df-a5f7-46f3-9f37-a32af57df12b"]
&amp#27;[38;5;16m[AppiumDriver@225d]&amp#27;[0m Event 'quitSessionRequested' logged at 1706114303823 (18:38:23 GMT+0200 (Eastern European Standard Time))
&amp#27;[38;5;16m[AppiumDriver@225d]&amp#27;[0m Removing session 949204df-a5f7-46f3-9f37-a32af57df12b from our master session list
&amp#27;[38;5;32m[AndroidUiautomator2Driver@ac63 (949204df)]&amp#27;[0m Deleting UiAutomator2 session
&amp#27;[38;5;32m[AndroidUiautomator2Driver@ac63 (949204df)]&amp#27;[0m Deleting UiAutomator2 server session
&amp#27;[38;5;32m[AndroidUiautomator2Driver@ac63 (949204df)]&amp#27;[0m Matched '/' to command name 'deleteSession'
&amp#27;[38;5;32m[AndroidUiautomator2Driver@ac63 (949204df)]&amp#27;[0m Proxying [DELETE /] to [DELETE http://127.0.0.1:8200/session/a8b62ff1-d626-4101-b6d7-79cb4f140cb2] with no body
&amp#27;[38;5;32m[AndroidUiautomator2Driver@ac63 (949204df)]&amp#27;[0m Got response with status 200: {"sessionId":"a8b62ff1-d626-4101-b6d7-79cb4f140cb2","value":null}
&amp#27;[38;5;64m[ADB]&amp#27;[0m Running '/Users/ifedun/Library/Android/sdk/platform-tools/adb -P 5037 -s emulator-5554 shell am force-stop com.vodqareactnative'
&amp#27;[38;5;96m[Logcat]&amp#27;[0m Stopping logcat capture
&amp#27;[38;5;64m[ADB]&amp#27;[0m Removing forwarded port socket connection: 8200 
&amp#27;[38;5;64m[ADB]&amp#27;[0m Running '/Users/ifedun/Library/Android/sdk/platform-tools/adb -P 5037 -s emulator-5554 forward --remove tcp:8200'
&amp#27;[38;5;32m[AndroidUiautomator2Driver@ac63 (949204df)]&amp#27;[0m Restoring hidden api policy to the device default configuration
&amp#27;[38;5;64m[ADB]&amp#27;[0m Running '/Users/ifedun/Library/Android/sdk/platform-tools/adb -P 5037 -s emulator-5554 shell 'settings delete global hidden_api_policy_pre_p_apps;settings delete global hidden_api_policy_p_apps;settings delete global hidden_api_policy''
&amp#27;[38;5;16m[AppiumDriver@225d]&amp#27;[0m Event 'quitSessionFinished' logged at 1706114304060 (18:38:24 GMT+0200 (Eastern European Standard Time))
&amp#27;[38;5;16m[AppiumDriver@225d]&amp#27;[0m Received response: null
&amp#27;[38;5;16m[AppiumDriver@225d]&amp#27;[0m But deleting session, so not returning
&amp#27;[38;5;16m[AppiumDriver@225d]&amp#27;[0m Responding to client with driver.deleteSession() result: null
&amp#27;[38;5;0m[HTTP]&amp#27;[0m &amp#27;[37m<-- DELETE /session/949204df-a5f7-46f3-9f37-a32af57df12b &amp#27;[39m&amp#27;[32m200&amp#27;[39m &amp#27;[90m238 ms - 14&amp#27;[39m
&amp#27;[38;5;0m[HTTP]&amp#27;[0m &amp#27;[90m&amp#27;[39m
]]></system-out>
  </testcase>
  <testcase name="runScenario[&quot;Login with invalid credentials&quot;, &quot;Login&quot;](4)" classname="testsRunner.CucumberRunnerTests" time="17.032">
    <system-out><![CDATA[&amp#27;[35m[Appium]&amp#27;[39m Welcome to Appium v2.4.1
&amp#27;[35m[Appium]&amp#27;[39m The autodetected Appium home path: /Users/ifedun/.appium
&amp#27;[35m[Appium]&amp#27;[39m Attempting to load driver chromium...
&amp#27;[35m[Appium]&amp#27;[39m Attempting to load driver uiautomator2...
&amp#27;[35m[Appium]&amp#27;[39m Requiring driver at /Users/ifedun/.appium/node_modules/appium-chromium-driver/index.js
&amp#27;[35m[Appium]&amp#27;[39m Requiring driver at /Users/ifedun/.appium/node_modules/appium-uiautomator2-driver/build/index.js
&amp#27;[35m[Appium]&amp#27;[39m ChromiumDriver has been successfully loaded in 0.808s
&amp#27;[35m[Appium]&amp#27;[39m AndroidUiautomator2Driver has been successfully loaded in 0.808s
&amp#27;[35m[Appium]&amp#27;[39m Appium REST http interface listener started on http://0.0.0.0:4723
&amp#27;[35m[Appium]&amp#27;[39m You can provide the following URLs in your client code to connect to this server:
&amp#27;[35m[Appium]&amp#27;[39m 	http://127.0.0.1:4723/ (only accessible from the same host)
&amp#27;[35m[Appium]&amp#27;[39m 	http://192.168.0.161:4723/
&amp#27;[35m[Appium]&amp#27;[39m Available drivers:
&amp#27;[35m[Appium]&amp#27;[39m   - chromium@1.3.4 (automationName 'Chromium')
&amp#27;[35m[Appium]&amp#27;[39m   - uiautomator2@2.42.1 (automationName 'UiAutomator2')
&amp#27;[35m[Appium]&amp#27;[39m No plugins have been installed. Use the "appium plugin" command to install the one(s) you want to use.
&amp#27;[38;5;0m[HTTP]&amp#27;[0m &amp#27;[37m-->&amp#27;[39m &amp#27;[37mGET&amp#27;[39m &amp#27;[37m/status&amp#27;[39m
&amp#27;[38;5;0m[HTTP]&amp#27;[0m &amp#27;[90m{}&amp#27;[39m
&amp#27;[38;5;16m[AppiumDriver@5303]&amp#27;[0m Calling AppiumDriver.getStatus() with args: []
&amp#27;[38;5;16m[AppiumDriver@5303]&amp#27;[0m Responding to client with driver.getStatus() result: {"ready":true,"message":"The server is ready to accept new connections","build":{"version":"2.4.1"}}
&amp#27;[38;5;0m[HTTP]&amp#27;[0m &amp#27;[37m<-- GET /status &amp#27;[39m&amp#27;[32m200&amp#27;[39m &amp#27;[90m4 ms - 110&amp#27;[39m
&amp#27;[38;5;0m[HTTP]&amp#27;[0m &amp#27;[90m&amp#27;[39m
&amp#27;[38;5;0m[HTTP]&amp#27;[0m Request idempotency key: 86c7caa9-b56c-4a30-bfaf-ca2962b55c77
&amp#27;[38;5;0m[HTTP]&amp#27;[0m &amp#27;[37m-->&amp#27;[39m &amp#27;[37mPOST&amp#27;[39m &amp#27;[37m/session&amp#27;[39m
&amp#27;[38;5;0m[HTTP]&amp#27;[0m &amp#27;[90m{"capabilities":{"firstMatch":[{}],"alwaysMatch":{"appium:app":"src/test/apks/appiumChallenge.apk","appium:autoGrantPermissions":true,"appium:automationName":"UIAutomator2","appium:udid":"emulator-5554","platformName":"ANDROID"}}}&amp#27;[39m
&amp#27;[38;5;16m[AppiumDriver@5303]&amp#27;[0m Calling AppiumDriver.createSession() with args: [null,null,{"firstMatch":[{}],"alwaysMatch":{"appium:app":"src/test/apks/appiumChallenge.apk","appium:autoGrantPermissions":true,"appium:automationName":"UIAutomator2","appium:udid":"emulator-5554","platformName":"ANDROID"}}]
&amp#27;[38;5;16m[AppiumDriver@5303]&amp#27;[0m Event 'newSessionRequested' logged at 1706114311479 (18:38:31 GMT+0200 (Eastern European Standard Time))
&amp#27;[35m[Appium]&amp#27;[39m Attempting to find matching driver for automationName 'UIAutomator2' and platformName 'ANDROID'
&amp#27;[35m[Appium]&amp#27;[39m The 'uiautomator2' driver was installed and matched caps.
&amp#27;[35m[Appium]&amp#27;[39m Will require it at /Users/ifedun/.appium/node_modules/appium-uiautomator2-driver
&amp#27;[35m[Appium]&amp#27;[39m Requiring driver at /Users/ifedun/.appium/node_modules/appium-uiautomator2-driver/build/index.js
&amp#27;[38;5;16m[AppiumDriver@5303]&amp#27;[0m Appium v2.4.1 creating new AndroidUiautomator2Driver (v2.42.1) session
&amp#27;[38;5;16m[AppiumDriver@5303]&amp#27;[0m Checking BaseDriver versions for Appium and AndroidUiautomator2Driver
&amp#27;[38;5;16m[AppiumDriver@5303]&amp#27;[0m Appium's BaseDriver version is 9.5.0
&amp#27;[38;5;16m[AppiumDriver@5303]&amp#27;[0m AndroidUiautomator2Driver's BaseDriver version is 9.5.0
&amp#27;[38;5;32m[AndroidUiautomator2Driver@afb3]&amp#27;[0m Creating session with W3C capabilities: {
&amp#27;[38;5;32m[AndroidUiautomator2Driver@afb3]&amp#27;[0m   "alwaysMatch": {
&amp#27;[38;5;32m[AndroidUiautomator2Driver@afb3]&amp#27;[0m     "platformName": "ANDROID",
&amp#27;[38;5;32m[AndroidUiautomator2Driver@afb3]&amp#27;[0m     "appium:app": "src/test/apks/appiumChallenge.apk",
&amp#27;[38;5;32m[AndroidUiautomator2Driver@afb3]&amp#27;[0m     "appium:autoGrantPermissions": true,
&amp#27;[38;5;32m[AndroidUiautomator2Driver@afb3]&amp#27;[0m     "appium:automationName": "UIAutomator2",
&amp#27;[38;5;32m[AndroidUiautomator2Driver@afb3]&amp#27;[0m     "appium:udid": "emulator-5554"
&amp#27;[38;5;32m[AndroidUiautomator2Driver@afb3]&amp#27;[0m   },
&amp#27;[38;5;32m[AndroidUiautomator2Driver@afb3]&amp#27;[0m   "firstMatch": [
&amp#27;[38;5;32m[AndroidUiautomator2Driver@afb3]&amp#27;[0m     {}
&amp#27;[38;5;32m[AndroidUiautomator2Driver@afb3]&amp#27;[0m   ]
&amp#27;[38;5;32m[AndroidUiautomator2Driver@afb3]&amp#27;[0m }
&amp#27;[38;5;32m[AndroidUiautomator2Driver@afb3 (cf5144de)]&amp#27;[0m Session created with session id: cf5144de-91dc-431f-8c8b-429ab68fc153
&amp#27;[38;5;48m[BaseDriver]&amp#27;[0m Using local app 'src/test/apks/appiumChallenge.apk'
&amp#27;[38;5;48m[BaseDriver]&amp#27;[0m The current application path 'src/test/apks/appiumChallenge.apk' is not absolute and has been rewritten to '/Users/ifedun/wpp_be_automation/NortalTask/src/test/apks/appiumChallenge.apk'. Consider using absolute paths rather than relative
&amp#27;[38;5;32m[AndroidUiautomator2Driver@afb3 (cf5144de)]&amp#27;[0m Checking whether app is actually present
&amp#27;[38;5;64m[ADB]&amp#27;[0m Found 1 'build-tools' folders under '/Users/ifedun/Library/Android/sdk' (newest first):
&amp#27;[38;5;64m[ADB]&amp#27;[0m     /Users/ifedun/Library/Android/sdk/build-tools/34.0.0
&amp#27;[38;5;64m[ADB]&amp#27;[0m Using 'adb' from '/Users/ifedun/Library/Android/sdk/platform-tools/adb'
&amp#27;[38;5;64m[ADB]&amp#27;[0m Running '/Users/ifedun/Library/Android/sdk/platform-tools/adb -P 5037 start-server'
&amp#27;[38;5;80m[AndroidDriver]&amp#27;[0m Retrieving device list
&amp#27;[38;5;64m[ADB]&amp#27;[0m Trying to find connected Android devices
&amp#27;[38;5;64m[ADB]&amp#27;[0m Getting connected devices
&amp#27;[38;5;64m[ADB]&amp#27;[0m Connected devices: [{"udid":"emulator-5554","state":"device"}]
&amp#27;[38;5;80m[AndroidDriver]&amp#27;[0m Using device: emulator-5554
&amp#27;[38;5;64m[ADB]&amp#27;[0m Using 'adb' from '/Users/ifedun/Library/Android/sdk/platform-tools/adb'
&amp#27;[38;5;64m[ADB]&amp#27;[0m Running '/Users/ifedun/Library/Android/sdk/platform-tools/adb -P 5037 start-server'
&amp#27;[38;5;64m[ADB]&amp#27;[0m Setting device id to emulator-5554
&amp#27;[38;5;64m[ADB]&amp#27;[0m Running '/Users/ifedun/Library/Android/sdk/platform-tools/adb -P 5037 -s emulator-5554 shell getprop ro.build.version.sdk'
&amp#27;[38;5;64m[ADB]&amp#27;[0m Current device property 'ro.build.version.sdk': 28
&amp#27;[38;5;64m[ADB]&amp#27;[0m Getting device platform version
&amp#27;[38;5;64m[ADB]&amp#27;[0m Running '/Users/ifedun/Library/Android/sdk/platform-tools/adb -P 5037 -s emulator-5554 shell getprop ro.build.version.release'
&amp#27;[38;5;64m[ADB]&amp#27;[0m Current device property 'ro.build.version.release': 9
&amp#27;[38;5;64m[ADB]&amp#27;[0m Device API level: 28
&amp#27;[38;5;32m[AndroidUiautomator2Driver@afb3 (cf5144de)]&amp#27;[0m Relaxing hidden api policy
&amp#27;[38;5;64m[ADB]&amp#27;[0m Running '/Users/ifedun/Library/Android/sdk/platform-tools/adb -P 5037 -s emulator-5554 shell 'settings put global hidden_api_policy_pre_p_apps 1;settings put global hidden_api_policy_p_apps 1;settings put global hidden_api_policy 1''
&amp#27;[38;5;80m[AndroidDriver]&amp#27;[0m Parsing package and activity from app manifest
&amp#27;[38;5;64m[ADB]&amp#27;[0m Package name: 'com.vodqareactnative'
&amp#27;[38;5;64m[ADB]&amp#27;[0m Main activity name: 'com.vodqareactnative.MainActivity'
&amp#27;[38;5;80m[AndroidDriver]&amp#27;[0m Parsed package and activity are: com.vodqareactnative/com.vodqareactnative.MainActivity
&amp#27;[38;5;64m[ADB]&amp#27;[0m Running '/Users/ifedun/Library/Android/sdk/platform-tools/adb -P 5037 -s emulator-5554 wait-for-device'
&amp#27;[38;5;64m[ADB]&amp#27;[0m Running '/Users/ifedun/Library/Android/sdk/platform-tools/adb -P 5037 -s emulator-5554 shell echo ping'
&amp#27;[38;5;80m[AndroidDriver]&amp#27;[0m Pushing settings apk to device...
&amp#27;[38;5;64m[ADB]&amp#27;[0m Getting package info for 'io.appium.settings'
&amp#27;[38;5;64m[ADB]&amp#27;[0m Running '/Users/ifedun/Library/Android/sdk/platform-tools/adb -P 5037 -s emulator-5554 shell dumpsys package io.appium.settings'
&amp#27;[38;5;64m[ADB]&amp#27;[0m The version name of the installed 'io.appium.settings' is greater or equal to the application version name ('5.7.2' >= '5.7.2')
&amp#27;[38;5;64m[ADB]&amp#27;[0m There is no need to install/upgrade '/Users/ifedun/.appium/node_modules/appium-uiautomator2-driver/node_modules/io.appium.settings/apks/settings_apk-debug.apk'
&amp#27;[38;5;64m[ADB]&amp#27;[0m Running '/Users/ifedun/Library/Android/sdk/platform-tools/adb -P 5037 -s emulator-5554 shell dumpsys activity services io.appium.settings'
&amp#27;[38;5;80m[AndroidDriver]&amp#27;[0m io.appium.settings is already running. There is no need to reset its permissions.
&amp#27;[38;5;96m[Logcat]&amp#27;[0m Starting logs capture with command: /Users/ifedun/Library/Android/sdk/platform-tools/adb -P 5037 -s emulator-5554 logcat -v threadtime
&amp#27;[38;5;32m[AndroidUiautomator2Driver@afb3 (cf5144de)]&amp#27;[0m Forwarding UiAutomator2 Server port 6790 to local port 8200
&amp#27;[38;5;64m[ADB]&amp#27;[0m Forwarding system: 8200 to device: 6790
&amp#27;[38;5;64m[ADB]&amp#27;[0m Running '/Users/ifedun/Library/Android/sdk/platform-tools/adb -P 5037 -s emulator-5554 forward tcp:8200 tcp:6790'
&amp#27;[38;5;64m[ADB]&amp#27;[0m Checking app cert for /Users/ifedun/.appium/node_modules/appium-uiautomator2-driver/node_modules/appium-uiautomator2-server/apks/appium-uiautomator2-server-v6.0.3.apk
&amp#27;[38;5;64m[ADB]&amp#27;[0m Checking app cert for /Users/ifedun/.appium/node_modules/appium-uiautomator2-driver/node_modules/appium-uiautomator2-server/apks/appium-uiautomator2-server-debug-androidTest.apk
&amp#27;[38;5;64m[ADB]&amp#27;[0m Using 'apksigner.jar' from '/Users/ifedun/Library/Android/sdk/build-tools/34.0.0/lib/apksigner.jar'
&amp#27;[38;5;64m[ADB]&amp#27;[0m Starting apksigner: /Users/ifedun/Library/Java/JavaVirtualMachines/corretto-11.0.12/Contents/Home/bin/java -Xmx1024M -Xss1m -jar /Users/ifedun/Library/Android/sdk/build-tools/34.0.0/lib/apksigner.jar verify --print-certs /Users/ifedun/.appium/node_modules/appium-uiautomator2-driver/node_modules/appium-uiautomator2-server/apks/appium-uiautomator2-server-debug-androidTest.apk
&amp#27;[38;5;64m[ADB]&amp#27;[0m Starting apksigner: /Users/ifedun/Library/Java/JavaVirtualMachines/corretto-11.0.12/Contents/Home/bin/java -Xmx1024M -Xss1m -jar /Users/ifedun/Library/Android/sdk/build-tools/34.0.0/lib/apksigner.jar verify --print-certs /Users/ifedun/.appium/node_modules/appium-uiautomator2-driver/node_modules/appium-uiautomator2-server/apks/appium-uiautomator2-server-v6.0.3.apk
&amp#27;[38;5;64m[ADB]&amp#27;[0m apksigner stdout: Signer #1 certificate DN: EMAILADDRESS=android@android.com, CN=Android, OU=Android, O=Android, L=Mountain View, ST=California, C=US
&amp#27;[38;5;64m[ADB]&amp#27;[0m Signer #1 certificate SHA-256 digest: a40da80a59d170caa950cf15c18c454d47a39b26989d8b640ecd745ba71bf5dc
&amp#27;[38;5;64m[ADB]&amp#27;[0m Signer #1 certificate SHA-1 digest: 61ed377e85d386a8dfee6b864bd85b0bfaa5af81
&amp#27;[38;5;64m[ADB]&amp#27;[0m Signer #1 certificate MD5 digest: e89b158e4bcf988ebd09eb83f5378e87
&amp#27;[38;5;64m[ADB]&amp#27;[0m 
&amp#27;[38;5;64m[ADB]&amp#27;[0m sha256 hash did match for 'appium-uiautomator2-server-debug-androidTest.apk'
&amp#27;[38;5;64m[ADB]&amp#27;[0m '/Users/ifedun/.appium/node_modules/appium-uiautomator2-driver/node_modules/appium-uiautomator2-server/apks/appium-uiautomator2-server-debug-androidTest.apk' is signed with the default certificate
&amp#27;[38;5;64m[ADB]&amp#27;[0m Getting install status for io.appium.uiautomator2.server.test
&amp#27;[38;5;64m[ADB]&amp#27;[0m Running '/Users/ifedun/Library/Android/sdk/platform-tools/adb -P 5037 -s emulator-5554 shell pm path io.appium.uiautomator2.server.test'
&amp#27;[38;5;64m[ADB]&amp#27;[0m 'io.appium.uiautomator2.server.test' is installed
&amp#27;[38;5;64m[ADB]&amp#27;[0m apksigner stdout: Signer #1 certificate DN: EMAILADDRESS=android@android.com, CN=Android, OU=Android, O=Android, L=Mountain View, ST=California, C=US
&amp#27;[38;5;64m[ADB]&amp#27;[0m Signer #1 certificate SHA-256 digest: a40da80a59d170caa950cf15c18c454d47a39b26989d8b640ecd745ba71bf5dc
&amp#27;[38;5;64m[ADB]&amp#27;[0m Signer #1 certificate SHA-1 digest: 61ed377e85d386a8dfee6b864bd85b0bfaa5af81
&amp#27;[38;5;64m[ADB]&amp#27;[0m Signer #1 certificate MD5 digest: e89b158e4bcf988ebd09eb83f5378e87
&amp#27;[38;5;64m[ADB]&amp#27;[0m 
&amp#27;[38;5;64m[ADB]&amp#27;[0m sha256 hash did match for 'appium-uiautomator2-server-v6.0.3.apk'
&amp#27;[38;5;64m[ADB]&amp#27;[0m '/Users/ifedun/.appium/node_modules/appium-uiautomator2-driver/node_modules/appium-uiautomator2-server/apks/appium-uiautomator2-server-v6.0.3.apk' is signed with the default certificate
&amp#27;[38;5;64m[ADB]&amp#27;[0m Getting package info for 'io.appium.uiautomator2.server'
&amp#27;[38;5;64m[ADB]&amp#27;[0m Running '/Users/ifedun/Library/Android/sdk/platform-tools/adb -P 5037 -s emulator-5554 shell dumpsys package io.appium.uiautomator2.server'
&amp#27;[38;5;64m[ADB]&amp#27;[0m The version name of the installed 'io.appium.uiautomator2.server' is greater or equal to the application version name ('6.0.3' >= '6.0.3')
&amp#27;[38;5;32m[AndroidUiautomator2Driver@afb3 (cf5144de)]&amp#27;[0m Server packages status: [{"wasSigned":true,"installState":"sameVersionInstalled","appPath":"/Users/ifedun/.appium/node_modules/appium-uiautomator2-driver/node_modules/appium-uiautomator2-server/apks/appium-uiautomator2-server-v6.0.3.apk","appId":"io.appium.uiautomator2.server"},{"wasSigned":true,"installState":"sameVersionInstalled","appPath":"/Users/ifedun/.appium/node_modules/appium-uiautomator2-driver/node_modules/appium-uiautomator2-server/apks/appium-uiautomator2-server-debug-androidTest.apk","appId":"io.appium.uiautomator2.server.test"}]
&amp#27;[38;5;32m[AndroidUiautomator2Driver@afb3 (cf5144de)]&amp#27;[0m Server packages are not going to be (re)installed
&amp#27;[38;5;32m[AndroidUiautomator2Driver@afb3 (cf5144de)]&amp#27;[0m Waiting up to 30000ms for services to be available
&amp#27;[38;5;64m[ADB]&amp#27;[0m Running '/Users/ifedun/Library/Android/sdk/platform-tools/adb -P 5037 -s emulator-5554 shell pm list instrumentation'
&amp#27;[38;5;32m[AndroidUiautomator2Driver@afb3 (cf5144de)]&amp#27;[0m Instrumentation target 'io.appium.uiautomator2.server.test/androidx.test.runner.AndroidJUnitRunner' is available
&amp#27;[38;5;64m[ADB]&amp#27;[0m Adding packages ["io.appium.settings","io.appium.uiautomator2.server","io.appium.uiautomator2.server.test"] to Doze whitelist
&amp#27;[38;5;64m[ADB]&amp#27;[0m Got the following command chunks to execute: [["dumpsys","deviceidle","whitelist","+io.appium.settings",";","dumpsys","deviceidle","whitelist","+io.appium.uiautomator2.server",";","dumpsys","deviceidle","whitelist","+io.appium.uiautomator2.server.test",";"]]
&amp#27;[38;5;64m[ADB]&amp#27;[0m Running '/Users/ifedun/Library/Android/sdk/platform-tools/adb -P 5037 -s emulator-5554 shell dumpsys deviceidle whitelist +io.appium.settings ; dumpsys deviceidle whitelist +io.appium.uiautomator2.server ; dumpsys deviceidle whitelist +io.appium.uiautomator2.server.test ;'
&amp#27;[38;5;64m[ADB]&amp#27;[0m Checking app cert for /Users/ifedun/wpp_be_automation/NortalTask/src/test/apks/appiumChallenge.apk
&amp#27;[38;5;64m[ADB]&amp#27;[0m Starting apksigner: /Users/ifedun/Library/Java/JavaVirtualMachines/corretto-11.0.12/Contents/Home/bin/java -Xmx1024M -Xss1m -jar /Users/ifedun/Library/Android/sdk/build-tools/34.0.0/lib/apksigner.jar verify --print-certs /Users/ifedun/wpp_be_automation/NortalTask/src/test/apks/appiumChallenge.apk
&amp#27;[38;5;64m[ADB]&amp#27;[0m apksigner stdout: Signer #1 certificate DN: EMAILADDRESS=android@android.com, CN=Android, OU=Android, O=Android, L=Mountain View, ST=California, C=US
&amp#27;[38;5;64m[ADB]&amp#27;[0m Signer #1 certificate SHA-256 digest: a40da80a59d170caa950cf15c18c454d47a39b26989d8b640ecd745ba71bf5dc
&amp#27;[38;5;64m[ADB]&amp#27;[0m Signer #1 certificate SHA-1 digest: 61ed377e85d386a8dfee6b864bd85b0bfaa5af81
&amp#27;[38;5;64m[ADB]&amp#27;[0m Signer #1 certificate MD5 digest: e89b158e4bcf988ebd09eb83f5378e87
&amp#27;[38;5;64m[ADB]&amp#27;[0m 
&amp#27;[38;5;64m[ADB]&amp#27;[0m sha256 hash did match for 'appiumChallenge.apk'
&amp#27;[38;5;64m[ADB]&amp#27;[0m '/Users/ifedun/wpp_be_automation/NortalTask/src/test/apks/appiumChallenge.apk' is signed with the default certificate
&amp#27;[38;5;64m[ADB]&amp#27;[0m Getting package info for 'com.vodqareactnative'
&amp#27;[38;5;64m[ADB]&amp#27;[0m Running '/Users/ifedun/Library/Android/sdk/platform-tools/adb -P 5037 -s emulator-5554 shell dumpsys package com.vodqareactnative'
&amp#27;[38;5;64m[ADB]&amp#27;[0m The version name of the installed 'com.vodqareactnative' is greater or equal to the application version name ('1.0.0' >= '1.0.0')
&amp#27;[38;5;64m[ADB]&amp#27;[0m There is no need to install/upgrade '/Users/ifedun/wpp_be_automation/NortalTask/src/test/apks/appiumChallenge.apk'
&amp#27;[38;5;80m[AndroidDriver]&amp#27;[0m Performing fast reset on 'com.vodqareactnative'
&amp#27;[38;5;64m[ADB]&amp#27;[0m Getting install status for com.vodqareactnative
&amp#27;[38;5;64m[ADB]&amp#27;[0m Running '/Users/ifedun/Library/Android/sdk/platform-tools/adb -P 5037 -s emulator-5554 shell pm path com.vodqareactnative'
&amp#27;[38;5;64m[ADB]&amp#27;[0m 'com.vodqareactnative' is installed
&amp#27;[38;5;64m[ADB]&amp#27;[0m Running '/Users/ifedun/Library/Android/sdk/platform-tools/adb -P 5037 -s emulator-5554 shell am force-stop com.vodqareactnative'
&amp#27;[38;5;64m[ADB]&amp#27;[0m Running '/Users/ifedun/Library/Android/sdk/platform-tools/adb -P 5037 -s emulator-5554 shell pm clear com.vodqareactnative'
&amp#27;[38;5;64m[ADB]&amp#27;[0m Running '/Users/ifedun/Library/Android/sdk/platform-tools/adb -P 5037 -s emulator-5554 shell dumpsys package com.vodqareactnative'
&amp#27;[38;5;64m[ADB]&amp#27;[0m It is only possible to grant permissions in runtime for apps whose targetSdkVersion in the manifest is set to 23 or above. The current com.vodqareactnative targetSdkVersion is 22.
&amp#27;[38;5;80m[AndroidDriver]&amp#27;[0m Performed fast reset on the installed 'com.vodqareactnative' application (stop and clear)
&amp#27;[38;5;32m[AndroidUiautomator2Driver@afb3 (cf5144de)]&amp#27;[0m Performing shallow cleanup of automation leftovers
&amp#27;[38;5;32m[AndroidUiautomator2Driver@afb3 (cf5144de)]&amp#27;[0m No obsolete sessions have been detected (socket hang up)
&amp#27;[38;5;64m[ADB]&amp#27;[0m Running '/Users/ifedun/Library/Android/sdk/platform-tools/adb -P 5037 -s emulator-5554 shell am force-stop io.appium.uiautomator2.server.test'
&amp#27;[38;5;32m[AndroidUiautomator2Driver@afb3 (cf5144de)]&amp#27;[0m Starting UIAutomator2 server 6.0.3
&amp#27;[38;5;32m[AndroidUiautomator2Driver@afb3 (cf5144de)]&amp#27;[0m Using UIAutomator2 server from '/Users/ifedun/.appium/node_modules/appium-uiautomator2-driver/node_modules/appium-uiautomator2-server/apks/appium-uiautomator2-server-v6.0.3.apk' and test from '/Users/ifedun/.appium/node_modules/appium-uiautomator2-driver/node_modules/appium-uiautomator2-server/apks/appium-uiautomator2-server-debug-androidTest.apk'
&amp#27;[38;5;32m[AndroidUiautomator2Driver@afb3 (cf5144de)]&amp#27;[0m Waiting up to 30000ms for UiAutomator2 to be online...
&amp#27;[38;5;64m[ADB]&amp#27;[0m Creating ADB subprocess with args: ["-P","5037","-s","emulator-5554","shell","am","instrument","-w","-e","disableAnalytics","true","io.appium.uiautomator2.server.test/androidx.test.runner.AndroidJUnitRunner"]
&amp#27;[38;5;32m[AndroidUiautomator2Driver@afb3 (cf5144de)]&amp#27;[0m Matched '/status' to command name 'getStatus'
&amp#27;[38;5;32m[AndroidUiautomator2Driver@afb3 (cf5144de)]&amp#27;[0m Proxying [GET /status] to [GET http://127.0.0.1:8200/status] with no body
&amp#27;[38;5;32m[AndroidUiautomator2Driver@afb3 (cf5144de)]&amp#27;[0m socket hang up
&amp#27;[38;5;112m[Instrumentation]&amp#27;[0m io.appium.uiautomator2.server.test.AppiumUiAutomator2Server:
&amp#27;[38;5;32m[AndroidUiautomator2Driver@afb3 (cf5144de)]&amp#27;[0m Matched '/status' to command name 'getStatus'
&amp#27;[38;5;32m[AndroidUiautomator2Driver@afb3 (cf5144de)]&amp#27;[0m Proxying [GET /status] to [GET http://127.0.0.1:8200/status] with no body
&amp#27;[38;5;32m[AndroidUiautomator2Driver@afb3 (cf5144de)]&amp#27;[0m socket hang up
&amp#27;[38;5;32m[AndroidUiautomator2Driver@afb3 (cf5144de)]&amp#27;[0m Matched '/status' to command name 'getStatus'
&amp#27;[38;5;32m[AndroidUiautomator2Driver@afb3 (cf5144de)]&amp#27;[0m Proxying [GET /status] to [GET http://127.0.0.1:8200/status] with no body
&amp#27;[38;5;32m[AndroidUiautomator2Driver@afb3 (cf5144de)]&amp#27;[0m Got response with status 200: {"sessionId":"None","value":{"message":"UiAutomator2 Server is ready to accept commands","ready":true}}
&amp#27;[38;5;32m[AndroidUiautomator2Driver@afb3 (cf5144de)]&amp#27;[0m The initialization of the instrumentation process took 2078ms
&amp#27;[38;5;32m[AndroidUiautomator2Driver@afb3 (cf5144de)]&amp#27;[0m Matched '/session' to command name 'createSession'
&amp#27;[38;5;32m[AndroidUiautomator2Driver@afb3 (cf5144de)]&amp#27;[0m Proxying [POST /session] to [POST http://127.0.0.1:8200/session] with body: {"capabilities":{"firstMatch":[{"platformName":"ANDROID","app":"src/test/apks/appiumChallenge.apk","autoGrantPermissions":true,"automationName":"UIAutomator2","udid":"emulator-5554","platform":"LINUX","webStorageEnabled":false,"takesScreenshot":true,"javascriptEnabled":true,"databaseEnabled":false,"networkConnectionEnabled":true,"locationContextEnabled":false,"warnings":{},"desired":{"platformName":"ANDROID","app":"src/test/apks/appiumChallenge.apk","autoGrantPermissions":true,"automationName":"UIAutomator2","udid":"emulator-5554"},"deviceName":"emulator-5554","deviceUDID":"emulator-5554","appPackage":"com.vodqareactnative"}],"alwaysMatch":{}}}
&amp#27;[38;5;32m[AndroidUiautomator2Driver@afb3 (cf5144de)]&amp#27;[0m Got response with status 200: {"sessionId":"bfdd20e3-a09c-4f94-b089-5506feaf08d0","value":{"capabilities":{"firstMatch":[{"platformName":"ANDROID","app":"src/test/apks/appiumChallenge.apk","autoGrantPermissions":true,"automationName":"UIAutomator2","udid":"emulator-5554","platform":"LINUX","webStorageEnabled":false,"takesScreenshot":true,"javascriptEnabled":true,"databaseEnabled":false,"networkConnectionEnabled":true,"locationContextEnabled":false,"warnings":{},"desired":{"platformName":"ANDROID","app":"src/test/apks/appiumChallenge.apk","autoGrantPermissions":true,"automationName":"UIAutomator2","udid":"emulator-5554"},"deviceName":"emulator-5554","deviceUDID":"emulator-5554","appPackage":"com.vodqareactnative"}],"alwaysMatch":{}},"sessionId":"bfdd20e3-a09c-4f94-b089-5506feaf08d0"}}
&amp#27;[38;5;32m[AndroidUiautomator2Driver@afb3 (cf5144de)]&amp#27;[0m Determined the downstream protocol as 'W3C'
&amp#27;[38;5;32m[AndroidUiautomator2Driver@afb3 (cf5144de)]&amp#27;[0m Proxying [GET /appium/device/pixel_ratio] to [GET http://127.0.0.1:8200/session/bfdd20e3-a09c-4f94-b089-5506feaf08d0/appium/device/pixel_ratio] with no body
&amp#27;[38;5;32m[AndroidUiautomator2Driver@afb3 (cf5144de)]&amp#27;[0m Matched '/appium/device/system_bars' to command name 'getSystemBars'
&amp#27;[38;5;32m[AndroidUiautomator2Driver@afb3 (cf5144de)]&amp#27;[0m Proxying [GET /appium/device/system_bars] to [GET http://127.0.0.1:8200/session/bfdd20e3-a09c-4f94-b089-5506feaf08d0/appium/device/system_bars] with no body
&amp#27;[38;5;32m[AndroidUiautomator2Driver@afb3 (cf5144de)]&amp#27;[0m Matched '/window/current/size' to command name 'getWindowSize'
&amp#27;[38;5;32m[AndroidUiautomator2Driver@afb3 (cf5144de)]&amp#27;[0m Proxying [GET /window/current/size] to [GET http://127.0.0.1:8200/session/bfdd20e3-a09c-4f94-b089-5506feaf08d0/window/current/size] with no body
&amp#27;[38;5;32m[AndroidUiautomator2Driver@afb3 (cf5144de)]&amp#27;[0m Proxying [GET /appium/device/info] to [GET http://127.0.0.1:8200/session/bfdd20e3-a09c-4f94-b089-5506feaf08d0/appium/device/info] with no body
&amp#27;[38;5;64m[ADB]&amp#27;[0m Running '/Users/ifedun/Library/Android/sdk/platform-tools/adb -P 5037 -s emulator-5554 shell dumpsys window'
&amp#27;[38;5;32m[AndroidUiautomator2Driver@afb3 (cf5144de)]&amp#27;[0m Got response with status 200: {"sessionId":"bfdd20e3-a09c-4f94-b089-5506feaf08d0","value":2.75}
&amp#27;[38;5;32m[AndroidUiautomator2Driver@afb3 (cf5144de)]&amp#27;[0m Got response with status 200: {"sessionId":"bfdd20e3-a09c-4f94-b089-5506feaf08d0","value":{"statusBar":66}}
&amp#27;[38;5;32m[AndroidUiautomator2Driver@afb3 (cf5144de)]&amp#27;[0m Got response with status 200: {"sessionId":"bfdd20e3-a09c-4f94-b089-5506feaf08d0","value":{"height":2220,"width":1080}}
&amp#27;[38;5;32m[AndroidUiautomator2Driver@afb3 (cf5144de)]&amp#27;[0m Got response with status 200: {"sessionId":"bfdd20e3-a09c-4f94-b089-5506feaf08d0","value":{"androidId":"91b20a27cffd1bd7","apiVersion":"28","bluetooth":null,"brand":"google","carrierName":"Android","displayDensity":440,"locale":"en_US","manufacturer":"Google","model":"AOSP on IA Emulator","networks":[{"capabilities":{"SSID":null,"linkDownBandwidthKbps":102400,"linkUpstreamBandwidthKbps":51200,"networkCapabilities":"NET_CAPABILITY_MMS,NET_CAPABILITY_SUPL,NET_CAPABILITY_DUN,NET_CAPABILITY_FOTA,NET_CAPABILITY_IMS,NET_CAPABILITY_CBS,NET_CAPABILITY_IA,NET_CAPABILITY_INTERNET,NET_CAPABILITY_NOT_RESTRICTED,NET_CAPABILITY_TRUSTED,NET_CAPABILITY_NOT_VPN,NET_CAPABILITY_VALIDATED,NET_CAPABILITY_NOT_ROAMING,NET_CAPABILITY_NOT_CONGESTED,NET_CAPABILITY_NOT_SUSPENDED","signalStrength":-2147483648,"transportTypes":"TRANSPORT_CELLULAR"},"detailedState":"CONNECTED","extraInfo":"epc.tmobile.com","isAvailable":true,"isConnected":true,"isFailover":false,"isRoaming":false,"state":"CONNECTED","subtype":13,"subtypeName":"LTE","type":0,"typeName":"MOBILE"},{"c...
&amp#27;[38;5;80m[AndroidDriver]&amp#27;[0m Screen already unlocked, doing nothing
&amp#27;[38;5;32m[AndroidUiautomator2Driver@afb3 (cf5144de)]&amp#27;[0m Starting 'com.vodqareactnative/com.vodqareactnative.MainActivity and waiting for 'com.vodqareactnative/com.vodqareactnative.MainActivity'
&amp#27;[38;5;64m[ADB]&amp#27;[0m Running '/Users/ifedun/Library/Android/sdk/platform-tools/adb -P 5037 -s emulator-5554 shell am start -W -n com.vodqareactnative/com.vodqareactnative.MainActivity -S -a android.intent.action.MAIN -c android.intent.category.LAUNCHER -f 0x10200000'
&amp#27;[38;5;64m[ADB]&amp#27;[0m Waiting up to 20000ms for activity matching pkg: 'com.vodqareactnative' and activity: 'com.vodqareactnative.MainActivity' to be focused
&amp#27;[38;5;64m[ADB]&amp#27;[0m Possible activities, to be checked: 'com.vodqareactnative.MainActivity', 'com.vodqareactnative.com.vodqareactnative.MainActivity'
&amp#27;[38;5;64m[ADB]&amp#27;[0m Getting focused package and activity
&amp#27;[38;5;64m[ADB]&amp#27;[0m Running '/Users/ifedun/Library/Android/sdk/platform-tools/adb -P 5037 -s emulator-5554 shell dumpsys window windows'
&amp#27;[38;5;64m[ADB]&amp#27;[0m Found package: 'com.vodqareactnative' and fully qualified activity name : 'com.vodqareactnative.MainActivity'
&amp#27;[38;5;16m[AppiumDriver@5303]&amp#27;[0m New AndroidUiautomator2Driver session created successfully, session cf5144de-91dc-431f-8c8b-429ab68fc153 added to master session list
&amp#27;[38;5;16m[AppiumDriver@5303]&amp#27;[0m Event 'newSessionStarted' logged at 1706114317211 (18:38:37 GMT+0200 (Eastern European Standard Time))
&amp#27;[38;5;32m[AndroidUiautomator2Driver@afb3 (cf5144de)]&amp#27;[0m Cached the protocol value 'W3C' for the new session cf5144de-91dc-431f-8c8b-429ab68fc153
&amp#27;[38;5;32m[AndroidUiautomator2Driver@afb3 (cf5144de)]&amp#27;[0m Responding to client with driver.createSession() result: {"capabilities":{"platformName":"ANDROID","app":"src/test/apks/appiumChallenge.apk","autoGrantPermissions":true,"automationName":"UIAutomator2","udid":"emulator-5554","platform":"LINUX","webStorageEnabled":false,"takesScreenshot":true,"javascriptEnabled":true,"databaseEnabled":false,"networkConnectionEnabled":true,"locationContextEnabled":false,"warnings":{},"desired":{"platformName":"ANDROID","app":"src/test/apks/appiumChallenge.apk","autoGrantPermissions":true,"automationName":"UIAutomator2","udid":"emulator-5554"},"deviceName":"emulator-5554","deviceUDID":"emulator-5554","appPackage":"com.vodqareactnative","pixelRatio":"2.75","statBarHeight":66,"viewportRect":{"left":0,"top":66,"width":1080,"height":2154},"deviceApiLevel":28,"platformVersion":"9","deviceManufacturer":"Google","deviceModel":"AOSP on IA Emulator","deviceScreenSize":"1080x2220","deviceScreenDensity":440}}
&amp#27;[38;5;0m[HTTP]&amp#27;[0m &amp#27;[37m<-- POST /session &amp#27;[39m&amp#27;[32m200&amp#27;[39m &amp#27;[90m5735 ms - 945&amp#27;[39m
&amp#27;[38;5;0m[HTTP]&amp#27;[0m &amp#27;[90m&amp#27;[39m
&amp#27;[38;5;0m[HTTP]&amp#27;[0m &amp#27;[37m-->&amp#27;[39m &amp#27;[37mPOST&amp#27;[39m &amp#27;[37m/session/cf5144de-91dc-431f-8c8b-429ab68fc153/element&amp#27;[39m
&amp#27;[38;5;0m[HTTP]&amp#27;[0m &amp#27;[90m{"using":"xpath","value":"//android.widget.Button"}&amp#27;[39m
&amp#27;[38;5;32m[AndroidUiautomator2Driver@afb3 (cf5144de)]&amp#27;[0m Calling AppiumDriver.findElement() with args: ["xpath","//android.widget.Button","cf5144de-91dc-431f-8c8b-429ab68fc153"]
&amp#27;[38;5;32m[AndroidUiautomator2Driver@afb3 (cf5144de)]&amp#27;[0m Valid locator strategies for this request: xpath, id, class name, accessibility id, css selector, -android uiautomator
&amp#27;[38;5;32m[AndroidUiautomator2Driver@afb3 (cf5144de)]&amp#27;[0m Waiting up to 0 ms for condition
&amp#27;[38;5;32m[AndroidUiautomator2Driver@afb3 (cf5144de)]&amp#27;[0m Matched '/element' to command name 'findElement'
&amp#27;[38;5;32m[AndroidUiautomator2Driver@afb3 (cf5144de)]&amp#27;[0m Proxying [POST /element] to [POST http://127.0.0.1:8200/session/bfdd20e3-a09c-4f94-b089-5506feaf08d0/element] with body: {"strategy":"xpath","selector":"//android.widget.Button","context":"","multiple":false}
&amp#27;[38;5;32m[AndroidUiautomator2Driver@afb3 (cf5144de)]&amp#27;[0m Got response with status 200: {"sessionId":"bfdd20e3-a09c-4f94-b089-5506feaf08d0","value":{"ELEMENT":"00000000-0000-006f-ffff-ffff0000002a","element-6066-11e4-a52e-4f735466cecf":"00000000-0000-006f-ffff-ffff0000002a"}}
&amp#27;[38;5;32m[AndroidUiautomator2Driver@afb3 (cf5144de)]&amp#27;[0m Responding to client with driver.findElement() result: {"element-6066-11e4-a52e-4f735466cecf":"00000000-0000-006f-ffff-ffff0000002a","ELEMENT":"00000000-0000-006f-ffff-ffff0000002a"}
&amp#27;[38;5;0m[HTTP]&amp#27;[0m &amp#27;[37m<-- POST /session/cf5144de-91dc-431f-8c8b-429ab68fc153/element &amp#27;[39m&amp#27;[32m200&amp#27;[39m &amp#27;[90m1549 ms - 137&amp#27;[39m
&amp#27;[38;5;0m[HTTP]&amp#27;[0m &amp#27;[90m&amp#27;[39m
&amp#27;[38;5;0m[HTTP]&amp#27;[0m &amp#27;[37m-->&amp#27;[39m &amp#27;[37mGET&amp#27;[39m &amp#27;[37m/session/cf5144de-91dc-431f-8c8b-429ab68fc153/element/00000000-0000-006f-ffff-ffff0000002a/displayed&amp#27;[39m
&amp#27;[38;5;0m[HTTP]&amp#27;[0m &amp#27;[90m{}&amp#27;[39m
&amp#27;[38;5;32m[AndroidUiautomator2Driver@afb3 (cf5144de)]&amp#27;[0m Calling AppiumDriver.elementDisplayed() with args: ["00000000-0000-006f-ffff-ffff0000002a","cf5144de-91dc-431f-8c8b-429ab68fc153"]
&amp#27;[38;5;32m[AndroidUiautomator2Driver@afb3 (cf5144de)]&amp#27;[0m Matched '/element/00000000-0000-006f-ffff-ffff0000002a/attribute/displayed' to command name 'getAttribute'
&amp#27;[38;5;32m[AndroidUiautomator2Driver@afb3 (cf5144de)]&amp#27;[0m Proxying [GET /element/00000000-0000-006f-ffff-ffff0000002a/attribute/displayed] to [GET http://127.0.0.1:8200/session/bfdd20e3-a09c-4f94-b089-5506feaf08d0/element/00000000-0000-006f-ffff-ffff0000002a/attribute/displayed] with no body
&amp#27;[38;5;32m[AndroidUiautomator2Driver@afb3 (cf5144de)]&amp#27;[0m Got response with status 200: {"sessionId":"bfdd20e3-a09c-4f94-b089-5506feaf08d0","value":"true"}
&amp#27;[38;5;32m[AndroidUiautomator2Driver@afb3 (cf5144de)]&amp#27;[0m Responding to client with driver.elementDisplayed() result: true
&amp#27;[38;5;0m[HTTP]&amp#27;[0m &amp#27;[37m<-- GET /session/cf5144de-91dc-431f-8c8b-429ab68fc153/element/00000000-0000-006f-ffff-ffff0000002a/displayed &amp#27;[39m&amp#27;[32m200&amp#27;[39m &amp#27;[90m528 ms - 14&amp#27;[39m
&amp#27;[38;5;0m[HTTP]&amp#27;[0m &amp#27;[90m&amp#27;[39m
&amp#27;[38;5;0m[HTTP]&amp#27;[0m &amp#27;[37m-->&amp#27;[39m &amp#27;[37mPOST&amp#27;[39m &amp#27;[37m/session/cf5144de-91dc-431f-8c8b-429ab68fc153/element&amp#27;[39m
&amp#27;[38;5;0m[HTTP]&amp#27;[0m &amp#27;[90m{"using":"xpath","value":"//android.widget.EditText[@content-desc='username']"}&amp#27;[39m
&amp#27;[38;5;32m[AndroidUiautomator2Driver@afb3 (cf5144de)]&amp#27;[0m Calling AppiumDriver.findElement() with args: ["xpath","//android.widget.EditText[@content-desc='username']","cf5144de-91dc-431f-8c8b-429ab68fc153"]
&amp#27;[38;5;32m[AndroidUiautomator2Driver@afb3 (cf5144de)]&amp#27;[0m Valid locator strategies for this request: xpath, id, class name, accessibility id, css selector, -android uiautomator
&amp#27;[38;5;32m[AndroidUiautomator2Driver@afb3 (cf5144de)]&amp#27;[0m Waiting up to 0 ms for condition
&amp#27;[38;5;32m[AndroidUiautomator2Driver@afb3 (cf5144de)]&amp#27;[0m Matched '/element' to command name 'findElement'
&amp#27;[38;5;32m[AndroidUiautomator2Driver@afb3 (cf5144de)]&amp#27;[0m Proxying [POST /element] to [POST http://127.0.0.1:8200/session/bfdd20e3-a09c-4f94-b089-5506feaf08d0/element] with body: {"strategy":"xpath","selector":"//android.widget.EditText[@content-desc='username']","context":"","multiple":false}
&amp#27;[38;5;32m[AndroidUiautomator2Driver@afb3 (cf5144de)]&amp#27;[0m Got response with status 200: {"sessionId":"bfdd20e3-a09c-4f94-b089-5506feaf08d0","value":{"ELEMENT":"00000000-0000-006f-ffff-ffff00000000","element-6066-11e4-a52e-4f735466cecf":"00000000-0000-006f-ffff-ffff00000000"}}
&amp#27;[38;5;32m[AndroidUiautomator2Driver@afb3 (cf5144de)]&amp#27;[0m Responding to client with driver.findElement() result: {"element-6066-11e4-a52e-4f735466cecf":"00000000-0000-006f-ffff-ffff00000000","ELEMENT":"00000000-0000-006f-ffff-ffff00000000"}
&amp#27;[38;5;0m[HTTP]&amp#27;[0m &amp#27;[37m<-- POST /session/cf5144de-91dc-431f-8c8b-429ab68fc153/element &amp#27;[39m&amp#27;[32m200&amp#27;[39m &amp#27;[90m84 ms - 137&amp#27;[39m
&amp#27;[38;5;0m[HTTP]&amp#27;[0m &amp#27;[90m&amp#27;[39m
&amp#27;[38;5;0m[HTTP]&amp#27;[0m &amp#27;[37m-->&amp#27;[39m &amp#27;[37mPOST&amp#27;[39m &amp#27;[37m/session/cf5144de-91dc-431f-8c8b-429ab68fc153/element/00000000-0000-006f-ffff-ffff00000000/value&amp#27;[39m
&amp#27;[38;5;0m[HTTP]&amp#27;[0m &amp#27;[90m{"id":"00000000-0000-006f-ffff-ffff00000000","text":"abc123","value":["a","b","c","1","2","3"]}&amp#27;[39m
&amp#27;[38;5;32m[AndroidUiautomator2Driver@afb3 (cf5144de)]&amp#27;[0m Calling AppiumDriver.setValue() with args: [["a","b","c","1","2","3"],"00000000-0000-006f-ffff-ffff00000000","cf5144de-91dc-431f-8c8b-429ab68fc153"]
&amp#27;[38;5;32m[AndroidUiautomator2Driver@afb3 (cf5144de)]&amp#27;[0m Matched '/element/00000000-0000-006f-ffff-ffff00000000/value' to command name 'setValue'
&amp#27;[38;5;32m[AndroidUiautomator2Driver@afb3 (cf5144de)]&amp#27;[0m Added 'value' property ["a","b","c","1","2","3"] to 'setValue' request body
&amp#27;[38;5;32m[AndroidUiautomator2Driver@afb3 (cf5144de)]&amp#27;[0m Proxying [POST /element/00000000-0000-006f-ffff-ffff00000000/value] to [POST http://127.0.0.1:8200/session/bfdd20e3-a09c-4f94-b089-5506feaf08d0/element/00000000-0000-006f-ffff-ffff00000000/value] with body: {"elementId":"00000000-0000-006f-ffff-ffff00000000","text":"abc123","replace":false,"value":["a","b","c","1","2","3"]}
&amp#27;[38;5;32m[AndroidUiautomator2Driver@afb3 (cf5144de)]&amp#27;[0m Got response with status 200: {"sessionId":"bfdd20e3-a09c-4f94-b089-5506feaf08d0","value":null}
&amp#27;[38;5;32m[AndroidUiautomator2Driver@afb3 (cf5144de)]&amp#27;[0m Responding to client with driver.setValue() result: null
&amp#27;[38;5;0m[HTTP]&amp#27;[0m &amp#27;[37m<-- POST /session/cf5144de-91dc-431f-8c8b-429ab68fc153/element/00000000-0000-006f-ffff-ffff00000000/value &amp#27;[39m&amp#27;[32m200&amp#27;[39m &amp#27;[90m522 ms - 14&amp#27;[39m
&amp#27;[38;5;0m[HTTP]&amp#27;[0m &amp#27;[90m&amp#27;[39m
&amp#27;[38;5;0m[HTTP]&amp#27;[0m &amp#27;[37m-->&amp#27;[39m &amp#27;[37mPOST&amp#27;[39m &amp#27;[37m/session/cf5144de-91dc-431f-8c8b-429ab68fc153/element&amp#27;[39m
&amp#27;[38;5;0m[HTTP]&amp#27;[0m &amp#27;[90m{"using":"xpath","value":"//android.widget.EditText[@content-desc='password']"}&amp#27;[39m
&amp#27;[38;5;32m[AndroidUiautomator2Driver@afb3 (cf5144de)]&amp#27;[0m Calling AppiumDriver.findElement() with args: ["xpath","//android.widget.EditText[@content-desc='password']","cf5144de-91dc-431f-8c8b-429ab68fc153"]
&amp#27;[38;5;32m[AndroidUiautomator2Driver@afb3 (cf5144de)]&amp#27;[0m Valid locator strategies for this request: xpath, id, class name, accessibility id, css selector, -android uiautomator
&amp#27;[38;5;32m[AndroidUiautomator2Driver@afb3 (cf5144de)]&amp#27;[0m Waiting up to 0 ms for condition
&amp#27;[38;5;32m[AndroidUiautomator2Driver@afb3 (cf5144de)]&amp#27;[0m Matched '/element' to command name 'findElement'
&amp#27;[38;5;32m[AndroidUiautomator2Driver@afb3 (cf5144de)]&amp#27;[0m Proxying [POST /element] to [POST http://127.0.0.1:8200/session/bfdd20e3-a09c-4f94-b089-5506feaf08d0/element] with body: {"strategy":"xpath","selector":"//android.widget.EditText[@content-desc='password']","context":"","multiple":false}
&amp#27;[38;5;32m[AndroidUiautomator2Driver@afb3 (cf5144de)]&amp#27;[0m Got response with status 200: {"sessionId":"bfdd20e3-a09c-4f94-b089-5506feaf08d0","value":{"ELEMENT":"00000000-0000-006f-ffff-ffff00000001","element-6066-11e4-a52e-4f735466cecf":"00000000-0000-006f-ffff-ffff00000001"}}
&amp#27;[38;5;32m[AndroidUiautomator2Driver@afb3 (cf5144de)]&amp#27;[0m Responding to client with driver.findElement() result: {"element-6066-11e4-a52e-4f735466cecf":"00000000-0000-006f-ffff-ffff00000001","ELEMENT":"00000000-0000-006f-ffff-ffff00000001"}
&amp#27;[38;5;0m[HTTP]&amp#27;[0m &amp#27;[37m<-- POST /session/cf5144de-91dc-431f-8c8b-429ab68fc153/element &amp#27;[39m&amp#27;[32m200&amp#27;[39m &amp#27;[90m557 ms - 137&amp#27;[39m
&amp#27;[38;5;0m[HTTP]&amp#27;[0m &amp#27;[90m&amp#27;[39m
&amp#27;[38;5;0m[HTTP]&amp#27;[0m &amp#27;[37m-->&amp#27;[39m &amp#27;[37mPOST&amp#27;[39m &amp#27;[37m/session/cf5144de-91dc-431f-8c8b-429ab68fc153/element/00000000-0000-006f-ffff-ffff00000001/value&amp#27;[39m
&amp#27;[38;5;0m[HTTP]&amp#27;[0m &amp#27;[90m{"id":"00000000-0000-006f-ffff-ffff00000001","text":"xyz$$","value":["x","y","z","$","$"]}&amp#27;[39m
&amp#27;[38;5;32m[AndroidUiautomator2Driver@afb3 (cf5144de)]&amp#27;[0m Calling AppiumDriver.setValue() with args: [["x","y","z","$","$"],"00000000-0000-006f-ffff-ffff00000001","cf5144de-91dc-431f-8c8b-429ab68fc153"]
&amp#27;[38;5;32m[AndroidUiautomator2Driver@afb3 (cf5144de)]&amp#27;[0m Matched '/element/00000000-0000-006f-ffff-ffff00000001/value' to command name 'setValue'
&amp#27;[38;5;32m[AndroidUiautomator2Driver@afb3 (cf5144de)]&amp#27;[0m Added 'value' property ["x","y","z","$","$"] to 'setValue' request body
&amp#27;[38;5;32m[AndroidUiautomator2Driver@afb3 (cf5144de)]&amp#27;[0m Proxying [POST /element/00000000-0000-006f-ffff-ffff00000001/value] to [POST http://127.0.0.1:8200/session/bfdd20e3-a09c-4f94-b089-5506feaf08d0/element/00000000-0000-006f-ffff-ffff00000001/value] with body: {"elementId":"00000000-0000-006f-ffff-ffff00000001","text":"xyz$$","replace":false,"value":["x","y","z","$","$"]}
&amp#27;[38;5;32m[AndroidUiautomator2Driver@afb3 (cf5144de)]&amp#27;[0m Got response with status 200: {"sessionId":"bfdd20e3-a09c-4f94-b089-5506feaf08d0","value":null}
&amp#27;[38;5;32m[AndroidUiautomator2Driver@afb3 (cf5144de)]&amp#27;[0m Responding to client with driver.setValue() result: null
&amp#27;[38;5;0m[HTTP]&amp#27;[0m &amp#27;[37m<-- POST /session/cf5144de-91dc-431f-8c8b-429ab68fc153/element/00000000-0000-006f-ffff-ffff00000001/value &amp#27;[39m&amp#27;[32m200&amp#27;[39m &amp#27;[90m523 ms - 14&amp#27;[39m
&amp#27;[38;5;0m[HTTP]&amp#27;[0m &amp#27;[90m&amp#27;[39m
&amp#27;[38;5;0m[HTTP]&amp#27;[0m &amp#27;[37m-->&amp#27;[39m &amp#27;[37mPOST&amp#27;[39m &amp#27;[37m/session/cf5144de-91dc-431f-8c8b-429ab68fc153/element&amp#27;[39m
&amp#27;[38;5;0m[HTTP]&amp#27;[0m &amp#27;[90m{"using":"xpath","value":"//android.widget.Button"}&amp#27;[39m
&amp#27;[38;5;32m[AndroidUiautomator2Driver@afb3 (cf5144de)]&amp#27;[0m Calling AppiumDriver.findElement() with args: ["xpath","//android.widget.Button","cf5144de-91dc-431f-8c8b-429ab68fc153"]
&amp#27;[38;5;32m[AndroidUiautomator2Driver@afb3 (cf5144de)]&amp#27;[0m Valid locator strategies for this request: xpath, id, class name, accessibility id, css selector, -android uiautomator
&amp#27;[38;5;32m[AndroidUiautomator2Driver@afb3 (cf5144de)]&amp#27;[0m Waiting up to 0 ms for condition
&amp#27;[38;5;32m[AndroidUiautomator2Driver@afb3 (cf5144de)]&amp#27;[0m Matched '/element' to command name 'findElement'
&amp#27;[38;5;32m[AndroidUiautomator2Driver@afb3 (cf5144de)]&amp#27;[0m Proxying [POST /element] to [POST http://127.0.0.1:8200/session/bfdd20e3-a09c-4f94-b089-5506feaf08d0/element] with body: {"strategy":"xpath","selector":"//android.widget.Button","context":"","multiple":false}
&amp#27;[38;5;32m[AndroidUiautomator2Driver@afb3 (cf5144de)]&amp#27;[0m Got response with status 200: {"sessionId":"bfdd20e3-a09c-4f94-b089-5506feaf08d0","value":{"ELEMENT":"00000000-0000-006f-ffff-ffff0000002a","element-6066-11e4-a52e-4f735466cecf":"00000000-0000-006f-ffff-ffff0000002a"}}
&amp#27;[38;5;32m[AndroidUiautomator2Driver@afb3 (cf5144de)]&amp#27;[0m Responding to client with driver.findElement() result: {"element-6066-11e4-a52e-4f735466cecf":"00000000-0000-006f-ffff-ffff0000002a","ELEMENT":"00000000-0000-006f-ffff-ffff0000002a"}
&amp#27;[38;5;0m[HTTP]&amp#27;[0m &amp#27;[37m<-- POST /session/cf5144de-91dc-431f-8c8b-429ab68fc153/element &amp#27;[39m&amp#27;[32m200&amp#27;[39m &amp#27;[90m949 ms - 137&amp#27;[39m
&amp#27;[38;5;0m[HTTP]&amp#27;[0m &amp#27;[90m&amp#27;[39m
&amp#27;[38;5;0m[HTTP]&amp#27;[0m &amp#27;[37m-->&amp#27;[39m &amp#27;[37mPOST&amp#27;[39m &amp#27;[37m/session/cf5144de-91dc-431f-8c8b-429ab68fc153/element/00000000-0000-006f-ffff-ffff0000002a/click&amp#27;[39m
&amp#27;[38;5;0m[HTTP]&amp#27;[0m &amp#27;[90m{"id":"00000000-0000-006f-ffff-ffff0000002a"}&amp#27;[39m
&amp#27;[38;5;32m[AndroidUiautomator2Driver@afb3 (cf5144de)]&amp#27;[0m Calling AppiumDriver.click() with args: ["00000000-0000-006f-ffff-ffff0000002a","cf5144de-91dc-431f-8c8b-429ab68fc153"]
&amp#27;[38;5;32m[AndroidUiautomator2Driver@afb3 (cf5144de)]&amp#27;[0m Matched '/element/00000000-0000-006f-ffff-ffff0000002a/click' to command name 'click'
&amp#27;[38;5;32m[AndroidUiautomator2Driver@afb3 (cf5144de)]&amp#27;[0m Proxying [POST /element/00000000-0000-006f-ffff-ffff0000002a/click] to [POST http://127.0.0.1:8200/session/bfdd20e3-a09c-4f94-b089-5506feaf08d0/element/00000000-0000-006f-ffff-ffff0000002a/click] with body: {"element":"00000000-0000-006f-ffff-ffff0000002a"}
&amp#27;[38;5;32m[AndroidUiautomator2Driver@afb3 (cf5144de)]&amp#27;[0m Got response with status 200: {"sessionId":"bfdd20e3-a09c-4f94-b089-5506feaf08d0","value":null}
&amp#27;[38;5;32m[AndroidUiautomator2Driver@afb3 (cf5144de)]&amp#27;[0m Responding to client with driver.click() result: null
&amp#27;[38;5;0m[HTTP]&amp#27;[0m &amp#27;[37m<-- POST /session/cf5144de-91dc-431f-8c8b-429ab68fc153/element/00000000-0000-006f-ffff-ffff0000002a/click &amp#27;[39m&amp#27;[32m200&amp#27;[39m &amp#27;[90m39 ms - 14&amp#27;[39m
&amp#27;[38;5;0m[HTTP]&amp#27;[0m &amp#27;[90m&amp#27;[39m
&amp#27;[38;5;0m[HTTP]&amp#27;[0m &amp#27;[37m-->&amp#27;[39m &amp#27;[37mPOST&amp#27;[39m &amp#27;[37m/session/cf5144de-91dc-431f-8c8b-429ab68fc153/element&amp#27;[39m
&amp#27;[38;5;0m[HTTP]&amp#27;[0m &amp#27;[90m{"using":"id","value":"android:id/message"}&amp#27;[39m
&amp#27;[38;5;32m[AndroidUiautomator2Driver@afb3 (cf5144de)]&amp#27;[0m Calling AppiumDriver.findElement() with args: ["id","android:id/message","cf5144de-91dc-431f-8c8b-429ab68fc153"]
&amp#27;[38;5;32m[AndroidUiautomator2Driver@afb3 (cf5144de)]&amp#27;[0m Valid locator strategies for this request: xpath, id, class name, accessibility id, css selector, -android uiautomator
&amp#27;[38;5;32m[AndroidUiautomator2Driver@afb3 (cf5144de)]&amp#27;[0m Waiting up to 0 ms for condition
&amp#27;[38;5;32m[AndroidUiautomator2Driver@afb3 (cf5144de)]&amp#27;[0m Matched '/element' to command name 'findElement'
&amp#27;[38;5;32m[AndroidUiautomator2Driver@afb3 (cf5144de)]&amp#27;[0m Proxying [POST /element] to [POST http://127.0.0.1:8200/session/bfdd20e3-a09c-4f94-b089-5506feaf08d0/element] with body: {"strategy":"id","selector":"android:id/message","context":"","multiple":false}
&amp#27;[38;5;32m[AndroidUiautomator2Driver@afb3 (cf5144de)]&amp#27;[0m Got response with status 200: {"sessionId":"bfdd20e3-a09c-4f94-b089-5506feaf08d0","value":{"ELEMENT":"00000000-0000-0070-ffff-ffff0000009c","element-6066-11e4-a52e-4f735466cecf":"00000000-0000-0070-ffff-ffff0000009c"}}
&amp#27;[38;5;32m[AndroidUiautomator2Driver@afb3 (cf5144de)]&amp#27;[0m Responding to client with driver.findElement() result: {"element-6066-11e4-a52e-4f735466cecf":"00000000-0000-0070-ffff-ffff0000009c","ELEMENT":"00000000-0000-0070-ffff-ffff0000009c"}
&amp#27;[38;5;0m[HTTP]&amp#27;[0m &amp#27;[37m<-- POST /session/cf5144de-91dc-431f-8c8b-429ab68fc153/element &amp#27;[39m&amp#27;[32m200&amp#27;[39m &amp#27;[90m543 ms - 137&amp#27;[39m
&amp#27;[38;5;0m[HTTP]&amp#27;[0m &amp#27;[90m&amp#27;[39m
&amp#27;[38;5;0m[HTTP]&amp#27;[0m &amp#27;[37m-->&amp#27;[39m &amp#27;[37mGET&amp#27;[39m &amp#27;[37m/session/cf5144de-91dc-431f-8c8b-429ab68fc153/element/00000000-0000-0070-ffff-ffff0000009c/displayed&amp#27;[39m
&amp#27;[38;5;0m[HTTP]&amp#27;[0m &amp#27;[90m{}&amp#27;[39m
&amp#27;[38;5;32m[AndroidUiautomator2Driver@afb3 (cf5144de)]&amp#27;[0m Calling AppiumDriver.elementDisplayed() with args: ["00000000-0000-0070-ffff-ffff0000009c","cf5144de-91dc-431f-8c8b-429ab68fc153"]
&amp#27;[38;5;32m[AndroidUiautomator2Driver@afb3 (cf5144de)]&amp#27;[0m Matched '/element/00000000-0000-0070-ffff-ffff0000009c/attribute/displayed' to command name 'getAttribute'
&amp#27;[38;5;32m[AndroidUiautomator2Driver@afb3 (cf5144de)]&amp#27;[0m Proxying [GET /element/00000000-0000-0070-ffff-ffff0000009c/attribute/displayed] to [GET http://127.0.0.1:8200/session/bfdd20e3-a09c-4f94-b089-5506feaf08d0/element/00000000-0000-0070-ffff-ffff0000009c/attribute/displayed] with no body
&amp#27;[38;5;32m[AndroidUiautomator2Driver@afb3 (cf5144de)]&amp#27;[0m Got response with status 200: {"sessionId":"bfdd20e3-a09c-4f94-b089-5506feaf08d0","value":"true"}
&amp#27;[38;5;32m[AndroidUiautomator2Driver@afb3 (cf5144de)]&amp#27;[0m Responding to client with driver.elementDisplayed() result: true
&amp#27;[38;5;0m[HTTP]&amp#27;[0m &amp#27;[37m<-- GET /session/cf5144de-91dc-431f-8c8b-429ab68fc153/element/00000000-0000-0070-ffff-ffff0000009c/displayed &amp#27;[39m&amp#27;[32m200&amp#27;[39m &amp#27;[90m14 ms - 14&amp#27;[39m
&amp#27;[38;5;0m[HTTP]&amp#27;[0m &amp#27;[90m&amp#27;[39m
&amp#27;[38;5;0m[HTTP]&amp#27;[0m &amp#27;[37m-->&amp#27;[39m &amp#27;[37mGET&amp#27;[39m &amp#27;[37m/session/cf5144de-91dc-431f-8c8b-429ab68fc153/element/00000000-0000-0070-ffff-ffff0000009c/text&amp#27;[39m
&amp#27;[38;5;0m[HTTP]&amp#27;[0m &amp#27;[90m{}&amp#27;[39m
&amp#27;[38;5;32m[AndroidUiautomator2Driver@afb3 (cf5144de)]&amp#27;[0m Driver proxy active, passing request on via HTTP proxy
&amp#27;[38;5;32m[AndroidUiautomator2Driver@afb3 (cf5144de)]&amp#27;[0m Matched '/session/cf5144de-91dc-431f-8c8b-429ab68fc153/element/00000000-0000-0070-ffff-ffff0000009c/text' to command name 'getText'
&amp#27;[38;5;32m[AndroidUiautomator2Driver@afb3 (cf5144de)]&amp#27;[0m Proxying [GET /session/cf5144de-91dc-431f-8c8b-429ab68fc153/element/00000000-0000-0070-ffff-ffff0000009c/text] to [GET http://127.0.0.1:8200/session/bfdd20e3-a09c-4f94-b089-5506feaf08d0/element/00000000-0000-0070-ffff-ffff0000009c/text] with no body
&amp#27;[38;5;32m[AndroidUiautomator2Driver@afb3 (cf5144de)]&amp#27;[0m Got response with status 200: {"sessionId":"bfdd20e3-a09c-4f94-b089-5506feaf08d0","value":"Invalid  Credentials"}
&amp#27;[38;5;32m[AndroidUiautomator2Driver@afb3 (cf5144de)]&amp#27;[0m Replacing sessionId bfdd20e3-a09c-4f94-b089-5506feaf08d0 with cf5144de-91dc-431f-8c8b-429ab68fc153
&amp#27;[38;5;0m[HTTP]&amp#27;[0m &amp#27;[37m<-- GET /session/cf5144de-91dc-431f-8c8b-429ab68fc153/element/00000000-0000-0070-ffff-ffff0000009c/text &amp#27;[39m&amp#27;[32m200&amp#27;[39m &amp#27;[90m11 ms - 83&amp#27;[39m
&amp#27;[38;5;0m[HTTP]&amp#27;[0m &amp#27;[90m&amp#27;[39m
&amp#27;[38;5;0m[HTTP]&amp#27;[0m &amp#27;[37m-->&amp#27;[39m &amp#27;[37mDELETE&amp#27;[39m &amp#27;[37m/session/cf5144de-91dc-431f-8c8b-429ab68fc153&amp#27;[39m
&amp#27;[38;5;0m[HTTP]&amp#27;[0m &amp#27;[90m{}&amp#27;[39m
&amp#27;[38;5;32m[AndroidUiautomator2Driver@afb3 (cf5144de)]&amp#27;[0m Calling AppiumDriver.deleteSession() with args: ["cf5144de-91dc-431f-8c8b-429ab68fc153"]
&amp#27;[38;5;16m[AppiumDriver@5303]&amp#27;[0m Event 'quitSessionRequested' logged at 1706114322577 (18:38:42 GMT+0200 (Eastern European Standard Time))
&amp#27;[38;5;16m[AppiumDriver@5303]&amp#27;[0m Removing session cf5144de-91dc-431f-8c8b-429ab68fc153 from our master session list
&amp#27;[38;5;32m[AndroidUiautomator2Driver@afb3 (cf5144de)]&amp#27;[0m Deleting UiAutomator2 session
&amp#27;[38;5;32m[AndroidUiautomator2Driver@afb3 (cf5144de)]&amp#27;[0m Deleting UiAutomator2 server session
&amp#27;[38;5;32m[AndroidUiautomator2Driver@afb3 (cf5144de)]&amp#27;[0m Matched '/' to command name 'deleteSession'
&amp#27;[38;5;32m[AndroidUiautomator2Driver@afb3 (cf5144de)]&amp#27;[0m Proxying [DELETE /] to [DELETE http://127.0.0.1:8200/session/bfdd20e3-a09c-4f94-b089-5506feaf08d0] with no body
&amp#27;[38;5;32m[AndroidUiautomator2Driver@afb3 (cf5144de)]&amp#27;[0m Got response with status 200: {"sessionId":"bfdd20e3-a09c-4f94-b089-5506feaf08d0","value":null}
&amp#27;[38;5;64m[ADB]&amp#27;[0m Running '/Users/ifedun/Library/Android/sdk/platform-tools/adb -P 5037 -s emulator-5554 shell am force-stop com.vodqareactnative'
&amp#27;[38;5;96m[Logcat]&amp#27;[0m Stopping logcat capture
&amp#27;[38;5;64m[ADB]&amp#27;[0m Removing forwarded port socket connection: 8200 
&amp#27;[38;5;64m[ADB]&amp#27;[0m Running '/Users/ifedun/Library/Android/sdk/platform-tools/adb -P 5037 -s emulator-5554 forward --remove tcp:8200'
&amp#27;[38;5;32m[AndroidUiautomator2Driver@afb3 (cf5144de)]&amp#27;[0m Restoring hidden api policy to the device default configuration
&amp#27;[38;5;64m[ADB]&amp#27;[0m Running '/Users/ifedun/Library/Android/sdk/platform-tools/adb -P 5037 -s emulator-5554 shell 'settings delete global hidden_api_policy_pre_p_apps;settings delete global hidden_api_policy_p_apps;settings delete global hidden_api_policy''
&amp#27;[38;5;16m[AppiumDriver@5303]&amp#27;[0m Event 'quitSessionFinished' logged at 1706114322835 (18:38:42 GMT+0200 (Eastern European Standard Time))
&amp#27;[38;5;16m[AppiumDriver@5303]&amp#27;[0m Received response: null
&amp#27;[38;5;16m[AppiumDriver@5303]&amp#27;[0m But deleting session, so not returning
&amp#27;[38;5;16m[AppiumDriver@5303]&amp#27;[0m Responding to client with driver.deleteSession() result: null
&amp#27;[38;5;0m[HTTP]&amp#27;[0m &amp#27;[37m<-- DELETE /session/cf5144de-91dc-431f-8c8b-429ab68fc153 &amp#27;[39m&amp#27;[32m200&amp#27;[39m &amp#27;[90m260 ms - 14&amp#27;[39m
&amp#27;[38;5;0m[HTTP]&amp#27;[0m &amp#27;[90m&amp#27;[39m
]]></system-out>
  </testcase>
  <testcase name="runScenario[&quot;Login with blank username/password&quot;, &quot;Login&quot;](5)" classname="testsRunner.CucumberRunnerTests" time="18.646">
    <system-out><![CDATA[&amp#27;[35m[Appium]&amp#27;[39m Welcome to Appium v2.4.1
&amp#27;[35m[Appium]&amp#27;[39m The autodetected Appium home path: /Users/ifedun/.appium
&amp#27;[35m[Appium]&amp#27;[39m Attempting to load driver chromium...
&amp#27;[35m[Appium]&amp#27;[39m Attempting to load driver uiautomator2...
&amp#27;[35m[Appium]&amp#27;[39m Requiring driver at /Users/ifedun/.appium/node_modules/appium-chromium-driver/index.js
&amp#27;[35m[Appium]&amp#27;[39m Requiring driver at /Users/ifedun/.appium/node_modules/appium-uiautomator2-driver/build/index.js
&amp#27;[35m[Appium]&amp#27;[39m ChromiumDriver has been successfully loaded in 0.831s
&amp#27;[35m[Appium]&amp#27;[39m AndroidUiautomator2Driver has been successfully loaded in 0.831s
&amp#27;[35m[Appium]&amp#27;[39m Appium REST http interface listener started on http://0.0.0.0:4723
&amp#27;[35m[Appium]&amp#27;[39m You can provide the following URLs in your client code to connect to this server:
&amp#27;[35m[Appium]&amp#27;[39m 	http://127.0.0.1:4723/ (only accessible from the same host)
&amp#27;[35m[Appium]&amp#27;[39m 	http://192.168.0.161:4723/
&amp#27;[35m[Appium]&amp#27;[39m Available drivers:
&amp#27;[35m[Appium]&amp#27;[39m   - chromium@1.3.4 (automationName 'Chromium')
&amp#27;[35m[Appium]&amp#27;[39m   - uiautomator2@2.42.1 (automationName 'UiAutomator2')
&amp#27;[35m[Appium]&amp#27;[39m No plugins have been installed. Use the "appium plugin" command to install the one(s) you want to use.
&amp#27;[38;5;0m[HTTP]&amp#27;[0m &amp#27;[37m-->&amp#27;[39m &amp#27;[37mGET&amp#27;[39m &amp#27;[37m/status&amp#27;[39m
&amp#27;[38;5;0m[HTTP]&amp#27;[0m &amp#27;[90m{}&amp#27;[39m
&amp#27;[38;5;16m[AppiumDriver@9f17]&amp#27;[0m Calling AppiumDriver.getStatus() with args: []
&amp#27;[38;5;16m[AppiumDriver@9f17]&amp#27;[0m Responding to client with driver.getStatus() result: {"ready":true,"message":"The server is ready to accept new connections","build":{"version":"2.4.1"}}
&amp#27;[38;5;0m[HTTP]&amp#27;[0m &amp#27;[37m<-- GET /status &amp#27;[39m&amp#27;[32m200&amp#27;[39m &amp#27;[90m5 ms - 110&amp#27;[39m
&amp#27;[38;5;0m[HTTP]&amp#27;[0m &amp#27;[90m&amp#27;[39m
&amp#27;[38;5;0m[HTTP]&amp#27;[0m Request idempotency key: af68e222-15ca-43b0-9c2a-8947fa328d89
&amp#27;[38;5;0m[HTTP]&amp#27;[0m &amp#27;[37m-->&amp#27;[39m &amp#27;[37mPOST&amp#27;[39m &amp#27;[37m/session&amp#27;[39m
&amp#27;[38;5;0m[HTTP]&amp#27;[0m &amp#27;[90m{"capabilities":{"firstMatch":[{}],"alwaysMatch":{"appium:app":"src/test/apks/appiumChallenge.apk","appium:autoGrantPermissions":true,"appium:automationName":"UIAutomator2","appium:udid":"emulator-5554","platformName":"ANDROID"}}}&amp#27;[39m
&amp#27;[38;5;16m[AppiumDriver@9f17]&amp#27;[0m Calling AppiumDriver.createSession() with args: [null,null,{"firstMatch":[{}],"alwaysMatch":{"appium:app":"src/test/apks/appiumChallenge.apk","appium:autoGrantPermissions":true,"appium:automationName":"UIAutomator2","appium:udid":"emulator-5554","platformName":"ANDROID"}}]
&amp#27;[38;5;16m[AppiumDriver@9f17]&amp#27;[0m Event 'newSessionRequested' logged at 1706114328532 (18:38:48 GMT+0200 (Eastern European Standard Time))
&amp#27;[35m[Appium]&amp#27;[39m Attempting to find matching driver for automationName 'UIAutomator2' and platformName 'ANDROID'
&amp#27;[35m[Appium]&amp#27;[39m The 'uiautomator2' driver was installed and matched caps.
&amp#27;[35m[Appium]&amp#27;[39m Will require it at /Users/ifedun/.appium/node_modules/appium-uiautomator2-driver
&amp#27;[35m[Appium]&amp#27;[39m Requiring driver at /Users/ifedun/.appium/node_modules/appium-uiautomator2-driver/build/index.js
&amp#27;[38;5;16m[AppiumDriver@9f17]&amp#27;[0m Appium v2.4.1 creating new AndroidUiautomator2Driver (v2.42.1) session
&amp#27;[38;5;16m[AppiumDriver@9f17]&amp#27;[0m Checking BaseDriver versions for Appium and AndroidUiautomator2Driver
&amp#27;[38;5;16m[AppiumDriver@9f17]&amp#27;[0m Appium's BaseDriver version is 9.5.0
&amp#27;[38;5;16m[AppiumDriver@9f17]&amp#27;[0m AndroidUiautomator2Driver's BaseDriver version is 9.5.0
&amp#27;[38;5;32m[AndroidUiautomator2Driver@0192]&amp#27;[0m Creating session with W3C capabilities: {
&amp#27;[38;5;32m[AndroidUiautomator2Driver@0192]&amp#27;[0m   "alwaysMatch": {
&amp#27;[38;5;32m[AndroidUiautomator2Driver@0192]&amp#27;[0m     "platformName": "ANDROID",
&amp#27;[38;5;32m[AndroidUiautomator2Driver@0192]&amp#27;[0m     "appium:app": "src/test/apks/appiumChallenge.apk",
&amp#27;[38;5;32m[AndroidUiautomator2Driver@0192]&amp#27;[0m     "appium:autoGrantPermissions": true,
&amp#27;[38;5;32m[AndroidUiautomator2Driver@0192]&amp#27;[0m     "appium:automationName": "UIAutomator2",
&amp#27;[38;5;32m[AndroidUiautomator2Driver@0192]&amp#27;[0m     "appium:udid": "emulator-5554"
&amp#27;[38;5;32m[AndroidUiautomator2Driver@0192]&amp#27;[0m   },
&amp#27;[38;5;32m[AndroidUiautomator2Driver@0192]&amp#27;[0m   "firstMatch": [
&amp#27;[38;5;32m[AndroidUiautomator2Driver@0192]&amp#27;[0m     {}
&amp#27;[38;5;32m[AndroidUiautomator2Driver@0192]&amp#27;[0m   ]
&amp#27;[38;5;32m[AndroidUiautomator2Driver@0192]&amp#27;[0m }
&amp#27;[38;5;32m[AndroidUiautomator2Driver@0192 (b4a24184)]&amp#27;[0m Session created with session id: b4a24184-27e3-48bf-8f17-491f83e660dc
&amp#27;[38;5;48m[BaseDriver]&amp#27;[0m Using local app 'src/test/apks/appiumChallenge.apk'
&amp#27;[38;5;48m[BaseDriver]&amp#27;[0m The current application path 'src/test/apks/appiumChallenge.apk' is not absolute and has been rewritten to '/Users/ifedun/wpp_be_automation/NortalTask/src/test/apks/appiumChallenge.apk'. Consider using absolute paths rather than relative
&amp#27;[38;5;32m[AndroidUiautomator2Driver@0192 (b4a24184)]&amp#27;[0m Checking whether app is actually present
&amp#27;[38;5;64m[ADB]&amp#27;[0m Found 1 'build-tools' folders under '/Users/ifedun/Library/Android/sdk' (newest first):
&amp#27;[38;5;64m[ADB]&amp#27;[0m     /Users/ifedun/Library/Android/sdk/build-tools/34.0.0
&amp#27;[38;5;64m[ADB]&amp#27;[0m Using 'adb' from '/Users/ifedun/Library/Android/sdk/platform-tools/adb'
&amp#27;[38;5;64m[ADB]&amp#27;[0m Running '/Users/ifedun/Library/Android/sdk/platform-tools/adb -P 5037 start-server'
&amp#27;[38;5;80m[AndroidDriver]&amp#27;[0m Retrieving device list
&amp#27;[38;5;64m[ADB]&amp#27;[0m Trying to find connected Android devices
&amp#27;[38;5;64m[ADB]&amp#27;[0m Getting connected devices
&amp#27;[38;5;64m[ADB]&amp#27;[0m Connected devices: [{"udid":"emulator-5554","state":"device"}]
&amp#27;[38;5;80m[AndroidDriver]&amp#27;[0m Using device: emulator-5554
&amp#27;[38;5;64m[ADB]&amp#27;[0m Using 'adb' from '/Users/ifedun/Library/Android/sdk/platform-tools/adb'
&amp#27;[38;5;64m[ADB]&amp#27;[0m Running '/Users/ifedun/Library/Android/sdk/platform-tools/adb -P 5037 start-server'
&amp#27;[38;5;64m[ADB]&amp#27;[0m Setting device id to emulator-5554
&amp#27;[38;5;64m[ADB]&amp#27;[0m Running '/Users/ifedun/Library/Android/sdk/platform-tools/adb -P 5037 -s emulator-5554 shell getprop ro.build.version.sdk'
&amp#27;[38;5;64m[ADB]&amp#27;[0m Current device property 'ro.build.version.sdk': 28
&amp#27;[38;5;64m[ADB]&amp#27;[0m Getting device platform version
&amp#27;[38;5;64m[ADB]&amp#27;[0m Running '/Users/ifedun/Library/Android/sdk/platform-tools/adb -P 5037 -s emulator-5554 shell getprop ro.build.version.release'
&amp#27;[38;5;64m[ADB]&amp#27;[0m Current device property 'ro.build.version.release': 9
&amp#27;[38;5;64m[ADB]&amp#27;[0m Device API level: 28
&amp#27;[38;5;32m[AndroidUiautomator2Driver@0192 (b4a24184)]&amp#27;[0m Relaxing hidden api policy
&amp#27;[38;5;64m[ADB]&amp#27;[0m Running '/Users/ifedun/Library/Android/sdk/platform-tools/adb -P 5037 -s emulator-5554 shell 'settings put global hidden_api_policy_pre_p_apps 1;settings put global hidden_api_policy_p_apps 1;settings put global hidden_api_policy 1''
&amp#27;[38;5;80m[AndroidDriver]&amp#27;[0m Parsing package and activity from app manifest
&amp#27;[38;5;64m[ADB]&amp#27;[0m Package name: 'com.vodqareactnative'
&amp#27;[38;5;64m[ADB]&amp#27;[0m Main activity name: 'com.vodqareactnative.MainActivity'
&amp#27;[38;5;80m[AndroidDriver]&amp#27;[0m Parsed package and activity are: com.vodqareactnative/com.vodqareactnative.MainActivity
&amp#27;[38;5;64m[ADB]&amp#27;[0m Running '/Users/ifedun/Library/Android/sdk/platform-tools/adb -P 5037 -s emulator-5554 wait-for-device'
&amp#27;[38;5;64m[ADB]&amp#27;[0m Running '/Users/ifedun/Library/Android/sdk/platform-tools/adb -P 5037 -s emulator-5554 shell echo ping'
&amp#27;[38;5;80m[AndroidDriver]&amp#27;[0m Pushing settings apk to device...
&amp#27;[38;5;64m[ADB]&amp#27;[0m Getting package info for 'io.appium.settings'
&amp#27;[38;5;64m[ADB]&amp#27;[0m Running '/Users/ifedun/Library/Android/sdk/platform-tools/adb -P 5037 -s emulator-5554 shell dumpsys package io.appium.settings'
&amp#27;[38;5;64m[ADB]&amp#27;[0m The version name of the installed 'io.appium.settings' is greater or equal to the application version name ('5.7.2' >= '5.7.2')
&amp#27;[38;5;64m[ADB]&amp#27;[0m There is no need to install/upgrade '/Users/ifedun/.appium/node_modules/appium-uiautomator2-driver/node_modules/io.appium.settings/apks/settings_apk-debug.apk'
&amp#27;[38;5;64m[ADB]&amp#27;[0m Running '/Users/ifedun/Library/Android/sdk/platform-tools/adb -P 5037 -s emulator-5554 shell dumpsys activity services io.appium.settings'
&amp#27;[38;5;80m[AndroidDriver]&amp#27;[0m io.appium.settings is already running. There is no need to reset its permissions.
&amp#27;[38;5;96m[Logcat]&amp#27;[0m Starting logs capture with command: /Users/ifedun/Library/Android/sdk/platform-tools/adb -P 5037 -s emulator-5554 logcat -v threadtime
&amp#27;[38;5;32m[AndroidUiautomator2Driver@0192 (b4a24184)]&amp#27;[0m Forwarding UiAutomator2 Server port 6790 to local port 8200
&amp#27;[38;5;64m[ADB]&amp#27;[0m Forwarding system: 8200 to device: 6790
&amp#27;[38;5;64m[ADB]&amp#27;[0m Running '/Users/ifedun/Library/Android/sdk/platform-tools/adb -P 5037 -s emulator-5554 forward tcp:8200 tcp:6790'
&amp#27;[38;5;64m[ADB]&amp#27;[0m Checking app cert for /Users/ifedun/.appium/node_modules/appium-uiautomator2-driver/node_modules/appium-uiautomator2-server/apks/appium-uiautomator2-server-v6.0.3.apk
&amp#27;[38;5;64m[ADB]&amp#27;[0m Checking app cert for /Users/ifedun/.appium/node_modules/appium-uiautomator2-driver/node_modules/appium-uiautomator2-server/apks/appium-uiautomator2-server-debug-androidTest.apk
&amp#27;[38;5;64m[ADB]&amp#27;[0m Using 'apksigner.jar' from '/Users/ifedun/Library/Android/sdk/build-tools/34.0.0/lib/apksigner.jar'
&amp#27;[38;5;64m[ADB]&amp#27;[0m Starting apksigner: /Users/ifedun/Library/Java/JavaVirtualMachines/corretto-11.0.12/Contents/Home/bin/java -Xmx1024M -Xss1m -jar /Users/ifedun/Library/Android/sdk/build-tools/34.0.0/lib/apksigner.jar verify --print-certs /Users/ifedun/.appium/node_modules/appium-uiautomator2-driver/node_modules/appium-uiautomator2-server/apks/appium-uiautomator2-server-debug-androidTest.apk
&amp#27;[38;5;64m[ADB]&amp#27;[0m Starting apksigner: /Users/ifedun/Library/Java/JavaVirtualMachines/corretto-11.0.12/Contents/Home/bin/java -Xmx1024M -Xss1m -jar /Users/ifedun/Library/Android/sdk/build-tools/34.0.0/lib/apksigner.jar verify --print-certs /Users/ifedun/.appium/node_modules/appium-uiautomator2-driver/node_modules/appium-uiautomator2-server/apks/appium-uiautomator2-server-v6.0.3.apk
&amp#27;[38;5;64m[ADB]&amp#27;[0m apksigner stdout: Signer #1 certificate DN: EMAILADDRESS=android@android.com, CN=Android, OU=Android, O=Android, L=Mountain View, ST=California, C=US
&amp#27;[38;5;64m[ADB]&amp#27;[0m Signer #1 certificate SHA-256 digest: a40da80a59d170caa950cf15c18c454d47a39b26989d8b640ecd745ba71bf5dc
&amp#27;[38;5;64m[ADB]&amp#27;[0m Signer #1 certificate SHA-1 digest: 61ed377e85d386a8dfee6b864bd85b0bfaa5af81
&amp#27;[38;5;64m[ADB]&amp#27;[0m Signer #1 certificate MD5 digest: e89b158e4bcf988ebd09eb83f5378e87
&amp#27;[38;5;64m[ADB]&amp#27;[0m 
&amp#27;[38;5;64m[ADB]&amp#27;[0m sha256 hash did match for 'appium-uiautomator2-server-debug-androidTest.apk'
&amp#27;[38;5;64m[ADB]&amp#27;[0m '/Users/ifedun/.appium/node_modules/appium-uiautomator2-driver/node_modules/appium-uiautomator2-server/apks/appium-uiautomator2-server-debug-androidTest.apk' is signed with the default certificate
&amp#27;[38;5;64m[ADB]&amp#27;[0m Getting install status for io.appium.uiautomator2.server.test
&amp#27;[38;5;64m[ADB]&amp#27;[0m Running '/Users/ifedun/Library/Android/sdk/platform-tools/adb -P 5037 -s emulator-5554 shell pm path io.appium.uiautomator2.server.test'
&amp#27;[38;5;64m[ADB]&amp#27;[0m 'io.appium.uiautomator2.server.test' is installed
&amp#27;[38;5;64m[ADB]&amp#27;[0m apksigner stdout: Signer #1 certificate DN: EMAILADDRESS=android@android.com, CN=Android, OU=Android, O=Android, L=Mountain View, ST=California, C=US
&amp#27;[38;5;64m[ADB]&amp#27;[0m Signer #1 certificate SHA-256 digest: a40da80a59d170caa950cf15c18c454d47a39b26989d8b640ecd745ba71bf5dc
&amp#27;[38;5;64m[ADB]&amp#27;[0m Signer #1 certificate SHA-1 digest: 61ed377e85d386a8dfee6b864bd85b0bfaa5af81
&amp#27;[38;5;64m[ADB]&amp#27;[0m Signer #1 certificate MD5 digest: e89b158e4bcf988ebd09eb83f5378e87
&amp#27;[38;5;64m[ADB]&amp#27;[0m 
&amp#27;[38;5;64m[ADB]&amp#27;[0m sha256 hash did match for 'appium-uiautomator2-server-v6.0.3.apk'
&amp#27;[38;5;64m[ADB]&amp#27;[0m '/Users/ifedun/.appium/node_modules/appium-uiautomator2-driver/node_modules/appium-uiautomator2-server/apks/appium-uiautomator2-server-v6.0.3.apk' is signed with the default certificate
&amp#27;[38;5;64m[ADB]&amp#27;[0m Getting package info for 'io.appium.uiautomator2.server'
&amp#27;[38;5;64m[ADB]&amp#27;[0m Running '/Users/ifedun/Library/Android/sdk/platform-tools/adb -P 5037 -s emulator-5554 shell dumpsys package io.appium.uiautomator2.server'
&amp#27;[38;5;64m[ADB]&amp#27;[0m The version name of the installed 'io.appium.uiautomator2.server' is greater or equal to the application version name ('6.0.3' >= '6.0.3')
&amp#27;[38;5;32m[AndroidUiautomator2Driver@0192 (b4a24184)]&amp#27;[0m Server packages status: [{"wasSigned":true,"installState":"sameVersionInstalled","appPath":"/Users/ifedun/.appium/node_modules/appium-uiautomator2-driver/node_modules/appium-uiautomator2-server/apks/appium-uiautomator2-server-v6.0.3.apk","appId":"io.appium.uiautomator2.server"},{"wasSigned":true,"installState":"sameVersionInstalled","appPath":"/Users/ifedun/.appium/node_modules/appium-uiautomator2-driver/node_modules/appium-uiautomator2-server/apks/appium-uiautomator2-server-debug-androidTest.apk","appId":"io.appium.uiautomator2.server.test"}]
&amp#27;[38;5;32m[AndroidUiautomator2Driver@0192 (b4a24184)]&amp#27;[0m Server packages are not going to be (re)installed
&amp#27;[38;5;32m[AndroidUiautomator2Driver@0192 (b4a24184)]&amp#27;[0m Waiting up to 30000ms for services to be available
&amp#27;[38;5;64m[ADB]&amp#27;[0m Running '/Users/ifedun/Library/Android/sdk/platform-tools/adb -P 5037 -s emulator-5554 shell pm list instrumentation'
&amp#27;[38;5;32m[AndroidUiautomator2Driver@0192 (b4a24184)]&amp#27;[0m Instrumentation target 'io.appium.uiautomator2.server.test/androidx.test.runner.AndroidJUnitRunner' is available
&amp#27;[38;5;64m[ADB]&amp#27;[0m Adding packages ["io.appium.settings","io.appium.uiautomator2.server","io.appium.uiautomator2.server.test"] to Doze whitelist
&amp#27;[38;5;64m[ADB]&amp#27;[0m Got the following command chunks to execute: [["dumpsys","deviceidle","whitelist","+io.appium.settings",";","dumpsys","deviceidle","whitelist","+io.appium.uiautomator2.server",";","dumpsys","deviceidle","whitelist","+io.appium.uiautomator2.server.test",";"]]
&amp#27;[38;5;64m[ADB]&amp#27;[0m Running '/Users/ifedun/Library/Android/sdk/platform-tools/adb -P 5037 -s emulator-5554 shell dumpsys deviceidle whitelist +io.appium.settings ; dumpsys deviceidle whitelist +io.appium.uiautomator2.server ; dumpsys deviceidle whitelist +io.appium.uiautomator2.server.test ;'
&amp#27;[38;5;64m[ADB]&amp#27;[0m Checking app cert for /Users/ifedun/wpp_be_automation/NortalTask/src/test/apks/appiumChallenge.apk
&amp#27;[38;5;64m[ADB]&amp#27;[0m Starting apksigner: /Users/ifedun/Library/Java/JavaVirtualMachines/corretto-11.0.12/Contents/Home/bin/java -Xmx1024M -Xss1m -jar /Users/ifedun/Library/Android/sdk/build-tools/34.0.0/lib/apksigner.jar verify --print-certs /Users/ifedun/wpp_be_automation/NortalTask/src/test/apks/appiumChallenge.apk
&amp#27;[38;5;64m[ADB]&amp#27;[0m apksigner stdout: Signer #1 certificate DN: EMAILADDRESS=android@android.com, CN=Android, OU=Android, O=Android, L=Mountain View, ST=California, C=US
&amp#27;[38;5;64m[ADB]&amp#27;[0m Signer #1 certificate SHA-256 digest: a40da80a59d170caa950cf15c18c454d47a39b26989d8b640ecd745ba71bf5dc
&amp#27;[38;5;64m[ADB]&amp#27;[0m Signer #1 certificate SHA-1 digest: 61ed377e85d386a8dfee6b864bd85b0bfaa5af81
&amp#27;[38;5;64m[ADB]&amp#27;[0m Signer #1 certificate MD5 digest: e89b158e4bcf988ebd09eb83f5378e87
&amp#27;[38;5;64m[ADB]&amp#27;[0m 
&amp#27;[38;5;64m[ADB]&amp#27;[0m sha256 hash did match for 'appiumChallenge.apk'
&amp#27;[38;5;64m[ADB]&amp#27;[0m '/Users/ifedun/wpp_be_automation/NortalTask/src/test/apks/appiumChallenge.apk' is signed with the default certificate
&amp#27;[38;5;64m[ADB]&amp#27;[0m Getting package info for 'com.vodqareactnative'
&amp#27;[38;5;64m[ADB]&amp#27;[0m Running '/Users/ifedun/Library/Android/sdk/platform-tools/adb -P 5037 -s emulator-5554 shell dumpsys package com.vodqareactnative'
&amp#27;[38;5;64m[ADB]&amp#27;[0m The version name of the installed 'com.vodqareactnative' is greater or equal to the application version name ('1.0.0' >= '1.0.0')
&amp#27;[38;5;64m[ADB]&amp#27;[0m There is no need to install/upgrade '/Users/ifedun/wpp_be_automation/NortalTask/src/test/apks/appiumChallenge.apk'
&amp#27;[38;5;80m[AndroidDriver]&amp#27;[0m Performing fast reset on 'com.vodqareactnative'
&amp#27;[38;5;64m[ADB]&amp#27;[0m Getting install status for com.vodqareactnative
&amp#27;[38;5;64m[ADB]&amp#27;[0m Running '/Users/ifedun/Library/Android/sdk/platform-tools/adb -P 5037 -s emulator-5554 shell pm path com.vodqareactnative'
&amp#27;[38;5;64m[ADB]&amp#27;[0m 'com.vodqareactnative' is installed
&amp#27;[38;5;64m[ADB]&amp#27;[0m Running '/Users/ifedun/Library/Android/sdk/platform-tools/adb -P 5037 -s emulator-5554 shell am force-stop com.vodqareactnative'
&amp#27;[38;5;64m[ADB]&amp#27;[0m Running '/Users/ifedun/Library/Android/sdk/platform-tools/adb -P 5037 -s emulator-5554 shell pm clear com.vodqareactnative'
&amp#27;[38;5;64m[ADB]&amp#27;[0m Running '/Users/ifedun/Library/Android/sdk/platform-tools/adb -P 5037 -s emulator-5554 shell dumpsys package com.vodqareactnative'
&amp#27;[38;5;64m[ADB]&amp#27;[0m It is only possible to grant permissions in runtime for apps whose targetSdkVersion in the manifest is set to 23 or above. The current com.vodqareactnative targetSdkVersion is 22.
&amp#27;[38;5;80m[AndroidDriver]&amp#27;[0m Performed fast reset on the installed 'com.vodqareactnative' application (stop and clear)
&amp#27;[38;5;32m[AndroidUiautomator2Driver@0192 (b4a24184)]&amp#27;[0m Performing shallow cleanup of automation leftovers
&amp#27;[38;5;32m[AndroidUiautomator2Driver@0192 (b4a24184)]&amp#27;[0m No obsolete sessions have been detected (socket hang up)
&amp#27;[38;5;64m[ADB]&amp#27;[0m Running '/Users/ifedun/Library/Android/sdk/platform-tools/adb -P 5037 -s emulator-5554 shell am force-stop io.appium.uiautomator2.server.test'
&amp#27;[38;5;32m[AndroidUiautomator2Driver@0192 (b4a24184)]&amp#27;[0m Starting UIAutomator2 server 6.0.3
&amp#27;[38;5;32m[AndroidUiautomator2Driver@0192 (b4a24184)]&amp#27;[0m Using UIAutomator2 server from '/Users/ifedun/.appium/node_modules/appium-uiautomator2-driver/node_modules/appium-uiautomator2-server/apks/appium-uiautomator2-server-v6.0.3.apk' and test from '/Users/ifedun/.appium/node_modules/appium-uiautomator2-driver/node_modules/appium-uiautomator2-server/apks/appium-uiautomator2-server-debug-androidTest.apk'
&amp#27;[38;5;32m[AndroidUiautomator2Driver@0192 (b4a24184)]&amp#27;[0m Waiting up to 30000ms for UiAutomator2 to be online...
&amp#27;[38;5;64m[ADB]&amp#27;[0m Creating ADB subprocess with args: ["-P","5037","-s","emulator-5554","shell","am","instrument","-w","-e","disableAnalytics","true","io.appium.uiautomator2.server.test/androidx.test.runner.AndroidJUnitRunner"]
&amp#27;[38;5;32m[AndroidUiautomator2Driver@0192 (b4a24184)]&amp#27;[0m Matched '/status' to command name 'getStatus'
&amp#27;[38;5;32m[AndroidUiautomator2Driver@0192 (b4a24184)]&amp#27;[0m Proxying [GET /status] to [GET http://127.0.0.1:8200/status] with no body
&amp#27;[38;5;32m[AndroidUiautomator2Driver@0192 (b4a24184)]&amp#27;[0m socket hang up
&amp#27;[38;5;112m[Instrumentation]&amp#27;[0m io.appium.uiautomator2.server.test.AppiumUiAutomator2Server:
&amp#27;[38;5;32m[AndroidUiautomator2Driver@0192 (b4a24184)]&amp#27;[0m Matched '/status' to command name 'getStatus'
&amp#27;[38;5;32m[AndroidUiautomator2Driver@0192 (b4a24184)]&amp#27;[0m Proxying [GET /status] to [GET http://127.0.0.1:8200/status] with no body
&amp#27;[38;5;32m[AndroidUiautomator2Driver@0192 (b4a24184)]&amp#27;[0m socket hang up
&amp#27;[38;5;32m[AndroidUiautomator2Driver@0192 (b4a24184)]&amp#27;[0m Matched '/status' to command name 'getStatus'
&amp#27;[38;5;32m[AndroidUiautomator2Driver@0192 (b4a24184)]&amp#27;[0m Proxying [GET /status] to [GET http://127.0.0.1:8200/status] with no body
&amp#27;[38;5;32m[AndroidUiautomator2Driver@0192 (b4a24184)]&amp#27;[0m Got response with status 200: {"sessionId":"None","value":{"message":"UiAutomator2 Server is ready to accept commands","ready":true}}
&amp#27;[38;5;32m[AndroidUiautomator2Driver@0192 (b4a24184)]&amp#27;[0m The initialization of the instrumentation process took 2076ms
&amp#27;[38;5;32m[AndroidUiautomator2Driver@0192 (b4a24184)]&amp#27;[0m Matched '/session' to command name 'createSession'
&amp#27;[38;5;32m[AndroidUiautomator2Driver@0192 (b4a24184)]&amp#27;[0m Proxying [POST /session] to [POST http://127.0.0.1:8200/session] with body: {"capabilities":{"firstMatch":[{"platformName":"ANDROID","app":"src/test/apks/appiumChallenge.apk","autoGrantPermissions":true,"automationName":"UIAutomator2","udid":"emulator-5554","platform":"LINUX","webStorageEnabled":false,"takesScreenshot":true,"javascriptEnabled":true,"databaseEnabled":false,"networkConnectionEnabled":true,"locationContextEnabled":false,"warnings":{},"desired":{"platformName":"ANDROID","app":"src/test/apks/appiumChallenge.apk","autoGrantPermissions":true,"automationName":"UIAutomator2","udid":"emulator-5554"},"deviceName":"emulator-5554","deviceUDID":"emulator-5554","appPackage":"com.vodqareactnative"}],"alwaysMatch":{}}}
&amp#27;[38;5;32m[AndroidUiautomator2Driver@0192 (b4a24184)]&amp#27;[0m Got response with status 200: {"sessionId":"0977f567-d144-483a-a91b-01cb8028b486","value":{"capabilities":{"firstMatch":[{"platformName":"ANDROID","app":"src/test/apks/appiumChallenge.apk","autoGrantPermissions":true,"automationName":"UIAutomator2","udid":"emulator-5554","platform":"LINUX","webStorageEnabled":false,"takesScreenshot":true,"javascriptEnabled":true,"databaseEnabled":false,"networkConnectionEnabled":true,"locationContextEnabled":false,"warnings":{},"desired":{"platformName":"ANDROID","app":"src/test/apks/appiumChallenge.apk","autoGrantPermissions":true,"automationName":"UIAutomator2","udid":"emulator-5554"},"deviceName":"emulator-5554","deviceUDID":"emulator-5554","appPackage":"com.vodqareactnative"}],"alwaysMatch":{}},"sessionId":"0977f567-d144-483a-a91b-01cb8028b486"}}
&amp#27;[38;5;32m[AndroidUiautomator2Driver@0192 (b4a24184)]&amp#27;[0m Determined the downstream protocol as 'W3C'
&amp#27;[38;5;32m[AndroidUiautomator2Driver@0192 (b4a24184)]&amp#27;[0m Proxying [GET /appium/device/pixel_ratio] to [GET http://127.0.0.1:8200/session/0977f567-d144-483a-a91b-01cb8028b486/appium/device/pixel_ratio] with no body
&amp#27;[38;5;32m[AndroidUiautomator2Driver@0192 (b4a24184)]&amp#27;[0m Matched '/appium/device/system_bars' to command name 'getSystemBars'
&amp#27;[38;5;32m[AndroidUiautomator2Driver@0192 (b4a24184)]&amp#27;[0m Proxying [GET /appium/device/system_bars] to [GET http://127.0.0.1:8200/session/0977f567-d144-483a-a91b-01cb8028b486/appium/device/system_bars] with no body
&amp#27;[38;5;32m[AndroidUiautomator2Driver@0192 (b4a24184)]&amp#27;[0m Matched '/window/current/size' to command name 'getWindowSize'
&amp#27;[38;5;32m[AndroidUiautomator2Driver@0192 (b4a24184)]&amp#27;[0m Proxying [GET /window/current/size] to [GET http://127.0.0.1:8200/session/0977f567-d144-483a-a91b-01cb8028b486/window/current/size] with no body
&amp#27;[38;5;32m[AndroidUiautomator2Driver@0192 (b4a24184)]&amp#27;[0m Proxying [GET /appium/device/info] to [GET http://127.0.0.1:8200/session/0977f567-d144-483a-a91b-01cb8028b486/appium/device/info] with no body
&amp#27;[38;5;64m[ADB]&amp#27;[0m Running '/Users/ifedun/Library/Android/sdk/platform-tools/adb -P 5037 -s emulator-5554 shell dumpsys window'
&amp#27;[38;5;32m[AndroidUiautomator2Driver@0192 (b4a24184)]&amp#27;[0m Got response with status 200: {"sessionId":"0977f567-d144-483a-a91b-01cb8028b486","value":2.75}
&amp#27;[38;5;32m[AndroidUiautomator2Driver@0192 (b4a24184)]&amp#27;[0m Got response with status 200: {"sessionId":"0977f567-d144-483a-a91b-01cb8028b486","value":{"statusBar":66}}
&amp#27;[38;5;32m[AndroidUiautomator2Driver@0192 (b4a24184)]&amp#27;[0m Got response with status 200: {"sessionId":"0977f567-d144-483a-a91b-01cb8028b486","value":{"height":2220,"width":1080}}
&amp#27;[38;5;32m[AndroidUiautomator2Driver@0192 (b4a24184)]&amp#27;[0m Got response with status 200: {"sessionId":"0977f567-d144-483a-a91b-01cb8028b486","value":{"androidId":"91b20a27cffd1bd7","apiVersion":"28","bluetooth":null,"brand":"google","carrierName":"Android","displayDensity":440,"locale":"en_US","manufacturer":"Google","model":"AOSP on IA Emulator","networks":[{"capabilities":{"SSID":null,"linkDownBandwidthKbps":102400,"linkUpstreamBandwidthKbps":51200,"networkCapabilities":"NET_CAPABILITY_MMS,NET_CAPABILITY_SUPL,NET_CAPABILITY_DUN,NET_CAPABILITY_FOTA,NET_CAPABILITY_IMS,NET_CAPABILITY_CBS,NET_CAPABILITY_IA,NET_CAPABILITY_INTERNET,NET_CAPABILITY_NOT_RESTRICTED,NET_CAPABILITY_TRUSTED,NET_CAPABILITY_NOT_VPN,NET_CAPABILITY_VALIDATED,NET_CAPABILITY_NOT_ROAMING,NET_CAPABILITY_NOT_CONGESTED,NET_CAPABILITY_NOT_SUSPENDED","signalStrength":-2147483648,"transportTypes":"TRANSPORT_CELLULAR"},"detailedState":"CONNECTED","extraInfo":"epc.tmobile.com","isAvailable":true,"isConnected":true,"isFailover":false,"isRoaming":false,"state":"CONNECTED","subtype":13,"subtypeName":"LTE","type":0,"typeName":"MOBILE"},{"c...
&amp#27;[38;5;80m[AndroidDriver]&amp#27;[0m Screen already unlocked, doing nothing
&amp#27;[38;5;32m[AndroidUiautomator2Driver@0192 (b4a24184)]&amp#27;[0m Starting 'com.vodqareactnative/com.vodqareactnative.MainActivity and waiting for 'com.vodqareactnative/com.vodqareactnative.MainActivity'
&amp#27;[38;5;64m[ADB]&amp#27;[0m Running '/Users/ifedun/Library/Android/sdk/platform-tools/adb -P 5037 -s emulator-5554 shell am start -W -n com.vodqareactnative/com.vodqareactnative.MainActivity -S -a android.intent.action.MAIN -c android.intent.category.LAUNCHER -f 0x10200000'
&amp#27;[38;5;64m[ADB]&amp#27;[0m Waiting up to 20000ms for activity matching pkg: 'com.vodqareactnative' and activity: 'com.vodqareactnative.MainActivity' to be focused
&amp#27;[38;5;64m[ADB]&amp#27;[0m Possible activities, to be checked: 'com.vodqareactnative.MainActivity', 'com.vodqareactnative.com.vodqareactnative.MainActivity'
&amp#27;[38;5;64m[ADB]&amp#27;[0m Getting focused package and activity
&amp#27;[38;5;64m[ADB]&amp#27;[0m Running '/Users/ifedun/Library/Android/sdk/platform-tools/adb -P 5037 -s emulator-5554 shell dumpsys window windows'
&amp#27;[38;5;64m[ADB]&amp#27;[0m Found package: 'com.vodqareactnative' and fully qualified activity name : 'com.vodqareactnative.MainActivity'
&amp#27;[38;5;16m[AppiumDriver@9f17]&amp#27;[0m New AndroidUiautomator2Driver session created successfully, session b4a24184-27e3-48bf-8f17-491f83e660dc added to master session list
&amp#27;[38;5;16m[AppiumDriver@9f17]&amp#27;[0m Event 'newSessionStarted' logged at 1706114334257 (18:38:54 GMT+0200 (Eastern European Standard Time))
&amp#27;[38;5;32m[AndroidUiautomator2Driver@0192 (b4a24184)]&amp#27;[0m Cached the protocol value 'W3C' for the new session b4a24184-27e3-48bf-8f17-491f83e660dc
&amp#27;[38;5;32m[AndroidUiautomator2Driver@0192 (b4a24184)]&amp#27;[0m Responding to client with driver.createSession() result: {"capabilities":{"platformName":"ANDROID","app":"src/test/apks/appiumChallenge.apk","autoGrantPermissions":true,"automationName":"UIAutomator2","udid":"emulator-5554","platform":"LINUX","webStorageEnabled":false,"takesScreenshot":true,"javascriptEnabled":true,"databaseEnabled":false,"networkConnectionEnabled":true,"locationContextEnabled":false,"warnings":{},"desired":{"platformName":"ANDROID","app":"src/test/apks/appiumChallenge.apk","autoGrantPermissions":true,"automationName":"UIAutomator2","udid":"emulator-5554"},"deviceName":"emulator-5554","deviceUDID":"emulator-5554","appPackage":"com.vodqareactnative","pixelRatio":"2.75","statBarHeight":66,"viewportRect":{"left":0,"top":66,"width":1080,"height":2154},"deviceApiLevel":28,"platformVersion":"9","deviceManufacturer":"Google","deviceModel":"AOSP on IA Emulator","deviceScreenSize":"1080x2220","deviceScreenDensity":440}}
&amp#27;[38;5;0m[HTTP]&amp#27;[0m &amp#27;[37m<-- POST /session &amp#27;[39m&amp#27;[32m200&amp#27;[39m &amp#27;[90m5726 ms - 945&amp#27;[39m
&amp#27;[38;5;0m[HTTP]&amp#27;[0m &amp#27;[90m&amp#27;[39m
&amp#27;[38;5;0m[HTTP]&amp#27;[0m &amp#27;[37m-->&amp#27;[39m &amp#27;[37mPOST&amp#27;[39m &amp#27;[37m/session/b4a24184-27e3-48bf-8f17-491f83e660dc/element&amp#27;[39m
&amp#27;[38;5;0m[HTTP]&amp#27;[0m &amp#27;[90m{"using":"xpath","value":"//android.widget.Button"}&amp#27;[39m
&amp#27;[38;5;32m[AndroidUiautomator2Driver@0192 (b4a24184)]&amp#27;[0m Calling AppiumDriver.findElement() with args: ["xpath","//android.widget.Button","b4a24184-27e3-48bf-8f17-491f83e660dc"]
&amp#27;[38;5;32m[AndroidUiautomator2Driver@0192 (b4a24184)]&amp#27;[0m Valid locator strategies for this request: xpath, id, class name, accessibility id, css selector, -android uiautomator
&amp#27;[38;5;32m[AndroidUiautomator2Driver@0192 (b4a24184)]&amp#27;[0m Waiting up to 0 ms for condition
&amp#27;[38;5;32m[AndroidUiautomator2Driver@0192 (b4a24184)]&amp#27;[0m Matched '/element' to command name 'findElement'
&amp#27;[38;5;32m[AndroidUiautomator2Driver@0192 (b4a24184)]&amp#27;[0m Proxying [POST /element] to [POST http://127.0.0.1:8200/session/0977f567-d144-483a-a91b-01cb8028b486/element] with body: {"strategy":"xpath","selector":"//android.widget.Button","context":"","multiple":false}
&amp#27;[38;5;32m[AndroidUiautomator2Driver@0192 (b4a24184)]&amp#27;[0m Got response with status 200: {"sessionId":"0977f567-d144-483a-a91b-01cb8028b486","value":{"ELEMENT":"00000000-0000-0079-ffff-ffff0000003c","element-6066-11e4-a52e-4f735466cecf":"00000000-0000-0079-ffff-ffff0000003c"}}
&amp#27;[38;5;32m[AndroidUiautomator2Driver@0192 (b4a24184)]&amp#27;[0m Responding to client with driver.findElement() result: {"element-6066-11e4-a52e-4f735466cecf":"00000000-0000-0079-ffff-ffff0000003c","ELEMENT":"00000000-0000-0079-ffff-ffff0000003c"}
&amp#27;[38;5;0m[HTTP]&amp#27;[0m &amp#27;[37m<-- POST /session/b4a24184-27e3-48bf-8f17-491f83e660dc/element &amp#27;[39m&amp#27;[32m200&amp#27;[39m &amp#27;[90m2424 ms - 137&amp#27;[39m
&amp#27;[38;5;0m[HTTP]&amp#27;[0m &amp#27;[90m&amp#27;[39m
&amp#27;[38;5;0m[HTTP]&amp#27;[0m &amp#27;[37m-->&amp#27;[39m &amp#27;[37mGET&amp#27;[39m &amp#27;[37m/session/b4a24184-27e3-48bf-8f17-491f83e660dc/element/00000000-0000-0079-ffff-ffff0000003c/displayed&amp#27;[39m
&amp#27;[38;5;0m[HTTP]&amp#27;[0m &amp#27;[90m{}&amp#27;[39m
&amp#27;[38;5;32m[AndroidUiautomator2Driver@0192 (b4a24184)]&amp#27;[0m Calling AppiumDriver.elementDisplayed() with args: ["00000000-0000-0079-ffff-ffff0000003c","b4a24184-27e3-48bf-8f17-491f83e660dc"]
&amp#27;[38;5;32m[AndroidUiautomator2Driver@0192 (b4a24184)]&amp#27;[0m Matched '/element/00000000-0000-0079-ffff-ffff0000003c/attribute/displayed' to command name 'getAttribute'
&amp#27;[38;5;32m[AndroidUiautomator2Driver@0192 (b4a24184)]&amp#27;[0m Proxying [GET /element/00000000-0000-0079-ffff-ffff0000003c/attribute/displayed] to [GET http://127.0.0.1:8200/session/0977f567-d144-483a-a91b-01cb8028b486/element/00000000-0000-0079-ffff-ffff0000003c/attribute/displayed] with no body
&amp#27;[38;5;32m[AndroidUiautomator2Driver@0192 (b4a24184)]&amp#27;[0m Got response with status 200: {"sessionId":"0977f567-d144-483a-a91b-01cb8028b486","value":"true"}
&amp#27;[38;5;32m[AndroidUiautomator2Driver@0192 (b4a24184)]&amp#27;[0m Responding to client with driver.elementDisplayed() result: true
&amp#27;[38;5;0m[HTTP]&amp#27;[0m &amp#27;[37m<-- GET /session/b4a24184-27e3-48bf-8f17-491f83e660dc/element/00000000-0000-0079-ffff-ffff0000003c/displayed &amp#27;[39m&amp#27;[32m200&amp#27;[39m &amp#27;[90m476 ms - 14&amp#27;[39m
&amp#27;[38;5;0m[HTTP]&amp#27;[0m &amp#27;[90m&amp#27;[39m
&amp#27;[38;5;0m[HTTP]&amp#27;[0m &amp#27;[37m-->&amp#27;[39m &amp#27;[37mPOST&amp#27;[39m &amp#27;[37m/session/b4a24184-27e3-48bf-8f17-491f83e660dc/element&amp#27;[39m
&amp#27;[38;5;0m[HTTP]&amp#27;[0m &amp#27;[90m{"using":"xpath","value":"//android.widget.EditText[@content-desc='username']"}&amp#27;[39m
&amp#27;[38;5;32m[AndroidUiautomator2Driver@0192 (b4a24184)]&amp#27;[0m Calling AppiumDriver.findElement() with args: ["xpath","//android.widget.EditText[@content-desc='username']","b4a24184-27e3-48bf-8f17-491f83e660dc"]
&amp#27;[38;5;32m[AndroidUiautomator2Driver@0192 (b4a24184)]&amp#27;[0m Valid locator strategies for this request: xpath, id, class name, accessibility id, css selector, -android uiautomator
&amp#27;[38;5;32m[AndroidUiautomator2Driver@0192 (b4a24184)]&amp#27;[0m Waiting up to 0 ms for condition
&amp#27;[38;5;32m[AndroidUiautomator2Driver@0192 (b4a24184)]&amp#27;[0m Matched '/element' to command name 'findElement'
&amp#27;[38;5;32m[AndroidUiautomator2Driver@0192 (b4a24184)]&amp#27;[0m Proxying [POST /element] to [POST http://127.0.0.1:8200/session/0977f567-d144-483a-a91b-01cb8028b486/element] with body: {"strategy":"xpath","selector":"//android.widget.EditText[@content-desc='username']","context":"","multiple":false}
&amp#27;[38;5;32m[AndroidUiautomator2Driver@0192 (b4a24184)]&amp#27;[0m Got response with status 200: {"sessionId":"0977f567-d144-483a-a91b-01cb8028b486","value":{"ELEMENT":"00000000-0000-0079-ffff-ffff00000000","element-6066-11e4-a52e-4f735466cecf":"00000000-0000-0079-ffff-ffff00000000"}}
&amp#27;[38;5;32m[AndroidUiautomator2Driver@0192 (b4a24184)]&amp#27;[0m Responding to client with driver.findElement() result: {"element-6066-11e4-a52e-4f735466cecf":"00000000-0000-0079-ffff-ffff00000000","ELEMENT":"00000000-0000-0079-ffff-ffff00000000"}
&amp#27;[38;5;0m[HTTP]&amp#27;[0m &amp#27;[37m<-- POST /session/b4a24184-27e3-48bf-8f17-491f83e660dc/element &amp#27;[39m&amp#27;[32m200&amp#27;[39m &amp#27;[90m114 ms - 137&amp#27;[39m
&amp#27;[38;5;0m[HTTP]&amp#27;[0m &amp#27;[90m&amp#27;[39m
&amp#27;[38;5;0m[HTTP]&amp#27;[0m &amp#27;[37m-->&amp#27;[39m &amp#27;[37mPOST&amp#27;[39m &amp#27;[37m/session/b4a24184-27e3-48bf-8f17-491f83e660dc/element/00000000-0000-0079-ffff-ffff00000000/value&amp#27;[39m
&amp#27;[38;5;0m[HTTP]&amp#27;[0m &amp#27;[90m{"id":"00000000-0000-0079-ffff-ffff00000000","text":"","value":[]}&amp#27;[39m
&amp#27;[38;5;32m[AndroidUiautomator2Driver@0192 (b4a24184)]&amp#27;[0m Calling AppiumDriver.setValue() with args: [[],"00000000-0000-0079-ffff-ffff00000000","b4a24184-27e3-48bf-8f17-491f83e660dc"]
&amp#27;[38;5;32m[AndroidUiautomator2Driver@0192 (b4a24184)]&amp#27;[0m Matched '/element/00000000-0000-0079-ffff-ffff00000000/value' to command name 'setValue'
&amp#27;[38;5;32m[AndroidUiautomator2Driver@0192 (b4a24184)]&amp#27;[0m Added 'value' property [] to 'setValue' request body
&amp#27;[38;5;32m[AndroidUiautomator2Driver@0192 (b4a24184)]&amp#27;[0m Proxying [POST /element/00000000-0000-0079-ffff-ffff00000000/value] to [POST http://127.0.0.1:8200/session/0977f567-d144-483a-a91b-01cb8028b486/element/00000000-0000-0079-ffff-ffff00000000/value] with body: {"elementId":"00000000-0000-0079-ffff-ffff00000000","text":"","replace":false,"value":[]}
&amp#27;[38;5;32m[AndroidUiautomator2Driver@0192 (b4a24184)]&amp#27;[0m Got response with status 200: {"sessionId":"0977f567-d144-483a-a91b-01cb8028b486","value":null}
&amp#27;[38;5;32m[AndroidUiautomator2Driver@0192 (b4a24184)]&amp#27;[0m Responding to client with driver.setValue() result: null
&amp#27;[38;5;0m[HTTP]&amp#27;[0m &amp#27;[37m<-- POST /session/b4a24184-27e3-48bf-8f17-491f83e660dc/element/00000000-0000-0079-ffff-ffff00000000/value &amp#27;[39m&amp#27;[32m200&amp#27;[39m &amp#27;[90m50 ms - 14&amp#27;[39m
&amp#27;[38;5;0m[HTTP]&amp#27;[0m &amp#27;[90m&amp#27;[39m
&amp#27;[38;5;0m[HTTP]&amp#27;[0m &amp#27;[37m-->&amp#27;[39m &amp#27;[37mPOST&amp#27;[39m &amp#27;[37m/session/b4a24184-27e3-48bf-8f17-491f83e660dc/element&amp#27;[39m
&amp#27;[38;5;0m[HTTP]&amp#27;[0m &amp#27;[90m{"using":"xpath","value":"//android.widget.EditText[@content-desc='password']"}&amp#27;[39m
&amp#27;[38;5;32m[AndroidUiautomator2Driver@0192 (b4a24184)]&amp#27;[0m Calling AppiumDriver.findElement() with args: ["xpath","//android.widget.EditText[@content-desc='password']","b4a24184-27e3-48bf-8f17-491f83e660dc"]
&amp#27;[38;5;32m[AndroidUiautomator2Driver@0192 (b4a24184)]&amp#27;[0m Valid locator strategies for this request: xpath, id, class name, accessibility id, css selector, -android uiautomator
&amp#27;[38;5;32m[AndroidUiautomator2Driver@0192 (b4a24184)]&amp#27;[0m Waiting up to 0 ms for condition
&amp#27;[38;5;32m[AndroidUiautomator2Driver@0192 (b4a24184)]&amp#27;[0m Matched '/element' to command name 'findElement'
&amp#27;[38;5;32m[AndroidUiautomator2Driver@0192 (b4a24184)]&amp#27;[0m Proxying [POST /element] to [POST http://127.0.0.1:8200/session/0977f567-d144-483a-a91b-01cb8028b486/element] with body: {"strategy":"xpath","selector":"//android.widget.EditText[@content-desc='password']","context":"","multiple":false}
&amp#27;[38;5;32m[AndroidUiautomator2Driver@0192 (b4a24184)]&amp#27;[0m Got response with status 200: {"sessionId":"0977f567-d144-483a-a91b-01cb8028b486","value":{"ELEMENT":"00000000-0000-0079-ffff-ffff00000001","element-6066-11e4-a52e-4f735466cecf":"00000000-0000-0079-ffff-ffff00000001"}}
&amp#27;[38;5;32m[AndroidUiautomator2Driver@0192 (b4a24184)]&amp#27;[0m Responding to client with driver.findElement() result: {"element-6066-11e4-a52e-4f735466cecf":"00000000-0000-0079-ffff-ffff00000001","ELEMENT":"00000000-0000-0079-ffff-ffff00000001"}
&amp#27;[38;5;0m[HTTP]&amp#27;[0m &amp#27;[37m<-- POST /session/b4a24184-27e3-48bf-8f17-491f83e660dc/element &amp#27;[39m&amp#27;[32m200&amp#27;[39m &amp#27;[90m662 ms - 137&amp#27;[39m
&amp#27;[38;5;0m[HTTP]&amp#27;[0m &amp#27;[90m&amp#27;[39m
&amp#27;[38;5;0m[HTTP]&amp#27;[0m &amp#27;[37m-->&amp#27;[39m &amp#27;[37mPOST&amp#27;[39m &amp#27;[37m/session/b4a24184-27e3-48bf-8f17-491f83e660dc/element/00000000-0000-0079-ffff-ffff00000001/value&amp#27;[39m
&amp#27;[38;5;0m[HTTP]&amp#27;[0m &amp#27;[90m{"id":"00000000-0000-0079-ffff-ffff00000001","text":"admin","value":["a","d","m","i","n"]}&amp#27;[39m
&amp#27;[38;5;32m[AndroidUiautomator2Driver@0192 (b4a24184)]&amp#27;[0m Calling AppiumDriver.setValue() with args: [["a","d","m","i","n"],"00000000-0000-0079-ffff-ffff00000001","b4a24184-27e3-48bf-8f17-491f83e660dc"]
&amp#27;[38;5;32m[AndroidUiautomator2Driver@0192 (b4a24184)]&amp#27;[0m Matched '/element/00000000-0000-0079-ffff-ffff00000001/value' to command name 'setValue'
&amp#27;[38;5;32m[AndroidUiautomator2Driver@0192 (b4a24184)]&amp#27;[0m Added 'value' property ["a","d","m","i","n"] to 'setValue' request body
&amp#27;[38;5;32m[AndroidUiautomator2Driver@0192 (b4a24184)]&amp#27;[0m Proxying [POST /element/00000000-0000-0079-ffff-ffff00000001/value] to [POST http://127.0.0.1:8200/session/0977f567-d144-483a-a91b-01cb8028b486/element/00000000-0000-0079-ffff-ffff00000001/value] with body: {"elementId":"00000000-0000-0079-ffff-ffff00000001","text":"admin","replace":false,"value":["a","d","m","i","n"]}
&amp#27;[38;5;32m[AndroidUiautomator2Driver@0192 (b4a24184)]&amp#27;[0m Got response with status 200: {"sessionId":"0977f567-d144-483a-a91b-01cb8028b486","value":null}
&amp#27;[38;5;32m[AndroidUiautomator2Driver@0192 (b4a24184)]&amp#27;[0m Responding to client with driver.setValue() result: null
&amp#27;[38;5;0m[HTTP]&amp#27;[0m &amp#27;[37m<-- POST /session/b4a24184-27e3-48bf-8f17-491f83e660dc/element/00000000-0000-0079-ffff-ffff00000001/value &amp#27;[39m&amp#27;[32m200&amp#27;[39m &amp#27;[90m982 ms - 14&amp#27;[39m
&amp#27;[38;5;0m[HTTP]&amp#27;[0m &amp#27;[90m&amp#27;[39m
&amp#27;[38;5;0m[HTTP]&amp#27;[0m &amp#27;[37m-->&amp#27;[39m &amp#27;[37mPOST&amp#27;[39m &amp#27;[37m/session/b4a24184-27e3-48bf-8f17-491f83e660dc/element&amp#27;[39m
&amp#27;[38;5;0m[HTTP]&amp#27;[0m &amp#27;[90m{"using":"xpath","value":"//android.widget.Button"}&amp#27;[39m
&amp#27;[38;5;32m[AndroidUiautomator2Driver@0192 (b4a24184)]&amp#27;[0m Calling AppiumDriver.findElement() with args: ["xpath","//android.widget.Button","b4a24184-27e3-48bf-8f17-491f83e660dc"]
&amp#27;[38;5;32m[AndroidUiautomator2Driver@0192 (b4a24184)]&amp#27;[0m Valid locator strategies for this request: xpath, id, class name, accessibility id, css selector, -android uiautomator
&amp#27;[38;5;32m[AndroidUiautomator2Driver@0192 (b4a24184)]&amp#27;[0m Waiting up to 0 ms for condition
&amp#27;[38;5;32m[AndroidUiautomator2Driver@0192 (b4a24184)]&amp#27;[0m Matched '/element' to command name 'findElement'
&amp#27;[38;5;32m[AndroidUiautomator2Driver@0192 (b4a24184)]&amp#27;[0m Proxying [POST /element] to [POST http://127.0.0.1:8200/session/0977f567-d144-483a-a91b-01cb8028b486/element] with body: {"strategy":"xpath","selector":"//android.widget.Button","context":"","multiple":false}
&amp#27;[38;5;32m[AndroidUiautomator2Driver@0192 (b4a24184)]&amp#27;[0m Got response with status 200: {"sessionId":"0977f567-d144-483a-a91b-01cb8028b486","value":{"ELEMENT":"00000000-0000-0079-ffff-ffff0000003c","element-6066-11e4-a52e-4f735466cecf":"00000000-0000-0079-ffff-ffff0000003c"}}
&amp#27;[38;5;32m[AndroidUiautomator2Driver@0192 (b4a24184)]&amp#27;[0m Responding to client with driver.findElement() result: {"element-6066-11e4-a52e-4f735466cecf":"00000000-0000-0079-ffff-ffff0000003c","ELEMENT":"00000000-0000-0079-ffff-ffff0000003c"}
&amp#27;[38;5;0m[HTTP]&amp#27;[0m &amp#27;[37m<-- POST /session/b4a24184-27e3-48bf-8f17-491f83e660dc/element &amp#27;[39m&amp#27;[32m200&amp#27;[39m &amp#27;[90m574 ms - 137&amp#27;[39m
&amp#27;[38;5;0m[HTTP]&amp#27;[0m &amp#27;[90m&amp#27;[39m
&amp#27;[38;5;0m[HTTP]&amp#27;[0m &amp#27;[37m-->&amp#27;[39m &amp#27;[37mPOST&amp#27;[39m &amp#27;[37m/session/b4a24184-27e3-48bf-8f17-491f83e660dc/element/00000000-0000-0079-ffff-ffff0000003c/click&amp#27;[39m
&amp#27;[38;5;0m[HTTP]&amp#27;[0m &amp#27;[90m{"id":"00000000-0000-0079-ffff-ffff0000003c"}&amp#27;[39m
&amp#27;[38;5;32m[AndroidUiautomator2Driver@0192 (b4a24184)]&amp#27;[0m Calling AppiumDriver.click() with args: ["00000000-0000-0079-ffff-ffff0000003c","b4a24184-27e3-48bf-8f17-491f83e660dc"]
&amp#27;[38;5;32m[AndroidUiautomator2Driver@0192 (b4a24184)]&amp#27;[0m Matched '/element/00000000-0000-0079-ffff-ffff0000003c/click' to command name 'click'
&amp#27;[38;5;32m[AndroidUiautomator2Driver@0192 (b4a24184)]&amp#27;[0m Proxying [POST /element/00000000-0000-0079-ffff-ffff0000003c/click] to [POST http://127.0.0.1:8200/session/0977f567-d144-483a-a91b-01cb8028b486/element/00000000-0000-0079-ffff-ffff0000003c/click] with body: {"element":"00000000-0000-0079-ffff-ffff0000003c"}
&amp#27;[38;5;32m[AndroidUiautomator2Driver@0192 (b4a24184)]&amp#27;[0m Got response with status 200: {"sessionId":"0977f567-d144-483a-a91b-01cb8028b486","value":null}
&amp#27;[38;5;32m[AndroidUiautomator2Driver@0192 (b4a24184)]&amp#27;[0m Responding to client with driver.click() result: null
&amp#27;[38;5;0m[HTTP]&amp#27;[0m &amp#27;[37m<-- POST /session/b4a24184-27e3-48bf-8f17-491f83e660dc/element/00000000-0000-0079-ffff-ffff0000003c/click &amp#27;[39m&amp#27;[32m200&amp#27;[39m &amp#27;[90m48 ms - 14&amp#27;[39m
&amp#27;[38;5;0m[HTTP]&amp#27;[0m &amp#27;[90m&amp#27;[39m
&amp#27;[38;5;0m[HTTP]&amp#27;[0m &amp#27;[37m-->&amp#27;[39m &amp#27;[37mPOST&amp#27;[39m &amp#27;[37m/session/b4a24184-27e3-48bf-8f17-491f83e660dc/element&amp#27;[39m
&amp#27;[38;5;0m[HTTP]&amp#27;[0m &amp#27;[90m{"using":"id","value":"android:id/message"}&amp#27;[39m
&amp#27;[38;5;32m[AndroidUiautomator2Driver@0192 (b4a24184)]&amp#27;[0m Calling AppiumDriver.findElement() with args: ["id","android:id/message","b4a24184-27e3-48bf-8f17-491f83e660dc"]
&amp#27;[38;5;32m[AndroidUiautomator2Driver@0192 (b4a24184)]&amp#27;[0m Valid locator strategies for this request: xpath, id, class name, accessibility id, css selector, -android uiautomator
&amp#27;[38;5;32m[AndroidUiautomator2Driver@0192 (b4a24184)]&amp#27;[0m Waiting up to 0 ms for condition
&amp#27;[38;5;32m[AndroidUiautomator2Driver@0192 (b4a24184)]&amp#27;[0m Matched '/element' to command name 'findElement'
&amp#27;[38;5;32m[AndroidUiautomator2Driver@0192 (b4a24184)]&amp#27;[0m Proxying [POST /element] to [POST http://127.0.0.1:8200/session/0977f567-d144-483a-a91b-01cb8028b486/element] with body: {"strategy":"id","selector":"android:id/message","context":"","multiple":false}
&amp#27;[38;5;32m[AndroidUiautomator2Driver@0192 (b4a24184)]&amp#27;[0m Got response with status 200: {"sessionId":"0977f567-d144-483a-a91b-01cb8028b486","value":{"ELEMENT":"00000000-0000-007a-ffff-ffff0000009b","element-6066-11e4-a52e-4f735466cecf":"00000000-0000-007a-ffff-ffff0000009b"}}
&amp#27;[38;5;32m[AndroidUiautomator2Driver@0192 (b4a24184)]&amp#27;[0m Responding to client with driver.findElement() result: {"element-6066-11e4-a52e-4f735466cecf":"00000000-0000-007a-ffff-ffff0000009b","ELEMENT":"00000000-0000-007a-ffff-ffff0000009b"}
&amp#27;[38;5;0m[HTTP]&amp#27;[0m &amp#27;[37m<-- POST /session/b4a24184-27e3-48bf-8f17-491f83e660dc/element &amp#27;[39m&amp#27;[32m200&amp#27;[39m &amp#27;[90m533 ms - 137&amp#27;[39m
&amp#27;[38;5;0m[HTTP]&amp#27;[0m &amp#27;[90m&amp#27;[39m
&amp#27;[38;5;0m[HTTP]&amp#27;[0m &amp#27;[37m-->&amp#27;[39m &amp#27;[37mGET&amp#27;[39m &amp#27;[37m/session/b4a24184-27e3-48bf-8f17-491f83e660dc/element/00000000-0000-007a-ffff-ffff0000009b/displayed&amp#27;[39m
&amp#27;[38;5;0m[HTTP]&amp#27;[0m &amp#27;[90m{}&amp#27;[39m
&amp#27;[38;5;32m[AndroidUiautomator2Driver@0192 (b4a24184)]&amp#27;[0m Calling AppiumDriver.elementDisplayed() with args: ["00000000-0000-007a-ffff-ffff0000009b","b4a24184-27e3-48bf-8f17-491f83e660dc"]
&amp#27;[38;5;32m[AndroidUiautomator2Driver@0192 (b4a24184)]&amp#27;[0m Matched '/element/00000000-0000-007a-ffff-ffff0000009b/attribute/displayed' to command name 'getAttribute'
&amp#27;[38;5;32m[AndroidUiautomator2Driver@0192 (b4a24184)]&amp#27;[0m Proxying [GET /element/00000000-0000-007a-ffff-ffff0000009b/attribute/displayed] to [GET http://127.0.0.1:8200/session/0977f567-d144-483a-a91b-01cb8028b486/element/00000000-0000-007a-ffff-ffff0000009b/attribute/displayed] with no body
&amp#27;[38;5;32m[AndroidUiautomator2Driver@0192 (b4a24184)]&amp#27;[0m Got response with status 200: {"sessionId":"0977f567-d144-483a-a91b-01cb8028b486","value":"true"}
&amp#27;[38;5;32m[AndroidUiautomator2Driver@0192 (b4a24184)]&amp#27;[0m Responding to client with driver.elementDisplayed() result: true
&amp#27;[38;5;0m[HTTP]&amp#27;[0m &amp#27;[37m<-- GET /session/b4a24184-27e3-48bf-8f17-491f83e660dc/element/00000000-0000-007a-ffff-ffff0000009b/displayed &amp#27;[39m&amp#27;[32m200&amp#27;[39m &amp#27;[90m15 ms - 14&amp#27;[39m
&amp#27;[38;5;0m[HTTP]&amp#27;[0m &amp#27;[90m&amp#27;[39m
&amp#27;[38;5;0m[HTTP]&amp#27;[0m &amp#27;[37m-->&amp#27;[39m &amp#27;[37mGET&amp#27;[39m &amp#27;[37m/session/b4a24184-27e3-48bf-8f17-491f83e660dc/element/00000000-0000-007a-ffff-ffff0000009b/text&amp#27;[39m
&amp#27;[38;5;0m[HTTP]&amp#27;[0m &amp#27;[90m{}&amp#27;[39m
&amp#27;[38;5;32m[AndroidUiautomator2Driver@0192 (b4a24184)]&amp#27;[0m Driver proxy active, passing request on via HTTP proxy
&amp#27;[38;5;32m[AndroidUiautomator2Driver@0192 (b4a24184)]&amp#27;[0m Matched '/session/b4a24184-27e3-48bf-8f17-491f83e660dc/element/00000000-0000-007a-ffff-ffff0000009b/text' to command name 'getText'
&amp#27;[38;5;32m[AndroidUiautomator2Driver@0192 (b4a24184)]&amp#27;[0m Proxying [GET /session/b4a24184-27e3-48bf-8f17-491f83e660dc/element/00000000-0000-007a-ffff-ffff0000009b/text] to [GET http://127.0.0.1:8200/session/0977f567-d144-483a-a91b-01cb8028b486/element/00000000-0000-007a-ffff-ffff0000009b/text] with no body
&amp#27;[38;5;32m[AndroidUiautomator2Driver@0192 (b4a24184)]&amp#27;[0m Got response with status 200: {"sessionId":"0977f567-d144-483a-a91b-01cb8028b486","value":"Please enter Username or password"}
&amp#27;[38;5;32m[AndroidUiautomator2Driver@0192 (b4a24184)]&amp#27;[0m Replacing sessionId 0977f567-d144-483a-a91b-01cb8028b486 with b4a24184-27e3-48bf-8f17-491f83e660dc
&amp#27;[38;5;0m[HTTP]&amp#27;[0m &amp#27;[37m<-- GET /session/b4a24184-27e3-48bf-8f17-491f83e660dc/element/00000000-0000-007a-ffff-ffff0000009b/text &amp#27;[39m&amp#27;[32m200&amp#27;[39m &amp#27;[90m16 ms - 96&amp#27;[39m
&amp#27;[38;5;0m[HTTP]&amp#27;[0m &amp#27;[90m&amp#27;[39m
&amp#27;[38;5;0m[HTTP]&amp#27;[0m &amp#27;[37m-->&amp#27;[39m &amp#27;[37mDELETE&amp#27;[39m &amp#27;[37m/session/b4a24184-27e3-48bf-8f17-491f83e660dc&amp#27;[39m
&amp#27;[38;5;0m[HTTP]&amp#27;[0m &amp#27;[90m{}&amp#27;[39m
&amp#27;[38;5;32m[AndroidUiautomator2Driver@0192 (b4a24184)]&amp#27;[0m Calling AppiumDriver.deleteSession() with args: ["b4a24184-27e3-48bf-8f17-491f83e660dc"]
&amp#27;[38;5;16m[AppiumDriver@9f17]&amp#27;[0m Event 'quitSessionRequested' logged at 1706114340192 (18:39:00 GMT+0200 (Eastern European Standard Time))
&amp#27;[38;5;16m[AppiumDriver@9f17]&amp#27;[0m Removing session b4a24184-27e3-48bf-8f17-491f83e660dc from our master session list
&amp#27;[38;5;32m[AndroidUiautomator2Driver@0192 (b4a24184)]&amp#27;[0m Deleting UiAutomator2 session
&amp#27;[38;5;32m[AndroidUiautomator2Driver@0192 (b4a24184)]&amp#27;[0m Deleting UiAutomator2 server session
&amp#27;[38;5;32m[AndroidUiautomator2Driver@0192 (b4a24184)]&amp#27;[0m Matched '/' to command name 'deleteSession'
&amp#27;[38;5;32m[AndroidUiautomator2Driver@0192 (b4a24184)]&amp#27;[0m Proxying [DELETE /] to [DELETE http://127.0.0.1:8200/session/0977f567-d144-483a-a91b-01cb8028b486] with no body
&amp#27;[38;5;32m[AndroidUiautomator2Driver@0192 (b4a24184)]&amp#27;[0m Got response with status 200: {"sessionId":"0977f567-d144-483a-a91b-01cb8028b486","value":null}
&amp#27;[38;5;64m[ADB]&amp#27;[0m Running '/Users/ifedun/Library/Android/sdk/platform-tools/adb -P 5037 -s emulator-5554 shell am force-stop com.vodqareactnative'
&amp#27;[38;5;96m[Logcat]&amp#27;[0m Stopping logcat capture
&amp#27;[38;5;64m[ADB]&amp#27;[0m Removing forwarded port socket connection: 8200 
&amp#27;[38;5;64m[ADB]&amp#27;[0m Running '/Users/ifedun/Library/Android/sdk/platform-tools/adb -P 5037 -s emulator-5554 forward --remove tcp:8200'
&amp#27;[38;5;32m[AndroidUiautomator2Driver@0192 (b4a24184)]&amp#27;[0m Restoring hidden api policy to the device default configuration
&amp#27;[38;5;64m[ADB]&amp#27;[0m Running '/Users/ifedun/Library/Android/sdk/platform-tools/adb -P 5037 -s emulator-5554 shell 'settings delete global hidden_api_policy_pre_p_apps;settings delete global hidden_api_policy_p_apps;settings delete global hidden_api_policy''
&amp#27;[38;5;16m[AppiumDriver@9f17]&amp#27;[0m Event 'quitSessionFinished' logged at 1706114340543 (18:39:00 GMT+0200 (Eastern European Standard Time))
&amp#27;[38;5;16m[AppiumDriver@9f17]&amp#27;[0m Received response: null
&amp#27;[38;5;16m[AppiumDriver@9f17]&amp#27;[0m But deleting session, so not returning
&amp#27;[38;5;16m[AppiumDriver@9f17]&amp#27;[0m Responding to client with driver.deleteSession() result: null
&amp#27;[38;5;0m[HTTP]&amp#27;[0m &amp#27;[37m<-- DELETE /session/b4a24184-27e3-48bf-8f17-491f83e660dc &amp#27;[39m&amp#27;[32m200&amp#27;[39m &amp#27;[90m353 ms - 14&amp#27;[39m
&amp#27;[38;5;0m[HTTP]&amp#27;[0m &amp#27;[90m&amp#27;[39m
]]></system-out>
  </testcase>
  <testcase name="runScenario[&quot;Login with blank username/password&quot;, &quot;Login&quot;](6)" classname="testsRunner.CucumberRunnerTests" time="17.29">
    <system-out><![CDATA[&amp#27;[35m[Appium]&amp#27;[39m Welcome to Appium v2.4.1
&amp#27;[35m[Appium]&amp#27;[39m The autodetected Appium home path: /Users/ifedun/.appium
&amp#27;[35m[Appium]&amp#27;[39m Attempting to load driver chromium...
&amp#27;[35m[Appium]&amp#27;[39m Attempting to load driver uiautomator2...
&amp#27;[35m[Appium]&amp#27;[39m Requiring driver at /Users/ifedun/.appium/node_modules/appium-chromium-driver/index.js
&amp#27;[35m[Appium]&amp#27;[39m Requiring driver at /Users/ifedun/.appium/node_modules/appium-uiautomator2-driver/build/index.js
&amp#27;[35m[Appium]&amp#27;[39m ChromiumDriver has been successfully loaded in 1.058s
&amp#27;[35m[Appium]&amp#27;[39m AndroidUiautomator2Driver has been successfully loaded in 1.058s
&amp#27;[35m[Appium]&amp#27;[39m Appium REST http interface listener started on http://0.0.0.0:4723
&amp#27;[35m[Appium]&amp#27;[39m You can provide the following URLs in your client code to connect to this server:
&amp#27;[35m[Appium]&amp#27;[39m 	http://127.0.0.1:4723/ (only accessible from the same host)
&amp#27;[35m[Appium]&amp#27;[39m 	http://192.168.0.161:4723/
&amp#27;[35m[Appium]&amp#27;[39m Available drivers:
&amp#27;[35m[Appium]&amp#27;[39m   - chromium@1.3.4 (automationName 'Chromium')
&amp#27;[35m[Appium]&amp#27;[39m   - uiautomator2@2.42.1 (automationName 'UiAutomator2')
&amp#27;[35m[Appium]&amp#27;[39m No plugins have been installed. Use the "appium plugin" command to install the one(s) you want to use.
&amp#27;[38;5;0m[HTTP]&amp#27;[0m &amp#27;[37m-->&amp#27;[39m &amp#27;[37mGET&amp#27;[39m &amp#27;[37m/status&amp#27;[39m
&amp#27;[38;5;0m[HTTP]&amp#27;[0m &amp#27;[90m{}&amp#27;[39m
&amp#27;[38;5;16m[AppiumDriver@8654]&amp#27;[0m Calling AppiumDriver.getStatus() with args: []
&amp#27;[38;5;16m[AppiumDriver@8654]&amp#27;[0m Responding to client with driver.getStatus() result: {"ready":true,"message":"The server is ready to accept new connections","build":{"version":"2.4.1"}}
&amp#27;[38;5;0m[HTTP]&amp#27;[0m &amp#27;[37m<-- GET /status &amp#27;[39m&amp#27;[32m200&amp#27;[39m &amp#27;[90m6 ms - 110&amp#27;[39m
&amp#27;[38;5;0m[HTTP]&amp#27;[0m &amp#27;[90m&amp#27;[39m
&amp#27;[38;5;0m[HTTP]&amp#27;[0m Request idempotency key: 7db009ce-c1f1-4d38-a4ee-c6955b345de0
&amp#27;[38;5;0m[HTTP]&amp#27;[0m &amp#27;[37m-->&amp#27;[39m &amp#27;[37mPOST&amp#27;[39m &amp#27;[37m/session&amp#27;[39m
&amp#27;[38;5;0m[HTTP]&amp#27;[0m &amp#27;[90m{"capabilities":{"firstMatch":[{}],"alwaysMatch":{"appium:app":"src/test/apks/appiumChallenge.apk","appium:autoGrantPermissions":true,"appium:automationName":"UIAutomator2","appium:udid":"emulator-5554","platformName":"ANDROID"}}}&amp#27;[39m
&amp#27;[38;5;16m[AppiumDriver@8654]&amp#27;[0m Calling AppiumDriver.createSession() with args: [null,null,{"firstMatch":[{}],"alwaysMatch":{"appium:app":"src/test/apks/appiumChallenge.apk","appium:autoGrantPermissions":true,"appium:automationName":"UIAutomator2","appium:udid":"emulator-5554","platformName":"ANDROID"}}]
&amp#27;[38;5;16m[AppiumDriver@8654]&amp#27;[0m Event 'newSessionRequested' logged at 1706114347619 (18:39:07 GMT+0200 (Eastern European Standard Time))
&amp#27;[35m[Appium]&amp#27;[39m Attempting to find matching driver for automationName 'UIAutomator2' and platformName 'ANDROID'
&amp#27;[35m[Appium]&amp#27;[39m The 'uiautomator2' driver was installed and matched caps.
&amp#27;[35m[Appium]&amp#27;[39m Will require it at /Users/ifedun/.appium/node_modules/appium-uiautomator2-driver
&amp#27;[35m[Appium]&amp#27;[39m Requiring driver at /Users/ifedun/.appium/node_modules/appium-uiautomator2-driver/build/index.js
&amp#27;[38;5;16m[AppiumDriver@8654]&amp#27;[0m Appium v2.4.1 creating new AndroidUiautomator2Driver (v2.42.1) session
&amp#27;[38;5;16m[AppiumDriver@8654]&amp#27;[0m Checking BaseDriver versions for Appium and AndroidUiautomator2Driver
&amp#27;[38;5;16m[AppiumDriver@8654]&amp#27;[0m Appium's BaseDriver version is 9.5.0
&amp#27;[38;5;16m[AppiumDriver@8654]&amp#27;[0m AndroidUiautomator2Driver's BaseDriver version is 9.5.0
&amp#27;[38;5;32m[AndroidUiautomator2Driver@e1a7]&amp#27;[0m Creating session with W3C capabilities: {
&amp#27;[38;5;32m[AndroidUiautomator2Driver@e1a7]&amp#27;[0m   "alwaysMatch": {
&amp#27;[38;5;32m[AndroidUiautomator2Driver@e1a7]&amp#27;[0m     "platformName": "ANDROID",
&amp#27;[38;5;32m[AndroidUiautomator2Driver@e1a7]&amp#27;[0m     "appium:app": "src/test/apks/appiumChallenge.apk",
&amp#27;[38;5;32m[AndroidUiautomator2Driver@e1a7]&amp#27;[0m     "appium:autoGrantPermissions": true,
&amp#27;[38;5;32m[AndroidUiautomator2Driver@e1a7]&amp#27;[0m     "appium:automationName": "UIAutomator2",
&amp#27;[38;5;32m[AndroidUiautomator2Driver@e1a7]&amp#27;[0m     "appium:udid": "emulator-5554"
&amp#27;[38;5;32m[AndroidUiautomator2Driver@e1a7]&amp#27;[0m   },
&amp#27;[38;5;32m[AndroidUiautomator2Driver@e1a7]&amp#27;[0m   "firstMatch": [
&amp#27;[38;5;32m[AndroidUiautomator2Driver@e1a7]&amp#27;[0m     {}
&amp#27;[38;5;32m[AndroidUiautomator2Driver@e1a7]&amp#27;[0m   ]
&amp#27;[38;5;32m[AndroidUiautomator2Driver@e1a7]&amp#27;[0m }
&amp#27;[38;5;32m[AndroidUiautomator2Driver@e1a7 (db0278f8)]&amp#27;[0m Session created with session id: db0278f8-905a-4479-b97d-19976ee03b3a
&amp#27;[38;5;48m[BaseDriver]&amp#27;[0m Using local app 'src/test/apks/appiumChallenge.apk'
&amp#27;[38;5;48m[BaseDriver]&amp#27;[0m The current application path 'src/test/apks/appiumChallenge.apk' is not absolute and has been rewritten to '/Users/ifedun/wpp_be_automation/NortalTask/src/test/apks/appiumChallenge.apk'. Consider using absolute paths rather than relative
&amp#27;[38;5;32m[AndroidUiautomator2Driver@e1a7 (db0278f8)]&amp#27;[0m Checking whether app is actually present
&amp#27;[38;5;64m[ADB]&amp#27;[0m Found 1 'build-tools' folders under '/Users/ifedun/Library/Android/sdk' (newest first):
&amp#27;[38;5;64m[ADB]&amp#27;[0m     /Users/ifedun/Library/Android/sdk/build-tools/34.0.0
&amp#27;[38;5;64m[ADB]&amp#27;[0m Using 'adb' from '/Users/ifedun/Library/Android/sdk/platform-tools/adb'
&amp#27;[38;5;64m[ADB]&amp#27;[0m Running '/Users/ifedun/Library/Android/sdk/platform-tools/adb -P 5037 start-server'
&amp#27;[38;5;80m[AndroidDriver]&amp#27;[0m Retrieving device list
&amp#27;[38;5;64m[ADB]&amp#27;[0m Trying to find connected Android devices
&amp#27;[38;5;64m[ADB]&amp#27;[0m Getting connected devices
&amp#27;[38;5;64m[ADB]&amp#27;[0m Connected devices: [{"udid":"emulator-5554","state":"device"}]
&amp#27;[38;5;80m[AndroidDriver]&amp#27;[0m Using device: emulator-5554
&amp#27;[38;5;64m[ADB]&amp#27;[0m Using 'adb' from '/Users/ifedun/Library/Android/sdk/platform-tools/adb'
&amp#27;[38;5;64m[ADB]&amp#27;[0m Running '/Users/ifedun/Library/Android/sdk/platform-tools/adb -P 5037 start-server'
&amp#27;[38;5;64m[ADB]&amp#27;[0m Setting device id to emulator-5554
&amp#27;[38;5;64m[ADB]&amp#27;[0m Running '/Users/ifedun/Library/Android/sdk/platform-tools/adb -P 5037 -s emulator-5554 shell getprop ro.build.version.sdk'
&amp#27;[38;5;64m[ADB]&amp#27;[0m Current device property 'ro.build.version.sdk': 28
&amp#27;[38;5;64m[ADB]&amp#27;[0m Getting device platform version
&amp#27;[38;5;64m[ADB]&amp#27;[0m Running '/Users/ifedun/Library/Android/sdk/platform-tools/adb -P 5037 -s emulator-5554 shell getprop ro.build.version.release'
&amp#27;[38;5;64m[ADB]&amp#27;[0m Current device property 'ro.build.version.release': 9
&amp#27;[38;5;64m[ADB]&amp#27;[0m Device API level: 28
&amp#27;[38;5;32m[AndroidUiautomator2Driver@e1a7 (db0278f8)]&amp#27;[0m Relaxing hidden api policy
&amp#27;[38;5;64m[ADB]&amp#27;[0m Running '/Users/ifedun/Library/Android/sdk/platform-tools/adb -P 5037 -s emulator-5554 shell 'settings put global hidden_api_policy_pre_p_apps 1;settings put global hidden_api_policy_p_apps 1;settings put global hidden_api_policy 1''
&amp#27;[38;5;80m[AndroidDriver]&amp#27;[0m Parsing package and activity from app manifest
&amp#27;[38;5;64m[ADB]&amp#27;[0m Package name: 'com.vodqareactnative'
&amp#27;[38;5;64m[ADB]&amp#27;[0m Main activity name: 'com.vodqareactnative.MainActivity'
&amp#27;[38;5;80m[AndroidDriver]&amp#27;[0m Parsed package and activity are: com.vodqareactnative/com.vodqareactnative.MainActivity
&amp#27;[38;5;64m[ADB]&amp#27;[0m Running '/Users/ifedun/Library/Android/sdk/platform-tools/adb -P 5037 -s emulator-5554 wait-for-device'
&amp#27;[38;5;64m[ADB]&amp#27;[0m Running '/Users/ifedun/Library/Android/sdk/platform-tools/adb -P 5037 -s emulator-5554 shell echo ping'
&amp#27;[38;5;80m[AndroidDriver]&amp#27;[0m Pushing settings apk to device...
&amp#27;[38;5;64m[ADB]&amp#27;[0m Getting package info for 'io.appium.settings'
&amp#27;[38;5;64m[ADB]&amp#27;[0m Running '/Users/ifedun/Library/Android/sdk/platform-tools/adb -P 5037 -s emulator-5554 shell dumpsys package io.appium.settings'
&amp#27;[38;5;64m[ADB]&amp#27;[0m The version name of the installed 'io.appium.settings' is greater or equal to the application version name ('5.7.2' >= '5.7.2')
&amp#27;[38;5;64m[ADB]&amp#27;[0m There is no need to install/upgrade '/Users/ifedun/.appium/node_modules/appium-uiautomator2-driver/node_modules/io.appium.settings/apks/settings_apk-debug.apk'
&amp#27;[38;5;64m[ADB]&amp#27;[0m Running '/Users/ifedun/Library/Android/sdk/platform-tools/adb -P 5037 -s emulator-5554 shell dumpsys activity services io.appium.settings'
&amp#27;[38;5;80m[AndroidDriver]&amp#27;[0m io.appium.settings is already running. There is no need to reset its permissions.
&amp#27;[38;5;96m[Logcat]&amp#27;[0m Starting logs capture with command: /Users/ifedun/Library/Android/sdk/platform-tools/adb -P 5037 -s emulator-5554 logcat -v threadtime
&amp#27;[38;5;32m[AndroidUiautomator2Driver@e1a7 (db0278f8)]&amp#27;[0m Forwarding UiAutomator2 Server port 6790 to local port 8200
&amp#27;[38;5;64m[ADB]&amp#27;[0m Forwarding system: 8200 to device: 6790
&amp#27;[38;5;64m[ADB]&amp#27;[0m Running '/Users/ifedun/Library/Android/sdk/platform-tools/adb -P 5037 -s emulator-5554 forward tcp:8200 tcp:6790'
&amp#27;[38;5;64m[ADB]&amp#27;[0m Checking app cert for /Users/ifedun/.appium/node_modules/appium-uiautomator2-driver/node_modules/appium-uiautomator2-server/apks/appium-uiautomator2-server-v6.0.3.apk
&amp#27;[38;5;64m[ADB]&amp#27;[0m Checking app cert for /Users/ifedun/.appium/node_modules/appium-uiautomator2-driver/node_modules/appium-uiautomator2-server/apks/appium-uiautomator2-server-debug-androidTest.apk
&amp#27;[38;5;64m[ADB]&amp#27;[0m Using 'apksigner.jar' from '/Users/ifedun/Library/Android/sdk/build-tools/34.0.0/lib/apksigner.jar'
&amp#27;[38;5;64m[ADB]&amp#27;[0m Starting apksigner: /Users/ifedun/Library/Java/JavaVirtualMachines/corretto-11.0.12/Contents/Home/bin/java -Xmx1024M -Xss1m -jar /Users/ifedun/Library/Android/sdk/build-tools/34.0.0/lib/apksigner.jar verify --print-certs /Users/ifedun/.appium/node_modules/appium-uiautomator2-driver/node_modules/appium-uiautomator2-server/apks/appium-uiautomator2-server-debug-androidTest.apk
&amp#27;[38;5;64m[ADB]&amp#27;[0m Starting apksigner: /Users/ifedun/Library/Java/JavaVirtualMachines/corretto-11.0.12/Contents/Home/bin/java -Xmx1024M -Xss1m -jar /Users/ifedun/Library/Android/sdk/build-tools/34.0.0/lib/apksigner.jar verify --print-certs /Users/ifedun/.appium/node_modules/appium-uiautomator2-driver/node_modules/appium-uiautomator2-server/apks/appium-uiautomator2-server-v6.0.3.apk
&amp#27;[38;5;64m[ADB]&amp#27;[0m apksigner stdout: Signer #1 certificate DN: EMAILADDRESS=android@android.com, CN=Android, OU=Android, O=Android, L=Mountain View, ST=California, C=US
&amp#27;[38;5;64m[ADB]&amp#27;[0m Signer #1 certificate SHA-256 digest: a40da80a59d170caa950cf15c18c454d47a39b26989d8b640ecd745ba71bf5dc
&amp#27;[38;5;64m[ADB]&amp#27;[0m Signer #1 certificate SHA-1 digest: 61ed377e85d386a8dfee6b864bd85b0bfaa5af81
&amp#27;[38;5;64m[ADB]&amp#27;[0m Signer #1 certificate MD5 digest: e89b158e4bcf988ebd09eb83f5378e87
&amp#27;[38;5;64m[ADB]&amp#27;[0m 
&amp#27;[38;5;64m[ADB]&amp#27;[0m sha256 hash did match for 'appium-uiautomator2-server-debug-androidTest.apk'
&amp#27;[38;5;64m[ADB]&amp#27;[0m '/Users/ifedun/.appium/node_modules/appium-uiautomator2-driver/node_modules/appium-uiautomator2-server/apks/appium-uiautomator2-server-debug-androidTest.apk' is signed with the default certificate
&amp#27;[38;5;64m[ADB]&amp#27;[0m Getting install status for io.appium.uiautomator2.server.test
&amp#27;[38;5;64m[ADB]&amp#27;[0m Running '/Users/ifedun/Library/Android/sdk/platform-tools/adb -P 5037 -s emulator-5554 shell pm path io.appium.uiautomator2.server.test'
&amp#27;[38;5;64m[ADB]&amp#27;[0m 'io.appium.uiautomator2.server.test' is installed
&amp#27;[38;5;64m[ADB]&amp#27;[0m apksigner stdout: Signer #1 certificate DN: EMAILADDRESS=android@android.com, CN=Android, OU=Android, O=Android, L=Mountain View, ST=California, C=US
&amp#27;[38;5;64m[ADB]&amp#27;[0m Signer #1 certificate SHA-256 digest: a40da80a59d170caa950cf15c18c454d47a39b26989d8b640ecd745ba71bf5dc
&amp#27;[38;5;64m[ADB]&amp#27;[0m Signer #1 certificate SHA-1 digest: 61ed377e85d386a8dfee6b864bd85b0bfaa5af81
&amp#27;[38;5;64m[ADB]&amp#27;[0m Signer #1 certificate MD5 digest: e89b158e4bcf988ebd09eb83f5378e87
&amp#27;[38;5;64m[ADB]&amp#27;[0m 
&amp#27;[38;5;64m[ADB]&amp#27;[0m sha256 hash did match for 'appium-uiautomator2-server-v6.0.3.apk'
&amp#27;[38;5;64m[ADB]&amp#27;[0m '/Users/ifedun/.appium/node_modules/appium-uiautomator2-driver/node_modules/appium-uiautomator2-server/apks/appium-uiautomator2-server-v6.0.3.apk' is signed with the default certificate
&amp#27;[38;5;64m[ADB]&amp#27;[0m Getting package info for 'io.appium.uiautomator2.server'
&amp#27;[38;5;64m[ADB]&amp#27;[0m Running '/Users/ifedun/Library/Android/sdk/platform-tools/adb -P 5037 -s emulator-5554 shell dumpsys package io.appium.uiautomator2.server'
&amp#27;[38;5;64m[ADB]&amp#27;[0m The version name of the installed 'io.appium.uiautomator2.server' is greater or equal to the application version name ('6.0.3' >= '6.0.3')
&amp#27;[38;5;32m[AndroidUiautomator2Driver@e1a7 (db0278f8)]&amp#27;[0m Server packages status: [{"wasSigned":true,"installState":"sameVersionInstalled","appPath":"/Users/ifedun/.appium/node_modules/appium-uiautomator2-driver/node_modules/appium-uiautomator2-server/apks/appium-uiautomator2-server-v6.0.3.apk","appId":"io.appium.uiautomator2.server"},{"wasSigned":true,"installState":"sameVersionInstalled","appPath":"/Users/ifedun/.appium/node_modules/appium-uiautomator2-driver/node_modules/appium-uiautomator2-server/apks/appium-uiautomator2-server-debug-androidTest.apk","appId":"io.appium.uiautomator2.server.test"}]
&amp#27;[38;5;32m[AndroidUiautomator2Driver@e1a7 (db0278f8)]&amp#27;[0m Server packages are not going to be (re)installed
&amp#27;[38;5;32m[AndroidUiautomator2Driver@e1a7 (db0278f8)]&amp#27;[0m Waiting up to 30000ms for services to be available
&amp#27;[38;5;64m[ADB]&amp#27;[0m Running '/Users/ifedun/Library/Android/sdk/platform-tools/adb -P 5037 -s emulator-5554 shell pm list instrumentation'
&amp#27;[38;5;32m[AndroidUiautomator2Driver@e1a7 (db0278f8)]&amp#27;[0m Instrumentation target 'io.appium.uiautomator2.server.test/androidx.test.runner.AndroidJUnitRunner' is available
&amp#27;[38;5;64m[ADB]&amp#27;[0m Adding packages ["io.appium.settings","io.appium.uiautomator2.server","io.appium.uiautomator2.server.test"] to Doze whitelist
&amp#27;[38;5;64m[ADB]&amp#27;[0m Got the following command chunks to execute: [["dumpsys","deviceidle","whitelist","+io.appium.settings",";","dumpsys","deviceidle","whitelist","+io.appium.uiautomator2.server",";","dumpsys","deviceidle","whitelist","+io.appium.uiautomator2.server.test",";"]]
&amp#27;[38;5;64m[ADB]&amp#27;[0m Running '/Users/ifedun/Library/Android/sdk/platform-tools/adb -P 5037 -s emulator-5554 shell dumpsys deviceidle whitelist +io.appium.settings ; dumpsys deviceidle whitelist +io.appium.uiautomator2.server ; dumpsys deviceidle whitelist +io.appium.uiautomator2.server.test ;'
&amp#27;[38;5;64m[ADB]&amp#27;[0m Checking app cert for /Users/ifedun/wpp_be_automation/NortalTask/src/test/apks/appiumChallenge.apk
&amp#27;[38;5;64m[ADB]&amp#27;[0m Starting apksigner: /Users/ifedun/Library/Java/JavaVirtualMachines/corretto-11.0.12/Contents/Home/bin/java -Xmx1024M -Xss1m -jar /Users/ifedun/Library/Android/sdk/build-tools/34.0.0/lib/apksigner.jar verify --print-certs /Users/ifedun/wpp_be_automation/NortalTask/src/test/apks/appiumChallenge.apk
&amp#27;[38;5;64m[ADB]&amp#27;[0m apksigner stdout: Signer #1 certificate DN: EMAILADDRESS=android@android.com, CN=Android, OU=Android, O=Android, L=Mountain View, ST=California, C=US
&amp#27;[38;5;64m[ADB]&amp#27;[0m Signer #1 certificate SHA-256 digest: a40da80a59d170caa950cf15c18c454d47a39b26989d8b640ecd745ba71bf5dc
&amp#27;[38;5;64m[ADB]&amp#27;[0m Signer #1 certificate SHA-1 digest: 61ed377e85d386a8dfee6b864bd85b0bfaa5af81
&amp#27;[38;5;64m[ADB]&amp#27;[0m Signer #1 certificate MD5 digest: e89b158e4bcf988ebd09eb83f5378e87
&amp#27;[38;5;64m[ADB]&amp#27;[0m 
&amp#27;[38;5;64m[ADB]&amp#27;[0m sha256 hash did match for 'appiumChallenge.apk'
&amp#27;[38;5;64m[ADB]&amp#27;[0m '/Users/ifedun/wpp_be_automation/NortalTask/src/test/apks/appiumChallenge.apk' is signed with the default certificate
&amp#27;[38;5;64m[ADB]&amp#27;[0m Getting package info for 'com.vodqareactnative'
&amp#27;[38;5;64m[ADB]&amp#27;[0m Running '/Users/ifedun/Library/Android/sdk/platform-tools/adb -P 5037 -s emulator-5554 shell dumpsys package com.vodqareactnative'
&amp#27;[38;5;64m[ADB]&amp#27;[0m The version name of the installed 'com.vodqareactnative' is greater or equal to the application version name ('1.0.0' >= '1.0.0')
&amp#27;[38;5;64m[ADB]&amp#27;[0m There is no need to install/upgrade '/Users/ifedun/wpp_be_automation/NortalTask/src/test/apks/appiumChallenge.apk'
&amp#27;[38;5;80m[AndroidDriver]&amp#27;[0m Performing fast reset on 'com.vodqareactnative'
&amp#27;[38;5;64m[ADB]&amp#27;[0m Getting install status for com.vodqareactnative
&amp#27;[38;5;64m[ADB]&amp#27;[0m Running '/Users/ifedun/Library/Android/sdk/platform-tools/adb -P 5037 -s emulator-5554 shell pm path com.vodqareactnative'
&amp#27;[38;5;64m[ADB]&amp#27;[0m 'com.vodqareactnative' is installed
&amp#27;[38;5;64m[ADB]&amp#27;[0m Running '/Users/ifedun/Library/Android/sdk/platform-tools/adb -P 5037 -s emulator-5554 shell am force-stop com.vodqareactnative'
&amp#27;[38;5;64m[ADB]&amp#27;[0m Running '/Users/ifedun/Library/Android/sdk/platform-tools/adb -P 5037 -s emulator-5554 shell pm clear com.vodqareactnative'
&amp#27;[38;5;64m[ADB]&amp#27;[0m Running '/Users/ifedun/Library/Android/sdk/platform-tools/adb -P 5037 -s emulator-5554 shell dumpsys package com.vodqareactnative'
&amp#27;[38;5;64m[ADB]&amp#27;[0m It is only possible to grant permissions in runtime for apps whose targetSdkVersion in the manifest is set to 23 or above. The current com.vodqareactnative targetSdkVersion is 22.
&amp#27;[38;5;80m[AndroidDriver]&amp#27;[0m Performed fast reset on the installed 'com.vodqareactnative' application (stop and clear)
&amp#27;[38;5;32m[AndroidUiautomator2Driver@e1a7 (db0278f8)]&amp#27;[0m Performing shallow cleanup of automation leftovers
&amp#27;[38;5;32m[AndroidUiautomator2Driver@e1a7 (db0278f8)]&amp#27;[0m No obsolete sessions have been detected (socket hang up)
&amp#27;[38;5;64m[ADB]&amp#27;[0m Running '/Users/ifedun/Library/Android/sdk/platform-tools/adb -P 5037 -s emulator-5554 shell am force-stop io.appium.uiautomator2.server.test'
&amp#27;[38;5;32m[AndroidUiautomator2Driver@e1a7 (db0278f8)]&amp#27;[0m Starting UIAutomator2 server 6.0.3
&amp#27;[38;5;32m[AndroidUiautomator2Driver@e1a7 (db0278f8)]&amp#27;[0m Using UIAutomator2 server from '/Users/ifedun/.appium/node_modules/appium-uiautomator2-driver/node_modules/appium-uiautomator2-server/apks/appium-uiautomator2-server-v6.0.3.apk' and test from '/Users/ifedun/.appium/node_modules/appium-uiautomator2-driver/node_modules/appium-uiautomator2-server/apks/appium-uiautomator2-server-debug-androidTest.apk'
&amp#27;[38;5;32m[AndroidUiautomator2Driver@e1a7 (db0278f8)]&amp#27;[0m Waiting up to 30000ms for UiAutomator2 to be online...
&amp#27;[38;5;64m[ADB]&amp#27;[0m Creating ADB subprocess with args: ["-P","5037","-s","emulator-5554","shell","am","instrument","-w","-e","disableAnalytics","true","io.appium.uiautomator2.server.test/androidx.test.runner.AndroidJUnitRunner"]
&amp#27;[38;5;32m[AndroidUiautomator2Driver@e1a7 (db0278f8)]&amp#27;[0m Matched '/status' to command name 'getStatus'
&amp#27;[38;5;32m[AndroidUiautomator2Driver@e1a7 (db0278f8)]&amp#27;[0m Proxying [GET /status] to [GET http://127.0.0.1:8200/status] with no body
&amp#27;[38;5;32m[AndroidUiautomator2Driver@e1a7 (db0278f8)]&amp#27;[0m socket hang up
&amp#27;[38;5;112m[Instrumentation]&amp#27;[0m io.appium.uiautomator2.server.test.AppiumUiAutomator2Server:
&amp#27;[38;5;32m[AndroidUiautomator2Driver@e1a7 (db0278f8)]&amp#27;[0m Matched '/status' to command name 'getStatus'
&amp#27;[38;5;32m[AndroidUiautomator2Driver@e1a7 (db0278f8)]&amp#27;[0m Proxying [GET /status] to [GET http://127.0.0.1:8200/status] with no body
&amp#27;[38;5;32m[AndroidUiautomator2Driver@e1a7 (db0278f8)]&amp#27;[0m socket hang up
&amp#27;[38;5;32m[AndroidUiautomator2Driver@e1a7 (db0278f8)]&amp#27;[0m Matched '/status' to command name 'getStatus'
&amp#27;[38;5;32m[AndroidUiautomator2Driver@e1a7 (db0278f8)]&amp#27;[0m Proxying [GET /status] to [GET http://127.0.0.1:8200/status] with no body
&amp#27;[38;5;32m[AndroidUiautomator2Driver@e1a7 (db0278f8)]&amp#27;[0m Got response with status 200: {"sessionId":"None","value":{"message":"UiAutomator2 Server is ready to accept commands","ready":true}}
&amp#27;[38;5;32m[AndroidUiautomator2Driver@e1a7 (db0278f8)]&amp#27;[0m The initialization of the instrumentation process took 2079ms
&amp#27;[38;5;32m[AndroidUiautomator2Driver@e1a7 (db0278f8)]&amp#27;[0m Matched '/session' to command name 'createSession'
&amp#27;[38;5;32m[AndroidUiautomator2Driver@e1a7 (db0278f8)]&amp#27;[0m Proxying [POST /session] to [POST http://127.0.0.1:8200/session] with body: {"capabilities":{"firstMatch":[{"platformName":"ANDROID","app":"src/test/apks/appiumChallenge.apk","autoGrantPermissions":true,"automationName":"UIAutomator2","udid":"emulator-5554","platform":"LINUX","webStorageEnabled":false,"takesScreenshot":true,"javascriptEnabled":true,"databaseEnabled":false,"networkConnectionEnabled":true,"locationContextEnabled":false,"warnings":{},"desired":{"platformName":"ANDROID","app":"src/test/apks/appiumChallenge.apk","autoGrantPermissions":true,"automationName":"UIAutomator2","udid":"emulator-5554"},"deviceName":"emulator-5554","deviceUDID":"emulator-5554","appPackage":"com.vodqareactnative"}],"alwaysMatch":{}}}
&amp#27;[38;5;32m[AndroidUiautomator2Driver@e1a7 (db0278f8)]&amp#27;[0m Got response with status 200: {"sessionId":"026f5308-e89b-4995-ad52-a1a00a460a6a","value":{"capabilities":{"firstMatch":[{"platformName":"ANDROID","app":"src/test/apks/appiumChallenge.apk","autoGrantPermissions":true,"automationName":"UIAutomator2","udid":"emulator-5554","platform":"LINUX","webStorageEnabled":false,"takesScreenshot":true,"javascriptEnabled":true,"databaseEnabled":false,"networkConnectionEnabled":true,"locationContextEnabled":false,"warnings":{},"desired":{"platformName":"ANDROID","app":"src/test/apks/appiumChallenge.apk","autoGrantPermissions":true,"automationName":"UIAutomator2","udid":"emulator-5554"},"deviceName":"emulator-5554","deviceUDID":"emulator-5554","appPackage":"com.vodqareactnative"}],"alwaysMatch":{}},"sessionId":"026f5308-e89b-4995-ad52-a1a00a460a6a"}}
&amp#27;[38;5;32m[AndroidUiautomator2Driver@e1a7 (db0278f8)]&amp#27;[0m Determined the downstream protocol as 'W3C'
&amp#27;[38;5;32m[AndroidUiautomator2Driver@e1a7 (db0278f8)]&amp#27;[0m Proxying [GET /appium/device/pixel_ratio] to [GET http://127.0.0.1:8200/session/026f5308-e89b-4995-ad52-a1a00a460a6a/appium/device/pixel_ratio] with no body
&amp#27;[38;5;32m[AndroidUiautomator2Driver@e1a7 (db0278f8)]&amp#27;[0m Matched '/appium/device/system_bars' to command name 'getSystemBars'
&amp#27;[38;5;32m[AndroidUiautomator2Driver@e1a7 (db0278f8)]&amp#27;[0m Proxying [GET /appium/device/system_bars] to [GET http://127.0.0.1:8200/session/026f5308-e89b-4995-ad52-a1a00a460a6a/appium/device/system_bars] with no body
&amp#27;[38;5;32m[AndroidUiautomator2Driver@e1a7 (db0278f8)]&amp#27;[0m Matched '/window/current/size' to command name 'getWindowSize'
&amp#27;[38;5;32m[AndroidUiautomator2Driver@e1a7 (db0278f8)]&amp#27;[0m Proxying [GET /window/current/size] to [GET http://127.0.0.1:8200/session/026f5308-e89b-4995-ad52-a1a00a460a6a/window/current/size] with no body
&amp#27;[38;5;32m[AndroidUiautomator2Driver@e1a7 (db0278f8)]&amp#27;[0m Proxying [GET /appium/device/info] to [GET http://127.0.0.1:8200/session/026f5308-e89b-4995-ad52-a1a00a460a6a/appium/device/info] with no body
&amp#27;[38;5;64m[ADB]&amp#27;[0m Running '/Users/ifedun/Library/Android/sdk/platform-tools/adb -P 5037 -s emulator-5554 shell dumpsys window'
&amp#27;[38;5;32m[AndroidUiautomator2Driver@e1a7 (db0278f8)]&amp#27;[0m Got response with status 200: {"sessionId":"026f5308-e89b-4995-ad52-a1a00a460a6a","value":2.75}
&amp#27;[38;5;32m[AndroidUiautomator2Driver@e1a7 (db0278f8)]&amp#27;[0m Got response with status 200: {"sessionId":"026f5308-e89b-4995-ad52-a1a00a460a6a","value":{"statusBar":66}}
&amp#27;[38;5;32m[AndroidUiautomator2Driver@e1a7 (db0278f8)]&amp#27;[0m Got response with status 200: {"sessionId":"026f5308-e89b-4995-ad52-a1a00a460a6a","value":{"height":2220,"width":1080}}
&amp#27;[38;5;32m[AndroidUiautomator2Driver@e1a7 (db0278f8)]&amp#27;[0m Got response with status 200: {"sessionId":"026f5308-e89b-4995-ad52-a1a00a460a6a","value":{"androidId":"91b20a27cffd1bd7","apiVersion":"28","bluetooth":null,"brand":"google","carrierName":"Android","displayDensity":440,"locale":"en_US","manufacturer":"Google","model":"AOSP on IA Emulator","networks":[{"capabilities":{"SSID":null,"linkDownBandwidthKbps":102400,"linkUpstreamBandwidthKbps":51200,"networkCapabilities":"NET_CAPABILITY_MMS,NET_CAPABILITY_SUPL,NET_CAPABILITY_DUN,NET_CAPABILITY_FOTA,NET_CAPABILITY_IMS,NET_CAPABILITY_CBS,NET_CAPABILITY_IA,NET_CAPABILITY_INTERNET,NET_CAPABILITY_NOT_RESTRICTED,NET_CAPABILITY_TRUSTED,NET_CAPABILITY_NOT_VPN,NET_CAPABILITY_VALIDATED,NET_CAPABILITY_NOT_ROAMING,NET_CAPABILITY_NOT_CONGESTED,NET_CAPABILITY_NOT_SUSPENDED","signalStrength":-2147483648,"transportTypes":"TRANSPORT_CELLULAR"},"detailedState":"CONNECTED","extraInfo":"epc.tmobile.com","isAvailable":true,"isConnected":true,"isFailover":false,"isRoaming":false,"state":"CONNECTED","subtype":13,"subtypeName":"LTE","type":0,"typeName":"MOBILE"},{"c...
&amp#27;[38;5;80m[AndroidDriver]&amp#27;[0m Screen already unlocked, doing nothing
&amp#27;[38;5;32m[AndroidUiautomator2Driver@e1a7 (db0278f8)]&amp#27;[0m Starting 'com.vodqareactnative/com.vodqareactnative.MainActivity and waiting for 'com.vodqareactnative/com.vodqareactnative.MainActivity'
&amp#27;[38;5;64m[ADB]&amp#27;[0m Running '/Users/ifedun/Library/Android/sdk/platform-tools/adb -P 5037 -s emulator-5554 shell am start -W -n com.vodqareactnative/com.vodqareactnative.MainActivity -S -a android.intent.action.MAIN -c android.intent.category.LAUNCHER -f 0x10200000'
&amp#27;[38;5;64m[ADB]&amp#27;[0m Waiting up to 20000ms for activity matching pkg: 'com.vodqareactnative' and activity: 'com.vodqareactnative.MainActivity' to be focused
&amp#27;[38;5;64m[ADB]&amp#27;[0m Possible activities, to be checked: 'com.vodqareactnative.MainActivity', 'com.vodqareactnative.com.vodqareactnative.MainActivity'
&amp#27;[38;5;64m[ADB]&amp#27;[0m Getting focused package and activity
&amp#27;[38;5;64m[ADB]&amp#27;[0m Running '/Users/ifedun/Library/Android/sdk/platform-tools/adb -P 5037 -s emulator-5554 shell dumpsys window windows'
&amp#27;[38;5;64m[ADB]&amp#27;[0m Found package: 'com.vodqareactnative' and fully qualified activity name : 'com.vodqareactnative.MainActivity'
&amp#27;[38;5;16m[AppiumDriver@8654]&amp#27;[0m New AndroidUiautomator2Driver session created successfully, session db0278f8-905a-4479-b97d-19976ee03b3a added to master session list
&amp#27;[38;5;16m[AppiumDriver@8654]&amp#27;[0m Event 'newSessionStarted' logged at 1706114353991 (18:39:13 GMT+0200 (Eastern European Standard Time))
&amp#27;[38;5;32m[AndroidUiautomator2Driver@e1a7 (db0278f8)]&amp#27;[0m Cached the protocol value 'W3C' for the new session db0278f8-905a-4479-b97d-19976ee03b3a
&amp#27;[38;5;32m[AndroidUiautomator2Driver@e1a7 (db0278f8)]&amp#27;[0m Responding to client with driver.createSession() result: {"capabilities":{"platformName":"ANDROID","app":"src/test/apks/appiumChallenge.apk","autoGrantPermissions":true,"automationName":"UIAutomator2","udid":"emulator-5554","platform":"LINUX","webStorageEnabled":false,"takesScreenshot":true,"javascriptEnabled":true,"databaseEnabled":false,"networkConnectionEnabled":true,"locationContextEnabled":false,"warnings":{},"desired":{"platformName":"ANDROID","app":"src/test/apks/appiumChallenge.apk","autoGrantPermissions":true,"automationName":"UIAutomator2","udid":"emulator-5554"},"deviceName":"emulator-5554","deviceUDID":"emulator-5554","appPackage":"com.vodqareactnative","pixelRatio":"2.75","statBarHeight":66,"viewportRect":{"left":0,"top":66,"width":1080,"height":2154},"deviceApiLevel":28,"platformVersion":"9","deviceManufacturer":"Google","deviceModel":"AOSP on IA Emulator","deviceScreenSize":"1080x2220","deviceScreenDensity":440}}
&amp#27;[38;5;0m[HTTP]&amp#27;[0m &amp#27;[37m<-- POST /session &amp#27;[39m&amp#27;[32m200&amp#27;[39m &amp#27;[90m6374 ms - 945&amp#27;[39m
&amp#27;[38;5;0m[HTTP]&amp#27;[0m &amp#27;[90m&amp#27;[39m
&amp#27;[38;5;0m[HTTP]&amp#27;[0m &amp#27;[37m-->&amp#27;[39m &amp#27;[37mPOST&amp#27;[39m &amp#27;[37m/session/db0278f8-905a-4479-b97d-19976ee03b3a/element&amp#27;[39m
&amp#27;[38;5;0m[HTTP]&amp#27;[0m &amp#27;[90m{"using":"xpath","value":"//android.widget.Button"}&amp#27;[39m
&amp#27;[38;5;32m[AndroidUiautomator2Driver@e1a7 (db0278f8)]&amp#27;[0m Calling AppiumDriver.findElement() with args: ["xpath","//android.widget.Button","db0278f8-905a-4479-b97d-19976ee03b3a"]
&amp#27;[38;5;32m[AndroidUiautomator2Driver@e1a7 (db0278f8)]&amp#27;[0m Valid locator strategies for this request: xpath, id, class name, accessibility id, css selector, -android uiautomator
&amp#27;[38;5;32m[AndroidUiautomator2Driver@e1a7 (db0278f8)]&amp#27;[0m Waiting up to 0 ms for condition
&amp#27;[38;5;32m[AndroidUiautomator2Driver@e1a7 (db0278f8)]&amp#27;[0m Matched '/element' to command name 'findElement'
&amp#27;[38;5;32m[AndroidUiautomator2Driver@e1a7 (db0278f8)]&amp#27;[0m Proxying [POST /element] to [POST http://127.0.0.1:8200/session/026f5308-e89b-4995-ad52-a1a00a460a6a/element] with body: {"strategy":"xpath","selector":"//android.widget.Button","context":"","multiple":false}
&amp#27;[38;5;32m[AndroidUiautomator2Driver@e1a7 (db0278f8)]&amp#27;[0m Got response with status 200: {"sessionId":"026f5308-e89b-4995-ad52-a1a00a460a6a","value":{"ELEMENT":"00000000-0000-0083-ffff-ffff0000004e","element-6066-11e4-a52e-4f735466cecf":"00000000-0000-0083-ffff-ffff0000004e"}}
&amp#27;[38;5;32m[AndroidUiautomator2Driver@e1a7 (db0278f8)]&amp#27;[0m Responding to client with driver.findElement() result: {"element-6066-11e4-a52e-4f735466cecf":"00000000-0000-0083-ffff-ffff0000004e","ELEMENT":"00000000-0000-0083-ffff-ffff0000004e"}
&amp#27;[38;5;0m[HTTP]&amp#27;[0m &amp#27;[37m<-- POST /session/db0278f8-905a-4479-b97d-19976ee03b3a/element &amp#27;[39m&amp#27;[32m200&amp#27;[39m &amp#27;[90m1686 ms - 137&amp#27;[39m
&amp#27;[38;5;0m[HTTP]&amp#27;[0m &amp#27;[90m&amp#27;[39m
&amp#27;[38;5;0m[HTTP]&amp#27;[0m &amp#27;[37m-->&amp#27;[39m &amp#27;[37mGET&amp#27;[39m &amp#27;[37m/session/db0278f8-905a-4479-b97d-19976ee03b3a/element/00000000-0000-0083-ffff-ffff0000004e/displayed&amp#27;[39m
&amp#27;[38;5;0m[HTTP]&amp#27;[0m &amp#27;[90m{}&amp#27;[39m
&amp#27;[38;5;32m[AndroidUiautomator2Driver@e1a7 (db0278f8)]&amp#27;[0m Calling AppiumDriver.elementDisplayed() with args: ["00000000-0000-0083-ffff-ffff0000004e","db0278f8-905a-4479-b97d-19976ee03b3a"]
&amp#27;[38;5;32m[AndroidUiautomator2Driver@e1a7 (db0278f8)]&amp#27;[0m Matched '/element/00000000-0000-0083-ffff-ffff0000004e/attribute/displayed' to command name 'getAttribute'
&amp#27;[38;5;32m[AndroidUiautomator2Driver@e1a7 (db0278f8)]&amp#27;[0m Proxying [GET /element/00000000-0000-0083-ffff-ffff0000004e/attribute/displayed] to [GET http://127.0.0.1:8200/session/026f5308-e89b-4995-ad52-a1a00a460a6a/element/00000000-0000-0083-ffff-ffff0000004e/attribute/displayed] with no body
&amp#27;[38;5;32m[AndroidUiautomator2Driver@e1a7 (db0278f8)]&amp#27;[0m Got response with status 200: {"sessionId":"026f5308-e89b-4995-ad52-a1a00a460a6a","value":"true"}
&amp#27;[38;5;32m[AndroidUiautomator2Driver@e1a7 (db0278f8)]&amp#27;[0m Responding to client with driver.elementDisplayed() result: true
&amp#27;[38;5;0m[HTTP]&amp#27;[0m &amp#27;[37m<-- GET /session/db0278f8-905a-4479-b97d-19976ee03b3a/element/00000000-0000-0083-ffff-ffff0000004e/displayed &amp#27;[39m&amp#27;[32m200&amp#27;[39m &amp#27;[90m504 ms - 14&amp#27;[39m
&amp#27;[38;5;0m[HTTP]&amp#27;[0m &amp#27;[90m&amp#27;[39m
&amp#27;[38;5;0m[HTTP]&amp#27;[0m &amp#27;[37m-->&amp#27;[39m &amp#27;[37mPOST&amp#27;[39m &amp#27;[37m/session/db0278f8-905a-4479-b97d-19976ee03b3a/element&amp#27;[39m
&amp#27;[38;5;0m[HTTP]&amp#27;[0m &amp#27;[90m{"using":"xpath","value":"//android.widget.EditText[@content-desc='username']"}&amp#27;[39m
&amp#27;[38;5;32m[AndroidUiautomator2Driver@e1a7 (db0278f8)]&amp#27;[0m Calling AppiumDriver.findElement() with args: ["xpath","//android.widget.EditText[@content-desc='username']","db0278f8-905a-4479-b97d-19976ee03b3a"]
&amp#27;[38;5;32m[AndroidUiautomator2Driver@e1a7 (db0278f8)]&amp#27;[0m Valid locator strategies for this request: xpath, id, class name, accessibility id, css selector, -android uiautomator
&amp#27;[38;5;32m[AndroidUiautomator2Driver@e1a7 (db0278f8)]&amp#27;[0m Waiting up to 0 ms for condition
&amp#27;[38;5;32m[AndroidUiautomator2Driver@e1a7 (db0278f8)]&amp#27;[0m Matched '/element' to command name 'findElement'
&amp#27;[38;5;32m[AndroidUiautomator2Driver@e1a7 (db0278f8)]&amp#27;[0m Proxying [POST /element] to [POST http://127.0.0.1:8200/session/026f5308-e89b-4995-ad52-a1a00a460a6a/element] with body: {"strategy":"xpath","selector":"//android.widget.EditText[@content-desc='username']","context":"","multiple":false}
&amp#27;[38;5;32m[AndroidUiautomator2Driver@e1a7 (db0278f8)]&amp#27;[0m Got response with status 200: {"sessionId":"026f5308-e89b-4995-ad52-a1a00a460a6a","value":{"ELEMENT":"00000000-0000-0083-ffff-ffff00000000","element-6066-11e4-a52e-4f735466cecf":"00000000-0000-0083-ffff-ffff00000000"}}
&amp#27;[38;5;32m[AndroidUiautomator2Driver@e1a7 (db0278f8)]&amp#27;[0m Responding to client with driver.findElement() result: {"element-6066-11e4-a52e-4f735466cecf":"00000000-0000-0083-ffff-ffff00000000","ELEMENT":"00000000-0000-0083-ffff-ffff00000000"}
&amp#27;[38;5;0m[HTTP]&amp#27;[0m &amp#27;[37m<-- POST /session/db0278f8-905a-4479-b97d-19976ee03b3a/element &amp#27;[39m&amp#27;[32m200&amp#27;[39m &amp#27;[90m96 ms - 137&amp#27;[39m
&amp#27;[38;5;0m[HTTP]&amp#27;[0m &amp#27;[90m&amp#27;[39m
&amp#27;[38;5;0m[HTTP]&amp#27;[0m &amp#27;[37m-->&amp#27;[39m &amp#27;[37mPOST&amp#27;[39m &amp#27;[37m/session/db0278f8-905a-4479-b97d-19976ee03b3a/element/00000000-0000-0083-ffff-ffff00000000/value&amp#27;[39m
&amp#27;[38;5;0m[HTTP]&amp#27;[0m &amp#27;[90m{"id":"00000000-0000-0083-ffff-ffff00000000","text":"admin","value":["a","d","m","i","n"]}&amp#27;[39m
&amp#27;[38;5;32m[AndroidUiautomator2Driver@e1a7 (db0278f8)]&amp#27;[0m Calling AppiumDriver.setValue() with args: [["a","d","m","i","n"],"00000000-0000-0083-ffff-ffff00000000","db0278f8-905a-4479-b97d-19976ee03b3a"]
&amp#27;[38;5;32m[AndroidUiautomator2Driver@e1a7 (db0278f8)]&amp#27;[0m Matched '/element/00000000-0000-0083-ffff-ffff00000000/value' to command name 'setValue'
&amp#27;[38;5;32m[AndroidUiautomator2Driver@e1a7 (db0278f8)]&amp#27;[0m Added 'value' property ["a","d","m","i","n"] to 'setValue' request body
&amp#27;[38;5;32m[AndroidUiautomator2Driver@e1a7 (db0278f8)]&amp#27;[0m Proxying [POST /element/00000000-0000-0083-ffff-ffff00000000/value] to [POST http://127.0.0.1:8200/session/026f5308-e89b-4995-ad52-a1a00a460a6a/element/00000000-0000-0083-ffff-ffff00000000/value] with body: {"elementId":"00000000-0000-0083-ffff-ffff00000000","text":"admin","replace":false,"value":["a","d","m","i","n"]}
&amp#27;[38;5;32m[AndroidUiautomator2Driver@e1a7 (db0278f8)]&amp#27;[0m Got response with status 200: {"sessionId":"026f5308-e89b-4995-ad52-a1a00a460a6a","value":null}
&amp#27;[38;5;32m[AndroidUiautomator2Driver@e1a7 (db0278f8)]&amp#27;[0m Responding to client with driver.setValue() result: null
&amp#27;[38;5;0m[HTTP]&amp#27;[0m &amp#27;[37m<-- POST /session/db0278f8-905a-4479-b97d-19976ee03b3a/element/00000000-0000-0083-ffff-ffff00000000/value &amp#27;[39m&amp#27;[32m200&amp#27;[39m &amp#27;[90m530 ms - 14&amp#27;[39m
&amp#27;[38;5;0m[HTTP]&amp#27;[0m &amp#27;[90m&amp#27;[39m
&amp#27;[38;5;0m[HTTP]&amp#27;[0m &amp#27;[37m-->&amp#27;[39m &amp#27;[37mPOST&amp#27;[39m &amp#27;[37m/session/db0278f8-905a-4479-b97d-19976ee03b3a/element&amp#27;[39m
&amp#27;[38;5;0m[HTTP]&amp#27;[0m &amp#27;[90m{"using":"xpath","value":"//android.widget.EditText[@content-desc='password']"}&amp#27;[39m
&amp#27;[38;5;32m[AndroidUiautomator2Driver@e1a7 (db0278f8)]&amp#27;[0m Calling AppiumDriver.findElement() with args: ["xpath","//android.widget.EditText[@content-desc='password']","db0278f8-905a-4479-b97d-19976ee03b3a"]
&amp#27;[38;5;32m[AndroidUiautomator2Driver@e1a7 (db0278f8)]&amp#27;[0m Valid locator strategies for this request: xpath, id, class name, accessibility id, css selector, -android uiautomator
&amp#27;[38;5;32m[AndroidUiautomator2Driver@e1a7 (db0278f8)]&amp#27;[0m Waiting up to 0 ms for condition
&amp#27;[38;5;32m[AndroidUiautomator2Driver@e1a7 (db0278f8)]&amp#27;[0m Matched '/element' to command name 'findElement'
&amp#27;[38;5;32m[AndroidUiautomator2Driver@e1a7 (db0278f8)]&amp#27;[0m Proxying [POST /element] to [POST http://127.0.0.1:8200/session/026f5308-e89b-4995-ad52-a1a00a460a6a/element] with body: {"strategy":"xpath","selector":"//android.widget.EditText[@content-desc='password']","context":"","multiple":false}
&amp#27;[38;5;32m[AndroidUiautomator2Driver@e1a7 (db0278f8)]&amp#27;[0m Got response with status 200: {"sessionId":"026f5308-e89b-4995-ad52-a1a00a460a6a","value":{"ELEMENT":"00000000-0000-0083-ffff-ffff00000001","element-6066-11e4-a52e-4f735466cecf":"00000000-0000-0083-ffff-ffff00000001"}}
&amp#27;[38;5;32m[AndroidUiautomator2Driver@e1a7 (db0278f8)]&amp#27;[0m Responding to client with driver.findElement() result: {"element-6066-11e4-a52e-4f735466cecf":"00000000-0000-0083-ffff-ffff00000001","ELEMENT":"00000000-0000-0083-ffff-ffff00000001"}
&amp#27;[38;5;0m[HTTP]&amp#27;[0m &amp#27;[37m<-- POST /session/db0278f8-905a-4479-b97d-19976ee03b3a/element &amp#27;[39m&amp#27;[32m200&amp#27;[39m &amp#27;[90m578 ms - 137&amp#27;[39m
&amp#27;[38;5;0m[HTTP]&amp#27;[0m &amp#27;[90m&amp#27;[39m
&amp#27;[38;5;0m[HTTP]&amp#27;[0m &amp#27;[37m-->&amp#27;[39m &amp#27;[37mPOST&amp#27;[39m &amp#27;[37m/session/db0278f8-905a-4479-b97d-19976ee03b3a/element/00000000-0000-0083-ffff-ffff00000001/value&amp#27;[39m
&amp#27;[38;5;0m[HTTP]&amp#27;[0m &amp#27;[90m{"id":"00000000-0000-0083-ffff-ffff00000001","text":"","value":[]}&amp#27;[39m
&amp#27;[38;5;32m[AndroidUiautomator2Driver@e1a7 (db0278f8)]&amp#27;[0m Calling AppiumDriver.setValue() with args: [[],"00000000-0000-0083-ffff-ffff00000001","db0278f8-905a-4479-b97d-19976ee03b3a"]
&amp#27;[38;5;32m[AndroidUiautomator2Driver@e1a7 (db0278f8)]&amp#27;[0m Matched '/element/00000000-0000-0083-ffff-ffff00000001/value' to command name 'setValue'
&amp#27;[38;5;32m[AndroidUiautomator2Driver@e1a7 (db0278f8)]&amp#27;[0m Added 'value' property [] to 'setValue' request body
&amp#27;[38;5;32m[AndroidUiautomator2Driver@e1a7 (db0278f8)]&amp#27;[0m Proxying [POST /element/00000000-0000-0083-ffff-ffff00000001/value] to [POST http://127.0.0.1:8200/session/026f5308-e89b-4995-ad52-a1a00a460a6a/element/00000000-0000-0083-ffff-ffff00000001/value] with body: {"elementId":"00000000-0000-0083-ffff-ffff00000001","text":"","replace":false,"value":[]}
&amp#27;[38;5;32m[AndroidUiautomator2Driver@e1a7 (db0278f8)]&amp#27;[0m Got response with status 200: {"sessionId":"026f5308-e89b-4995-ad52-a1a00a460a6a","value":null}
&amp#27;[38;5;32m[AndroidUiautomator2Driver@e1a7 (db0278f8)]&amp#27;[0m Responding to client with driver.setValue() result: null
&amp#27;[38;5;0m[HTTP]&amp#27;[0m &amp#27;[37m<-- POST /session/db0278f8-905a-4479-b97d-19976ee03b3a/element/00000000-0000-0083-ffff-ffff00000001/value &amp#27;[39m&amp#27;[32m200&amp#27;[39m &amp#27;[90m24 ms - 14&amp#27;[39m
&amp#27;[38;5;0m[HTTP]&amp#27;[0m &amp#27;[90m&amp#27;[39m
&amp#27;[38;5;0m[HTTP]&amp#27;[0m &amp#27;[37m-->&amp#27;[39m &amp#27;[37mPOST&amp#27;[39m &amp#27;[37m/session/db0278f8-905a-4479-b97d-19976ee03b3a/element&amp#27;[39m
&amp#27;[38;5;0m[HTTP]&amp#27;[0m &amp#27;[90m{"using":"xpath","value":"//android.widget.Button"}&amp#27;[39m
&amp#27;[38;5;32m[AndroidUiautomator2Driver@e1a7 (db0278f8)]&amp#27;[0m Calling AppiumDriver.findElement() with args: ["xpath","//android.widget.Button","db0278f8-905a-4479-b97d-19976ee03b3a"]
&amp#27;[38;5;32m[AndroidUiautomator2Driver@e1a7 (db0278f8)]&amp#27;[0m Valid locator strategies for this request: xpath, id, class name, accessibility id, css selector, -android uiautomator
&amp#27;[38;5;32m[AndroidUiautomator2Driver@e1a7 (db0278f8)]&amp#27;[0m Waiting up to 0 ms for condition
&amp#27;[38;5;32m[AndroidUiautomator2Driver@e1a7 (db0278f8)]&amp#27;[0m Matched '/element' to command name 'findElement'
&amp#27;[38;5;32m[AndroidUiautomator2Driver@e1a7 (db0278f8)]&amp#27;[0m Proxying [POST /element] to [POST http://127.0.0.1:8200/session/026f5308-e89b-4995-ad52-a1a00a460a6a/element] with body: {"strategy":"xpath","selector":"//android.widget.Button","context":"","multiple":false}
&amp#27;[38;5;32m[AndroidUiautomator2Driver@e1a7 (db0278f8)]&amp#27;[0m Got response with status 200: {"sessionId":"026f5308-e89b-4995-ad52-a1a00a460a6a","value":{"ELEMENT":"00000000-0000-0083-ffff-ffff0000004e","element-6066-11e4-a52e-4f735466cecf":"00000000-0000-0083-ffff-ffff0000004e"}}
&amp#27;[38;5;32m[AndroidUiautomator2Driver@e1a7 (db0278f8)]&amp#27;[0m Responding to client with driver.findElement() result: {"element-6066-11e4-a52e-4f735466cecf":"00000000-0000-0083-ffff-ffff0000004e","ELEMENT":"00000000-0000-0083-ffff-ffff0000004e"}
&amp#27;[38;5;0m[HTTP]&amp#27;[0m &amp#27;[37m<-- POST /session/db0278f8-905a-4479-b97d-19976ee03b3a/element &amp#27;[39m&amp#27;[32m200&amp#27;[39m &amp#27;[90m663 ms - 137&amp#27;[39m
&amp#27;[38;5;0m[HTTP]&amp#27;[0m &amp#27;[90m&amp#27;[39m
&amp#27;[38;5;0m[HTTP]&amp#27;[0m &amp#27;[37m-->&amp#27;[39m &amp#27;[37mPOST&amp#27;[39m &amp#27;[37m/session/db0278f8-905a-4479-b97d-19976ee03b3a/element/00000000-0000-0083-ffff-ffff0000004e/click&amp#27;[39m
&amp#27;[38;5;0m[HTTP]&amp#27;[0m &amp#27;[90m{"id":"00000000-0000-0083-ffff-ffff0000004e"}&amp#27;[39m
&amp#27;[38;5;32m[AndroidUiautomator2Driver@e1a7 (db0278f8)]&amp#27;[0m Calling AppiumDriver.click() with args: ["00000000-0000-0083-ffff-ffff0000004e","db0278f8-905a-4479-b97d-19976ee03b3a"]
&amp#27;[38;5;32m[AndroidUiautomator2Driver@e1a7 (db0278f8)]&amp#27;[0m Matched '/element/00000000-0000-0083-ffff-ffff0000004e/click' to command name 'click'
&amp#27;[38;5;32m[AndroidUiautomator2Driver@e1a7 (db0278f8)]&amp#27;[0m Proxying [POST /element/00000000-0000-0083-ffff-ffff0000004e/click] to [POST http://127.0.0.1:8200/session/026f5308-e89b-4995-ad52-a1a00a460a6a/element/00000000-0000-0083-ffff-ffff0000004e/click] with body: {"element":"00000000-0000-0083-ffff-ffff0000004e"}
&amp#27;[38;5;32m[AndroidUiautomator2Driver@e1a7 (db0278f8)]&amp#27;[0m Got response with status 200: {"sessionId":"026f5308-e89b-4995-ad52-a1a00a460a6a","value":null}
&amp#27;[38;5;32m[AndroidUiautomator2Driver@e1a7 (db0278f8)]&amp#27;[0m Responding to client with driver.click() result: null
&amp#27;[38;5;0m[HTTP]&amp#27;[0m &amp#27;[37m<-- POST /session/db0278f8-905a-4479-b97d-19976ee03b3a/element/00000000-0000-0083-ffff-ffff0000004e/click &amp#27;[39m&amp#27;[32m200&amp#27;[39m &amp#27;[90m38 ms - 14&amp#27;[39m
&amp#27;[38;5;0m[HTTP]&amp#27;[0m &amp#27;[90m&amp#27;[39m
&amp#27;[38;5;0m[HTTP]&amp#27;[0m &amp#27;[37m-->&amp#27;[39m &amp#27;[37mPOST&amp#27;[39m &amp#27;[37m/session/db0278f8-905a-4479-b97d-19976ee03b3a/element&amp#27;[39m
&amp#27;[38;5;0m[HTTP]&amp#27;[0m &amp#27;[90m{"using":"id","value":"android:id/message"}&amp#27;[39m
&amp#27;[38;5;32m[AndroidUiautomator2Driver@e1a7 (db0278f8)]&amp#27;[0m Calling AppiumDriver.findElement() with args: ["id","android:id/message","db0278f8-905a-4479-b97d-19976ee03b3a"]
&amp#27;[38;5;32m[AndroidUiautomator2Driver@e1a7 (db0278f8)]&amp#27;[0m Valid locator strategies for this request: xpath, id, class name, accessibility id, css selector, -android uiautomator
&amp#27;[38;5;32m[AndroidUiautomator2Driver@e1a7 (db0278f8)]&amp#27;[0m Waiting up to 0 ms for condition
&amp#27;[38;5;32m[AndroidUiautomator2Driver@e1a7 (db0278f8)]&amp#27;[0m Matched '/element' to command name 'findElement'
&amp#27;[38;5;32m[AndroidUiautomator2Driver@e1a7 (db0278f8)]&amp#27;[0m Proxying [POST /element] to [POST http://127.0.0.1:8200/session/026f5308-e89b-4995-ad52-a1a00a460a6a/element] with body: {"strategy":"id","selector":"android:id/message","context":"","multiple":false}
&amp#27;[38;5;32m[AndroidUiautomator2Driver@e1a7 (db0278f8)]&amp#27;[0m Got response with status 200: {"sessionId":"026f5308-e89b-4995-ad52-a1a00a460a6a","value":{"ELEMENT":"00000000-0000-0084-ffff-ffff0000009d","element-6066-11e4-a52e-4f735466cecf":"00000000-0000-0084-ffff-ffff0000009d"}}
&amp#27;[38;5;32m[AndroidUiautomator2Driver@e1a7 (db0278f8)]&amp#27;[0m Responding to client with driver.findElement() result: {"element-6066-11e4-a52e-4f735466cecf":"00000000-0000-0084-ffff-ffff0000009d","ELEMENT":"00000000-0000-0084-ffff-ffff0000009d"}
&amp#27;[38;5;0m[HTTP]&amp#27;[0m &amp#27;[37m<-- POST /session/db0278f8-905a-4479-b97d-19976ee03b3a/element &amp#27;[39m&amp#27;[32m200&amp#27;[39m &amp#27;[90m536 ms - 137&amp#27;[39m
&amp#27;[38;5;0m[HTTP]&amp#27;[0m &amp#27;[90m&amp#27;[39m
&amp#27;[38;5;0m[HTTP]&amp#27;[0m &amp#27;[37m-->&amp#27;[39m &amp#27;[37mGET&amp#27;[39m &amp#27;[37m/session/db0278f8-905a-4479-b97d-19976ee03b3a/element/00000000-0000-0084-ffff-ffff0000009d/displayed&amp#27;[39m
&amp#27;[38;5;0m[HTTP]&amp#27;[0m &amp#27;[90m{}&amp#27;[39m
&amp#27;[38;5;32m[AndroidUiautomator2Driver@e1a7 (db0278f8)]&amp#27;[0m Calling AppiumDriver.elementDisplayed() with args: ["00000000-0000-0084-ffff-ffff0000009d","db0278f8-905a-4479-b97d-19976ee03b3a"]
&amp#27;[38;5;32m[AndroidUiautomator2Driver@e1a7 (db0278f8)]&amp#27;[0m Matched '/element/00000000-0000-0084-ffff-ffff0000009d/attribute/displayed' to command name 'getAttribute'
&amp#27;[38;5;32m[AndroidUiautomator2Driver@e1a7 (db0278f8)]&amp#27;[0m Proxying [GET /element/00000000-0000-0084-ffff-ffff0000009d/attribute/displayed] to [GET http://127.0.0.1:8200/session/026f5308-e89b-4995-ad52-a1a00a460a6a/element/00000000-0000-0084-ffff-ffff0000009d/attribute/displayed] with no body
&amp#27;[38;5;32m[AndroidUiautomator2Driver@e1a7 (db0278f8)]&amp#27;[0m Got response with status 200: {"sessionId":"026f5308-e89b-4995-ad52-a1a00a460a6a","value":"true"}
&amp#27;[38;5;32m[AndroidUiautomator2Driver@e1a7 (db0278f8)]&amp#27;[0m Responding to client with driver.elementDisplayed() result: true
&amp#27;[38;5;0m[HTTP]&amp#27;[0m &amp#27;[37m<-- GET /session/db0278f8-905a-4479-b97d-19976ee03b3a/element/00000000-0000-0084-ffff-ffff0000009d/displayed &amp#27;[39m&amp#27;[32m200&amp#27;[39m &amp#27;[90m13 ms - 14&amp#27;[39m
&amp#27;[38;5;0m[HTTP]&amp#27;[0m &amp#27;[90m&amp#27;[39m
&amp#27;[38;5;0m[HTTP]&amp#27;[0m &amp#27;[37m-->&amp#27;[39m &amp#27;[37mGET&amp#27;[39m &amp#27;[37m/session/db0278f8-905a-4479-b97d-19976ee03b3a/element/00000000-0000-0084-ffff-ffff0000009d/text&amp#27;[39m
&amp#27;[38;5;0m[HTTP]&amp#27;[0m &amp#27;[90m{}&amp#27;[39m
&amp#27;[38;5;32m[AndroidUiautomator2Driver@e1a7 (db0278f8)]&amp#27;[0m Driver proxy active, passing request on via HTTP proxy
&amp#27;[38;5;32m[AndroidUiautomator2Driver@e1a7 (db0278f8)]&amp#27;[0m Matched '/session/db0278f8-905a-4479-b97d-19976ee03b3a/element/00000000-0000-0084-ffff-ffff0000009d/text' to command name 'getText'
&amp#27;[38;5;32m[AndroidUiautomator2Driver@e1a7 (db0278f8)]&amp#27;[0m Proxying [GET /session/db0278f8-905a-4479-b97d-19976ee03b3a/element/00000000-0000-0084-ffff-ffff0000009d/text] to [GET http://127.0.0.1:8200/session/026f5308-e89b-4995-ad52-a1a00a460a6a/element/00000000-0000-0084-ffff-ffff0000009d/text] with no body
&amp#27;[38;5;32m[AndroidUiautomator2Driver@e1a7 (db0278f8)]&amp#27;[0m Got response with status 200: {"sessionId":"026f5308-e89b-4995-ad52-a1a00a460a6a","value":"Please enter Username or password"}
&amp#27;[38;5;32m[AndroidUiautomator2Driver@e1a7 (db0278f8)]&amp#27;[0m Replacing sessionId 026f5308-e89b-4995-ad52-a1a00a460a6a with db0278f8-905a-4479-b97d-19976ee03b3a
&amp#27;[38;5;0m[HTTP]&amp#27;[0m &amp#27;[37m<-- GET /session/db0278f8-905a-4479-b97d-19976ee03b3a/element/00000000-0000-0084-ffff-ffff0000009d/text &amp#27;[39m&amp#27;[32m200&amp#27;[39m &amp#27;[90m12 ms - 96&amp#27;[39m
&amp#27;[38;5;0m[HTTP]&amp#27;[0m &amp#27;[90m&amp#27;[39m
&amp#27;[38;5;0m[HTTP]&amp#27;[0m &amp#27;[37m-->&amp#27;[39m &amp#27;[37mDELETE&amp#27;[39m &amp#27;[37m/session/db0278f8-905a-4479-b97d-19976ee03b3a&amp#27;[39m
&amp#27;[38;5;0m[HTTP]&amp#27;[0m &amp#27;[90m{}&amp#27;[39m
&amp#27;[38;5;32m[AndroidUiautomator2Driver@e1a7 (db0278f8)]&amp#27;[0m Calling AppiumDriver.deleteSession() with args: ["db0278f8-905a-4479-b97d-19976ee03b3a"]
&amp#27;[38;5;16m[AppiumDriver@8654]&amp#27;[0m Event 'quitSessionRequested' logged at 1706114358708 (18:39:18 GMT+0200 (Eastern European Standard Time))
&amp#27;[38;5;16m[AppiumDriver@8654]&amp#27;[0m Removing session db0278f8-905a-4479-b97d-19976ee03b3a from our master session list
&amp#27;[38;5;32m[AndroidUiautomator2Driver@e1a7 (db0278f8)]&amp#27;[0m Deleting UiAutomator2 session
&amp#27;[38;5;32m[AndroidUiautomator2Driver@e1a7 (db0278f8)]&amp#27;[0m Deleting UiAutomator2 server session
&amp#27;[38;5;32m[AndroidUiautomator2Driver@e1a7 (db0278f8)]&amp#27;[0m Matched '/' to command name 'deleteSession'
&amp#27;[38;5;32m[AndroidUiautomator2Driver@e1a7 (db0278f8)]&amp#27;[0m Proxying [DELETE /] to [DELETE http://127.0.0.1:8200/session/026f5308-e89b-4995-ad52-a1a00a460a6a] with no body
&amp#27;[38;5;32m[AndroidUiautomator2Driver@e1a7 (db0278f8)]&amp#27;[0m Got response with status 200: {"sessionId":"026f5308-e89b-4995-ad52-a1a00a460a6a","value":null}
&amp#27;[38;5;64m[ADB]&amp#27;[0m Running '/Users/ifedun/Library/Android/sdk/platform-tools/adb -P 5037 -s emulator-5554 shell am force-stop com.vodqareactnative'
&amp#27;[38;5;96m[Logcat]&amp#27;[0m Stopping logcat capture
&amp#27;[38;5;64m[ADB]&amp#27;[0m Removing forwarded port socket connection: 8200 
&amp#27;[38;5;64m[ADB]&amp#27;[0m Running '/Users/ifedun/Library/Android/sdk/platform-tools/adb -P 5037 -s emulator-5554 forward --remove tcp:8200'
&amp#27;[38;5;32m[AndroidUiautomator2Driver@e1a7 (db0278f8)]&amp#27;[0m Restoring hidden api policy to the device default configuration
&amp#27;[38;5;64m[ADB]&amp#27;[0m Running '/Users/ifedun/Library/Android/sdk/platform-tools/adb -P 5037 -s emulator-5554 shell 'settings delete global hidden_api_policy_pre_p_apps;settings delete global hidden_api_policy_p_apps;settings delete global hidden_api_policy''
&amp#27;[38;5;16m[AppiumDriver@8654]&amp#27;[0m Event 'quitSessionFinished' logged at 1706114358994 (18:39:18 GMT+0200 (Eastern European Standard Time))
&amp#27;[38;5;16m[AppiumDriver@8654]&amp#27;[0m Received response: null
&amp#27;[38;5;16m[AppiumDriver@8654]&amp#27;[0m But deleting session, so not returning
&amp#27;[38;5;16m[AppiumDriver@8654]&amp#27;[0m Responding to client with driver.deleteSession() result: null
&amp#27;[38;5;0m[HTTP]&amp#27;[0m &amp#27;[37m<-- DELETE /session/db0278f8-905a-4479-b97d-19976ee03b3a &amp#27;[39m&amp#27;[32m200&amp#27;[39m &amp#27;[90m288 ms - 14&amp#27;[39m
&amp#27;[38;5;0m[HTTP]&amp#27;[0m &amp#27;[90m&amp#27;[39m
]]></system-out>
  </testcase>
</testsuite>