<?xml version="1.0" encoding="UTF-8"?>
<!-- Generated by org.testng.reporters.JUnitReportReporter -->
<testsuite hostname="Feduns-MacBook-Pro.local" failures="0" tests="6" name="testsRunner.CucumberRunnerTests" time="115.894" errors="0" timestamp="2024-01-24T18:39:23 EET" skipped="0">
  <testcase classname="testsRunner.CucumberRunnerTests" name="runScenario" time="24.904"/>
  <system-out/>
  <testcase classname="testsRunner.CucumberRunnerTests" name="runScenario" time="18.158"/>
  <system-out/>
  <testcase classname="testsRunner.CucumberRunnerTests" name="runScenario" time="17.032"/>
  <system-out/>
  <testcase classname="testsRunner.CucumberRunnerTests" name="runScenario" time="19.864"/>
  <system-out/>
  <testcase classname="testsRunner.CucumberRunnerTests" name="runScenario" time="17.290"/>
  <system-out/>
  <testcase classname="testsRunner.CucumberRunnerTests" name="runScenario" time="18.646"/>
  <system-out/>
</testsuite> <!-- testsRunner.CucumberRunnerTests -->
